/usr/lib/python3/dist-packages/setuptools/dist.py:723: UserWarning: Usage of dash-separated 'script-dir' will not be supported in future versions. Please use the underscore name 'script_dir' instead
  warnings.warn(
running develop
Removing /home/student/scarab_ros2/src/scarabarm_ros2/install/scarabarm_control/lib/python3.10/site-packages/scarabarm-control.egg-link (link to src)
/usr/lib/python3/dist-packages/setuptools/dist.py:723: UserWarning: Usage of dash-separated 'script-dir' will not be supported in future versions. Please use the underscore name 'script_dir' instead
  warnings.warn(
running egg_info
writing ../build/scarabarm_control/scarabarm_control.egg-info/PKG-INFO
writing dependency_links to ../build/scarabarm_control/scarabarm_control.egg-info/dependency_links.txt
writing entry points to ../build/scarabarm_control/scarabarm_control.egg-info/entry_points.txt
writing requirements to ../build/scarabarm_control/scarabarm_control.egg-info/requires.txt
writing top-level names to ../build/scarabarm_control/scarabarm_control.egg-info/top_level.txt
reading manifest file '../build/scarabarm_control/scarabarm_control.egg-info/SOURCES.txt'
writing manifest file '../build/scarabarm_control/scarabarm_control.egg-info/SOURCES.txt'
running build
running build_py
running install
running install_lib
running install_data
copying resource/scarabarm_control -> /home/student/scarab_ros2/src/scarabarm_ros2/install/scarabarm_control/share/ament_index/resource_index/packages
copying package.xml -> /home/student/scarab_ros2/src/scarabarm_ros2/install/scarabarm_control/share/scarabarm_control
copying launch/bringup_pi.launch.py -> /home/student/scarab_ros2/src/scarabarm_ros2/install/scarabarm_control/share/scarabarm_control/launch
copying config/ros2_control_odrive.yaml -> /home/student/scarab_ros2/src/scarabarm_ros2/install/scarabarm_control/share/scarabarm_control/config
copying config/controllers.yaml -> /home/student/scarab_ros2/src/scarabarm_ros2/install/scarabarm_control/share/scarabarm_control/config
running install_egg_info
removing '/home/student/scarab_ros2/src/scarabarm_ros2/install/scarabarm_control/lib/python3.10/site-packages/scarabarm_control-0.0.0-py3.10.egg-info' (and everything under it)
Copying ../build/scarabarm_control/scarabarm_control.egg-info to /home/student/scarab_ros2/src/scarabarm_ros2/install/scarabarm_control/lib/python3.10/site-packages/scarabarm_control-0.0.0-py3.10.egg-info
running install_scripts
Installing scarab_controller script to /home/student/scarab_ros2/src/scarabarm_ros2/install/scarabarm_control/lib/scarabarm_control
Installing scarab_js_agg script to /home/student/scarab_ros2/src/scarabarm_ros2/install/scarabarm_control/lib/scarabarm_control
writing list of installed files to '/home/student/scarab_ros2/src/scarabarm_ros2/build/scarabarm_control/install.log'
