[1.344s] Invoking command in '/home/student/scarab_ros2/src/scarabarm_ros2/build/scarabarm_control': PYTHONPATH=/home/student/scarab_ros2/src/scarabarm_ros2/build/scarabarm_control/prefix_override:/usr/lib/python3/dist-packages/colcon_core/task/python/colcon_distutils_commands:/home/student/scarab_ros2/src/scarabarm_ros2/install/scarabarm_control/lib/python3.10/site-packages:${PYTHONPATH} /usr/bin/python3 -W ignore:setup.py install is deprecated -W ignore:easy_install command is deprecated setup.py develop --uninstall --editable --build-directory /home/student/scarab_ros2/src/scarabarm_ros2/build/scarabarm_control/build
[1.584s] /usr/lib/python3/dist-packages/setuptools/dist.py:723: UserWarning: Usage of dash-separated 'script-dir' will not be supported in future versions. Please use the underscore name 'script_dir' instead
[1.584s]   warnings.warn(
[1.619s] running develop
[1.791s] Removing /home/student/scarab_ros2/src/scarabarm_ros2/install/scarabarm_control/lib/python3.10/site-packages/scarabarm-control.egg-link (link to src)
[1.819s] Invoked command in '/home/student/scarab_ros2/src/scarabarm_ros2/build/scarabarm_control' returned '0': PYTHONPATH=/home/student/scarab_ros2/src/scarabarm_ros2/build/scarabarm_control/prefix_override:/usr/lib/python3/dist-packages/colcon_core/task/python/colcon_distutils_commands:/home/student/scarab_ros2/src/scarabarm_ros2/install/scarabarm_control/lib/python3.10/site-packages:${PYTHONPATH} /usr/bin/python3 -W ignore:setup.py install is deprecated -W ignore:easy_install command is deprecated setup.py develop --uninstall --editable --build-directory /home/student/scarab_ros2/src/scarabarm_ros2/build/scarabarm_control/build
[1.821s] Invoking command in '/home/student/scarab_ros2/src/scarabarm_ros2/scarabarm_control': PYTHONPATH=/home/student/scarab_ros2/src/scarabarm_ros2/build/scarabarm_control/prefix_override:/usr/lib/python3/dist-packages/colcon_core/task/python/colcon_distutils_commands:/home/student/scarab_ros2/src/scarabarm_ros2/install/scarabarm_control/lib/python3.10/site-packages:${PYTHONPATH} /usr/bin/python3 -W ignore:setup.py install is deprecated -W ignore:easy_install command is deprecated setup.py egg_info --egg-base ../build/scarabarm_control build --build-base /home/student/scarab_ros2/src/scarabarm_ros2/build/scarabarm_control/build install --record /home/student/scarab_ros2/src/scarabarm_ros2/build/scarabarm_control/install.log --install-scripts $base/lib/scarabarm_control --single-version-externally-managed install_data --force
[2.036s] /usr/lib/python3/dist-packages/setuptools/dist.py:723: UserWarning: Usage of dash-separated 'script-dir' will not be supported in future versions. Please use the underscore name 'script_dir' instead
[2.036s]   warnings.warn(
[2.046s] running egg_info
[2.047s] writing ../build/scarabarm_control/scarabarm_control.egg-info/PKG-INFO
[2.047s] writing dependency_links to ../build/scarabarm_control/scarabarm_control.egg-info/dependency_links.txt
[2.047s] writing entry points to ../build/scarabarm_control/scarabarm_control.egg-info/entry_points.txt
[2.047s] writing requirements to ../build/scarabarm_control/scarabarm_control.egg-info/requires.txt
[2.047s] writing top-level names to ../build/scarabarm_control/scarabarm_control.egg-info/top_level.txt
[2.049s] reading manifest file '../build/scarabarm_control/scarabarm_control.egg-info/SOURCES.txt'
[2.050s] writing manifest file '../build/scarabarm_control/scarabarm_control.egg-info/SOURCES.txt'
[2.051s] running build
[2.051s] running build_py
[2.051s] running install
[2.052s] running install_lib
[2.053s] running install_data
[2.053s] copying resource/scarabarm_control -> /home/student/scarab_ros2/src/scarabarm_ros2/install/scarabarm_control/share/ament_index/resource_index/packages
[2.053s] copying package.xml -> /home/student/scarab_ros2/src/scarabarm_ros2/install/scarabarm_control/share/scarabarm_control
[2.053s] copying launch/bringup_pi.launch.py -> /home/student/scarab_ros2/src/scarabarm_ros2/install/scarabarm_control/share/scarabarm_control/launch
[2.055s] copying config/ros2_control_odrive.yaml -> /home/student/scarab_ros2/src/scarabarm_ros2/install/scarabarm_control/share/scarabarm_control/config
[2.055s] copying config/controllers.yaml -> /home/student/scarab_ros2/src/scarabarm_ros2/install/scarabarm_control/share/scarabarm_control/config
[2.055s] running install_egg_info
[2.058s] removing '/home/student/scarab_ros2/src/scarabarm_ros2/install/scarabarm_control/lib/python3.10/site-packages/scarabarm_control-0.0.0-py3.10.egg-info' (and everything under it)
[2.058s] Copying ../build/scarabarm_control/scarabarm_control.egg-info to /home/student/scarab_ros2/src/scarabarm_ros2/install/scarabarm_control/lib/python3.10/site-packages/scarabarm_control-0.0.0-py3.10.egg-info
[2.060s] running install_scripts
[2.078s] Installing scarab_controller script to /home/student/scarab_ros2/src/scarabarm_ros2/install/scarabarm_control/lib/scarabarm_control
[2.078s] Installing scarab_js_agg script to /home/student/scarab_ros2/src/scarabarm_ros2/install/scarabarm_control/lib/scarabarm_control
[2.079s] writing list of installed files to '/home/student/scarab_ros2/src/scarabarm_ros2/build/scarabarm_control/install.log'
[2.105s] Invoked command in '/home/student/scarab_ros2/src/scarabarm_ros2/scarabarm_control' returned '0': PYTHONPATH=/home/student/scarab_ros2/src/scarabarm_ros2/build/scarabarm_control/prefix_override:/usr/lib/python3/dist-packages/colcon_core/task/python/colcon_distutils_commands:/home/student/scarab_ros2/src/scarabarm_ros2/install/scarabarm_control/lib/python3.10/site-packages:${PYTHONPATH} /usr/bin/python3 -W ignore:setup.py install is deprecated -W ignore:easy_install command is deprecated setup.py egg_info --egg-base ../build/scarabarm_control build --build-base /home/student/scarab_ros2/src/scarabarm_ros2/build/scarabarm_control/build install --record /home/student/scarab_ros2/src/scarabarm_ros2/build/scarabarm_control/install.log --install-scripts $base/lib/scarabarm_control --single-version-externally-managed install_data --force
