-- The C compiler identification is GNU 11.4.0
-- The CXX compiler identification is GNU 11.4.0
-- Detecting C compiler ABI info
-- Detecting C compiler ABI info - done
-- Check for working C compiler: /usr/bin/cc - skipped
-- Detecting C compile features
-- Detecting C compile features - done
-- Detecting CXX compiler ABI info
-- Detecting CXX compiler ABI info - done
-- Check for working CXX compiler: /usr/bin/c++ - skipped
-- Detecting CXX compile features
-- Detecting CXX compile features - done
-- Found ament_cmake: 1.3.11 (/opt/ros/humble/share/ament_cmake/cmake)
-- Found Python3: /usr/bin/python3 (found version "3.10.12") found components: Interpreter 
-- Found xacro: 2.0.13 (/opt/ros/humble/share/xacro/cmake)
-- Found rclcpp: 16.0.12 (/opt/ros/humble/share/rclcpp/cmake)
-- Found rosidl_generator_c: 3.1.6 (/opt/ros/humble/share/rosidl_generator_c/cmake)
-- Found rosidl_adapter: 3.1.6 (/opt/ros/humble/share/rosidl_adapter/cmake)
-- Found rosidl_generator_cpp: 3.1.6 (/opt/ros/humble/share/rosidl_generator_cpp/cmake)
-- Using all available rosidl_typesupport_c: rosidl_typesupport_fastrtps_c;rosidl_typesupport_introspection_c
-- Using all available rosidl_typesupport_cpp: rosidl_typesupport_fastrtps_cpp;rosidl_typesupport_introspection_cpp
-- Found rmw_implementation_cmake: 6.1.2 (/opt/ros/humble/share/rmw_implementation_cmake/cmake)
-- Found rmw_fastrtps_cpp: 6.2.7 (/opt/ros/humble/share/rmw_fastrtps_cpp/cmake)
-- Found OpenSSL: /usr/lib/x86_64-linux-gnu/libcrypto.so (found version "3.0.2")  
-- Found FastRTPS: /opt/ros/humble/include  
-- Using RMW implementation 'rmw_fastrtps_cpp' as default
-- Looking for pthread.h
-- Looking for pthread.h - found
-- Performing Test CMAKE_HAVE_LIBC_PTHREAD
-- Performing Test CMAKE_HAVE_LIBC_PTHREAD - Success
-- Found Threads: TRUE  
-- Found robot_state_publisher: 3.0.3 (/opt/ros/humble/share/robot_state_publisher/cmake)
-- Found eigen3_cmake_module: 0.1.1 (/opt/ros/humble/share/eigen3_cmake_module/cmake)
-- Found Eigen3: TRUE (found version "3.4.0") 
-- Ensuring Eigen3 include directory is part of orocos-kdl CMake target
-- Found ros_gz_sim: 0.244.20 (/opt/ros/humble/share/ros_gz_sim/cmake)
-- Found ros_gz_bridge: 0.244.20 (/opt/ros/humble/share/ros_gz_bridge/cmake)
-- Found Protobuf: /usr/lib/x86_64-linux-gnu/libprotobuf.so (found suitable version "3.12.4", minimum required is "3") 
-- Found Protobuf: /usr/lib/x86_64-linux-gnu/libprotobuf.so (found version "3.12.4") 
-- Found ament_lint_auto: 0.12.12 (/opt/ros/humble/share/ament_lint_auto/cmake)
-- Added test 'flake8' to check Python code syntax and style conventions
-- Added test 'lint_cmake' to check CMake code style
-- Added test 'pep257' to check Python code against some of the docstring style conventions in PEP 257
-- Added test 'xmllint' to check XML markup files
-- Configuring done
-- Generating done
-- Build files have been written to: /home/student/scarab_ros2/src/scarabarm_ros2/build/scarabarm_sim
-- Install configuration: ""
-- Installing: /home/student/scarab_ros2/src/scarabarm_ros2/install/scarabarm_sim/share/scarabarm_sim/launch
-- Installing: /home/student/scarab_ros2/src/scarabarm_ros2/install/scarabarm_sim/share/scarabarm_sim/launch/moveit_sim.launch.py
-- Installing: /home/student/scarab_ros2/src/scarabarm_ros2/install/scarabarm_sim/share/scarabarm_sim/launch/spawn_controllers.launch.py
-- Installing: /home/student/scarab_ros2/src/scarabarm_ros2/install/scarabarm_sim/share/scarabarm_sim/launch/gazebo_sim.launch.py
-- Installing: /home/student/scarab_ros2/src/scarabarm_ros2/install/scarabarm_sim/share/scarabarm_sim/config
-- Installing: /home/student/scarab_ros2/src/scarabarm_ros2/install/scarabarm_sim/share/scarabarm_sim/config/ controllers_sim.yaml
-- Installing: /home/student/scarab_ros2/src/scarabarm_ros2/install/scarabarm_sim/share/scarabarm_sim/config/full_scrab_arm.urdf.xacro
-- Installing: /home/student/scarab_ros2/src/scarabarm_ros2/install/scarabarm_sim/share/scarabarm_sim/config/full_scrab_arm.ros2_control.xacro
-- Installing: /home/student/scarab_ros2/src/scarabarm_ros2/install/scarabarm_sim/share/scarabarm_sim/config/ros2_control_sim.yaml
-- Installing: /home/student/scarab_ros2/src/scarabarm_ros2/install/scarabarm_sim/share/scarabarm_sim/config/full_scrab_arm.srdf
-- Installing: /home/student/scarab_ros2/src/scarabarm_ros2/install/scarabarm_sim/share/ament_index/resource_index/package_run_dependencies/scarabarm_sim
-- Installing: /home/student/scarab_ros2/src/scarabarm_ros2/install/scarabarm_sim/share/ament_index/resource_index/parent_prefix_path/scarabarm_sim
-- Installing: /home/student/scarab_ros2/src/scarabarm_ros2/install/scarabarm_sim/share/scarabarm_sim/environment/ament_prefix_path.sh
-- Installing: /home/student/scarab_ros2/src/scarabarm_ros2/install/scarabarm_sim/share/scarabarm_sim/environment/ament_prefix_path.dsv
-- Installing: /home/student/scarab_ros2/src/scarabarm_ros2/install/scarabarm_sim/share/scarabarm_sim/environment/path.sh
-- Installing: /home/student/scarab_ros2/src/scarabarm_ros2/install/scarabarm_sim/share/scarabarm_sim/environment/path.dsv
-- Installing: /home/student/scarab_ros2/src/scarabarm_ros2/install/scarabarm_sim/share/scarabarm_sim/local_setup.bash
-- Installing: /home/student/scarab_ros2/src/scarabarm_ros2/install/scarabarm_sim/share/scarabarm_sim/local_setup.sh
-- Installing: /home/student/scarab_ros2/src/scarabarm_ros2/install/scarabarm_sim/share/scarabarm_sim/local_setup.zsh
-- Installing: /home/student/scarab_ros2/src/scarabarm_ros2/install/scarabarm_sim/share/scarabarm_sim/local_setup.dsv
-- Installing: /home/student/scarab_ros2/src/scarabarm_ros2/install/scarabarm_sim/share/scarabarm_sim/package.dsv
-- Installing: /home/student/scarab_ros2/src/scarabarm_ros2/install/scarabarm_sim/share/ament_index/resource_index/packages/scarabarm_sim
-- Installing: /home/student/scarab_ros2/src/scarabarm_ros2/install/scarabarm_sim/share/scarabarm_sim/cmake/scarabarm_simConfig.cmake
-- Installing: /home/student/scarab_ros2/src/scarabarm_ros2/install/scarabarm_sim/share/scarabarm_sim/cmake/scarabarm_simConfig-version.cmake
-- Installing: /home/student/scarab_ros2/src/scarabarm_ros2/install/scarabarm_sim/share/scarabarm_sim/package.xml
