/home/student/scarab_ros2/src/scarabarm_ros2/install/gripper_sim_description/lib/python3.10/site-packages/gripper_sim_description/__init__.py
/home/student/scarab_ros2/src/scarabarm_ros2/install/gripper_sim_description/lib/python3.10/site-packages/gripper_sim_description/__pycache__/__init__.cpython-310.pyc
/home/student/scarab_ros2/src/scarabarm_ros2/install/gripper_sim_description/share/ament_index/resource_index/packages/gripper_sim_description
/home/student/scarab_ros2/src/scarabarm_ros2/install/gripper_sim_description/share/gripper_sim_description/package.xml
/home/student/scarab_ros2/src/scarabarm_ros2/install/gripper_sim_description/share/gripper_sim_description/launch/gazebo.launch.py
/home/student/scarab_ros2/src/scarabarm_ros2/install/gripper_sim_description/share/gripper_sim_description/launch/display.launch.py
/home/student/scarab_ros2/src/scarabarm_ros2/install/gripper_sim_description/share/gripper_sim_description/urdf/gripper_sim.gazebo
/home/student/scarab_ros2/src/scarabarm_ros2/install/gripper_sim_description/share/gripper_sim_description/urdf/gripper_sim.xacro
/home/student/scarab_ros2/src/scarabarm_ros2/install/gripper_sim_description/share/gripper_sim_description/urdf/materials.xacro
/home/student/scarab_ros2/src/scarabarm_ros2/install/gripper_sim_description/share/gripper_sim_description/urdf/gripper_sim.ros2control
/home/student/scarab_ros2/src/scarabarm_ros2/install/gripper_sim_description/share/gripper_sim_description/meshes/inner_link_x_1.stl
/home/student/scarab_ros2/src/scarabarm_ros2/install/gripper_sim_description/share/gripper_sim_description/meshes/finger_x_1.stl
/home/student/scarab_ros2/src/scarabarm_ros2/install/gripper_sim_description/share/gripper_sim_description/meshes/inner_link_y_1.stl
/home/student/scarab_ros2/src/scarabarm_ros2/install/gripper_sim_description/share/gripper_sim_description/meshes/finger_y_1.stl
/home/student/scarab_ros2/src/scarabarm_ros2/install/gripper_sim_description/share/gripper_sim_description/meshes/outer_link_x_1.stl
/home/student/scarab_ros2/src/scarabarm_ros2/install/gripper_sim_description/share/gripper_sim_description/meshes/outer_link_y_1.stl
/home/student/scarab_ros2/src/scarabarm_ros2/install/gripper_sim_description/share/gripper_sim_description/meshes/gripper_base_link.stl
/home/student/scarab_ros2/src/scarabarm_ros2/install/gripper_sim_description/share/gripper_sim_description/config/gazebo.rviz
/home/student/scarab_ros2/src/scarabarm_ros2/install/gripper_sim_description/share/gripper_sim_description/config/ros_gz_bridge_gazebo.yaml
/home/student/scarab_ros2/src/scarabarm_ros2/install/gripper_sim_description/share/gripper_sim_description/config/display.rviz
/home/student/scarab_ros2/src/scarabarm_ros2/install/gripper_sim_description/lib/python3.10/site-packages/gripper_sim_description-0.0.0-py3.10.egg-info/entry_points.txt
/home/student/scarab_ros2/src/scarabarm_ros2/install/gripper_sim_description/lib/python3.10/site-packages/gripper_sim_description-0.0.0-py3.10.egg-info/requires.txt
/home/student/scarab_ros2/src/scarabarm_ros2/install/gripper_sim_description/lib/python3.10/site-packages/gripper_sim_description-0.0.0-py3.10.egg-info/zip-safe
/home/student/scarab_ros2/src/scarabarm_ros2/install/gripper_sim_description/lib/python3.10/site-packages/gripper_sim_description-0.0.0-py3.10.egg-info/dependency_links.txt
/home/student/scarab_ros2/src/scarabarm_ros2/install/gripper_sim_description/lib/python3.10/site-packages/gripper_sim_description-0.0.0-py3.10.egg-info/SOURCES.txt
/home/student/scarab_ros2/src/scarabarm_ros2/install/gripper_sim_description/lib/python3.10/site-packages/gripper_sim_description-0.0.0-py3.10.egg-info/PKG-INFO
/home/student/scarab_ros2/src/scarabarm_ros2/install/gripper_sim_description/lib/python3.10/site-packages/gripper_sim_description-0.0.0-py3.10.egg-info/top_level.txt
