running egg_info
creating ../build/scarabarm_control/scarabarm_control.egg-info
writing ../build/scarabarm_control/scarabarm_control.egg-info/PKG-INFO
writing dependency_links to ../build/scarabarm_control/scarabarm_control.egg-info/dependency_links.txt
writing entry points to ../build/scarabarm_control/scarabarm_control.egg-info/entry_points.txt
writing requirements to ../build/scarabarm_control/scarabarm_control.egg-info/requires.txt
writing top-level names to ../build/scarabarm_control/scarabarm_control.egg-info/top_level.txt
writing manifest file '../build/scarabarm_control/scarabarm_control.egg-info/SOURCES.txt'
reading manifest file '../build/scarabarm_control/scarabarm_control.egg-info/SOURCES.txt'
writing manifest file '../build/scarabarm_control/scarabarm_control.egg-info/SOURCES.txt'
running build
running build_py
creating /home/student/scarab_ros2/src/scarabarm_ros2/build/scarabarm_control/build
creating /home/student/scarab_ros2/src/scarabarm_ros2/build/scarabarm_control/build/lib
creating /home/student/scarab_ros2/src/scarabarm_ros2/build/scarabarm_control/build/lib/scarabarm_control
copying src/scarabarm_control/__init__.py -> /home/student/scarab_ros2/src/scarabarm_ros2/build/scarabarm_control/build/lib/scarabarm_control
copying src/scarabarm_control/joint_state_aggregator.py -> /home/student/scarab_ros2/src/scarabarm_ros2/build/scarabarm_control/build/lib/scarabarm_control
copying src/scarabarm_control/scarabarm_controller_node.py -> /home/student/scarab_ros2/src/scarabarm_ros2/build/scarabarm_control/build/lib/scarabarm_control
running install
running install_lib
creating /home/student/scarab_ros2/src/scarabarm_ros2/install/scarabarm_control/lib/python3.10/site-packages/scarabarm_control
copying /home/student/scarab_ros2/src/scarabarm_ros2/build/scarabarm_control/build/lib/scarabarm_control/__init__.py -> /home/student/scarab_ros2/src/scarabarm_ros2/install/scarabarm_control/lib/python3.10/site-packages/scarabarm_control
copying /home/student/scarab_ros2/src/scarabarm_ros2/build/scarabarm_control/build/lib/scarabarm_control/joint_state_aggregator.py -> /home/student/scarab_ros2/src/scarabarm_ros2/install/scarabarm_control/lib/python3.10/site-packages/scarabarm_control
copying /home/student/scarab_ros2/src/scarabarm_ros2/build/scarabarm_control/build/lib/scarabarm_control/scarabarm_controller_node.py -> /home/student/scarab_ros2/src/scarabarm_ros2/install/scarabarm_control/lib/python3.10/site-packages/scarabarm_control
byte-compiling /home/student/scarab_ros2/src/scarabarm_ros2/install/scarabarm_control/lib/python3.10/site-packages/scarabarm_control/__init__.py to __init__.cpython-310.pyc
byte-compiling /home/student/scarab_ros2/src/scarabarm_ros2/install/scarabarm_control/lib/python3.10/site-packages/scarabarm_control/joint_state_aggregator.py to joint_state_aggregator.cpython-310.pyc
byte-compiling /home/student/scarab_ros2/src/scarabarm_ros2/install/scarabarm_control/lib/python3.10/site-packages/scarabarm_control/scarabarm_controller_node.py to scarabarm_controller_node.cpython-310.pyc
running install_data
running install_egg_info
Copying ../build/scarabarm_control/scarabarm_control.egg-info to /home/student/scarab_ros2/src/scarabarm_ros2/install/scarabarm_control/lib/python3.10/site-packages/scarabarm_control-0.0.0-py3.10.egg-info
running install_scripts
Installing scarab_controller script to /home/student/scarab_ros2/src/scarabarm_ros2/install/scarabarm_control/lib/scarabarm_control
Installing scarab_js_agg script to /home/student/scarab_ros2/src/scarabarm_ros2/install/scarabarm_control/lib/scarabarm_control
writing list of installed files to '/home/student/scarab_ros2/src/scarabarm_ros2/build/scarabarm_control/install.log'
