[1.254s] Invoking command in '/home/student/scarab_ros2/src/scarabarm_ros2/scarabarm_control': PYTHONPATH=/home/student/scarab_ros2/src/scarabarm_ros2/build/scarabarm_control/prefix_override:/usr/lib/python3/dist-packages/colcon_core/task/python/colcon_distutils_commands:/home/student/scarab_ros2/src/scarabarm_ros2/install/scarabarm_control/lib/python3.10/site-packages:${PYTHONPATH} /usr/bin/python3 -W ignore:setup.py install is deprecated -W ignore:easy_install command is deprecated setup.py egg_info --egg-base ../build/scarabarm_control build --build-base /home/student/scarab_ros2/src/scarabarm_ros2/build/scarabarm_control/build install --record /home/student/scarab_ros2/src/scarabarm_ros2/build/scarabarm_control/install.log --install-scripts $base/lib/scarabarm_control --single-version-externally-managed install_data
[1.547s] /usr/lib/python3/dist-packages/setuptools/dist.py:723: UserWarning: Usage of dash-separated 'script-dir' will not be supported in future versions. Please use the underscore name 'script_dir' instead
[1.547s]   warnings.warn(
[1.564s] running egg_info
[1.565s] creating ../build/scarabarm_control/scarabarm_control.egg-info
[1.566s] writing ../build/scarabarm_control/scarabarm_control.egg-info/PKG-INFO
[1.566s] writing dependency_links to ../build/scarabarm_control/scarabarm_control.egg-info/dependency_links.txt
[1.567s] writing entry points to ../build/scarabarm_control/scarabarm_control.egg-info/entry_points.txt
[1.567s] writing requirements to ../build/scarabarm_control/scarabarm_control.egg-info/requires.txt
[1.567s] writing top-level names to ../build/scarabarm_control/scarabarm_control.egg-info/top_level.txt
[1.567s] writing manifest file '../build/scarabarm_control/scarabarm_control.egg-info/SOURCES.txt'
[1.569s] reading manifest file '../build/scarabarm_control/scarabarm_control.egg-info/SOURCES.txt'
[1.570s] writing manifest file '../build/scarabarm_control/scarabarm_control.egg-info/SOURCES.txt'
[1.570s] running build
[1.571s] running build_py
[1.571s] creating /home/student/scarab_ros2/src/scarabarm_ros2/build/scarabarm_control/build
[1.571s] creating /home/student/scarab_ros2/src/scarabarm_ros2/build/scarabarm_control/build/lib
[1.572s] creating /home/student/scarab_ros2/src/scarabarm_ros2/build/scarabarm_control/build/lib/scarabarm_control
[1.572s] copying src/scarabarm_control/__init__.py -> /home/student/scarab_ros2/src/scarabarm_ros2/build/scarabarm_control/build/lib/scarabarm_control
[1.572s] copying src/scarabarm_control/joint_state_aggregator.py -> /home/student/scarab_ros2/src/scarabarm_ros2/build/scarabarm_control/build/lib/scarabarm_control
[1.573s] copying src/scarabarm_control/scarabarm_controller_node.py -> /home/student/scarab_ros2/src/scarabarm_ros2/build/scarabarm_control/build/lib/scarabarm_control
[1.573s] running install
[1.574s] running install_lib
[1.575s] creating /home/student/scarab_ros2/src/scarabarm_ros2/install/scarabarm_control/lib/python3.10/site-packages/scarabarm_control
[1.576s] copying /home/student/scarab_ros2/src/scarabarm_ros2/build/scarabarm_control/build/lib/scarabarm_control/__init__.py -> /home/student/scarab_ros2/src/scarabarm_ros2/install/scarabarm_control/lib/python3.10/site-packages/scarabarm_control
[1.577s] copying /home/student/scarab_ros2/src/scarabarm_ros2/build/scarabarm_control/build/lib/scarabarm_control/joint_state_aggregator.py -> /home/student/scarab_ros2/src/scarabarm_ros2/install/scarabarm_control/lib/python3.10/site-packages/scarabarm_control
[1.578s] copying /home/student/scarab_ros2/src/scarabarm_ros2/build/scarabarm_control/build/lib/scarabarm_control/scarabarm_controller_node.py -> /home/student/scarab_ros2/src/scarabarm_ros2/install/scarabarm_control/lib/python3.10/site-packages/scarabarm_control
[1.578s] byte-compiling /home/student/scarab_ros2/src/scarabarm_ros2/install/scarabarm_control/lib/python3.10/site-packages/scarabarm_control/__init__.py to __init__.cpython-310.pyc
[1.580s] byte-compiling /home/student/scarab_ros2/src/scarabarm_ros2/install/scarabarm_control/lib/python3.10/site-packages/scarabarm_control/joint_state_aggregator.py to joint_state_aggregator.cpython-310.pyc
[1.582s] byte-compiling /home/student/scarab_ros2/src/scarabarm_ros2/install/scarabarm_control/lib/python3.10/site-packages/scarabarm_control/scarabarm_controller_node.py to scarabarm_controller_node.cpython-310.pyc
[1.584s] running install_data
[1.585s] running install_egg_info
[1.587s] Copying ../build/scarabarm_control/scarabarm_control.egg-info to /home/student/scarab_ros2/src/scarabarm_ros2/install/scarabarm_control/lib/python3.10/site-packages/scarabarm_control-0.0.0-py3.10.egg-info
[1.589s] running install_scripts
[1.618s] Installing scarab_controller script to /home/student/scarab_ros2/src/scarabarm_ros2/install/scarabarm_control/lib/scarabarm_control
[1.619s] Installing scarab_js_agg script to /home/student/scarab_ros2/src/scarabarm_ros2/install/scarabarm_control/lib/scarabarm_control
[1.620s] writing list of installed files to '/home/student/scarab_ros2/src/scarabarm_ros2/build/scarabarm_control/install.log'
[1.652s] Invoked command in '/home/student/scarab_ros2/src/scarabarm_ros2/scarabarm_control' returned '0': PYTHONPATH=/home/student/scarab_ros2/src/scarabarm_ros2/build/scarabarm_control/prefix_override:/usr/lib/python3/dist-packages/colcon_core/task/python/colcon_distutils_commands:/home/student/scarab_ros2/src/scarabarm_ros2/install/scarabarm_control/lib/python3.10/site-packages:${PYTHONPATH} /usr/bin/python3 -W ignore:setup.py install is deprecated -W ignore:easy_install command is deprecated setup.py egg_info --egg-base ../build/scarabarm_control build --build-base /home/student/scarab_ros2/src/scarabarm_ros2/build/scarabarm_control/build install --record /home/student/scarab_ros2/src/scarabarm_ros2/build/scarabarm_control/install.log --install-scripts $base/lib/scarabarm_control --single-version-externally-managed install_data
