[0.969s] Invoking command in '/home/student/scarab_ros2/src/scarabarm_ros2/build/scarabarm_sim': CMAKE_PREFIX_PATH=${CMAKE_PREFIX_PATH}:/home/student/scarab_ros2/src/scarabarm_ros2/install/scarabarm_odrive:/home/student/scarab_ros2/src/scarabarm_ros2/install/scarabarm_control:/home/student/scarab_ros2/src/scarabarm_ros2/install/gripper_sim_description:/home/student/scarab_ros2/src/scarabarm_ros2/install/Arm_description:/opt/ros/humble /usr/bin/cmake --build /home/student/scarab_ros2/src/scarabarm_ros2/build/scarabarm_sim -- -j8 -l8
[1.131s] -- Found ament_cmake: 1.3.11 (/opt/ros/humble/share/ament_cmake/cmake)
[1.356s] -- Override CMake install command with custom implementation using symlinks instead of copying resources
[1.416s] -- Found xacro: 2.0.13 (/opt/ros/humble/share/xacro/cmake)
[1.425s] -- Found rclcpp: 16.0.12 (/opt/ros/humble/share/rclcpp/cmake)
[1.729s] -- Found rosidl_generator_c: 3.1.6 (/opt/ros/humble/share/rosidl_generator_c/cmake)
[1.742s] -- Found rosidl_adapter: 3.1.6 (/opt/ros/humble/share/rosidl_adapter/cmake)
[1.765s] -- Found rosidl_generator_cpp: 3.1.6 (/opt/ros/humble/share/rosidl_generator_cpp/cmake)
[1.795s] -- Using all available rosidl_typesupport_c: rosidl_typesupport_fastrtps_c;rosidl_typesupport_introspection_c
[1.915s] -- Using all available rosidl_typesupport_cpp: rosidl_typesupport_fastrtps_cpp;rosidl_typesupport_introspection_cpp
[2.022s] -- Found rmw_implementation_cmake: 6.1.2 (/opt/ros/humble/share/rmw_implementation_cmake/cmake)
[2.031s] -- Found rmw_fastrtps_cpp: 6.2.7 (/opt/ros/humble/share/rmw_fastrtps_cpp/cmake)
[3.503s] -- Found OpenSSL: /usr/lib/x86_64-linux-gnu/libcrypto.so (found version "3.0.2")  
[5.087s] -- Found FastRTPS: /opt/ros/humble/include  
[7.477s] -- Using RMW implementation 'rmw_fastrtps_cpp' as default
[7.497s] -- Looking for pthread.h
[7.794s] -- Looking for pthread.h - found
[7.795s] -- Performing Test CMAKE_HAVE_LIBC_PTHREAD
[7.954s] -- Performing Test CMAKE_HAVE_LIBC_PTHREAD - Success
[7.955s] -- Found Threads: TRUE  
[8.067s] -- Found robot_state_publisher: 3.0.3 (/opt/ros/humble/share/robot_state_publisher/cmake)
[8.164s] -- Found eigen3_cmake_module: 0.1.1 (/opt/ros/humble/share/eigen3_cmake_module/cmake)
[8.166s] -- Found Eigen3: TRUE (found version "3.4.0") 
[8.166s] -- Ensuring Eigen3 include directory is part of orocos-kdl CMake target
[9.550s] -- Found ros_gz_sim: 0.244.20 (/opt/ros/humble/share/ros_gz_sim/cmake)
[9.558s] -- Found ros_gz_bridge: 0.244.20 (/opt/ros/humble/share/ros_gz_bridge/cmake)
[11.083s] -- Found Protobuf: /usr/lib/x86_64-linux-gnu/libprotobuf.so (found suitable version "3.12.4", minimum required is "3") 
[12.226s] -- Found Protobuf: /usr/lib/x86_64-linux-gnu/libprotobuf.so (found version "3.12.4") 
[13.625s] -- Found ament_lint_auto: 0.12.12 (/opt/ros/humble/share/ament_lint_auto/cmake)
[13.715s] -- Added test 'flake8' to check Python code syntax and style conventions
[13.716s] -- Added test 'lint_cmake' to check CMake code style
[13.716s] -- Added test 'pep257' to check Python code against some of the docstring style conventions in PEP 257
[13.718s] -- Added test 'xmllint' to check XML markup files
[13.721s] -- Configuring done
[13.730s] -- Generating done
[13.733s] -- Build files have been written to: /home/student/scarab_ros2/src/scarabarm_ros2/build/scarabarm_sim
[13.754s] Invoked command in '/home/student/scarab_ros2/src/scarabarm_ros2/build/scarabarm_sim' returned '0': CMAKE_PREFIX_PATH=${CMAKE_PREFIX_PATH}:/home/student/scarab_ros2/src/scarabarm_ros2/install/scarabarm_odrive:/home/student/scarab_ros2/src/scarabarm_ros2/install/scarabarm_control:/home/student/scarab_ros2/src/scarabarm_ros2/install/gripper_sim_description:/home/student/scarab_ros2/src/scarabarm_ros2/install/Arm_description:/opt/ros/humble /usr/bin/cmake --build /home/student/scarab_ros2/src/scarabarm_ros2/build/scarabarm_sim -- -j8 -l8
[13.756s] Invoking command in '/home/student/scarab_ros2/src/scarabarm_ros2/build/scarabarm_sim': CMAKE_PREFIX_PATH=${CMAKE_PREFIX_PATH}:/home/student/scarab_ros2/src/scarabarm_ros2/install/scarabarm_odrive:/home/student/scarab_ros2/src/scarabarm_ros2/install/scarabarm_control:/home/student/scarab_ros2/src/scarabarm_ros2/install/gripper_sim_description:/home/student/scarab_ros2/src/scarabarm_ros2/install/Arm_description:/opt/ros/humble /usr/bin/cmake --install /home/student/scarab_ros2/src/scarabarm_ros2/build/scarabarm_sim
[13.762s] -- Install configuration: ""
[13.762s] -- Execute custom install script
[13.762s] -- Symlinking: /home/student/scarab_ros2/src/scarabarm_ros2/install/scarabarm_sim/share/scarabarm_sim/launch/gazebo_sim.launch.py
[13.768s] -- Symlinking: /home/student/scarab_ros2/src/scarabarm_ros2/install/scarabarm_sim/share/scarabarm_sim/launch/moveit_sim.launch.py
[13.775s] -- Symlinking: /home/student/scarab_ros2/src/scarabarm_ros2/install/scarabarm_sim/share/scarabarm_sim/launch/spawn_controllers.launch.py
[13.782s] -- Symlinking: /home/student/scarab_ros2/src/scarabarm_ros2/install/scarabarm_sim/share/scarabarm_sim/config/ controllers_sim.yaml
[13.788s] -- Symlinking: /home/student/scarab_ros2/src/scarabarm_ros2/install/scarabarm_sim/share/scarabarm_sim/config/ros2_control_sim.yaml
[13.794s] [31mCMake Error at ament_cmake_symlink_install/ament_cmake_symlink_install.cmake:100 (message):
[13.795s]   ament_cmake_symlink_install_directory() can't find
[13.795s]   '/home/student/scarab_ros2/src/scarabarm_ros2/scarabarm_sim/urdf'
[13.795s] Call Stack (most recent call first):
[13.795s]   ament_cmake_symlink_install/ament_cmake_symlink_install.cmake:320 (ament_cmake_symlink_install_directory)
[13.795s]   cmake_install.cmake:46 (include)
[13.795s] 
[13.795s] [0m
[13.796s] Invoked command in '/home/student/scarab_ros2/src/scarabarm_ros2/build/scarabarm_sim' returned '1': CMAKE_PREFIX_PATH=${CMAKE_PREFIX_PATH}:/home/student/scarab_ros2/src/scarabarm_ros2/install/scarabarm_odrive:/home/student/scarab_ros2/src/scarabarm_ros2/install/scarabarm_control:/home/student/scarab_ros2/src/scarabarm_ros2/install/gripper_sim_description:/home/student/scarab_ros2/src/scarabarm_ros2/install/Arm_description:/opt/ros/humble /usr/bin/cmake --install /home/student/scarab_ros2/src/scarabarm_ros2/build/scarabarm_sim
