[0.381s] DEBUG:colcon:Command line arguments: ['/usr/bin/colcon', 'build', '--symlink-install']
[0.382s] DEBUG:colcon:Parsed command line arguments: Namespace(log_base=None, log_level=None, verb_name='build', build_base='build', install_base='install', merge_install=False, symlink_install=True, test_result_base=None, continue_on_error=False, executor='parallel', parallel_workers=8, event_handlers=None, ignore_user_meta=False, metas=['./colcon.meta'], base_paths=['.'], packages_ignore=None, packages_ignore_regex=None, paths=None, packages_up_to=None, packages_up_to_regex=None, packages_above=None, packages_above_and_dependencies=None, packages_above_depth=None, packages_select_by_dep=None, packages_skip_by_dep=None, packages_skip_up_to=None, packages_select_build_failed=False, packages_skip_build_finished=False, packages_select_test_failures=False, packages_skip_test_passed=False, packages_select=None, packages_skip=None, packages_select_regex=None, packages_skip_regex=None, packages_start=None, packages_end=None, cmake_args=None, cmake_target=None, cmake_target_skip_unavailable=False, cmake_clean_cache=False, cmake_clean_first=False, cmake_force_configure=False, ament_cmake_args=None, catkin_cmake_args=None, catkin_skip_building_tests=False, mixin_files=None, mixin=None, verb_parser=<colcon_mixin.mixin.mixin_argument.MixinArgumentDecorator object at 0x706d9034b2b0>, verb_extension=<colcon_core.verb.build.BuildVerb object at 0x706d9048c160>, main=<bound method BuildVerb.main of <colcon_core.verb.build.BuildVerb object at 0x706d9048c160>>, mixin_verb=('build',))
[0.858s] Level 1:colcon.colcon_core.package_discovery:discover_packages(colcon_meta) check parameters
[0.858s] Level 1:colcon.colcon_core.package_discovery:discover_packages(recursive) check parameters
[0.858s] Level 1:colcon.colcon_core.package_discovery:discover_packages(ignore) check parameters
[0.858s] Level 1:colcon.colcon_core.package_discovery:discover_packages(path) check parameters
[0.858s] Level 1:colcon.colcon_core.package_discovery:discover_packages(colcon_meta) discover
[0.858s] Level 1:colcon.colcon_core.package_discovery:discover_packages(recursive) discover
[0.858s] INFO:colcon.colcon_core.package_discovery:Crawling recursively for packages in '/home/student/scarab_ros2/src/scarabarm_ros2'
[0.858s] Level 1:colcon.colcon_core.package_identification:_identify(.) by extensions ['ignore', 'ignore_ament_install']
[0.858s] Level 1:colcon.colcon_core.package_identification:_identify(.) by extension 'ignore'
[0.858s] Level 1:colcon.colcon_core.package_identification:_identify(.) by extension 'ignore_ament_install'
[0.858s] Level 1:colcon.colcon_core.package_identification:_identify(.) by extensions ['colcon_pkg']
[0.858s] Level 1:colcon.colcon_core.package_identification:_identify(.) by extension 'colcon_pkg'
[0.858s] Level 1:colcon.colcon_core.package_identification:_identify(.) by extensions ['colcon_meta']
[0.858s] Level 1:colcon.colcon_core.package_identification:_identify(.) by extension 'colcon_meta'
[0.858s] Level 1:colcon.colcon_core.package_identification:_identify(.) by extensions ['ros']
[0.858s] Level 1:colcon.colcon_core.package_identification:_identify(.) by extension 'ros'
[0.879s] Level 1:colcon.colcon_core.package_identification:_identify(.) by extensions ['cmake', 'python']
[0.879s] Level 1:colcon.colcon_core.package_identification:_identify(.) by extension 'cmake'
[0.879s] Level 1:colcon.colcon_core.package_identification:_identify(.) by extension 'python'
[0.879s] Level 1:colcon.colcon_core.package_identification:_identify(.) by extensions ['python_setup_py']
[0.879s] Level 1:colcon.colcon_core.package_identification:_identify(.) by extension 'python_setup_py'
[0.879s] Level 1:colcon.colcon_core.package_identification:_identify(build) by extensions ['ignore', 'ignore_ament_install']
[0.879s] Level 1:colcon.colcon_core.package_identification:_identify(build) by extension 'ignore'
[0.879s] Level 1:colcon.colcon_core.package_identification:_identify(build) ignored
[0.880s] Level 1:colcon.colcon_core.package_identification:_identify(install) by extensions ['ignore', 'ignore_ament_install']
[0.880s] Level 1:colcon.colcon_core.package_identification:_identify(install) by extension 'ignore'
[0.880s] Level 1:colcon.colcon_core.package_identification:_identify(install) ignored
[0.880s] Level 1:colcon.colcon_core.package_identification:_identify(log) by extensions ['ignore', 'ignore_ament_install']
[0.880s] Level 1:colcon.colcon_core.package_identification:_identify(log) by extension 'ignore'
[0.880s] Level 1:colcon.colcon_core.package_identification:_identify(log) ignored
[0.881s] Level 1:colcon.colcon_core.package_identification:_identify(ros_odrive) by extensions ['ignore', 'ignore_ament_install']
[0.881s] Level 1:colcon.colcon_core.package_identification:_identify(ros_odrive) by extension 'ignore'
[0.881s] Level 1:colcon.colcon_core.package_identification:_identify(ros_odrive) by extension 'ignore_ament_install'
[0.881s] Level 1:colcon.colcon_core.package_identification:_identify(ros_odrive) by extensions ['colcon_pkg']
[0.881s] Level 1:colcon.colcon_core.package_identification:_identify(ros_odrive) by extension 'colcon_pkg'
[0.881s] Level 1:colcon.colcon_core.package_identification:_identify(ros_odrive) by extensions ['colcon_meta']
[0.881s] Level 1:colcon.colcon_core.package_identification:_identify(ros_odrive) by extension 'colcon_meta'
[0.881s] Level 1:colcon.colcon_core.package_identification:_identify(ros_odrive) by extensions ['ros']
[0.881s] Level 1:colcon.colcon_core.package_identification:_identify(ros_odrive) by extension 'ros'
[0.881s] Level 1:colcon.colcon_core.package_identification:_identify(ros_odrive) by extensions ['cmake', 'python']
[0.881s] Level 1:colcon.colcon_core.package_identification:_identify(ros_odrive) by extension 'cmake'
[0.881s] Level 1:colcon.colcon_core.package_identification:_identify(ros_odrive) by extension 'python'
[0.881s] Level 1:colcon.colcon_core.package_identification:_identify(ros_odrive) by extensions ['python_setup_py']
[0.881s] Level 1:colcon.colcon_core.package_identification:_identify(ros_odrive) by extension 'python_setup_py'
[0.882s] Level 1:colcon.colcon_core.package_identification:_identify(ros_odrive/odrive_base) by extensions ['ignore', 'ignore_ament_install']
[0.882s] Level 1:colcon.colcon_core.package_identification:_identify(ros_odrive/odrive_base) by extension 'ignore'
[0.882s] Level 1:colcon.colcon_core.package_identification:_identify(ros_odrive/odrive_base) by extension 'ignore_ament_install'
[0.882s] Level 1:colcon.colcon_core.package_identification:_identify(ros_odrive/odrive_base) by extensions ['colcon_pkg']
[0.882s] Level 1:colcon.colcon_core.package_identification:_identify(ros_odrive/odrive_base) by extension 'colcon_pkg'
[0.882s] Level 1:colcon.colcon_core.package_identification:_identify(ros_odrive/odrive_base) by extensions ['colcon_meta']
[0.882s] Level 1:colcon.colcon_core.package_identification:_identify(ros_odrive/odrive_base) by extension 'colcon_meta'
[0.882s] Level 1:colcon.colcon_core.package_identification:_identify(ros_odrive/odrive_base) by extensions ['ros']
[0.882s] Level 1:colcon.colcon_core.package_identification:_identify(ros_odrive/odrive_base) by extension 'ros'
[0.883s] Level 1:colcon.colcon_core.package_identification:_identify(ros_odrive/odrive_base) by extensions ['cmake', 'python']
[0.883s] Level 1:colcon.colcon_core.package_identification:_identify(ros_odrive/odrive_base) by extension 'cmake'
[0.883s] Level 1:colcon.colcon_core.package_identification:_identify(ros_odrive/odrive_base) by extension 'python'
[0.883s] Level 1:colcon.colcon_core.package_identification:_identify(ros_odrive/odrive_base) by extensions ['python_setup_py']
[0.883s] Level 1:colcon.colcon_core.package_identification:_identify(ros_odrive/odrive_base) by extension 'python_setup_py'
[0.883s] Level 1:colcon.colcon_core.package_identification:_identify(ros_odrive/odrive_base/include) by extensions ['ignore', 'ignore_ament_install']
[0.884s] Level 1:colcon.colcon_core.package_identification:_identify(ros_odrive/odrive_base/include) by extension 'ignore'
[0.884s] Level 1:colcon.colcon_core.package_identification:_identify(ros_odrive/odrive_base/include) by extension 'ignore_ament_install'
[0.884s] Level 1:colcon.colcon_core.package_identification:_identify(ros_odrive/odrive_base/include) by extensions ['colcon_pkg']
[0.884s] Level 1:colcon.colcon_core.package_identification:_identify(ros_odrive/odrive_base/include) by extension 'colcon_pkg'
[0.884s] Level 1:colcon.colcon_core.package_identification:_identify(ros_odrive/odrive_base/include) by extensions ['colcon_meta']
[0.884s] Level 1:colcon.colcon_core.package_identification:_identify(ros_odrive/odrive_base/include) by extension 'colcon_meta'
[0.884s] Level 1:colcon.colcon_core.package_identification:_identify(ros_odrive/odrive_base/include) by extensions ['ros']
[0.884s] Level 1:colcon.colcon_core.package_identification:_identify(ros_odrive/odrive_base/include) by extension 'ros'
[0.884s] Level 1:colcon.colcon_core.package_identification:_identify(ros_odrive/odrive_base/include) by extensions ['cmake', 'python']
[0.884s] Level 1:colcon.colcon_core.package_identification:_identify(ros_odrive/odrive_base/include) by extension 'cmake'
[0.884s] Level 1:colcon.colcon_core.package_identification:_identify(ros_odrive/odrive_base/include) by extension 'python'
[0.884s] Level 1:colcon.colcon_core.package_identification:_identify(ros_odrive/odrive_base/include) by extensions ['python_setup_py']
[0.884s] Level 1:colcon.colcon_core.package_identification:_identify(ros_odrive/odrive_base/include) by extension 'python_setup_py'
[0.885s] Level 1:colcon.colcon_core.package_identification:_identify(ros_odrive/odrive_base/src) by extensions ['ignore', 'ignore_ament_install']
[0.885s] Level 1:colcon.colcon_core.package_identification:_identify(ros_odrive/odrive_base/src) by extension 'ignore'
[0.885s] Level 1:colcon.colcon_core.package_identification:_identify(ros_odrive/odrive_base/src) by extension 'ignore_ament_install'
[0.885s] Level 1:colcon.colcon_core.package_identification:_identify(ros_odrive/odrive_base/src) by extensions ['colcon_pkg']
[0.885s] Level 1:colcon.colcon_core.package_identification:_identify(ros_odrive/odrive_base/src) by extension 'colcon_pkg'
[0.885s] Level 1:colcon.colcon_core.package_identification:_identify(ros_odrive/odrive_base/src) by extensions ['colcon_meta']
[0.885s] Level 1:colcon.colcon_core.package_identification:_identify(ros_odrive/odrive_base/src) by extension 'colcon_meta'
[0.885s] Level 1:colcon.colcon_core.package_identification:_identify(ros_odrive/odrive_base/src) by extensions ['ros']
[0.885s] Level 1:colcon.colcon_core.package_identification:_identify(ros_odrive/odrive_base/src) by extension 'ros'
[0.885s] Level 1:colcon.colcon_core.package_identification:_identify(ros_odrive/odrive_base/src) by extensions ['cmake', 'python']
[0.885s] Level 1:colcon.colcon_core.package_identification:_identify(ros_odrive/odrive_base/src) by extension 'cmake'
[0.885s] Level 1:colcon.colcon_core.package_identification:_identify(ros_odrive/odrive_base/src) by extension 'python'
[0.885s] Level 1:colcon.colcon_core.package_identification:_identify(ros_odrive/odrive_base/src) by extensions ['python_setup_py']
[0.885s] Level 1:colcon.colcon_core.package_identification:_identify(ros_odrive/odrive_base/src) by extension 'python_setup_py'
[0.886s] Level 1:colcon.colcon_core.package_identification:_identify(ros_odrive/odrive_botwheel_explorer) by extensions ['ignore', 'ignore_ament_install']
[0.886s] Level 1:colcon.colcon_core.package_identification:_identify(ros_odrive/odrive_botwheel_explorer) by extension 'ignore'
[0.886s] Level 1:colcon.colcon_core.package_identification:_identify(ros_odrive/odrive_botwheel_explorer) by extension 'ignore_ament_install'
[0.886s] Level 1:colcon.colcon_core.package_identification:_identify(ros_odrive/odrive_botwheel_explorer) by extensions ['colcon_pkg']
[0.886s] Level 1:colcon.colcon_core.package_identification:_identify(ros_odrive/odrive_botwheel_explorer) by extension 'colcon_pkg'
[0.886s] Level 1:colcon.colcon_core.package_identification:_identify(ros_odrive/odrive_botwheel_explorer) by extensions ['colcon_meta']
[0.887s] Level 1:colcon.colcon_core.package_identification:_identify(ros_odrive/odrive_botwheel_explorer) by extension 'colcon_meta'
[0.887s] Level 1:colcon.colcon_core.package_identification:_identify(ros_odrive/odrive_botwheel_explorer) by extensions ['ros']
[0.887s] Level 1:colcon.colcon_core.package_identification:_identify(ros_odrive/odrive_botwheel_explorer) by extension 'ros'
[0.891s] DEBUG:colcon.colcon_core.package_identification:Package 'ros_odrive/odrive_botwheel_explorer' with type 'ros.ament_cmake' and name 'odrive_botwheel_explorer'
[0.892s] Level 1:colcon.colcon_core.package_identification:_identify(ros_odrive/odrive_node) by extensions ['ignore', 'ignore_ament_install']
[0.893s] Level 1:colcon.colcon_core.package_identification:_identify(ros_odrive/odrive_node) by extension 'ignore'
[0.893s] Level 1:colcon.colcon_core.package_identification:_identify(ros_odrive/odrive_node) by extension 'ignore_ament_install'
[0.893s] Level 1:colcon.colcon_core.package_identification:_identify(ros_odrive/odrive_node) by extensions ['colcon_pkg']
[0.893s] Level 1:colcon.colcon_core.package_identification:_identify(ros_odrive/odrive_node) by extension 'colcon_pkg'
[0.893s] Level 1:colcon.colcon_core.package_identification:_identify(ros_odrive/odrive_node) by extensions ['colcon_meta']
[0.893s] Level 1:colcon.colcon_core.package_identification:_identify(ros_odrive/odrive_node) by extension 'colcon_meta'
[0.893s] Level 1:colcon.colcon_core.package_identification:_identify(ros_odrive/odrive_node) by extensions ['ros']
[0.893s] Level 1:colcon.colcon_core.package_identification:_identify(ros_odrive/odrive_node) by extension 'ros'
[0.893s] DEBUG:colcon.colcon_core.package_identification:Package 'ros_odrive/odrive_node' with type 'ros.ament_cmake' and name 'odrive_can'
[0.894s] Level 1:colcon.colcon_core.package_identification:_identify(ros_odrive/odrive_ros2_control) by extensions ['ignore', 'ignore_ament_install']
[0.895s] Level 1:colcon.colcon_core.package_identification:_identify(ros_odrive/odrive_ros2_control) by extension 'ignore'
[0.895s] Level 1:colcon.colcon_core.package_identification:_identify(ros_odrive/odrive_ros2_control) by extension 'ignore_ament_install'
[0.895s] Level 1:colcon.colcon_core.package_identification:_identify(ros_odrive/odrive_ros2_control) by extensions ['colcon_pkg']
[0.895s] Level 1:colcon.colcon_core.package_identification:_identify(ros_odrive/odrive_ros2_control) by extension 'colcon_pkg'
[0.895s] Level 1:colcon.colcon_core.package_identification:_identify(ros_odrive/odrive_ros2_control) by extensions ['colcon_meta']
[0.895s] Level 1:colcon.colcon_core.package_identification:_identify(ros_odrive/odrive_ros2_control) by extension 'colcon_meta'
[0.895s] Level 1:colcon.colcon_core.package_identification:_identify(ros_odrive/odrive_ros2_control) by extensions ['ros']
[0.895s] Level 1:colcon.colcon_core.package_identification:_identify(ros_odrive/odrive_ros2_control) by extension 'ros'
[0.896s] DEBUG:colcon.colcon_core.package_identification:Package 'ros_odrive/odrive_ros2_control' with type 'ros.ament_cmake' and name 'odrive_ros2_control'
[0.896s] Level 1:colcon.colcon_core.package_identification:_identify(scarabarm_control) by extensions ['ignore', 'ignore_ament_install']
[0.896s] Level 1:colcon.colcon_core.package_identification:_identify(scarabarm_control) by extension 'ignore'
[0.896s] Level 1:colcon.colcon_core.package_identification:_identify(scarabarm_control) by extension 'ignore_ament_install'
[0.896s] Level 1:colcon.colcon_core.package_identification:_identify(scarabarm_control) by extensions ['colcon_pkg']
[0.896s] Level 1:colcon.colcon_core.package_identification:_identify(scarabarm_control) by extension 'colcon_pkg'
[0.896s] Level 1:colcon.colcon_core.package_identification:_identify(scarabarm_control) by extensions ['colcon_meta']
[0.896s] Level 1:colcon.colcon_core.package_identification:_identify(scarabarm_control) by extension 'colcon_meta'
[0.896s] Level 1:colcon.colcon_core.package_identification:_identify(scarabarm_control) by extensions ['ros']
[0.896s] Level 1:colcon.colcon_core.package_identification:_identify(scarabarm_control) by extension 'ros'
[0.897s] DEBUG:colcon.colcon_core.package_identification:Package 'scarabarm_control' with type 'ros.ament_python' and name 'scarabarm_control'
[0.897s] Level 1:colcon.colcon_core.package_identification:_identify(scarabarm_description) by extensions ['ignore', 'ignore_ament_install']
[0.897s] Level 1:colcon.colcon_core.package_identification:_identify(scarabarm_description) by extension 'ignore'
[0.898s] Level 1:colcon.colcon_core.package_identification:_identify(scarabarm_description) by extension 'ignore_ament_install'
[0.898s] Level 1:colcon.colcon_core.package_identification:_identify(scarabarm_description) by extensions ['colcon_pkg']
[0.898s] Level 1:colcon.colcon_core.package_identification:_identify(scarabarm_description) by extension 'colcon_pkg'
[0.898s] Level 1:colcon.colcon_core.package_identification:_identify(scarabarm_description) by extensions ['colcon_meta']
[0.898s] Level 1:colcon.colcon_core.package_identification:_identify(scarabarm_description) by extension 'colcon_meta'
[0.898s] Level 1:colcon.colcon_core.package_identification:_identify(scarabarm_description) by extensions ['ros']
[0.898s] Level 1:colcon.colcon_core.package_identification:_identify(scarabarm_description) by extension 'ros'
[0.898s] Level 1:colcon.colcon_core.package_identification:_identify(scarabarm_description) by extensions ['cmake', 'python']
[0.898s] Level 1:colcon.colcon_core.package_identification:_identify(scarabarm_description) by extension 'cmake'
[0.898s] Level 1:colcon.colcon_core.package_identification:_identify(scarabarm_description) by extension 'python'
[0.898s] Level 1:colcon.colcon_core.package_identification:_identify(scarabarm_description) by extensions ['python_setup_py']
[0.898s] Level 1:colcon.colcon_core.package_identification:_identify(scarabarm_description) by extension 'python_setup_py'
[0.898s] Level 1:colcon.colcon_core.package_identification:_identify(scarabarm_description/arm) by extensions ['ignore', 'ignore_ament_install']
[0.898s] Level 1:colcon.colcon_core.package_identification:_identify(scarabarm_description/arm) by extension 'ignore'
[0.898s] Level 1:colcon.colcon_core.package_identification:_identify(scarabarm_description/arm) by extension 'ignore_ament_install'
[0.898s] Level 1:colcon.colcon_core.package_identification:_identify(scarabarm_description/arm) by extensions ['colcon_pkg']
[0.898s] Level 1:colcon.colcon_core.package_identification:_identify(scarabarm_description/arm) by extension 'colcon_pkg'
[0.898s] Level 1:colcon.colcon_core.package_identification:_identify(scarabarm_description/arm) by extensions ['colcon_meta']
[0.898s] Level 1:colcon.colcon_core.package_identification:_identify(scarabarm_description/arm) by extension 'colcon_meta'
[0.898s] Level 1:colcon.colcon_core.package_identification:_identify(scarabarm_description/arm) by extensions ['ros']
[0.898s] Level 1:colcon.colcon_core.package_identification:_identify(scarabarm_description/arm) by extension 'ros'
[0.898s] Level 1:colcon.colcon_core.package_identification:_identify(scarabarm_description/arm) by extensions ['cmake', 'python']
[0.898s] Level 1:colcon.colcon_core.package_identification:_identify(scarabarm_description/arm) by extension 'cmake'
[0.898s] Level 1:colcon.colcon_core.package_identification:_identify(scarabarm_description/arm) by extension 'python'
[0.898s] Level 1:colcon.colcon_core.package_identification:_identify(scarabarm_description/arm) by extensions ['python_setup_py']
[0.898s] Level 1:colcon.colcon_core.package_identification:_identify(scarabarm_description/arm) by extension 'python_setup_py'
[0.899s] Level 1:colcon.colcon_core.package_identification:_identify(scarabarm_description/arm/Arm_description) by extensions ['ignore', 'ignore_ament_install']
[0.899s] Level 1:colcon.colcon_core.package_identification:_identify(scarabarm_description/arm/Arm_description) by extension 'ignore'
[0.899s] Level 1:colcon.colcon_core.package_identification:_identify(scarabarm_description/arm/Arm_description) by extension 'ignore_ament_install'
[0.899s] Level 1:colcon.colcon_core.package_identification:_identify(scarabarm_description/arm/Arm_description) by extensions ['colcon_pkg']
[0.899s] Level 1:colcon.colcon_core.package_identification:_identify(scarabarm_description/arm/Arm_description) by extension 'colcon_pkg'
[0.899s] Level 1:colcon.colcon_core.package_identification:_identify(scarabarm_description/arm/Arm_description) by extensions ['colcon_meta']
[0.899s] Level 1:colcon.colcon_core.package_identification:_identify(scarabarm_description/arm/Arm_description) by extension 'colcon_meta'
[0.899s] Level 1:colcon.colcon_core.package_identification:_identify(scarabarm_description/arm/Arm_description) by extensions ['ros']
[0.899s] Level 1:colcon.colcon_core.package_identification:_identify(scarabarm_description/arm/Arm_description) by extension 'ros'
[0.901s] DEBUG:colcon.colcon_core.package_identification:Package 'scarabarm_description/arm/Arm_description' with type 'ros.ament_python' and name 'Arm_description'
[0.901s] Level 1:colcon.colcon_core.package_identification:_identify(scarabarm_description/ee) by extensions ['ignore', 'ignore_ament_install']
[0.901s] Level 1:colcon.colcon_core.package_identification:_identify(scarabarm_description/ee) by extension 'ignore'
[0.901s] Level 1:colcon.colcon_core.package_identification:_identify(scarabarm_description/ee) by extension 'ignore_ament_install'
[0.901s] Level 1:colcon.colcon_core.package_identification:_identify(scarabarm_description/ee) by extensions ['colcon_pkg']
[0.901s] Level 1:colcon.colcon_core.package_identification:_identify(scarabarm_description/ee) by extension 'colcon_pkg'
[0.901s] Level 1:colcon.colcon_core.package_identification:_identify(scarabarm_description/ee) by extensions ['colcon_meta']
[0.901s] Level 1:colcon.colcon_core.package_identification:_identify(scarabarm_description/ee) by extension 'colcon_meta'
[0.901s] Level 1:colcon.colcon_core.package_identification:_identify(scarabarm_description/ee) by extensions ['ros']
[0.901s] Level 1:colcon.colcon_core.package_identification:_identify(scarabarm_description/ee) by extension 'ros'
[0.901s] Level 1:colcon.colcon_core.package_identification:_identify(scarabarm_description/ee) by extensions ['cmake', 'python']
[0.901s] Level 1:colcon.colcon_core.package_identification:_identify(scarabarm_description/ee) by extension 'cmake'
[0.901s] Level 1:colcon.colcon_core.package_identification:_identify(scarabarm_description/ee) by extension 'python'
[0.901s] Level 1:colcon.colcon_core.package_identification:_identify(scarabarm_description/ee) by extensions ['python_setup_py']
[0.901s] Level 1:colcon.colcon_core.package_identification:_identify(scarabarm_description/ee) by extension 'python_setup_py'
[0.902s] Level 1:colcon.colcon_core.package_identification:_identify(scarabarm_description/ee/gripper_sim_description) by extensions ['ignore', 'ignore_ament_install']
[0.902s] Level 1:colcon.colcon_core.package_identification:_identify(scarabarm_description/ee/gripper_sim_description) by extension 'ignore'
[0.902s] Level 1:colcon.colcon_core.package_identification:_identify(scarabarm_description/ee/gripper_sim_description) by extension 'ignore_ament_install'
[0.902s] Level 1:colcon.colcon_core.package_identification:_identify(scarabarm_description/ee/gripper_sim_description) by extensions ['colcon_pkg']
[0.902s] Level 1:colcon.colcon_core.package_identification:_identify(scarabarm_description/ee/gripper_sim_description) by extension 'colcon_pkg'
[0.902s] Level 1:colcon.colcon_core.package_identification:_identify(scarabarm_description/ee/gripper_sim_description) by extensions ['colcon_meta']
[0.902s] Level 1:colcon.colcon_core.package_identification:_identify(scarabarm_description/ee/gripper_sim_description) by extension 'colcon_meta'
[0.902s] Level 1:colcon.colcon_core.package_identification:_identify(scarabarm_description/ee/gripper_sim_description) by extensions ['ros']
[0.902s] Level 1:colcon.colcon_core.package_identification:_identify(scarabarm_description/ee/gripper_sim_description) by extension 'ros'
[0.904s] DEBUG:colcon.colcon_core.package_identification:Package 'scarabarm_description/ee/gripper_sim_description' with type 'ros.ament_python' and name 'gripper_sim_description'
[0.904s] Level 1:colcon.colcon_core.package_identification:_identify(scarabarm_description/full_scrab_arm) by extensions ['ignore', 'ignore_ament_install']
[0.904s] Level 1:colcon.colcon_core.package_identification:_identify(scarabarm_description/full_scrab_arm) by extension 'ignore'
[0.904s] Level 1:colcon.colcon_core.package_identification:_identify(scarabarm_description/full_scrab_arm) by extension 'ignore_ament_install'
[0.904s] Level 1:colcon.colcon_core.package_identification:_identify(scarabarm_description/full_scrab_arm) by extensions ['colcon_pkg']
[0.904s] Level 1:colcon.colcon_core.package_identification:_identify(scarabarm_description/full_scrab_arm) by extension 'colcon_pkg'
[0.904s] Level 1:colcon.colcon_core.package_identification:_identify(scarabarm_description/full_scrab_arm) by extensions ['colcon_meta']
[0.904s] Level 1:colcon.colcon_core.package_identification:_identify(scarabarm_description/full_scrab_arm) by extension 'colcon_meta'
[0.905s] Level 1:colcon.colcon_core.package_identification:_identify(scarabarm_description/full_scrab_arm) by extensions ['ros']
[0.905s] Level 1:colcon.colcon_core.package_identification:_identify(scarabarm_description/full_scrab_arm) by extension 'ros'
[0.907s] DEBUG:colcon.colcon_core.package_identification:Package 'scarabarm_description/full_scrab_arm' with type 'ros.ament_cmake' and name 'full_scrab_arm'
[0.907s] Level 1:colcon.colcon_core.package_identification:_identify(scarabarm_description/include) by extensions ['ignore', 'ignore_ament_install']
[0.907s] Level 1:colcon.colcon_core.package_identification:_identify(scarabarm_description/include) by extension 'ignore'
[0.907s] Level 1:colcon.colcon_core.package_identification:_identify(scarabarm_description/include) by extension 'ignore_ament_install'
[0.907s] Level 1:colcon.colcon_core.package_identification:_identify(scarabarm_description/include) by extensions ['colcon_pkg']
[0.907s] Level 1:colcon.colcon_core.package_identification:_identify(scarabarm_description/include) by extension 'colcon_pkg'
[0.907s] Level 1:colcon.colcon_core.package_identification:_identify(scarabarm_description/include) by extensions ['colcon_meta']
[0.907s] Level 1:colcon.colcon_core.package_identification:_identify(scarabarm_description/include) by extension 'colcon_meta'
[0.907s] Level 1:colcon.colcon_core.package_identification:_identify(scarabarm_description/include) by extensions ['ros']
[0.907s] Level 1:colcon.colcon_core.package_identification:_identify(scarabarm_description/include) by extension 'ros'
[0.907s] Level 1:colcon.colcon_core.package_identification:_identify(scarabarm_description/include) by extensions ['cmake', 'python']
[0.907s] Level 1:colcon.colcon_core.package_identification:_identify(scarabarm_description/include) by extension 'cmake'
[0.907s] Level 1:colcon.colcon_core.package_identification:_identify(scarabarm_description/include) by extension 'python'
[0.907s] Level 1:colcon.colcon_core.package_identification:_identify(scarabarm_description/include) by extensions ['python_setup_py']
[0.907s] Level 1:colcon.colcon_core.package_identification:_identify(scarabarm_description/include) by extension 'python_setup_py'
[0.907s] Level 1:colcon.colcon_core.package_identification:_identify(scarabarm_description/include/scarabarm_description) by extensions ['ignore', 'ignore_ament_install']
[0.908s] Level 1:colcon.colcon_core.package_identification:_identify(scarabarm_description/include/scarabarm_description) by extension 'ignore'
[0.908s] Level 1:colcon.colcon_core.package_identification:_identify(scarabarm_description/include/scarabarm_description) by extension 'ignore_ament_install'
[0.908s] Level 1:colcon.colcon_core.package_identification:_identify(scarabarm_description/include/scarabarm_description) by extensions ['colcon_pkg']
[0.908s] Level 1:colcon.colcon_core.package_identification:_identify(scarabarm_description/include/scarabarm_description) by extension 'colcon_pkg'
[0.908s] Level 1:colcon.colcon_core.package_identification:_identify(scarabarm_description/include/scarabarm_description) by extensions ['colcon_meta']
[0.908s] Level 1:colcon.colcon_core.package_identification:_identify(scarabarm_description/include/scarabarm_description) by extension 'colcon_meta'
[0.908s] Level 1:colcon.colcon_core.package_identification:_identify(scarabarm_description/include/scarabarm_description) by extensions ['ros']
[0.908s] Level 1:colcon.colcon_core.package_identification:_identify(scarabarm_description/include/scarabarm_description) by extension 'ros'
[0.908s] Level 1:colcon.colcon_core.package_identification:_identify(scarabarm_description/include/scarabarm_description) by extensions ['cmake', 'python']
[0.908s] Level 1:colcon.colcon_core.package_identification:_identify(scarabarm_description/include/scarabarm_description) by extension 'cmake'
[0.908s] Level 1:colcon.colcon_core.package_identification:_identify(scarabarm_description/include/scarabarm_description) by extension 'python'
[0.908s] Level 1:colcon.colcon_core.package_identification:_identify(scarabarm_description/include/scarabarm_description) by extensions ['python_setup_py']
[0.908s] Level 1:colcon.colcon_core.package_identification:_identify(scarabarm_description/include/scarabarm_description) by extension 'python_setup_py'
[0.908s] Level 1:colcon.colcon_core.package_identification:_identify(scarabarm_description/src) by extensions ['ignore', 'ignore_ament_install']
[0.908s] Level 1:colcon.colcon_core.package_identification:_identify(scarabarm_description/src) by extension 'ignore'
[0.908s] Level 1:colcon.colcon_core.package_identification:_identify(scarabarm_description/src) by extension 'ignore_ament_install'
[0.908s] Level 1:colcon.colcon_core.package_identification:_identify(scarabarm_description/src) by extensions ['colcon_pkg']
[0.908s] Level 1:colcon.colcon_core.package_identification:_identify(scarabarm_description/src) by extension 'colcon_pkg'
[0.908s] Level 1:colcon.colcon_core.package_identification:_identify(scarabarm_description/src) by extensions ['colcon_meta']
[0.908s] Level 1:colcon.colcon_core.package_identification:_identify(scarabarm_description/src) by extension 'colcon_meta'
[0.908s] Level 1:colcon.colcon_core.package_identification:_identify(scarabarm_description/src) by extensions ['ros']
[0.908s] Level 1:colcon.colcon_core.package_identification:_identify(scarabarm_description/src) by extension 'ros'
[0.909s] Level 1:colcon.colcon_core.package_identification:_identify(scarabarm_description/src) by extensions ['cmake', 'python']
[0.909s] Level 1:colcon.colcon_core.package_identification:_identify(scarabarm_description/src) by extension 'cmake'
[0.909s] Level 1:colcon.colcon_core.package_identification:_identify(scarabarm_description/src) by extension 'python'
[0.909s] Level 1:colcon.colcon_core.package_identification:_identify(scarabarm_description/src) by extensions ['python_setup_py']
[0.909s] Level 1:colcon.colcon_core.package_identification:_identify(scarabarm_description/src) by extension 'python_setup_py'
[0.909s] Level 1:colcon.colcon_core.package_identification:_identify(scarabarm_description/worlds) by extensions ['ignore', 'ignore_ament_install']
[0.909s] Level 1:colcon.colcon_core.package_identification:_identify(scarabarm_description/worlds) by extension 'ignore'
[0.909s] Level 1:colcon.colcon_core.package_identification:_identify(scarabarm_description/worlds) by extension 'ignore_ament_install'
[0.909s] Level 1:colcon.colcon_core.package_identification:_identify(scarabarm_description/worlds) by extensions ['colcon_pkg']
[0.909s] Level 1:colcon.colcon_core.package_identification:_identify(scarabarm_description/worlds) by extension 'colcon_pkg'
[0.909s] Level 1:colcon.colcon_core.package_identification:_identify(scarabarm_description/worlds) by extensions ['colcon_meta']
[0.909s] Level 1:colcon.colcon_core.package_identification:_identify(scarabarm_description/worlds) by extension 'colcon_meta'
[0.909s] Level 1:colcon.colcon_core.package_identification:_identify(scarabarm_description/worlds) by extensions ['ros']
[0.909s] Level 1:colcon.colcon_core.package_identification:_identify(scarabarm_description/worlds) by extension 'ros'
[0.909s] Level 1:colcon.colcon_core.package_identification:_identify(scarabarm_description/worlds) by extensions ['cmake', 'python']
[0.909s] Level 1:colcon.colcon_core.package_identification:_identify(scarabarm_description/worlds) by extension 'cmake'
[0.909s] Level 1:colcon.colcon_core.package_identification:_identify(scarabarm_description/worlds) by extension 'python'
[0.909s] Level 1:colcon.colcon_core.package_identification:_identify(scarabarm_description/worlds) by extensions ['python_setup_py']
[0.909s] Level 1:colcon.colcon_core.package_identification:_identify(scarabarm_description/worlds) by extension 'python_setup_py'
[0.909s] Level 1:colcon.colcon_core.package_identification:_identify(scarabarm_moveit) by extensions ['ignore', 'ignore_ament_install']
[0.909s] Level 1:colcon.colcon_core.package_identification:_identify(scarabarm_moveit) by extension 'ignore'
[0.909s] Level 1:colcon.colcon_core.package_identification:_identify(scarabarm_moveit) by extension 'ignore_ament_install'
[0.909s] Level 1:colcon.colcon_core.package_identification:_identify(scarabarm_moveit) by extensions ['colcon_pkg']
[0.910s] Level 1:colcon.colcon_core.package_identification:_identify(scarabarm_moveit) by extension 'colcon_pkg'
[0.910s] Level 1:colcon.colcon_core.package_identification:_identify(scarabarm_moveit) by extensions ['colcon_meta']
[0.910s] Level 1:colcon.colcon_core.package_identification:_identify(scarabarm_moveit) by extension 'colcon_meta'
[0.910s] Level 1:colcon.colcon_core.package_identification:_identify(scarabarm_moveit) by extensions ['ros']
[0.910s] Level 1:colcon.colcon_core.package_identification:_identify(scarabarm_moveit) by extension 'ros'
[0.911s] DEBUG:colcon.colcon_core.package_identification:Package 'scarabarm_moveit' with type 'ros.ament_cmake' and name 'scarabarm_moveit'
[0.911s] Level 1:colcon.colcon_core.package_identification:_identify(scarabarm_odrive) by extensions ['ignore', 'ignore_ament_install']
[0.911s] Level 1:colcon.colcon_core.package_identification:_identify(scarabarm_odrive) by extension 'ignore'
[0.912s] Level 1:colcon.colcon_core.package_identification:_identify(scarabarm_odrive) by extension 'ignore_ament_install'
[0.912s] Level 1:colcon.colcon_core.package_identification:_identify(scarabarm_odrive) by extensions ['colcon_pkg']
[0.912s] Level 1:colcon.colcon_core.package_identification:_identify(scarabarm_odrive) by extension 'colcon_pkg'
[0.912s] Level 1:colcon.colcon_core.package_identification:_identify(scarabarm_odrive) by extensions ['colcon_meta']
[0.912s] Level 1:colcon.colcon_core.package_identification:_identify(scarabarm_odrive) by extension 'colcon_meta'
[0.912s] Level 1:colcon.colcon_core.package_identification:_identify(scarabarm_odrive) by extensions ['ros']
[0.912s] Level 1:colcon.colcon_core.package_identification:_identify(scarabarm_odrive) by extension 'ros'
[0.913s] DEBUG:colcon.colcon_core.package_identification:Package 'scarabarm_odrive' with type 'ros.ament_python' and name 'scarabarm_odrive'
[0.913s] Level 1:colcon.colcon_core.package_identification:_identify(scarabarm_sim) by extensions ['ignore', 'ignore_ament_install']
[0.913s] Level 1:colcon.colcon_core.package_identification:_identify(scarabarm_sim) by extension 'ignore'
[0.913s] Level 1:colcon.colcon_core.package_identification:_identify(scarabarm_sim) by extension 'ignore_ament_install'
[0.913s] Level 1:colcon.colcon_core.package_identification:_identify(scarabarm_sim) by extensions ['colcon_pkg']
[0.913s] Level 1:colcon.colcon_core.package_identification:_identify(scarabarm_sim) by extension 'colcon_pkg'
[0.913s] Level 1:colcon.colcon_core.package_identification:_identify(scarabarm_sim) by extensions ['colcon_meta']
[0.913s] Level 1:colcon.colcon_core.package_identification:_identify(scarabarm_sim) by extension 'colcon_meta'
[0.913s] Level 1:colcon.colcon_core.package_identification:_identify(scarabarm_sim) by extensions ['ros']
[0.913s] Level 1:colcon.colcon_core.package_identification:_identify(scarabarm_sim) by extension 'ros'
[0.914s] DEBUG:colcon.colcon_core.package_identification:Package 'scarabarm_sim' with type 'ros.ament_cmake' and name 'scarabarm_sim'
[0.914s] Level 1:colcon.colcon_core.package_discovery:discover_packages(recursive) using defaults
[0.914s] Level 1:colcon.colcon_core.package_discovery:discover_packages(ignore) discover
[0.914s] Level 1:colcon.colcon_core.package_discovery:discover_packages(ignore) using defaults
[0.914s] Level 1:colcon.colcon_core.package_discovery:discover_packages(path) discover
[0.914s] Level 1:colcon.colcon_core.package_discovery:discover_packages(path) using defaults
[0.965s] Level 5:colcon.colcon_core.verb:set package 'Arm_description' build argument 'cmake_args' from command line to 'None'
[0.965s] Level 5:colcon.colcon_core.verb:set package 'Arm_description' build argument 'cmake_target' from command line to 'None'
[0.965s] Level 5:colcon.colcon_core.verb:set package 'Arm_description' build argument 'cmake_target_skip_unavailable' from command line to 'False'
[0.965s] Level 5:colcon.colcon_core.verb:set package 'Arm_description' build argument 'cmake_clean_cache' from command line to 'False'
[0.965s] Level 5:colcon.colcon_core.verb:set package 'Arm_description' build argument 'cmake_clean_first' from command line to 'False'
[0.965s] Level 5:colcon.colcon_core.verb:set package 'Arm_description' build argument 'cmake_force_configure' from command line to 'False'
[0.965s] Level 5:colcon.colcon_core.verb:set package 'Arm_description' build argument 'ament_cmake_args' from command line to 'None'
[0.965s] Level 5:colcon.colcon_core.verb:set package 'Arm_description' build argument 'catkin_cmake_args' from command line to 'None'
[0.965s] Level 5:colcon.colcon_core.verb:set package 'Arm_description' build argument 'catkin_skip_building_tests' from command line to 'False'
[0.965s] DEBUG:colcon.colcon_core.verb:Building package 'Arm_description' with the following arguments: {'ament_cmake_args': None, 'build_base': '/home/student/scarab_ros2/src/scarabarm_ros2/build/Arm_description', 'catkin_cmake_args': None, 'catkin_skip_building_tests': False, 'cmake_args': None, 'cmake_clean_cache': False, 'cmake_clean_first': False, 'cmake_force_configure': False, 'cmake_target': None, 'cmake_target_skip_unavailable': False, 'install_base': '/home/student/scarab_ros2/src/scarabarm_ros2/install/Arm_description', 'merge_install': False, 'path': '/home/student/scarab_ros2/src/scarabarm_ros2/scarabarm_description/arm/Arm_description', 'symlink_install': True, 'test_result_base': None}
[0.966s] Level 5:colcon.colcon_core.verb:set package 'gripper_sim_description' build argument 'cmake_args' from command line to 'None'
[0.966s] Level 5:colcon.colcon_core.verb:set package 'gripper_sim_description' build argument 'cmake_target' from command line to 'None'
[0.966s] Level 5:colcon.colcon_core.verb:set package 'gripper_sim_description' build argument 'cmake_target_skip_unavailable' from command line to 'False'
[0.966s] Level 5:colcon.colcon_core.verb:set package 'gripper_sim_description' build argument 'cmake_clean_cache' from command line to 'False'
[0.966s] Level 5:colcon.colcon_core.verb:set package 'gripper_sim_description' build argument 'cmake_clean_first' from command line to 'False'
[0.966s] Level 5:colcon.colcon_core.verb:set package 'gripper_sim_description' build argument 'cmake_force_configure' from command line to 'False'
[0.966s] Level 5:colcon.colcon_core.verb:set package 'gripper_sim_description' build argument 'ament_cmake_args' from command line to 'None'
[0.966s] Level 5:colcon.colcon_core.verb:set package 'gripper_sim_description' build argument 'catkin_cmake_args' from command line to 'None'
[0.966s] Level 5:colcon.colcon_core.verb:set package 'gripper_sim_description' build argument 'catkin_skip_building_tests' from command line to 'False'
[0.966s] DEBUG:colcon.colcon_core.verb:Building package 'gripper_sim_description' with the following arguments: {'ament_cmake_args': None, 'build_base': '/home/student/scarab_ros2/src/scarabarm_ros2/build/gripper_sim_description', 'catkin_cmake_args': None, 'catkin_skip_building_tests': False, 'cmake_args': None, 'cmake_clean_cache': False, 'cmake_clean_first': False, 'cmake_force_configure': False, 'cmake_target': None, 'cmake_target_skip_unavailable': False, 'install_base': '/home/student/scarab_ros2/src/scarabarm_ros2/install/gripper_sim_description', 'merge_install': False, 'path': '/home/student/scarab_ros2/src/scarabarm_ros2/scarabarm_description/ee/gripper_sim_description', 'symlink_install': True, 'test_result_base': None}
[0.966s] Level 5:colcon.colcon_core.verb:set package 'odrive_can' build argument 'cmake_args' from command line to 'None'
[0.966s] Level 5:colcon.colcon_core.verb:set package 'odrive_can' build argument 'cmake_target' from command line to 'None'
[0.966s] Level 5:colcon.colcon_core.verb:set package 'odrive_can' build argument 'cmake_target_skip_unavailable' from command line to 'False'
[0.967s] Level 5:colcon.colcon_core.verb:set package 'odrive_can' build argument 'cmake_clean_cache' from command line to 'False'
[0.967s] Level 5:colcon.colcon_core.verb:set package 'odrive_can' build argument 'cmake_clean_first' from command line to 'False'
[0.967s] Level 5:colcon.colcon_core.verb:set package 'odrive_can' build argument 'cmake_force_configure' from command line to 'False'
[0.967s] Level 5:colcon.colcon_core.verb:set package 'odrive_can' build argument 'ament_cmake_args' from command line to 'None'
[0.967s] Level 5:colcon.colcon_core.verb:set package 'odrive_can' build argument 'catkin_cmake_args' from command line to 'None'
[0.967s] Level 5:colcon.colcon_core.verb:set package 'odrive_can' build argument 'catkin_skip_building_tests' from command line to 'False'
[0.967s] DEBUG:colcon.colcon_core.verb:Building package 'odrive_can' with the following arguments: {'ament_cmake_args': None, 'build_base': '/home/student/scarab_ros2/src/scarabarm_ros2/build/odrive_can', 'catkin_cmake_args': None, 'catkin_skip_building_tests': False, 'cmake_args': None, 'cmake_clean_cache': False, 'cmake_clean_first': False, 'cmake_force_configure': False, 'cmake_target': None, 'cmake_target_skip_unavailable': False, 'install_base': '/home/student/scarab_ros2/src/scarabarm_ros2/install/odrive_can', 'merge_install': False, 'path': '/home/student/scarab_ros2/src/scarabarm_ros2/ros_odrive/odrive_node', 'symlink_install': True, 'test_result_base': None}
[0.967s] Level 5:colcon.colcon_core.verb:set package 'odrive_ros2_control' build argument 'cmake_args' from command line to 'None'
[0.967s] Level 5:colcon.colcon_core.verb:set package 'odrive_ros2_control' build argument 'cmake_target' from command line to 'None'
[0.967s] Level 5:colcon.colcon_core.verb:set package 'odrive_ros2_control' build argument 'cmake_target_skip_unavailable' from command line to 'False'
[0.967s] Level 5:colcon.colcon_core.verb:set package 'odrive_ros2_control' build argument 'cmake_clean_cache' from command line to 'False'
[0.967s] Level 5:colcon.colcon_core.verb:set package 'odrive_ros2_control' build argument 'cmake_clean_first' from command line to 'False'
[0.967s] Level 5:colcon.colcon_core.verb:set package 'odrive_ros2_control' build argument 'cmake_force_configure' from command line to 'False'
[0.967s] Level 5:colcon.colcon_core.verb:set package 'odrive_ros2_control' build argument 'ament_cmake_args' from command line to 'None'
[0.967s] Level 5:colcon.colcon_core.verb:set package 'odrive_ros2_control' build argument 'catkin_cmake_args' from command line to 'None'
[0.967s] Level 5:colcon.colcon_core.verb:set package 'odrive_ros2_control' build argument 'catkin_skip_building_tests' from command line to 'False'
[0.967s] DEBUG:colcon.colcon_core.verb:Building package 'odrive_ros2_control' with the following arguments: {'ament_cmake_args': None, 'build_base': '/home/student/scarab_ros2/src/scarabarm_ros2/build/odrive_ros2_control', 'catkin_cmake_args': None, 'catkin_skip_building_tests': False, 'cmake_args': None, 'cmake_clean_cache': False, 'cmake_clean_first': False, 'cmake_force_configure': False, 'cmake_target': None, 'cmake_target_skip_unavailable': False, 'install_base': '/home/student/scarab_ros2/src/scarabarm_ros2/install/odrive_ros2_control', 'merge_install': False, 'path': '/home/student/scarab_ros2/src/scarabarm_ros2/ros_odrive/odrive_ros2_control', 'symlink_install': True, 'test_result_base': None}
[0.967s] Level 5:colcon.colcon_core.verb:set package 'scarabarm_control' build argument 'cmake_args' from command line to 'None'
[0.967s] Level 5:colcon.colcon_core.verb:set package 'scarabarm_control' build argument 'cmake_target' from command line to 'None'
[0.968s] Level 5:colcon.colcon_core.verb:set package 'scarabarm_control' build argument 'cmake_target_skip_unavailable' from command line to 'False'
[0.968s] Level 5:colcon.colcon_core.verb:set package 'scarabarm_control' build argument 'cmake_clean_cache' from command line to 'False'
[0.968s] Level 5:colcon.colcon_core.verb:set package 'scarabarm_control' build argument 'cmake_clean_first' from command line to 'False'
[0.968s] Level 5:colcon.colcon_core.verb:set package 'scarabarm_control' build argument 'cmake_force_configure' from command line to 'False'
[0.968s] Level 5:colcon.colcon_core.verb:set package 'scarabarm_control' build argument 'ament_cmake_args' from command line to 'None'
[0.968s] Level 5:colcon.colcon_core.verb:set package 'scarabarm_control' build argument 'catkin_cmake_args' from command line to 'None'
[0.968s] Level 5:colcon.colcon_core.verb:set package 'scarabarm_control' build argument 'catkin_skip_building_tests' from command line to 'False'
[0.968s] DEBUG:colcon.colcon_core.verb:Building package 'scarabarm_control' with the following arguments: {'ament_cmake_args': None, 'build_base': '/home/student/scarab_ros2/src/scarabarm_ros2/build/scarabarm_control', 'catkin_cmake_args': None, 'catkin_skip_building_tests': False, 'cmake_args': None, 'cmake_clean_cache': False, 'cmake_clean_first': False, 'cmake_force_configure': False, 'cmake_target': None, 'cmake_target_skip_unavailable': False, 'install_base': '/home/student/scarab_ros2/src/scarabarm_ros2/install/scarabarm_control', 'merge_install': False, 'path': '/home/student/scarab_ros2/src/scarabarm_ros2/scarabarm_control', 'symlink_install': True, 'test_result_base': None}
[0.968s] Level 5:colcon.colcon_core.verb:set package 'scarabarm_sim' build argument 'cmake_args' from command line to 'None'
[0.968s] Level 5:colcon.colcon_core.verb:set package 'scarabarm_sim' build argument 'cmake_target' from command line to 'None'
[0.968s] Level 5:colcon.colcon_core.verb:set package 'scarabarm_sim' build argument 'cmake_target_skip_unavailable' from command line to 'False'
[0.968s] Level 5:colcon.colcon_core.verb:set package 'scarabarm_sim' build argument 'cmake_clean_cache' from command line to 'False'
[0.968s] Level 5:colcon.colcon_core.verb:set package 'scarabarm_sim' build argument 'cmake_clean_first' from command line to 'False'
[0.968s] Level 5:colcon.colcon_core.verb:set package 'scarabarm_sim' build argument 'cmake_force_configure' from command line to 'False'
[0.968s] Level 5:colcon.colcon_core.verb:set package 'scarabarm_sim' build argument 'ament_cmake_args' from command line to 'None'
[0.968s] Level 5:colcon.colcon_core.verb:set package 'scarabarm_sim' build argument 'catkin_cmake_args' from command line to 'None'
[0.968s] Level 5:colcon.colcon_core.verb:set package 'scarabarm_sim' build argument 'catkin_skip_building_tests' from command line to 'False'
[0.968s] DEBUG:colcon.colcon_core.verb:Building package 'scarabarm_sim' with the following arguments: {'ament_cmake_args': None, 'build_base': '/home/student/scarab_ros2/src/scarabarm_ros2/build/scarabarm_sim', 'catkin_cmake_args': None, 'catkin_skip_building_tests': False, 'cmake_args': None, 'cmake_clean_cache': False, 'cmake_clean_first': False, 'cmake_force_configure': False, 'cmake_target': None, 'cmake_target_skip_unavailable': False, 'install_base': '/home/student/scarab_ros2/src/scarabarm_ros2/install/scarabarm_sim', 'merge_install': False, 'path': '/home/student/scarab_ros2/src/scarabarm_ros2/scarabarm_sim', 'symlink_install': True, 'test_result_base': None}
[0.969s] Level 5:colcon.colcon_core.verb:set package 'full_scrab_arm' build argument 'cmake_args' from command line to 'None'
[0.969s] Level 5:colcon.colcon_core.verb:set package 'full_scrab_arm' build argument 'cmake_target' from command line to 'None'
[0.969s] Level 5:colcon.colcon_core.verb:set package 'full_scrab_arm' build argument 'cmake_target_skip_unavailable' from command line to 'False'
[0.969s] Level 5:colcon.colcon_core.verb:set package 'full_scrab_arm' build argument 'cmake_clean_cache' from command line to 'False'
[0.969s] Level 5:colcon.colcon_core.verb:set package 'full_scrab_arm' build argument 'cmake_clean_first' from command line to 'False'
[0.969s] Level 5:colcon.colcon_core.verb:set package 'full_scrab_arm' build argument 'cmake_force_configure' from command line to 'False'
[0.969s] Level 5:colcon.colcon_core.verb:set package 'full_scrab_arm' build argument 'ament_cmake_args' from command line to 'None'
[0.969s] Level 5:colcon.colcon_core.verb:set package 'full_scrab_arm' build argument 'catkin_cmake_args' from command line to 'None'
[0.969s] Level 5:colcon.colcon_core.verb:set package 'full_scrab_arm' build argument 'catkin_skip_building_tests' from command line to 'False'
[0.969s] DEBUG:colcon.colcon_core.verb:Building package 'full_scrab_arm' with the following arguments: {'ament_cmake_args': None, 'build_base': '/home/student/scarab_ros2/src/scarabarm_ros2/build/full_scrab_arm', 'catkin_cmake_args': None, 'catkin_skip_building_tests': False, 'cmake_args': None, 'cmake_clean_cache': False, 'cmake_clean_first': False, 'cmake_force_configure': False, 'cmake_target': None, 'cmake_target_skip_unavailable': False, 'install_base': '/home/student/scarab_ros2/src/scarabarm_ros2/install/full_scrab_arm', 'merge_install': False, 'path': '/home/student/scarab_ros2/src/scarabarm_ros2/scarabarm_description/full_scrab_arm', 'symlink_install': True, 'test_result_base': None}
[0.969s] Level 5:colcon.colcon_core.verb:set package 'odrive_botwheel_explorer' build argument 'cmake_args' from command line to 'None'
[0.969s] Level 5:colcon.colcon_core.verb:set package 'odrive_botwheel_explorer' build argument 'cmake_target' from command line to 'None'
[0.969s] Level 5:colcon.colcon_core.verb:set package 'odrive_botwheel_explorer' build argument 'cmake_target_skip_unavailable' from command line to 'False'
[0.969s] Level 5:colcon.colcon_core.verb:set package 'odrive_botwheel_explorer' build argument 'cmake_clean_cache' from command line to 'False'
[0.969s] Level 5:colcon.colcon_core.verb:set package 'odrive_botwheel_explorer' build argument 'cmake_clean_first' from command line to 'False'
[0.969s] Level 5:colcon.colcon_core.verb:set package 'odrive_botwheel_explorer' build argument 'cmake_force_configure' from command line to 'False'
[0.969s] Level 5:colcon.colcon_core.verb:set package 'odrive_botwheel_explorer' build argument 'ament_cmake_args' from command line to 'None'
[0.969s] Level 5:colcon.colcon_core.verb:set package 'odrive_botwheel_explorer' build argument 'catkin_cmake_args' from command line to 'None'
[0.969s] Level 5:colcon.colcon_core.verb:set package 'odrive_botwheel_explorer' build argument 'catkin_skip_building_tests' from command line to 'False'
[0.969s] DEBUG:colcon.colcon_core.verb:Building package 'odrive_botwheel_explorer' with the following arguments: {'ament_cmake_args': None, 'build_base': '/home/student/scarab_ros2/src/scarabarm_ros2/build/odrive_botwheel_explorer', 'catkin_cmake_args': None, 'catkin_skip_building_tests': False, 'cmake_args': None, 'cmake_clean_cache': False, 'cmake_clean_first': False, 'cmake_force_configure': False, 'cmake_target': None, 'cmake_target_skip_unavailable': False, 'install_base': '/home/student/scarab_ros2/src/scarabarm_ros2/install/odrive_botwheel_explorer', 'merge_install': False, 'path': '/home/student/scarab_ros2/src/scarabarm_ros2/ros_odrive/odrive_botwheel_explorer', 'symlink_install': True, 'test_result_base': None}
[0.969s] Level 5:colcon.colcon_core.verb:set package 'scarabarm_odrive' build argument 'cmake_args' from command line to 'None'
[0.969s] Level 5:colcon.colcon_core.verb:set package 'scarabarm_odrive' build argument 'cmake_target' from command line to 'None'
[0.970s] Level 5:colcon.colcon_core.verb:set package 'scarabarm_odrive' build argument 'cmake_target_skip_unavailable' from command line to 'False'
[0.970s] Level 5:colcon.colcon_core.verb:set package 'scarabarm_odrive' build argument 'cmake_clean_cache' from command line to 'False'
[0.970s] Level 5:colcon.colcon_core.verb:set package 'scarabarm_odrive' build argument 'cmake_clean_first' from command line to 'False'
[0.970s] Level 5:colcon.colcon_core.verb:set package 'scarabarm_odrive' build argument 'cmake_force_configure' from command line to 'False'
[0.970s] Level 5:colcon.colcon_core.verb:set package 'scarabarm_odrive' build argument 'ament_cmake_args' from command line to 'None'
[0.970s] Level 5:colcon.colcon_core.verb:set package 'scarabarm_odrive' build argument 'catkin_cmake_args' from command line to 'None'
[0.970s] Level 5:colcon.colcon_core.verb:set package 'scarabarm_odrive' build argument 'catkin_skip_building_tests' from command line to 'False'
[0.970s] DEBUG:colcon.colcon_core.verb:Building package 'scarabarm_odrive' with the following arguments: {'ament_cmake_args': None, 'build_base': '/home/student/scarab_ros2/src/scarabarm_ros2/build/scarabarm_odrive', 'catkin_cmake_args': None, 'catkin_skip_building_tests': False, 'cmake_args': None, 'cmake_clean_cache': False, 'cmake_clean_first': False, 'cmake_force_configure': False, 'cmake_target': None, 'cmake_target_skip_unavailable': False, 'install_base': '/home/student/scarab_ros2/src/scarabarm_ros2/install/scarabarm_odrive', 'merge_install': False, 'path': '/home/student/scarab_ros2/src/scarabarm_ros2/scarabarm_odrive', 'symlink_install': True, 'test_result_base': None}
[0.970s] Level 5:colcon.colcon_core.verb:set package 'scarabarm_moveit' build argument 'cmake_args' from command line to 'None'
[0.970s] Level 5:colcon.colcon_core.verb:set package 'scarabarm_moveit' build argument 'cmake_target' from command line to 'None'
[0.970s] Level 5:colcon.colcon_core.verb:set package 'scarabarm_moveit' build argument 'cmake_target_skip_unavailable' from command line to 'False'
[0.970s] Level 5:colcon.colcon_core.verb:set package 'scarabarm_moveit' build argument 'cmake_clean_cache' from command line to 'False'
[0.970s] Level 5:colcon.colcon_core.verb:set package 'scarabarm_moveit' build argument 'cmake_clean_first' from command line to 'False'
[0.970s] Level 5:colcon.colcon_core.verb:set package 'scarabarm_moveit' build argument 'cmake_force_configure' from command line to 'False'
[0.970s] Level 5:colcon.colcon_core.verb:set package 'scarabarm_moveit' build argument 'ament_cmake_args' from command line to 'None'
[0.970s] Level 5:colcon.colcon_core.verb:set package 'scarabarm_moveit' build argument 'catkin_cmake_args' from command line to 'None'
[0.970s] Level 5:colcon.colcon_core.verb:set package 'scarabarm_moveit' build argument 'catkin_skip_building_tests' from command line to 'False'
[0.970s] DEBUG:colcon.colcon_core.verb:Building package 'scarabarm_moveit' with the following arguments: {'ament_cmake_args': None, 'build_base': '/home/student/scarab_ros2/src/scarabarm_ros2/build/scarabarm_moveit', 'catkin_cmake_args': None, 'catkin_skip_building_tests': False, 'cmake_args': None, 'cmake_clean_cache': False, 'cmake_clean_first': False, 'cmake_force_configure': False, 'cmake_target': None, 'cmake_target_skip_unavailable': False, 'install_base': '/home/student/scarab_ros2/src/scarabarm_ros2/install/scarabarm_moveit', 'merge_install': False, 'path': '/home/student/scarab_ros2/src/scarabarm_ros2/scarabarm_moveit', 'symlink_install': True, 'test_result_base': None}
[0.970s] INFO:colcon.colcon_core.executor:Executing jobs using 'parallel' executor
[0.971s] DEBUG:colcon.colcon_parallel_executor.executor.parallel:run_until_complete
[0.972s] INFO:colcon.colcon_ros.task.ament_python.build:Building ROS package in '/home/student/scarab_ros2/src/scarabarm_ros2/scarabarm_description/arm/Arm_description' with build type 'ament_python'
[0.972s] Level 1:colcon.colcon_core.shell:create_environment_hook('Arm_description', 'ament_prefix_path')
[0.983s] INFO:colcon.colcon_core.plugin_system:Skipping extension 'colcon_core.shell.bat': Not used on non-Windows systems
[0.983s] INFO:colcon.colcon_core.shell:Creating environment hook '/home/student/scarab_ros2/src/scarabarm_ros2/install/Arm_description/share/Arm_description/hook/ament_prefix_path.ps1'
[0.985s] INFO:colcon.colcon_core.shell:Creating environment descriptor '/home/student/scarab_ros2/src/scarabarm_ros2/install/Arm_description/share/Arm_description/hook/ament_prefix_path.dsv'
[0.986s] INFO:colcon.colcon_core.shell:Creating environment hook '/home/student/scarab_ros2/src/scarabarm_ros2/install/Arm_description/share/Arm_description/hook/ament_prefix_path.sh'
[0.987s] INFO:colcon.colcon_core.shell:Skip shell extension 'powershell' for command environment: Not usable outside of PowerShell
[0.987s] DEBUG:colcon.colcon_core.shell:Skip shell extension 'dsv' for command environment
[0.997s] INFO:colcon.colcon_ros.task.ament_python.build:Building ROS package in '/home/student/scarab_ros2/src/scarabarm_ros2/scarabarm_description/ee/gripper_sim_description' with build type 'ament_python'
[0.998s] Level 1:colcon.colcon_core.shell:create_environment_hook('gripper_sim_description', 'ament_prefix_path')
[0.998s] INFO:colcon.colcon_core.shell:Creating environment hook '/home/student/scarab_ros2/src/scarabarm_ros2/install/gripper_sim_description/share/gripper_sim_description/hook/ament_prefix_path.ps1'
[0.999s] INFO:colcon.colcon_core.shell:Creating environment descriptor '/home/student/scarab_ros2/src/scarabarm_ros2/install/gripper_sim_description/share/gripper_sim_description/hook/ament_prefix_path.dsv'
[0.999s] INFO:colcon.colcon_core.shell:Creating environment hook '/home/student/scarab_ros2/src/scarabarm_ros2/install/gripper_sim_description/share/gripper_sim_description/hook/ament_prefix_path.sh'
[1.000s] INFO:colcon.colcon_core.shell:Skip shell extension 'powershell' for command environment: Not usable outside of PowerShell
[1.000s] DEBUG:colcon.colcon_core.shell:Skip shell extension 'dsv' for command environment
[1.005s] INFO:colcon.colcon_ros.task.ament_cmake.build:Building ROS package in '/home/student/scarab_ros2/src/scarabarm_ros2/ros_odrive/odrive_node' with build type 'ament_cmake'
[1.006s] INFO:colcon.colcon_cmake.task.cmake.build:Building CMake package in '/home/student/scarab_ros2/src/scarabarm_ros2/ros_odrive/odrive_node'
[1.006s] INFO:colcon.colcon_core.shell:Skip shell extension 'powershell' for command environment: Not usable outside of PowerShell
[1.006s] DEBUG:colcon.colcon_core.shell:Skip shell extension 'dsv' for command environment
[1.012s] INFO:colcon.colcon_ros.task.ament_cmake.build:Building ROS package in '/home/student/scarab_ros2/src/scarabarm_ros2/ros_odrive/odrive_ros2_control' with build type 'ament_cmake'
[1.012s] INFO:colcon.colcon_cmake.task.cmake.build:Building CMake package in '/home/student/scarab_ros2/src/scarabarm_ros2/ros_odrive/odrive_ros2_control'
[1.012s] INFO:colcon.colcon_core.shell:Skip shell extension 'powershell' for command environment: Not usable outside of PowerShell
[1.012s] DEBUG:colcon.colcon_core.shell:Skip shell extension 'dsv' for command environment
[1.017s] INFO:colcon.colcon_ros.task.ament_python.build:Building ROS package in '/home/student/scarab_ros2/src/scarabarm_ros2/scarabarm_control' with build type 'ament_python'
[1.017s] Level 1:colcon.colcon_core.shell:create_environment_hook('scarabarm_control', 'ament_prefix_path')
[1.017s] INFO:colcon.colcon_core.shell:Creating environment hook '/home/student/scarab_ros2/src/scarabarm_ros2/install/scarabarm_control/share/scarabarm_control/hook/ament_prefix_path.ps1'
[1.018s] INFO:colcon.colcon_core.shell:Creating environment descriptor '/home/student/scarab_ros2/src/scarabarm_ros2/install/scarabarm_control/share/scarabarm_control/hook/ament_prefix_path.dsv'
[1.019s] INFO:colcon.colcon_core.shell:Creating environment hook '/home/student/scarab_ros2/src/scarabarm_ros2/install/scarabarm_control/share/scarabarm_control/hook/ament_prefix_path.sh'
[1.020s] INFO:colcon.colcon_core.shell:Skip shell extension 'powershell' for command environment: Not usable outside of PowerShell
[1.020s] DEBUG:colcon.colcon_core.shell:Skip shell extension 'dsv' for command environment
[1.023s] INFO:colcon.colcon_ros.task.ament_cmake.build:Building ROS package in '/home/student/scarab_ros2/src/scarabarm_ros2/scarabarm_sim' with build type 'ament_cmake'
[1.023s] INFO:colcon.colcon_cmake.task.cmake.build:Building CMake package in '/home/student/scarab_ros2/src/scarabarm_ros2/scarabarm_sim'
[1.024s] INFO:colcon.colcon_core.shell:Skip shell extension 'powershell' for command environment: Not usable outside of PowerShell
[1.024s] DEBUG:colcon.colcon_core.shell:Skip shell extension 'dsv' for command environment
[1.226s] INFO:colcon.colcon_core.task.python.build:Building Python package in '/home/student/scarab_ros2/src/scarabarm_ros2/scarabarm_description/arm/Arm_description'
[1.226s] INFO:colcon.colcon_core.shell:Skip shell extension 'powershell' for command environment: Not usable outside of PowerShell
[1.226s] DEBUG:colcon.colcon_core.shell:Skip shell extension 'dsv' for command environment
[1.402s] INFO:colcon.colcon_core.task.python.build:Building Python package in '/home/student/scarab_ros2/src/scarabarm_ros2/scarabarm_description/ee/gripper_sim_description'
[1.403s] INFO:colcon.colcon_core.shell:Skip shell extension 'powershell' for command environment: Not usable outside of PowerShell
[1.403s] DEBUG:colcon.colcon_core.shell:Skip shell extension 'dsv' for command environment
[1.410s] DEBUG:colcon.colcon_core.event_handler.log_command:Invoking command in '/home/student/scarab_ros2/src/scarabarm_ros2/build/odrive_can': CMAKE_PREFIX_PATH=${CMAKE_PREFIX_PATH}:/home/student/scarab_ros2/src/scarabarm_ros2/install/scarabarm_odrive:/home/student/scarab_ros2/src/scarabarm_ros2/install/scarabarm_control:/home/student/scarab_ros2/src/scarabarm_ros2/install/gripper_sim_description:/home/student/scarab_ros2/src/scarabarm_ros2/install/Arm_description:/opt/ros/humble /usr/bin/cmake --build /home/student/scarab_ros2/src/scarabarm_ros2/build/odrive_can -- -j8 -l8
[1.419s] DEBUG:colcon.colcon_core.event_handler.log_command:Invoking command in '/home/student/scarab_ros2/src/scarabarm_ros2/build/odrive_ros2_control': CMAKE_PREFIX_PATH=${CMAKE_PREFIX_PATH}:/home/student/scarab_ros2/src/scarabarm_ros2/install/scarabarm_odrive:/home/student/scarab_ros2/src/scarabarm_ros2/install/scarabarm_control:/home/student/scarab_ros2/src/scarabarm_ros2/install/gripper_sim_description:/home/student/scarab_ros2/src/scarabarm_ros2/install/Arm_description:/opt/ros/humble /usr/bin/cmake --build /home/student/scarab_ros2/src/scarabarm_ros2/build/odrive_ros2_control -- -j8 -l8
[1.638s] INFO:colcon.colcon_core.task.python.build:Building Python package in '/home/student/scarab_ros2/src/scarabarm_ros2/scarabarm_control'
[1.638s] INFO:colcon.colcon_core.shell:Skip shell extension 'powershell' for command environment: Not usable outside of PowerShell
[1.639s] DEBUG:colcon.colcon_core.shell:Skip shell extension 'dsv' for command environment
[1.652s] DEBUG:colcon.colcon_core.event_handler.log_command:Invoked command in '/home/student/scarab_ros2/src/scarabarm_ros2/build/odrive_ros2_control' returned '0': CMAKE_PREFIX_PATH=${CMAKE_PREFIX_PATH}:/home/student/scarab_ros2/src/scarabarm_ros2/install/scarabarm_odrive:/home/student/scarab_ros2/src/scarabarm_ros2/install/scarabarm_control:/home/student/scarab_ros2/src/scarabarm_ros2/install/gripper_sim_description:/home/student/scarab_ros2/src/scarabarm_ros2/install/Arm_description:/opt/ros/humble /usr/bin/cmake --build /home/student/scarab_ros2/src/scarabarm_ros2/build/odrive_ros2_control -- -j8 -l8
[1.665s] DEBUG:colcon.colcon_core.event_handler.log_command:Invoking command in '/home/student/scarab_ros2/src/scarabarm_ros2/build/odrive_ros2_control': CMAKE_PREFIX_PATH=${CMAKE_PREFIX_PATH}:/home/student/scarab_ros2/src/scarabarm_ros2/install/scarabarm_odrive:/home/student/scarab_ros2/src/scarabarm_ros2/install/scarabarm_control:/home/student/scarab_ros2/src/scarabarm_ros2/install/gripper_sim_description:/home/student/scarab_ros2/src/scarabarm_ros2/install/Arm_description:/opt/ros/humble /usr/bin/cmake --install /home/student/scarab_ros2/src/scarabarm_ros2/build/odrive_ros2_control
[1.671s] DEBUG:colcon.colcon_core.event_handler.log_command:Invoking command in '/home/student/scarab_ros2/src/scarabarm_ros2/build/scarabarm_sim': CMAKE_PREFIX_PATH=${CMAKE_PREFIX_PATH}:/home/student/scarab_ros2/src/scarabarm_ros2/install/scarabarm_odrive:/home/student/scarab_ros2/src/scarabarm_ros2/install/scarabarm_control:/home/student/scarab_ros2/src/scarabarm_ros2/install/gripper_sim_description:/home/student/scarab_ros2/src/scarabarm_ros2/install/Arm_description:/opt/ros/humble /usr/bin/cmake --build /home/student/scarab_ros2/src/scarabarm_ros2/build/scarabarm_sim -- -j8 -l8
[1.712s] Level 1:colcon.colcon_core.environment:create_environment_scripts_only(odrive_ros2_control)
[1.712s] DEBUG:colcon.colcon_core.event_handler.log_command:Invoked command in '/home/student/scarab_ros2/src/scarabarm_ros2/build/odrive_ros2_control' returned '0': CMAKE_PREFIX_PATH=${CMAKE_PREFIX_PATH}:/home/student/scarab_ros2/src/scarabarm_ros2/install/scarabarm_odrive:/home/student/scarab_ros2/src/scarabarm_ros2/install/scarabarm_control:/home/student/scarab_ros2/src/scarabarm_ros2/install/gripper_sim_description:/home/student/scarab_ros2/src/scarabarm_ros2/install/Arm_description:/opt/ros/humble /usr/bin/cmake --install /home/student/scarab_ros2/src/scarabarm_ros2/build/odrive_ros2_control
[1.723s] Level 1:colcon.colcon_core.environment:checking '/home/student/scarab_ros2/src/scarabarm_ros2/install/odrive_ros2_control' for CMake module files
[1.723s] Level 1:colcon.colcon_core.environment:checking '/home/student/scarab_ros2/src/scarabarm_ros2/install/odrive_ros2_control' for CMake config files
[1.724s] Level 1:colcon.colcon_core.shell:create_environment_hook('odrive_ros2_control', 'cmake_prefix_path')
[1.724s] INFO:colcon.colcon_core.shell:Creating environment hook '/home/student/scarab_ros2/src/scarabarm_ros2/install/odrive_ros2_control/share/odrive_ros2_control/hook/cmake_prefix_path.ps1'
[1.725s] INFO:colcon.colcon_core.shell:Creating environment descriptor '/home/student/scarab_ros2/src/scarabarm_ros2/install/odrive_ros2_control/share/odrive_ros2_control/hook/cmake_prefix_path.dsv'
[1.725s] INFO:colcon.colcon_core.shell:Creating environment hook '/home/student/scarab_ros2/src/scarabarm_ros2/install/odrive_ros2_control/share/odrive_ros2_control/hook/cmake_prefix_path.sh'
[1.726s] Level 1:colcon.colcon_core.environment:checking '/home/student/scarab_ros2/src/scarabarm_ros2/install/odrive_ros2_control/lib'
[1.726s] Level 1:colcon.colcon_core.shell:create_environment_hook('odrive_ros2_control', 'ld_library_path_lib')
[1.726s] INFO:colcon.colcon_core.shell:Creating environment hook '/home/student/scarab_ros2/src/scarabarm_ros2/install/odrive_ros2_control/share/odrive_ros2_control/hook/ld_library_path_lib.ps1'
[1.727s] INFO:colcon.colcon_core.shell:Creating environment descriptor '/home/student/scarab_ros2/src/scarabarm_ros2/install/odrive_ros2_control/share/odrive_ros2_control/hook/ld_library_path_lib.dsv'
[1.728s] INFO:colcon.colcon_core.shell:Creating environment hook '/home/student/scarab_ros2/src/scarabarm_ros2/install/odrive_ros2_control/share/odrive_ros2_control/hook/ld_library_path_lib.sh'
[1.729s] Level 1:colcon.colcon_core.environment:checking '/home/student/scarab_ros2/src/scarabarm_ros2/install/odrive_ros2_control/bin'
[1.729s] Level 1:colcon.colcon_core.environment:checking '/home/student/scarab_ros2/src/scarabarm_ros2/install/odrive_ros2_control/lib/pkgconfig/odrive_ros2_control.pc'
[1.729s] Level 1:colcon.colcon_core.environment:checking '/home/student/scarab_ros2/src/scarabarm_ros2/install/odrive_ros2_control/lib/python3.10/site-packages'
[1.730s] Level 1:colcon.colcon_core.environment:checking '/home/student/scarab_ros2/src/scarabarm_ros2/install/odrive_ros2_control/bin'
[1.731s] INFO:colcon.colcon_core.shell:Creating package script '/home/student/scarab_ros2/src/scarabarm_ros2/install/odrive_ros2_control/share/odrive_ros2_control/package.ps1'
[1.733s] INFO:colcon.colcon_core.shell:Creating package descriptor '/home/student/scarab_ros2/src/scarabarm_ros2/install/odrive_ros2_control/share/odrive_ros2_control/package.dsv'
[1.734s] INFO:colcon.colcon_core.shell:Creating package script '/home/student/scarab_ros2/src/scarabarm_ros2/install/odrive_ros2_control/share/odrive_ros2_control/package.sh'
[1.736s] INFO:colcon.colcon_core.shell:Creating package script '/home/student/scarab_ros2/src/scarabarm_ros2/install/odrive_ros2_control/share/odrive_ros2_control/package.bash'
[1.738s] INFO:colcon.colcon_core.shell:Creating package script '/home/student/scarab_ros2/src/scarabarm_ros2/install/odrive_ros2_control/share/odrive_ros2_control/package.zsh'
[1.740s] Level 1:colcon.colcon_core.environment:create_file_with_runtime_dependencies(/home/student/scarab_ros2/src/scarabarm_ros2/install/odrive_ros2_control/share/colcon-core/packages/odrive_ros2_control)
[1.742s] Level 1:colcon.colcon_core.environment:create_environment_scripts_only(odrive_ros2_control)
[1.743s] Level 1:colcon.colcon_core.environment:checking '/home/student/scarab_ros2/src/scarabarm_ros2/install/odrive_ros2_control' for CMake module files
[1.743s] Level 1:colcon.colcon_core.environment:checking '/home/student/scarab_ros2/src/scarabarm_ros2/install/odrive_ros2_control' for CMake config files
[1.744s] Level 1:colcon.colcon_core.shell:create_environment_hook('odrive_ros2_control', 'cmake_prefix_path')
[1.744s] INFO:colcon.colcon_core.shell:Creating environment hook '/home/student/scarab_ros2/src/scarabarm_ros2/install/odrive_ros2_control/share/odrive_ros2_control/hook/cmake_prefix_path.ps1'
[1.745s] INFO:colcon.colcon_core.shell:Creating environment descriptor '/home/student/scarab_ros2/src/scarabarm_ros2/install/odrive_ros2_control/share/odrive_ros2_control/hook/cmake_prefix_path.dsv'
[1.745s] INFO:colcon.colcon_core.shell:Creating environment hook '/home/student/scarab_ros2/src/scarabarm_ros2/install/odrive_ros2_control/share/odrive_ros2_control/hook/cmake_prefix_path.sh'
[1.746s] Level 1:colcon.colcon_core.environment:checking '/home/student/scarab_ros2/src/scarabarm_ros2/install/odrive_ros2_control/lib'
[1.746s] Level 1:colcon.colcon_core.shell:create_environment_hook('odrive_ros2_control', 'ld_library_path_lib')
[1.747s] INFO:colcon.colcon_core.shell:Creating environment hook '/home/student/scarab_ros2/src/scarabarm_ros2/install/odrive_ros2_control/share/odrive_ros2_control/hook/ld_library_path_lib.ps1'
[1.748s] INFO:colcon.colcon_core.shell:Creating environment descriptor '/home/student/scarab_ros2/src/scarabarm_ros2/install/odrive_ros2_control/share/odrive_ros2_control/hook/ld_library_path_lib.dsv'
[1.748s] INFO:colcon.colcon_core.shell:Creating environment hook '/home/student/scarab_ros2/src/scarabarm_ros2/install/odrive_ros2_control/share/odrive_ros2_control/hook/ld_library_path_lib.sh'
[1.749s] Level 1:colcon.colcon_core.environment:checking '/home/student/scarab_ros2/src/scarabarm_ros2/install/odrive_ros2_control/bin'
[1.749s] Level 1:colcon.colcon_core.environment:checking '/home/student/scarab_ros2/src/scarabarm_ros2/install/odrive_ros2_control/lib/pkgconfig/odrive_ros2_control.pc'
[1.749s] Level 1:colcon.colcon_core.environment:checking '/home/student/scarab_ros2/src/scarabarm_ros2/install/odrive_ros2_control/lib/python3.10/site-packages'
[1.749s] Level 1:colcon.colcon_core.environment:checking '/home/student/scarab_ros2/src/scarabarm_ros2/install/odrive_ros2_control/bin'
[1.750s] INFO:colcon.colcon_core.shell:Creating package script '/home/student/scarab_ros2/src/scarabarm_ros2/install/odrive_ros2_control/share/odrive_ros2_control/package.ps1'
[1.751s] INFO:colcon.colcon_core.shell:Creating package descriptor '/home/student/scarab_ros2/src/scarabarm_ros2/install/odrive_ros2_control/share/odrive_ros2_control/package.dsv'
[1.752s] INFO:colcon.colcon_core.shell:Creating package script '/home/student/scarab_ros2/src/scarabarm_ros2/install/odrive_ros2_control/share/odrive_ros2_control/package.sh'
[1.752s] INFO:colcon.colcon_core.shell:Creating package script '/home/student/scarab_ros2/src/scarabarm_ros2/install/odrive_ros2_control/share/odrive_ros2_control/package.bash'
[1.753s] INFO:colcon.colcon_core.shell:Creating package script '/home/student/scarab_ros2/src/scarabarm_ros2/install/odrive_ros2_control/share/odrive_ros2_control/package.zsh'
[1.754s] Level 1:colcon.colcon_core.environment:create_file_with_runtime_dependencies(/home/student/scarab_ros2/src/scarabarm_ros2/install/odrive_ros2_control/share/colcon-core/packages/odrive_ros2_control)
[1.755s] INFO:colcon.colcon_ros.task.ament_cmake.build:Building ROS package in '/home/student/scarab_ros2/src/scarabarm_ros2/ros_odrive/odrive_botwheel_explorer' with build type 'ament_cmake'
[1.755s] INFO:colcon.colcon_cmake.task.cmake.build:Building CMake package in '/home/student/scarab_ros2/src/scarabarm_ros2/ros_odrive/odrive_botwheel_explorer'
[1.755s] INFO:colcon.colcon_core.shell:Skip shell extension 'powershell' for command environment: Not usable outside of PowerShell
[1.755s] DEBUG:colcon.colcon_core.shell:Skip shell extension 'dsv' for command environment
[1.914s] DEBUG:colcon.colcon_core.event_handler.log_command:Invoking command in '/home/student/scarab_ros2/src/scarabarm_ros2/build/odrive_botwheel_explorer': CMAKE_PREFIX_PATH=/home/student/scarab_ros2/src/scarabarm_ros2/install/odrive_ros2_control:/home/student/scarab_ros2/src/scarabarm_ros2/install/scarabarm_sim:/home/student/scarab_ros2/src/scarabarm_ros2/install/scarabarm_moveit:/home/student/scarab_ros2/src/scarabarm_ros2/install/odrive_botwheel_explorer:/home/student/scarab_ros2/src/scarabarm_ros2/install/odrive_can:/home/student/scarab_ros2/src/scarabarm_ros2/install/full_scrab_arm:/home/student/scarab_ros2/src/scarabarm_ros2/install/scarabarm_odrive:/home/student/scarab_ros2/src/scarabarm_ros2/install/scarabarm_control:/home/student/scarab_ros2/src/scarabarm_ros2/install/gripper_sim_description:/home/student/scarab_ros2/src/scarabarm_ros2/install/Arm_description:/opt/ros/humble LD_LIBRARY_PATH=/home/student/scarab_ros2/src/scarabarm_ros2/install/odrive_ros2_control/lib:/home/student/scarab_ros2/src/scarabarm_ros2/install/scarabarm_moveit/lib:/home/student/scarab_ros2/src/scarabarm_ros2/install/odrive_can/lib:/usr/lib/x86_64-linux-gnu/gazebo-11/plugins:/opt/ros/humble/opt/rviz_ogre_vendor/lib:/opt/ros/humble/lib/x86_64-linux-gnu:/opt/ros/humble/lib /usr/bin/cmake --build /home/student/scarab_ros2/src/scarabarm_ros2/build/odrive_botwheel_explorer -- -j8 -l8
[1.959s] DEBUG:colcon.colcon_core.event_handler.log_command:Invoked command in '/home/student/scarab_ros2/src/scarabarm_ros2/build/odrive_botwheel_explorer' returned '0': CMAKE_PREFIX_PATH=/home/student/scarab_ros2/src/scarabarm_ros2/install/odrive_ros2_control:/home/student/scarab_ros2/src/scarabarm_ros2/install/scarabarm_sim:/home/student/scarab_ros2/src/scarabarm_ros2/install/scarabarm_moveit:/home/student/scarab_ros2/src/scarabarm_ros2/install/odrive_botwheel_explorer:/home/student/scarab_ros2/src/scarabarm_ros2/install/odrive_can:/home/student/scarab_ros2/src/scarabarm_ros2/install/full_scrab_arm:/home/student/scarab_ros2/src/scarabarm_ros2/install/scarabarm_odrive:/home/student/scarab_ros2/src/scarabarm_ros2/install/scarabarm_control:/home/student/scarab_ros2/src/scarabarm_ros2/install/gripper_sim_description:/home/student/scarab_ros2/src/scarabarm_ros2/install/Arm_description:/opt/ros/humble LD_LIBRARY_PATH=/home/student/scarab_ros2/src/scarabarm_ros2/install/odrive_ros2_control/lib:/home/student/scarab_ros2/src/scarabarm_ros2/install/scarabarm_moveit/lib:/home/student/scarab_ros2/src/scarabarm_ros2/install/odrive_can/lib:/usr/lib/x86_64-linux-gnu/gazebo-11/plugins:/opt/ros/humble/opt/rviz_ogre_vendor/lib:/opt/ros/humble/lib/x86_64-linux-gnu:/opt/ros/humble/lib /usr/bin/cmake --build /home/student/scarab_ros2/src/scarabarm_ros2/build/odrive_botwheel_explorer -- -j8 -l8
[1.962s] DEBUG:colcon.colcon_core.event_handler.log_command:Invoking command in '/home/student/scarab_ros2/src/scarabarm_ros2/build/odrive_botwheel_explorer': CMAKE_PREFIX_PATH=/home/student/scarab_ros2/src/scarabarm_ros2/install/odrive_ros2_control:/home/student/scarab_ros2/src/scarabarm_ros2/install/scarabarm_sim:/home/student/scarab_ros2/src/scarabarm_ros2/install/scarabarm_moveit:/home/student/scarab_ros2/src/scarabarm_ros2/install/odrive_botwheel_explorer:/home/student/scarab_ros2/src/scarabarm_ros2/install/odrive_can:/home/student/scarab_ros2/src/scarabarm_ros2/install/full_scrab_arm:/home/student/scarab_ros2/src/scarabarm_ros2/install/scarabarm_odrive:/home/student/scarab_ros2/src/scarabarm_ros2/install/scarabarm_control:/home/student/scarab_ros2/src/scarabarm_ros2/install/gripper_sim_description:/home/student/scarab_ros2/src/scarabarm_ros2/install/Arm_description:/opt/ros/humble LD_LIBRARY_PATH=/home/student/scarab_ros2/src/scarabarm_ros2/install/odrive_ros2_control/lib:/home/student/scarab_ros2/src/scarabarm_ros2/install/scarabarm_moveit/lib:/home/student/scarab_ros2/src/scarabarm_ros2/install/odrive_can/lib:/usr/lib/x86_64-linux-gnu/gazebo-11/plugins:/opt/ros/humble/opt/rviz_ogre_vendor/lib:/opt/ros/humble/lib/x86_64-linux-gnu:/opt/ros/humble/lib /usr/bin/cmake --install /home/student/scarab_ros2/src/scarabarm_ros2/build/odrive_botwheel_explorer
[2.027s] DEBUG:colcon.colcon_core.event_handler.log_command:Invoked command in '/home/student/scarab_ros2/src/scarabarm_ros2/build/odrive_can' returned '0': CMAKE_PREFIX_PATH=${CMAKE_PREFIX_PATH}:/home/student/scarab_ros2/src/scarabarm_ros2/install/scarabarm_odrive:/home/student/scarab_ros2/src/scarabarm_ros2/install/scarabarm_control:/home/student/scarab_ros2/src/scarabarm_ros2/install/gripper_sim_description:/home/student/scarab_ros2/src/scarabarm_ros2/install/Arm_description:/opt/ros/humble /usr/bin/cmake --build /home/student/scarab_ros2/src/scarabarm_ros2/build/odrive_can -- -j8 -l8
[2.036s] DEBUG:colcon.colcon_core.event_handler.log_command:Invoking command in '/home/student/scarab_ros2/src/scarabarm_ros2/build/odrive_can': CMAKE_PREFIX_PATH=${CMAKE_PREFIX_PATH}:/home/student/scarab_ros2/src/scarabarm_ros2/install/scarabarm_odrive:/home/student/scarab_ros2/src/scarabarm_ros2/install/scarabarm_control:/home/student/scarab_ros2/src/scarabarm_ros2/install/gripper_sim_description:/home/student/scarab_ros2/src/scarabarm_ros2/install/Arm_description:/opt/ros/humble /usr/bin/cmake --install /home/student/scarab_ros2/src/scarabarm_ros2/build/odrive_can
[2.038s] Level 1:colcon.colcon_core.environment:create_environment_scripts_only(odrive_botwheel_explorer)
[2.039s] Level 1:colcon.colcon_core.environment:checking '/home/student/scarab_ros2/src/scarabarm_ros2/install/odrive_botwheel_explorer' for CMake module files
[2.040s] DEBUG:colcon.colcon_core.event_handler.log_command:Invoked command in '/home/student/scarab_ros2/src/scarabarm_ros2/build/odrive_botwheel_explorer' returned '0': CMAKE_PREFIX_PATH=/home/student/scarab_ros2/src/scarabarm_ros2/install/odrive_ros2_control:/home/student/scarab_ros2/src/scarabarm_ros2/install/scarabarm_sim:/home/student/scarab_ros2/src/scarabarm_ros2/install/scarabarm_moveit:/home/student/scarab_ros2/src/scarabarm_ros2/install/odrive_botwheel_explorer:/home/student/scarab_ros2/src/scarabarm_ros2/install/odrive_can:/home/student/scarab_ros2/src/scarabarm_ros2/install/full_scrab_arm:/home/student/scarab_ros2/src/scarabarm_ros2/install/scarabarm_odrive:/home/student/scarab_ros2/src/scarabarm_ros2/install/scarabarm_control:/home/student/scarab_ros2/src/scarabarm_ros2/install/gripper_sim_description:/home/student/scarab_ros2/src/scarabarm_ros2/install/Arm_description:/opt/ros/humble LD_LIBRARY_PATH=/home/student/scarab_ros2/src/scarabarm_ros2/install/odrive_ros2_control/lib:/home/student/scarab_ros2/src/scarabarm_ros2/install/scarabarm_moveit/lib:/home/student/scarab_ros2/src/scarabarm_ros2/install/odrive_can/lib:/usr/lib/x86_64-linux-gnu/gazebo-11/plugins:/opt/ros/humble/opt/rviz_ogre_vendor/lib:/opt/ros/humble/lib/x86_64-linux-gnu:/opt/ros/humble/lib /usr/bin/cmake --install /home/student/scarab_ros2/src/scarabarm_ros2/build/odrive_botwheel_explorer
[2.040s] Level 1:colcon.colcon_core.environment:checking '/home/student/scarab_ros2/src/scarabarm_ros2/install/odrive_botwheel_explorer' for CMake config files
[2.040s] Level 1:colcon.colcon_core.shell:create_environment_hook('odrive_botwheel_explorer', 'cmake_prefix_path')
[2.041s] INFO:colcon.colcon_core.shell:Creating environment hook '/home/student/scarab_ros2/src/scarabarm_ros2/install/odrive_botwheel_explorer/share/odrive_botwheel_explorer/hook/cmake_prefix_path.ps1'
[2.041s] INFO:colcon.colcon_core.shell:Creating environment descriptor '/home/student/scarab_ros2/src/scarabarm_ros2/install/odrive_botwheel_explorer/share/odrive_botwheel_explorer/hook/cmake_prefix_path.dsv'
[2.042s] INFO:colcon.colcon_core.shell:Creating environment hook '/home/student/scarab_ros2/src/scarabarm_ros2/install/odrive_botwheel_explorer/share/odrive_botwheel_explorer/hook/cmake_prefix_path.sh'
[2.042s] Level 1:colcon.colcon_core.environment:checking '/home/student/scarab_ros2/src/scarabarm_ros2/install/odrive_botwheel_explorer/bin'
[2.042s] Level 1:colcon.colcon_core.environment:checking '/home/student/scarab_ros2/src/scarabarm_ros2/install/odrive_botwheel_explorer/lib/pkgconfig/odrive_botwheel_explorer.pc'
[2.043s] Level 1:colcon.colcon_core.environment:checking '/home/student/scarab_ros2/src/scarabarm_ros2/install/odrive_botwheel_explorer/lib/python3.10/site-packages'
[2.043s] Level 1:colcon.colcon_core.environment:checking '/home/student/scarab_ros2/src/scarabarm_ros2/install/odrive_botwheel_explorer/bin'
[2.043s] INFO:colcon.colcon_core.shell:Creating package script '/home/student/scarab_ros2/src/scarabarm_ros2/install/odrive_botwheel_explorer/share/odrive_botwheel_explorer/package.ps1'
[2.043s] INFO:colcon.colcon_core.shell:Creating package descriptor '/home/student/scarab_ros2/src/scarabarm_ros2/install/odrive_botwheel_explorer/share/odrive_botwheel_explorer/package.dsv'
[2.044s] INFO:colcon.colcon_core.shell:Creating package script '/home/student/scarab_ros2/src/scarabarm_ros2/install/odrive_botwheel_explorer/share/odrive_botwheel_explorer/package.sh'
[2.044s] INFO:colcon.colcon_core.shell:Creating package script '/home/student/scarab_ros2/src/scarabarm_ros2/install/odrive_botwheel_explorer/share/odrive_botwheel_explorer/package.bash'
[2.048s] INFO:colcon.colcon_core.shell:Creating package script '/home/student/scarab_ros2/src/scarabarm_ros2/install/odrive_botwheel_explorer/share/odrive_botwheel_explorer/package.zsh'
[2.050s] Level 1:colcon.colcon_core.environment:create_file_with_runtime_dependencies(/home/student/scarab_ros2/src/scarabarm_ros2/install/odrive_botwheel_explorer/share/colcon-core/packages/odrive_botwheel_explorer)
[2.051s] Level 1:colcon.colcon_core.environment:create_environment_scripts_only(odrive_botwheel_explorer)
[2.051s] Level 1:colcon.colcon_core.environment:checking '/home/student/scarab_ros2/src/scarabarm_ros2/install/odrive_botwheel_explorer' for CMake module files
[2.051s] Level 1:colcon.colcon_core.environment:checking '/home/student/scarab_ros2/src/scarabarm_ros2/install/odrive_botwheel_explorer' for CMake config files
[2.052s] Level 1:colcon.colcon_core.shell:create_environment_hook('odrive_botwheel_explorer', 'cmake_prefix_path')
[2.052s] INFO:colcon.colcon_core.shell:Creating environment hook '/home/student/scarab_ros2/src/scarabarm_ros2/install/odrive_botwheel_explorer/share/odrive_botwheel_explorer/hook/cmake_prefix_path.ps1'
[2.053s] INFO:colcon.colcon_core.shell:Creating environment descriptor '/home/student/scarab_ros2/src/scarabarm_ros2/install/odrive_botwheel_explorer/share/odrive_botwheel_explorer/hook/cmake_prefix_path.dsv'
[2.053s] INFO:colcon.colcon_core.shell:Creating environment hook '/home/student/scarab_ros2/src/scarabarm_ros2/install/odrive_botwheel_explorer/share/odrive_botwheel_explorer/hook/cmake_prefix_path.sh'
[2.054s] Level 1:colcon.colcon_core.environment:checking '/home/student/scarab_ros2/src/scarabarm_ros2/install/odrive_botwheel_explorer/bin'
[2.055s] Level 1:colcon.colcon_core.environment:checking '/home/student/scarab_ros2/src/scarabarm_ros2/install/odrive_botwheel_explorer/lib/pkgconfig/odrive_botwheel_explorer.pc'
[2.055s] Level 1:colcon.colcon_core.environment:checking '/home/student/scarab_ros2/src/scarabarm_ros2/install/odrive_botwheel_explorer/lib/python3.10/site-packages'
[2.055s] Level 1:colcon.colcon_core.environment:checking '/home/student/scarab_ros2/src/scarabarm_ros2/install/odrive_botwheel_explorer/bin'
[2.055s] INFO:colcon.colcon_core.shell:Creating package script '/home/student/scarab_ros2/src/scarabarm_ros2/install/odrive_botwheel_explorer/share/odrive_botwheel_explorer/package.ps1'
[2.056s] INFO:colcon.colcon_core.shell:Creating package descriptor '/home/student/scarab_ros2/src/scarabarm_ros2/install/odrive_botwheel_explorer/share/odrive_botwheel_explorer/package.dsv'
[2.057s] INFO:colcon.colcon_core.shell:Creating package script '/home/student/scarab_ros2/src/scarabarm_ros2/install/odrive_botwheel_explorer/share/odrive_botwheel_explorer/package.sh'
[2.057s] INFO:colcon.colcon_core.shell:Creating package script '/home/student/scarab_ros2/src/scarabarm_ros2/install/odrive_botwheel_explorer/share/odrive_botwheel_explorer/package.bash'
[2.058s] INFO:colcon.colcon_core.shell:Creating package script '/home/student/scarab_ros2/src/scarabarm_ros2/install/odrive_botwheel_explorer/share/odrive_botwheel_explorer/package.zsh'
[2.058s] Level 1:colcon.colcon_core.environment:create_file_with_runtime_dependencies(/home/student/scarab_ros2/src/scarabarm_ros2/install/odrive_botwheel_explorer/share/colcon-core/packages/odrive_botwheel_explorer)
[2.156s] DEBUG:colcon.colcon_core.event_handler.log_command:Invoked command in '/home/student/scarab_ros2/src/scarabarm_ros2/build/scarabarm_sim' returned '0': CMAKE_PREFIX_PATH=${CMAKE_PREFIX_PATH}:/home/student/scarab_ros2/src/scarabarm_ros2/install/scarabarm_odrive:/home/student/scarab_ros2/src/scarabarm_ros2/install/scarabarm_control:/home/student/scarab_ros2/src/scarabarm_ros2/install/gripper_sim_description:/home/student/scarab_ros2/src/scarabarm_ros2/install/Arm_description:/opt/ros/humble /usr/bin/cmake --build /home/student/scarab_ros2/src/scarabarm_ros2/build/scarabarm_sim -- -j8 -l8
[2.162s] DEBUG:colcon.colcon_core.event_handler.log_command:Invoking command in '/home/student/scarab_ros2/src/scarabarm_ros2/build/scarabarm_sim': CMAKE_PREFIX_PATH=${CMAKE_PREFIX_PATH}:/home/student/scarab_ros2/src/scarabarm_ros2/install/scarabarm_odrive:/home/student/scarab_ros2/src/scarabarm_ros2/install/scarabarm_control:/home/student/scarab_ros2/src/scarabarm_ros2/install/gripper_sim_description:/home/student/scarab_ros2/src/scarabarm_ros2/install/Arm_description:/opt/ros/humble /usr/bin/cmake --install /home/student/scarab_ros2/src/scarabarm_ros2/build/scarabarm_sim
[2.236s] Level 1:colcon.colcon_core.environment:create_environment_scripts_only(scarabarm_sim)
[2.236s] Level 1:colcon.colcon_core.environment:checking '/home/student/scarab_ros2/src/scarabarm_ros2/install/scarabarm_sim' for CMake module files
[2.237s] DEBUG:colcon.colcon_core.event_handler.log_command:Invoked command in '/home/student/scarab_ros2/src/scarabarm_ros2/build/scarabarm_sim' returned '1': CMAKE_PREFIX_PATH=${CMAKE_PREFIX_PATH}:/home/student/scarab_ros2/src/scarabarm_ros2/install/scarabarm_odrive:/home/student/scarab_ros2/src/scarabarm_ros2/install/scarabarm_control:/home/student/scarab_ros2/src/scarabarm_ros2/install/gripper_sim_description:/home/student/scarab_ros2/src/scarabarm_ros2/install/Arm_description:/opt/ros/humble /usr/bin/cmake --install /home/student/scarab_ros2/src/scarabarm_ros2/build/scarabarm_sim
[2.238s] Level 1:colcon.colcon_core.environment:checking '/home/student/scarab_ros2/src/scarabarm_ros2/install/scarabarm_sim' for CMake config files
[2.243s] Level 1:colcon.colcon_core.shell:create_environment_hook('scarabarm_sim', 'cmake_prefix_path')
[2.244s] INFO:colcon.colcon_core.shell:Creating environment hook '/home/student/scarab_ros2/src/scarabarm_ros2/install/scarabarm_sim/share/scarabarm_sim/hook/cmake_prefix_path.ps1'
[2.245s] INFO:colcon.colcon_core.shell:Creating environment descriptor '/home/student/scarab_ros2/src/scarabarm_ros2/install/scarabarm_sim/share/scarabarm_sim/hook/cmake_prefix_path.dsv'
[2.246s] INFO:colcon.colcon_core.shell:Creating environment hook '/home/student/scarab_ros2/src/scarabarm_ros2/install/scarabarm_sim/share/scarabarm_sim/hook/cmake_prefix_path.sh'
[2.248s] Level 1:colcon.colcon_core.environment:checking '/home/student/scarab_ros2/src/scarabarm_ros2/install/scarabarm_sim/bin'
[2.248s] Level 1:colcon.colcon_core.environment:checking '/home/student/scarab_ros2/src/scarabarm_ros2/install/scarabarm_sim/lib/pkgconfig/scarabarm_sim.pc'
[2.248s] Level 1:colcon.colcon_core.environment:checking '/home/student/scarab_ros2/src/scarabarm_ros2/install/scarabarm_sim/lib/python3.10/site-packages'
[2.248s] Level 1:colcon.colcon_core.environment:checking '/home/student/scarab_ros2/src/scarabarm_ros2/install/scarabarm_sim/bin'
[2.249s] INFO:colcon.colcon_core.shell:Creating package script '/home/student/scarab_ros2/src/scarabarm_ros2/install/scarabarm_sim/share/scarabarm_sim/package.ps1'
[2.249s] INFO:colcon.colcon_core.shell:Creating package descriptor '/home/student/scarab_ros2/src/scarabarm_ros2/install/scarabarm_sim/share/scarabarm_sim/package.dsv'
[2.250s] INFO:colcon.colcon_core.shell:Creating package script '/home/student/scarab_ros2/src/scarabarm_ros2/install/scarabarm_sim/share/scarabarm_sim/package.sh'
[2.251s] INFO:colcon.colcon_core.shell:Creating package script '/home/student/scarab_ros2/src/scarabarm_ros2/install/scarabarm_sim/share/scarabarm_sim/package.bash'
[2.251s] INFO:colcon.colcon_core.shell:Creating package script '/home/student/scarab_ros2/src/scarabarm_ros2/install/scarabarm_sim/share/scarabarm_sim/package.zsh'
[2.252s] Level 1:colcon.colcon_core.environment:create_file_with_runtime_dependencies(/home/student/scarab_ros2/src/scarabarm_ros2/install/scarabarm_sim/share/colcon-core/packages/scarabarm_sim)
[2.473s] DEBUG:colcon.colcon_parallel_executor.executor.parallel:closing loop
[2.473s] DEBUG:colcon.colcon_parallel_executor.executor.parallel:loop closed
[2.473s] DEBUG:colcon.colcon_parallel_executor.executor.parallel:run_until_complete finished with '1'
[2.473s] DEBUG:colcon.colcon_core.event_reactor:joining thread
[2.534s] INFO:colcon.colcon_core.plugin_system:Skipping extension 'colcon_notification.desktop_notification.notify_send': Could not find 'notify-send'
[2.534s] INFO:colcon.colcon_core.plugin_system:Skipping extension 'colcon_notification.desktop_notification.terminal_notifier': Not used on non-Darwin systems
[2.534s] INFO:colcon.colcon_core.plugin_system:Skipping extension 'colcon_notification.desktop_notification.win32': Not used on non-Windows systems
[2.534s] INFO:colcon.colcon_notification.desktop_notification:Sending desktop notification using 'notify2'
[2.569s] DEBUG:colcon.colcon_notification.desktop_notification.notify2:Failed to initialize notify2: org.freedesktop.DBus.Error.Spawn.ExecFailed: /usr/bin/dbus-launch terminated abnormally without any error message
[2.569s] DEBUG:colcon.colcon_core.event_reactor:joined thread
[2.569s] INFO:colcon.colcon_core.shell:Creating prefix script '/home/student/scarab_ros2/src/scarabarm_ros2/install/local_setup.ps1'
[2.571s] INFO:colcon.colcon_core.shell:Creating prefix util module '/home/student/scarab_ros2/src/scarabarm_ros2/install/_local_setup_util_ps1.py'
[2.572s] INFO:colcon.colcon_core.shell:Creating prefix chain script '/home/student/scarab_ros2/src/scarabarm_ros2/install/setup.ps1'
[2.573s] INFO:colcon.colcon_core.shell:Creating prefix script '/home/student/scarab_ros2/src/scarabarm_ros2/install/local_setup.sh'
[2.574s] INFO:colcon.colcon_core.shell:Creating prefix util module '/home/student/scarab_ros2/src/scarabarm_ros2/install/_local_setup_util_sh.py'
[2.575s] INFO:colcon.colcon_core.shell:Creating prefix chain script '/home/student/scarab_ros2/src/scarabarm_ros2/install/setup.sh'
[2.576s] INFO:colcon.colcon_core.shell:Creating prefix script '/home/student/scarab_ros2/src/scarabarm_ros2/install/local_setup.bash'
[2.577s] INFO:colcon.colcon_core.shell:Creating prefix chain script '/home/student/scarab_ros2/src/scarabarm_ros2/install/setup.bash'
[2.578s] INFO:colcon.colcon_core.shell:Creating prefix script '/home/student/scarab_ros2/src/scarabarm_ros2/install/local_setup.zsh'
[2.579s] INFO:colcon.colcon_core.shell:Creating prefix chain script '/home/student/scarab_ros2/src/scarabarm_ros2/install/setup.zsh'
