-- The C compiler identification is GNU 11.4.0
-- The CXX compiler identification is GNU 11.4.0
-- Detecting C compiler ABI info
-- Detecting C compiler ABI info - done
-- Check for working C compiler: /usr/bin/cc - skipped
-- Detecting C compile features
-- Detecting C compile features - done
-- Detecting CXX compiler ABI info
-- Detecting CXX compiler ABI info - done
-- Check for working CXX compiler: /usr/bin/c++ - skipped
-- Detecting CXX compile features
-- Detecting CXX compile features - done
-- Found ament_cmake: 1.3.11 (/opt/ros/humble/share/ament_cmake/cmake)
-- Found Python3: /usr/bin/python3 (found version "3.10.12") found components: Interpreter 
-- Override CMake install command with custom implementation using symlinks instead of copying resources
-- Found hardware_interface: 2.51.0 (/opt/ros/humble/share/hardware_interface/cmake)
-- Found rosidl_generator_c: 3.1.6 (/opt/ros/humble/share/rosidl_generator_c/cmake)
-- Found rosidl_adapter: 3.1.6 (/opt/ros/humble/share/rosidl_adapter/cmake)
-- Found rosidl_generator_cpp: 3.1.6 (/opt/ros/humble/share/rosidl_generator_cpp/cmake)
-- Using all available rosidl_typesupport_c: rosidl_typesupport_fastrtps_c;rosidl_typesupport_introspection_c
-- Using all available rosidl_typesupport_cpp: rosidl_typesupport_fastrtps_cpp;rosidl_typesupport_introspection_cpp
-- Found rmw_implementation_cmake: 6.1.2 (/opt/ros/humble/share/rmw_implementation_cmake/cmake)
-- Found rmw_fastrtps_cpp: 6.2.7 (/opt/ros/humble/share/rmw_fastrtps_cpp/cmake)
-- Found TinyXML2 via Config file: TinyXML2_DIR-NOTFOUND
-- Found OpenSSL: /usr/lib/x86_64-linux-gnu/libcrypto.so (found version "3.0.2")  
-- Found TinyXML2 via Config file: TinyXML2_DIR-NOTFOUND
-- Found FastRTPS: /opt/ros/humble/include  
-- Found TinyXML2 via Config file: TinyXML2_DIR-NOTFOUND
-- Found TinyXML2 via Config file: TinyXML2_DIR-NOTFOUND
-- Using RMW implementation 'rmw_fastrtps_cpp' as default
-- Looking for pthread.h
-- Looking for pthread.h - found
-- Performing Test CMAKE_HAVE_LIBC_PTHREAD
-- Performing Test CMAKE_HAVE_LIBC_PTHREAD - Success
-- Found Threads: TRUE  
-- Configuring done
-- Generating done
-- Build files have been written to: /home/student/scarab_ros2/src/scarabarm_ros2/build/scarabarm_moveit
[ 50%] [32mBuilding CXX object CMakeFiles/odrive_system.dir/src/odrive_system.cpp.o[0m
[100%] [32m[1mLinking CXX shared library libodrive_system.so[0m
[100%] Built target odrive_system
-- Install configuration: ""
-- Execute custom install script
-- Symlinking: /home/student/scarab_ros2/src/scarabarm_ros2/install/scarabarm_moveit/share/scarabarm_moveit//plugin.xml
-- Up-to-date symlink: /home/student/scarab_ros2/src/scarabarm_ros2/install/scarabarm_moveit/share/scarabarm_moveit/plugin.xml
-- Symlinking: /home/student/scarab_ros2/src/scarabarm_ros2/install/scarabarm_moveit/share/scarabarm_moveit/launch/bringup_real.launch.py
-- Symlinking: /home/student/scarab_ros2/src/scarabarm_ros2/install/scarabarm_moveit/share/scarabarm_moveit/launch/demo.launch.py
-- Symlinking: /home/student/scarab_ros2/src/scarabarm_ros2/install/scarabarm_moveit/share/scarabarm_moveit/launch/move_group.launch.py
-- Symlinking: /home/student/scarab_ros2/src/scarabarm_ros2/install/scarabarm_moveit/share/scarabarm_moveit/launch/moveit.launch.py
-- Symlinking: /home/student/scarab_ros2/src/scarabarm_ros2/install/scarabarm_moveit/share/scarabarm_moveit/launch/moveit_only.launch.py
-- Symlinking: /home/student/scarab_ros2/src/scarabarm_ros2/install/scarabarm_moveit/share/scarabarm_moveit/launch/moveit_rviz.launch.py
-- Symlinking: /home/student/scarab_ros2/src/scarabarm_ros2/install/scarabarm_moveit/share/scarabarm_moveit/launch/real_robot_moveit.launch.py
-- Symlinking: /home/student/scarab_ros2/src/scarabarm_ros2/install/scarabarm_moveit/share/scarabarm_moveit/launch/rsp.launch.py
-- Symlinking: /home/student/scarab_ros2/src/scarabarm_ros2/install/scarabarm_moveit/share/scarabarm_moveit/launch/setup_assistant.launch.py
-- Symlinking: /home/student/scarab_ros2/src/scarabarm_ros2/install/scarabarm_moveit/share/scarabarm_moveit/launch/spawn_controllers.launch.py
-- Symlinking: /home/student/scarab_ros2/src/scarabarm_ros2/install/scarabarm_moveit/share/scarabarm_moveit/launch/static_virtual_joint_tfs.launch.py
-- Symlinking: /home/student/scarab_ros2/src/scarabarm_ros2/install/scarabarm_moveit/share/scarabarm_moveit/launch/warehouse_db.launch.py
-- Symlinking: /home/student/scarab_ros2/src/scarabarm_ros2/install/scarabarm_moveit/share/scarabarm_moveit/config/full_scrab_arm.ros2_control.xacro
-- Symlinking: /home/student/scarab_ros2/src/scarabarm_ros2/install/scarabarm_moveit/share/scarabarm_moveit/config/full_scrab_arm.srdf
-- Symlinking: /home/student/scarab_ros2/src/scarabarm_ros2/install/scarabarm_moveit/share/scarabarm_moveit/config/full_scrab_arm.urdf.xacro
-- Symlinking: /home/student/scarab_ros2/src/scarabarm_ros2/install/scarabarm_moveit/share/scarabarm_moveit/config/initial_positions.yaml
-- Symlinking: /home/student/scarab_ros2/src/scarabarm_ros2/install/scarabarm_moveit/share/scarabarm_moveit/config/joint_limits.yaml
-- Symlinking: /home/student/scarab_ros2/src/scarabarm_ros2/install/scarabarm_moveit/share/scarabarm_moveit/config/kinematics.yaml
-- Symlinking: /home/student/scarab_ros2/src/scarabarm_ros2/install/scarabarm_moveit/share/scarabarm_moveit/config/kinematics_ros2.yaml
-- Symlinking: /home/student/scarab_ros2/src/scarabarm_ros2/install/scarabarm_moveit/share/scarabarm_moveit/config/moveit.rviz
-- Symlinking: /home/student/scarab_ros2/src/scarabarm_ros2/install/scarabarm_moveit/share/scarabarm_moveit/config/moveit_controllers.yaml
-- Symlinking: /home/student/scarab_ros2/src/scarabarm_ros2/install/scarabarm_moveit/share/scarabarm_moveit/config/odrive_system.yaml
-- Symlinking: /home/student/scarab_ros2/src/scarabarm_ros2/install/scarabarm_moveit/share/scarabarm_moveit/config/ompl_planning.yaml
-- Symlinking: /home/student/scarab_ros2/src/scarabarm_ros2/install/scarabarm_moveit/share/scarabarm_moveit/config/ompl_planning_ros2.yaml
-- Symlinking: /home/student/scarab_ros2/src/scarabarm_ros2/install/scarabarm_moveit/share/scarabarm_moveit/config/pilz_cartesian_limits.yaml
-- Symlinking: /home/student/scarab_ros2/src/scarabarm_ros2/install/scarabarm_moveit/share/scarabarm_moveit/config/ros2_controllers.yaml
-- Symlinking: /home/student/scarab_ros2/src/scarabarm_ros2/install/scarabarm_moveit/share/scarabarm_moveit/config/sensors_3d.yaml
-- Symlinking: /home/student/scarab_ros2/src/scarabarm_ros2/install/scarabarm_moveit/share/scarabarm_moveit/.setup_assistant
-- Symlinking: /home/student/scarab_ros2/src/scarabarm_ros2/install/scarabarm_moveit/share/ament_index/resource_index/package_run_dependencies/scarabarm_moveit
-- Symlinking: /home/student/scarab_ros2/src/scarabarm_ros2/install/scarabarm_moveit/share/ament_index/resource_index/parent_prefix_path/scarabarm_moveit
-- Symlinking: /home/student/scarab_ros2/src/scarabarm_ros2/install/scarabarm_moveit/share/scarabarm_moveit/environment/ament_prefix_path.sh
-- Symlinking: /home/student/scarab_ros2/src/scarabarm_ros2/install/scarabarm_moveit/share/scarabarm_moveit/environment/ament_prefix_path.dsv
-- Symlinking: /home/student/scarab_ros2/src/scarabarm_ros2/install/scarabarm_moveit/share/scarabarm_moveit/environment/path.sh
-- Symlinking: /home/student/scarab_ros2/src/scarabarm_ros2/install/scarabarm_moveit/share/scarabarm_moveit/environment/path.dsv
-- Symlinking: /home/student/scarab_ros2/src/scarabarm_ros2/install/scarabarm_moveit/share/scarabarm_moveit/local_setup.bash
-- Symlinking: /home/student/scarab_ros2/src/scarabarm_ros2/install/scarabarm_moveit/share/scarabarm_moveit/local_setup.sh
-- Symlinking: /home/student/scarab_ros2/src/scarabarm_ros2/install/scarabarm_moveit/share/scarabarm_moveit/local_setup.zsh
-- Symlinking: /home/student/scarab_ros2/src/scarabarm_ros2/install/scarabarm_moveit/share/scarabarm_moveit/local_setup.dsv
-- Symlinking: /home/student/scarab_ros2/src/scarabarm_ros2/install/scarabarm_moveit/share/scarabarm_moveit/package.dsv
-- Symlinking: /home/student/scarab_ros2/src/scarabarm_ros2/install/scarabarm_moveit/share/ament_index/resource_index/packages/scarabarm_moveit
-- Symlinking: /home/student/scarab_ros2/src/scarabarm_ros2/install/scarabarm_moveit/share/ament_index/resource_index/hardware_interface__pluginlib__plugin/scarabarm_moveit
-- Symlinking: /home/student/scarab_ros2/src/scarabarm_ros2/install/scarabarm_moveit/share/scarabarm_moveit/cmake/scarabarm_moveitConfig.cmake
-- Symlinking: /home/student/scarab_ros2/src/scarabarm_ros2/install/scarabarm_moveit/share/scarabarm_moveit/cmake/scarabarm_moveitConfig-version.cmake
-- Symlinking: /home/student/scarab_ros2/src/scarabarm_ros2/install/scarabarm_moveit/share/scarabarm_moveit/package.xml
-- Installing: /home/student/scarab_ros2/src/scarabarm_ros2/install/scarabarm_moveit/lib/libodrive_system.so
-- Set runtime path of "/home/student/scarab_ros2/src/scarabarm_ros2/install/scarabarm_moveit/lib/libodrive_system.so" to ""
