[0.362s] Invoking command in '/home/student/scarab_ros2/src/scarabarm_ros2/build/scarabarm_moveit': AMENT_PREFIX_PATH=/home/student/scarab_ros2/src/scarabarm_ros2/install/full_scrab_arm:/home/student/scarab_ros2/src/scarabarm_ros2/install/gripper_sim_description:/home/student/scarab_ros2/src/scarabarm_ros2/install/Arm_description:${AMENT_PREFIX_PATH} CMAKE_PREFIX_PATH=/home/student/scarab_ros2/src/scarabarm_ros2/install/full_scrab_arm:/opt/ros/humble PYTHONPATH=/home/student/scarab_ros2/src/scarabarm_ros2/build/gripper_sim_description:/home/student/scarab_ros2/src/scarabarm_ros2/install/gripper_sim_description/lib/python3.10/site-packages:/home/student/scarab_ros2/src/scarabarm_ros2/build/Arm_description:/home/student/scarab_ros2/src/scarabarm_ros2/install/Arm_description/lib/python3.10/site-packages:${PYTHONPATH} /usr/bin/cmake /home/student/scarab_ros2/src/scarabarm_ros2/scarabarm_moveit -DAMENT_CMAKE_SYMLINK_INSTALL=1 -DCMAKE_INSTALL_PREFIX=/home/student/scarab_ros2/src/scarabarm_ros2/install/scarabarm_moveit
[0.537s] -- The C compiler identification is GNU 11.4.0
[1.174s] -- The CXX compiler identification is GNU 11.4.0
[1.521s] -- Detecting C compiler ABI info
[1.800s] -- Detecting C compiler ABI info - done
[1.813s] -- Check for working C compiler: /usr/bin/cc - skipped
[1.814s] -- Detecting C compile features
[1.818s] -- Detecting C compile features - done
[1.829s] -- Detecting CXX compiler ABI info
[2.125s] -- Detecting CXX compiler ABI info - done
[2.152s] -- Check for working CXX compiler: /usr/bin/c++ - skipped
[2.152s] -- Detecting CXX compile features
[2.152s] -- Detecting CXX compile features - done
[2.182s] -- Found ament_cmake: 1.3.11 (/opt/ros/humble/share/ament_cmake/cmake)
[2.396s] -- Found Python3: /usr/bin/python3 (found version "3.10.12") found components: Interpreter 
[2.510s] -- Override CMake install command with custom implementation using symlinks instead of copying resources
[2.645s] -- Found hardware_interface: 2.51.0 (/opt/ros/humble/share/hardware_interface/cmake)
[3.067s] -- Found rosidl_generator_c: 3.1.6 (/opt/ros/humble/share/rosidl_generator_c/cmake)
[3.078s] -- Found rosidl_adapter: 3.1.6 (/opt/ros/humble/share/rosidl_adapter/cmake)
[3.104s] -- Found rosidl_generator_cpp: 3.1.6 (/opt/ros/humble/share/rosidl_generator_cpp/cmake)
[3.136s] -- Using all available rosidl_typesupport_c: rosidl_typesupport_fastrtps_c;rosidl_typesupport_introspection_c
[3.172s] -- Using all available rosidl_typesupport_cpp: rosidl_typesupport_fastrtps_cpp;rosidl_typesupport_introspection_cpp
[5.892s] -- Found rmw_implementation_cmake: 6.1.2 (/opt/ros/humble/share/rmw_implementation_cmake/cmake)
[5.904s] -- Found rmw_fastrtps_cpp: 6.2.7 (/opt/ros/humble/share/rmw_fastrtps_cpp/cmake)
[6.005s] -- Found TinyXML2 via Config file: TinyXML2_DIR-NOTFOUND
[6.074s] -- Found OpenSSL: /usr/lib/x86_64-linux-gnu/libcrypto.so (found version "3.0.2")  
[6.078s] -- Found TinyXML2 via Config file: TinyXML2_DIR-NOTFOUND
[6.276s] -- Found FastRTPS: /opt/ros/humble/include  
[6.279s] -- Found TinyXML2 via Config file: TinyXML2_DIR-NOTFOUND
[6.286s] -- Found TinyXML2 via Config file: TinyXML2_DIR-NOTFOUND
[6.396s] -- Using RMW implementation 'rmw_fastrtps_cpp' as default
[6.414s] -- Looking for pthread.h
[6.596s] -- Looking for pthread.h - found
[6.596s] -- Performing Test CMAKE_HAVE_LIBC_PTHREAD
[6.763s] -- Performing Test CMAKE_HAVE_LIBC_PTHREAD - Success
[6.765s] -- Found Threads: TRUE  
[6.928s] -- Configuring done
[6.951s] -- Generating done
[6.958s] -- Build files have been written to: /home/student/scarab_ros2/src/scarabarm_ros2/build/scarabarm_moveit
[6.968s] Invoked command in '/home/student/scarab_ros2/src/scarabarm_ros2/build/scarabarm_moveit' returned '0': AMENT_PREFIX_PATH=/home/student/scarab_ros2/src/scarabarm_ros2/install/full_scrab_arm:/home/student/scarab_ros2/src/scarabarm_ros2/install/gripper_sim_description:/home/student/scarab_ros2/src/scarabarm_ros2/install/Arm_description:${AMENT_PREFIX_PATH} CMAKE_PREFIX_PATH=/home/student/scarab_ros2/src/scarabarm_ros2/install/full_scrab_arm:/opt/ros/humble PYTHONPATH=/home/student/scarab_ros2/src/scarabarm_ros2/build/gripper_sim_description:/home/student/scarab_ros2/src/scarabarm_ros2/install/gripper_sim_description/lib/python3.10/site-packages:/home/student/scarab_ros2/src/scarabarm_ros2/build/Arm_description:/home/student/scarab_ros2/src/scarabarm_ros2/install/Arm_description/lib/python3.10/site-packages:${PYTHONPATH} /usr/bin/cmake /home/student/scarab_ros2/src/scarabarm_ros2/scarabarm_moveit -DAMENT_CMAKE_SYMLINK_INSTALL=1 -DCMAKE_INSTALL_PREFIX=/home/student/scarab_ros2/src/scarabarm_ros2/install/scarabarm_moveit
[6.970s] Invoking command in '/home/student/scarab_ros2/src/scarabarm_ros2/build/scarabarm_moveit': AMENT_PREFIX_PATH=/home/student/scarab_ros2/src/scarabarm_ros2/install/full_scrab_arm:/home/student/scarab_ros2/src/scarabarm_ros2/install/gripper_sim_description:/home/student/scarab_ros2/src/scarabarm_ros2/install/Arm_description:${AMENT_PREFIX_PATH} CMAKE_PREFIX_PATH=/home/student/scarab_ros2/src/scarabarm_ros2/install/full_scrab_arm:/opt/ros/humble PYTHONPATH=/home/student/scarab_ros2/src/scarabarm_ros2/build/gripper_sim_description:/home/student/scarab_ros2/src/scarabarm_ros2/install/gripper_sim_description/lib/python3.10/site-packages:/home/student/scarab_ros2/src/scarabarm_ros2/build/Arm_description:/home/student/scarab_ros2/src/scarabarm_ros2/install/Arm_description/lib/python3.10/site-packages:${PYTHONPATH} /usr/bin/cmake --build /home/student/scarab_ros2/src/scarabarm_ros2/build/scarabarm_moveit -- -j8 -l8
[7.016s] [ 50%] [32mBuilding CXX object CMakeFiles/odrive_system.dir/src/odrive_system.cpp.o[0m
[10.221s] [100%] [32m[1mLinking CXX shared library libodrive_system.so[0m
[10.476s] [100%] Built target odrive_system
[10.487s] Invoked command in '/home/student/scarab_ros2/src/scarabarm_ros2/build/scarabarm_moveit' returned '0': AMENT_PREFIX_PATH=/home/student/scarab_ros2/src/scarabarm_ros2/install/full_scrab_arm:/home/student/scarab_ros2/src/scarabarm_ros2/install/gripper_sim_description:/home/student/scarab_ros2/src/scarabarm_ros2/install/Arm_description:${AMENT_PREFIX_PATH} CMAKE_PREFIX_PATH=/home/student/scarab_ros2/src/scarabarm_ros2/install/full_scrab_arm:/opt/ros/humble PYTHONPATH=/home/student/scarab_ros2/src/scarabarm_ros2/build/gripper_sim_description:/home/student/scarab_ros2/src/scarabarm_ros2/install/gripper_sim_description/lib/python3.10/site-packages:/home/student/scarab_ros2/src/scarabarm_ros2/build/Arm_description:/home/student/scarab_ros2/src/scarabarm_ros2/install/Arm_description/lib/python3.10/site-packages:${PYTHONPATH} /usr/bin/cmake --build /home/student/scarab_ros2/src/scarabarm_ros2/build/scarabarm_moveit -- -j8 -l8
[10.489s] Invoking command in '/home/student/scarab_ros2/src/scarabarm_ros2/build/scarabarm_moveit': AMENT_PREFIX_PATH=/home/student/scarab_ros2/src/scarabarm_ros2/install/full_scrab_arm:/home/student/scarab_ros2/src/scarabarm_ros2/install/gripper_sim_description:/home/student/scarab_ros2/src/scarabarm_ros2/install/Arm_description:${AMENT_PREFIX_PATH} CMAKE_PREFIX_PATH=/home/student/scarab_ros2/src/scarabarm_ros2/install/full_scrab_arm:/opt/ros/humble PYTHONPATH=/home/student/scarab_ros2/src/scarabarm_ros2/build/gripper_sim_description:/home/student/scarab_ros2/src/scarabarm_ros2/install/gripper_sim_description/lib/python3.10/site-packages:/home/student/scarab_ros2/src/scarabarm_ros2/build/Arm_description:/home/student/scarab_ros2/src/scarabarm_ros2/install/Arm_description/lib/python3.10/site-packages:${PYTHONPATH} /usr/bin/cmake --install /home/student/scarab_ros2/src/scarabarm_ros2/build/scarabarm_moveit
[10.496s] -- Install configuration: ""
[10.497s] -- Execute custom install script
[10.500s] -- Symlinking: /home/student/scarab_ros2/src/scarabarm_ros2/install/scarabarm_moveit/share/scarabarm_moveit//plugin.xml
[10.516s] -- Up-to-date symlink: /home/student/scarab_ros2/src/scarabarm_ros2/install/scarabarm_moveit/share/scarabarm_moveit/plugin.xml
[10.517s] -- Symlinking: /home/student/scarab_ros2/src/scarabarm_ros2/install/scarabarm_moveit/share/scarabarm_moveit/launch/bringup_real.launch.py
[10.528s] -- Symlinking: /home/student/scarab_ros2/src/scarabarm_ros2/install/scarabarm_moveit/share/scarabarm_moveit/launch/demo.launch.py
[10.543s] -- Symlinking: /home/student/scarab_ros2/src/scarabarm_ros2/install/scarabarm_moveit/share/scarabarm_moveit/launch/move_group.launch.py
[10.553s] -- Symlinking: /home/student/scarab_ros2/src/scarabarm_ros2/install/scarabarm_moveit/share/scarabarm_moveit/launch/moveit.launch.py
[10.567s] -- Symlinking: /home/student/scarab_ros2/src/scarabarm_ros2/install/scarabarm_moveit/share/scarabarm_moveit/launch/moveit_only.launch.py
[10.576s] -- Symlinking: /home/student/scarab_ros2/src/scarabarm_ros2/install/scarabarm_moveit/share/scarabarm_moveit/launch/moveit_rviz.launch.py
[10.588s] -- Symlinking: /home/student/scarab_ros2/src/scarabarm_ros2/install/scarabarm_moveit/share/scarabarm_moveit/launch/real_robot_moveit.launch.py
[10.597s] -- Symlinking: /home/student/scarab_ros2/src/scarabarm_ros2/install/scarabarm_moveit/share/scarabarm_moveit/launch/rsp.launch.py
[10.603s] -- Symlinking: /home/student/scarab_ros2/src/scarabarm_ros2/install/scarabarm_moveit/share/scarabarm_moveit/launch/setup_assistant.launch.py
[10.611s] -- Symlinking: /home/student/scarab_ros2/src/scarabarm_ros2/install/scarabarm_moveit/share/scarabarm_moveit/launch/spawn_controllers.launch.py
[10.619s] -- Symlinking: /home/student/scarab_ros2/src/scarabarm_ros2/install/scarabarm_moveit/share/scarabarm_moveit/launch/static_virtual_joint_tfs.launch.py
[10.627s] -- Symlinking: /home/student/scarab_ros2/src/scarabarm_ros2/install/scarabarm_moveit/share/scarabarm_moveit/launch/warehouse_db.launch.py
[10.635s] -- Symlinking: /home/student/scarab_ros2/src/scarabarm_ros2/install/scarabarm_moveit/share/scarabarm_moveit/config/full_scrab_arm.ros2_control.xacro
[10.642s] -- Symlinking: /home/student/scarab_ros2/src/scarabarm_ros2/install/scarabarm_moveit/share/scarabarm_moveit/config/full_scrab_arm.srdf
[10.649s] -- Symlinking: /home/student/scarab_ros2/src/scarabarm_ros2/install/scarabarm_moveit/share/scarabarm_moveit/config/full_scrab_arm.urdf.xacro
[10.656s] -- Symlinking: /home/student/scarab_ros2/src/scarabarm_ros2/install/scarabarm_moveit/share/scarabarm_moveit/config/initial_positions.yaml
[10.665s] -- Symlinking: /home/student/scarab_ros2/src/scarabarm_ros2/install/scarabarm_moveit/share/scarabarm_moveit/config/joint_limits.yaml
[10.676s] -- Symlinking: /home/student/scarab_ros2/src/scarabarm_ros2/install/scarabarm_moveit/share/scarabarm_moveit/config/kinematics.yaml
[10.686s] -- Symlinking: /home/student/scarab_ros2/src/scarabarm_ros2/install/scarabarm_moveit/share/scarabarm_moveit/config/kinematics_ros2.yaml
[10.696s] -- Symlinking: /home/student/scarab_ros2/src/scarabarm_ros2/install/scarabarm_moveit/share/scarabarm_moveit/config/moveit.rviz
[10.706s] -- Symlinking: /home/student/scarab_ros2/src/scarabarm_ros2/install/scarabarm_moveit/share/scarabarm_moveit/config/moveit_controllers.yaml
[10.717s] -- Symlinking: /home/student/scarab_ros2/src/scarabarm_ros2/install/scarabarm_moveit/share/scarabarm_moveit/config/odrive_system.yaml
[10.726s] -- Symlinking: /home/student/scarab_ros2/src/scarabarm_ros2/install/scarabarm_moveit/share/scarabarm_moveit/config/ompl_planning.yaml
[10.733s] -- Symlinking: /home/student/scarab_ros2/src/scarabarm_ros2/install/scarabarm_moveit/share/scarabarm_moveit/config/ompl_planning_ros2.yaml
[10.740s] -- Symlinking: /home/student/scarab_ros2/src/scarabarm_ros2/install/scarabarm_moveit/share/scarabarm_moveit/config/pilz_cartesian_limits.yaml
[10.747s] -- Symlinking: /home/student/scarab_ros2/src/scarabarm_ros2/install/scarabarm_moveit/share/scarabarm_moveit/config/ros2_controllers.yaml
[10.753s] -- Symlinking: /home/student/scarab_ros2/src/scarabarm_ros2/install/scarabarm_moveit/share/scarabarm_moveit/config/sensors_3d.yaml
[10.760s] -- Symlinking: /home/student/scarab_ros2/src/scarabarm_ros2/install/scarabarm_moveit/share/scarabarm_moveit/.setup_assistant
[10.766s] -- Symlinking: /home/student/scarab_ros2/src/scarabarm_ros2/install/scarabarm_moveit/share/ament_index/resource_index/package_run_dependencies/scarabarm_moveit
[10.772s] -- Symlinking: /home/student/scarab_ros2/src/scarabarm_ros2/install/scarabarm_moveit/share/ament_index/resource_index/parent_prefix_path/scarabarm_moveit
[10.781s] -- Symlinking: /home/student/scarab_ros2/src/scarabarm_ros2/install/scarabarm_moveit/share/scarabarm_moveit/environment/ament_prefix_path.sh
[10.789s] -- Symlinking: /home/student/scarab_ros2/src/scarabarm_ros2/install/scarabarm_moveit/share/scarabarm_moveit/environment/ament_prefix_path.dsv
[10.797s] -- Symlinking: /home/student/scarab_ros2/src/scarabarm_ros2/install/scarabarm_moveit/share/scarabarm_moveit/environment/path.sh
[10.804s] -- Symlinking: /home/student/scarab_ros2/src/scarabarm_ros2/install/scarabarm_moveit/share/scarabarm_moveit/environment/path.dsv
[10.811s] -- Symlinking: /home/student/scarab_ros2/src/scarabarm_ros2/install/scarabarm_moveit/share/scarabarm_moveit/local_setup.bash
[10.819s] -- Symlinking: /home/student/scarab_ros2/src/scarabarm_ros2/install/scarabarm_moveit/share/scarabarm_moveit/local_setup.sh
[10.826s] -- Symlinking: /home/student/scarab_ros2/src/scarabarm_ros2/install/scarabarm_moveit/share/scarabarm_moveit/local_setup.zsh
[10.833s] -- Symlinking: /home/student/scarab_ros2/src/scarabarm_ros2/install/scarabarm_moveit/share/scarabarm_moveit/local_setup.dsv
[10.840s] -- Symlinking: /home/student/scarab_ros2/src/scarabarm_ros2/install/scarabarm_moveit/share/scarabarm_moveit/package.dsv
[10.847s] -- Symlinking: /home/student/scarab_ros2/src/scarabarm_ros2/install/scarabarm_moveit/share/ament_index/resource_index/packages/scarabarm_moveit
[10.854s] -- Symlinking: /home/student/scarab_ros2/src/scarabarm_ros2/install/scarabarm_moveit/share/ament_index/resource_index/hardware_interface__pluginlib__plugin/scarabarm_moveit
[10.861s] -- Symlinking: /home/student/scarab_ros2/src/scarabarm_ros2/install/scarabarm_moveit/share/scarabarm_moveit/cmake/scarabarm_moveitConfig.cmake
[10.869s] -- Symlinking: /home/student/scarab_ros2/src/scarabarm_ros2/install/scarabarm_moveit/share/scarabarm_moveit/cmake/scarabarm_moveitConfig-version.cmake
[10.879s] -- Symlinking: /home/student/scarab_ros2/src/scarabarm_ros2/install/scarabarm_moveit/share/scarabarm_moveit/package.xml
[10.887s] -- Installing: /home/student/scarab_ros2/src/scarabarm_ros2/install/scarabarm_moveit/lib/libodrive_system.so
[10.888s] -- Set runtime path of "/home/student/scarab_ros2/src/scarabarm_ros2/install/scarabarm_moveit/lib/libodrive_system.so" to ""
[10.890s] Invoked command in '/home/student/scarab_ros2/src/scarabarm_ros2/build/scarabarm_moveit' returned '0': AMENT_PREFIX_PATH=/home/student/scarab_ros2/src/scarabarm_ros2/install/full_scrab_arm:/home/student/scarab_ros2/src/scarabarm_ros2/install/gripper_sim_description:/home/student/scarab_ros2/src/scarabarm_ros2/install/Arm_description:${AMENT_PREFIX_PATH} CMAKE_PREFIX_PATH=/home/student/scarab_ros2/src/scarabarm_ros2/install/full_scrab_arm:/opt/ros/humble PYTHONPATH=/home/student/scarab_ros2/src/scarabarm_ros2/build/gripper_sim_description:/home/student/scarab_ros2/src/scarabarm_ros2/install/gripper_sim_description/lib/python3.10/site-packages:/home/student/scarab_ros2/src/scarabarm_ros2/build/Arm_description:/home/student/scarab_ros2/src/scarabarm_ros2/install/Arm_description/lib/python3.10/site-packages:${PYTHONPATH} /usr/bin/cmake --install /home/student/scarab_ros2/src/scarabarm_ros2/build/scarabarm_moveit
