[1.770s] Invoking command in '/home/student/scarab_ros2/src/scarabarm_ros2/build/scarabarm_control': PYTHONPATH=/home/student/scarab_ros2/src/scarabarm_ros2/build/scarabarm_control/prefix_override:/usr/lib/python3/dist-packages/colcon_core/task/python/colcon_distutils_commands:/home/student/scarab_ros2/src/scarabarm_ros2/install/scarabarm_control/lib/python3.10/site-packages:${PYTHONPATH} /usr/bin/python3 -W ignore:setup.py install is deprecated -W ignore:easy_install command is deprecated setup.py develop --editable --build-directory /home/student/scarab_ros2/src/scarabarm_ros2/build/scarabarm_control/build --no-deps symlink_data
[2.007s] /usr/lib/python3/dist-packages/setuptools/dist.py:723: UserWarning: Usage of dash-separated 'script-dir' will not be supported in future versions. Please use the underscore name 'script_dir' instead
[2.007s]   warnings.warn(
[2.046s] running develop
[2.263s] running egg_info
[2.263s] writing src/scarabarm_control.egg-info/PKG-INFO
[2.264s] writing dependency_links to src/scarabarm_control.egg-info/dependency_links.txt
[2.264s] writing entry points to src/scarabarm_control.egg-info/entry_points.txt
[2.265s] writing requirements to src/scarabarm_control.egg-info/requires.txt
[2.265s] writing top-level names to src/scarabarm_control.egg-info/top_level.txt
[2.267s] reading manifest file 'src/scarabarm_control.egg-info/SOURCES.txt'
[2.269s] writing manifest file 'src/scarabarm_control.egg-info/SOURCES.txt'
[2.271s] running build_ext
[2.271s] Creating /home/student/scarab_ros2/src/scarabarm_ros2/install/scarabarm_control/lib/python3.10/site-packages/scarabarm-control.egg-link (link to src)
[2.272s] Installing scarab_controller script to /home/student/scarab_ros2/src/scarabarm_ros2/install/scarabarm_control/lib/scarabarm_control
[2.272s] Installing scarab_js_agg script to /home/student/scarab_ros2/src/scarabarm_ros2/install/scarabarm_control/lib/scarabarm_control
[2.273s] 
[2.273s] Installed /home/student/scarab_ros2/src/scarabarm_ros2/build/scarabarm_control/src
[2.273s] running symlink_data
[2.316s] Invoked command in '/home/student/scarab_ros2/src/scarabarm_ros2/build/scarabarm_control' returned '0': PYTHONPATH=/home/student/scarab_ros2/src/scarabarm_ros2/build/scarabarm_control/prefix_override:/usr/lib/python3/dist-packages/colcon_core/task/python/colcon_distutils_commands:/home/student/scarab_ros2/src/scarabarm_ros2/install/scarabarm_control/lib/python3.10/site-packages:${PYTHONPATH} /usr/bin/python3 -W ignore:setup.py install is deprecated -W ignore:easy_install command is deprecated setup.py develop --editable --build-directory /home/student/scarab_ros2/src/scarabarm_ros2/build/scarabarm_control/build --no-deps symlink_data
