[0.258s] Invoking command in '/home/student/scarab_ros2/src/scarabarm_ros2/build/scarabarm_moveit': AMENT_PREFIX_PATH=/home/student/scarab_ros2/src/scarabarm_ros2/install/full_scrab_arm:/home/student/scarab_ros2/src/scarabarm_ros2/install/gripper_sim_description:/home/student/scarab_ros2/src/scarabarm_ros2/install/Arm_description:${AMENT_PREFIX_PATH} CMAKE_PREFIX_PATH=/home/student/scarab_ros2/src/scarabarm_ros2/install/full_scrab_arm:/opt/ros/humble PYTHONPATH=/home/student/scarab_ros2/src/scarabarm_ros2/build/gripper_sim_description:/home/student/scarab_ros2/src/scarabarm_ros2/install/gripper_sim_description/lib/python3.10/site-packages:/home/student/scarab_ros2/src/scarabarm_ros2/build/Arm_description:/home/student/scarab_ros2/src/scarabarm_ros2/install/Arm_description/lib/python3.10/site-packages:${PYTHONPATH} /usr/bin/cmake --build /home/student/scarab_ros2/src/scarabarm_ros2/build/scarabarm_moveit -- -j8 -l8
[0.308s] [100%] Built target odrive_system
[0.317s] Invoked command in '/home/student/scarab_ros2/src/scarabarm_ros2/build/scarabarm_moveit' returned '0': AMENT_PREFIX_PATH=/home/student/scarab_ros2/src/scarabarm_ros2/install/full_scrab_arm:/home/student/scarab_ros2/src/scarabarm_ros2/install/gripper_sim_description:/home/student/scarab_ros2/src/scarabarm_ros2/install/Arm_description:${AMENT_PREFIX_PATH} CMAKE_PREFIX_PATH=/home/student/scarab_ros2/src/scarabarm_ros2/install/full_scrab_arm:/opt/ros/humble PYTHONPATH=/home/student/scarab_ros2/src/scarabarm_ros2/build/gripper_sim_description:/home/student/scarab_ros2/src/scarabarm_ros2/install/gripper_sim_description/lib/python3.10/site-packages:/home/student/scarab_ros2/src/scarabarm_ros2/build/Arm_description:/home/student/scarab_ros2/src/scarabarm_ros2/install/Arm_description/lib/python3.10/site-packages:${PYTHONPATH} /usr/bin/cmake --build /home/student/scarab_ros2/src/scarabarm_ros2/build/scarabarm_moveit -- -j8 -l8
[0.320s] Invoking command in '/home/student/scarab_ros2/src/scarabarm_ros2/build/scarabarm_moveit': AMENT_PREFIX_PATH=/home/student/scarab_ros2/src/scarabarm_ros2/install/full_scrab_arm:/home/student/scarab_ros2/src/scarabarm_ros2/install/gripper_sim_description:/home/student/scarab_ros2/src/scarabarm_ros2/install/Arm_description:${AMENT_PREFIX_PATH} CMAKE_PREFIX_PATH=/home/student/scarab_ros2/src/scarabarm_ros2/install/full_scrab_arm:/opt/ros/humble PYTHONPATH=/home/student/scarab_ros2/src/scarabarm_ros2/build/gripper_sim_description:/home/student/scarab_ros2/src/scarabarm_ros2/install/gripper_sim_description/lib/python3.10/site-packages:/home/student/scarab_ros2/src/scarabarm_ros2/build/Arm_description:/home/student/scarab_ros2/src/scarabarm_ros2/install/Arm_description/lib/python3.10/site-packages:${PYTHONPATH} /usr/bin/cmake --install /home/student/scarab_ros2/src/scarabarm_ros2/build/scarabarm_moveit
[0.326s] -- Install configuration: ""
[0.327s] -- Execute custom install script
[0.328s] -- Up-to-date symlink: /home/student/scarab_ros2/src/scarabarm_ros2/install/scarabarm_moveit/share/scarabarm_moveit//plugin.xml
[0.328s] -- Up-to-date symlink: /home/student/scarab_ros2/src/scarabarm_ros2/install/scarabarm_moveit/share/scarabarm_moveit/plugin.xml
[0.328s] -- Up-to-date symlink: /home/student/scarab_ros2/src/scarabarm_ros2/install/scarabarm_moveit/share/scarabarm_moveit/launch/bringup_real.launch.py
[0.328s] -- Up-to-date symlink: /home/student/scarab_ros2/src/scarabarm_ros2/install/scarabarm_moveit/share/scarabarm_moveit/launch/demo.launch.py
[0.328s] -- Up-to-date symlink: /home/student/scarab_ros2/src/scarabarm_ros2/install/scarabarm_moveit/share/scarabarm_moveit/launch/move_group.launch.py
[0.328s] -- Up-to-date symlink: /home/student/scarab_ros2/src/scarabarm_ros2/install/scarabarm_moveit/share/scarabarm_moveit/launch/moveit.launch.py
[0.328s] -- Up-to-date symlink: /home/student/scarab_ros2/src/scarabarm_ros2/install/scarabarm_moveit/share/scarabarm_moveit/launch/moveit_only.launch.py
[0.328s] -- Up-to-date symlink: /home/student/scarab_ros2/src/scarabarm_ros2/install/scarabarm_moveit/share/scarabarm_moveit/launch/moveit_rviz.launch.py
[0.329s] -- Up-to-date symlink: /home/student/scarab_ros2/src/scarabarm_ros2/install/scarabarm_moveit/share/scarabarm_moveit/launch/real_robot_moveit.launch.py
[0.329s] -- Up-to-date symlink: /home/student/scarab_ros2/src/scarabarm_ros2/install/scarabarm_moveit/share/scarabarm_moveit/launch/rsp.launch.py
[0.329s] -- Up-to-date symlink: /home/student/scarab_ros2/src/scarabarm_ros2/install/scarabarm_moveit/share/scarabarm_moveit/launch/setup_assistant.launch.py
[0.329s] -- Up-to-date symlink: /home/student/scarab_ros2/src/scarabarm_ros2/install/scarabarm_moveit/share/scarabarm_moveit/launch/spawn_controllers.launch.py
[0.329s] -- Up-to-date symlink: /home/student/scarab_ros2/src/scarabarm_ros2/install/scarabarm_moveit/share/scarabarm_moveit/launch/static_virtual_joint_tfs.launch.py
[0.329s] -- Up-to-date symlink: /home/student/scarab_ros2/src/scarabarm_ros2/install/scarabarm_moveit/share/scarabarm_moveit/launch/warehouse_db.launch.py
[0.329s] -- Up-to-date symlink: /home/student/scarab_ros2/src/scarabarm_ros2/install/scarabarm_moveit/share/scarabarm_moveit/config/full_scrab_arm.ros2_control.xacro
[0.329s] -- Up-to-date symlink: /home/student/scarab_ros2/src/scarabarm_ros2/install/scarabarm_moveit/share/scarabarm_moveit/config/full_scrab_arm.srdf
[0.330s] -- Up-to-date symlink: /home/student/scarab_ros2/src/scarabarm_ros2/install/scarabarm_moveit/share/scarabarm_moveit/config/full_scrab_arm.urdf.xacro
[0.330s] -- Up-to-date symlink: /home/student/scarab_ros2/src/scarabarm_ros2/install/scarabarm_moveit/share/scarabarm_moveit/config/initial_positions.yaml
[0.330s] -- Up-to-date symlink: /home/student/scarab_ros2/src/scarabarm_ros2/install/scarabarm_moveit/share/scarabarm_moveit/config/joint_limits.yaml
[0.330s] -- Up-to-date symlink: /home/student/scarab_ros2/src/scarabarm_ros2/install/scarabarm_moveit/share/scarabarm_moveit/config/kinematics.yaml
[0.330s] -- Up-to-date symlink: /home/student/scarab_ros2/src/scarabarm_ros2/install/scarabarm_moveit/share/scarabarm_moveit/config/kinematics_ros2.yaml
[0.330s] -- Up-to-date symlink: /home/student/scarab_ros2/src/scarabarm_ros2/install/scarabarm_moveit/share/scarabarm_moveit/config/moveit.rviz
[0.330s] -- Up-to-date symlink: /home/student/scarab_ros2/src/scarabarm_ros2/install/scarabarm_moveit/share/scarabarm_moveit/config/moveit_controllers.yaml
[0.330s] -- Up-to-date symlink: /home/student/scarab_ros2/src/scarabarm_ros2/install/scarabarm_moveit/share/scarabarm_moveit/config/odrive_system.yaml
[0.331s] -- Up-to-date symlink: /home/student/scarab_ros2/src/scarabarm_ros2/install/scarabarm_moveit/share/scarabarm_moveit/config/ompl_planning.yaml
[0.331s] -- Up-to-date symlink: /home/student/scarab_ros2/src/scarabarm_ros2/install/scarabarm_moveit/share/scarabarm_moveit/config/ompl_planning_ros2.yaml
[0.331s] -- Up-to-date symlink: /home/student/scarab_ros2/src/scarabarm_ros2/install/scarabarm_moveit/share/scarabarm_moveit/config/pilz_cartesian_limits.yaml
[0.331s] -- Up-to-date symlink: /home/student/scarab_ros2/src/scarabarm_ros2/install/scarabarm_moveit/share/scarabarm_moveit/config/ros2_controllers.yaml
[0.331s] -- Up-to-date symlink: /home/student/scarab_ros2/src/scarabarm_ros2/install/scarabarm_moveit/share/scarabarm_moveit/config/sensors_3d.yaml
[0.331s] -- Up-to-date symlink: /home/student/scarab_ros2/src/scarabarm_ros2/install/scarabarm_moveit/share/scarabarm_moveit/.setup_assistant
[0.331s] -- Up-to-date symlink: /home/student/scarab_ros2/src/scarabarm_ros2/install/scarabarm_moveit/share/ament_index/resource_index/package_run_dependencies/scarabarm_moveit
[0.332s] -- Up-to-date symlink: /home/student/scarab_ros2/src/scarabarm_ros2/install/scarabarm_moveit/share/ament_index/resource_index/parent_prefix_path/scarabarm_moveit
[0.332s] -- Up-to-date symlink: /home/student/scarab_ros2/src/scarabarm_ros2/install/scarabarm_moveit/share/scarabarm_moveit/environment/ament_prefix_path.sh
[0.332s] -- Up-to-date symlink: /home/student/scarab_ros2/src/scarabarm_ros2/install/scarabarm_moveit/share/scarabarm_moveit/environment/ament_prefix_path.dsv
[0.332s] -- Up-to-date symlink: /home/student/scarab_ros2/src/scarabarm_ros2/install/scarabarm_moveit/share/scarabarm_moveit/environment/path.sh
[0.332s] -- Up-to-date symlink: /home/student/scarab_ros2/src/scarabarm_ros2/install/scarabarm_moveit/share/scarabarm_moveit/environment/path.dsv
[0.332s] -- Up-to-date symlink: /home/student/scarab_ros2/src/scarabarm_ros2/install/scarabarm_moveit/share/scarabarm_moveit/local_setup.bash
[0.332s] -- Up-to-date symlink: /home/student/scarab_ros2/src/scarabarm_ros2/install/scarabarm_moveit/share/scarabarm_moveit/local_setup.sh
[0.332s] -- Up-to-date symlink: /home/student/scarab_ros2/src/scarabarm_ros2/install/scarabarm_moveit/share/scarabarm_moveit/local_setup.zsh
[0.333s] -- Up-to-date symlink: /home/student/scarab_ros2/src/scarabarm_ros2/install/scarabarm_moveit/share/scarabarm_moveit/local_setup.dsv
[0.333s] -- Symlinking: /home/student/scarab_ros2/src/scarabarm_ros2/install/scarabarm_moveit/share/scarabarm_moveit/package.dsv
[0.339s] -- Up-to-date symlink: /home/student/scarab_ros2/src/scarabarm_ros2/install/scarabarm_moveit/share/ament_index/resource_index/packages/scarabarm_moveit
[0.339s] -- Up-to-date symlink: /home/student/scarab_ros2/src/scarabarm_ros2/install/scarabarm_moveit/share/ament_index/resource_index/hardware_interface__pluginlib__plugin/scarabarm_moveit
[0.340s] -- Up-to-date symlink: /home/student/scarab_ros2/src/scarabarm_ros2/install/scarabarm_moveit/share/scarabarm_moveit/cmake/scarabarm_moveitConfig.cmake
[0.340s] -- Up-to-date symlink: /home/student/scarab_ros2/src/scarabarm_ros2/install/scarabarm_moveit/share/scarabarm_moveit/cmake/scarabarm_moveitConfig-version.cmake
[0.340s] -- Up-to-date symlink: /home/student/scarab_ros2/src/scarabarm_ros2/install/scarabarm_moveit/share/scarabarm_moveit/package.xml
[0.342s] -- Up-to-date: /home/student/scarab_ros2/src/scarabarm_ros2/install/scarabarm_moveit/lib/libodrive_system.so
[0.344s] Invoked command in '/home/student/scarab_ros2/src/scarabarm_ros2/build/scarabarm_moveit' returned '0': AMENT_PREFIX_PATH=/home/student/scarab_ros2/src/scarabarm_ros2/install/full_scrab_arm:/home/student/scarab_ros2/src/scarabarm_ros2/install/gripper_sim_description:/home/student/scarab_ros2/src/scarabarm_ros2/install/Arm_description:${AMENT_PREFIX_PATH} CMAKE_PREFIX_PATH=/home/student/scarab_ros2/src/scarabarm_ros2/install/full_scrab_arm:/opt/ros/humble PYTHONPATH=/home/student/scarab_ros2/src/scarabarm_ros2/build/gripper_sim_description:/home/student/scarab_ros2/src/scarabarm_ros2/install/gripper_sim_description/lib/python3.10/site-packages:/home/student/scarab_ros2/src/scarabarm_ros2/build/Arm_description:/home/student/scarab_ros2/src/scarabarm_ros2/install/Arm_description/lib/python3.10/site-packages:${PYTHONPATH} /usr/bin/cmake --install /home/student/scarab_ros2/src/scarabarm_ros2/build/scarabarm_moveit
