[0.420s] Invoking command in '/home/student/scarab_ros2/src/scarabarm_ros2/build/odrive_ros2_control': CMAKE_PREFIX_PATH=/opt/ros/humble /usr/bin/cmake /home/student/scarab_ros2/src/scarabarm_ros2/ros_odrive/odrive_ros2_control -DAMENT_CMAKE_SYMLINK_INSTALL=1 -DCMAKE_INSTALL_PREFIX=/home/student/scarab_ros2/src/scarabarm_ros2/install/odrive_ros2_control
[0.805s] -- The C compiler identification is GNU 11.4.0
[1.312s] -- The CXX compiler identification is GNU 11.4.0
[1.678s] -- Detecting C compiler ABI info
[1.828s] -- Detecting C compiler ABI info - done
[1.837s] -- Check for working C compiler: /usr/bin/cc - skipped
[1.837s] -- Detecting C compile features
[1.838s] -- Detecting C compile features - done
[1.843s] -- Detecting CXX compiler ABI info
[1.985s] -- Detecting CXX compiler ABI info - done
[1.991s] -- Check for working CXX compiler: /usr/bin/c++ - skipped
[1.991s] -- Detecting CXX compile features
[1.991s] -- Detecting CXX compile features - done
[2.007s] -- Found ament_cmake: 1.3.11 (/opt/ros/humble/share/ament_cmake/cmake)
[2.142s] -- Found Python3: /usr/bin/python3 (found version "3.10.12") found components: Interpreter 
[2.216s] -- Override CMake install command with custom implementation using symlinks instead of copying resources
[2.284s] -- Found rclcpp: 16.0.12 (/opt/ros/humble/share/rclcpp/cmake)
[2.491s] -- Found rosidl_generator_c: 3.1.6 (/opt/ros/humble/share/rosidl_generator_c/cmake)
[2.504s] -- Found rosidl_adapter: 3.1.6 (/opt/ros/humble/share/rosidl_adapter/cmake)
[2.525s] -- Found rosidl_generator_cpp: 3.1.6 (/opt/ros/humble/share/rosidl_generator_cpp/cmake)
[2.561s] -- Using all available rosidl_typesupport_c: rosidl_typesupport_fastrtps_c;rosidl_typesupport_introspection_c
[2.593s] -- Using all available rosidl_typesupport_cpp: rosidl_typesupport_fastrtps_cpp;rosidl_typesupport_introspection_cpp
[2.700s] -- Found rmw_implementation_cmake: 6.1.2 (/opt/ros/humble/share/rmw_implementation_cmake/cmake)
[2.707s] -- Found rmw_fastrtps_cpp: 6.2.7 (/opt/ros/humble/share/rmw_fastrtps_cpp/cmake)
[3.451s] -- Found OpenSSL: /usr/lib/x86_64-linux-gnu/libcrypto.so (found version "3.0.2")  
[4.053s] -- Found FastRTPS: /opt/ros/humble/include  
[4.990s] -- Using RMW implementation 'rmw_fastrtps_cpp' as default
[5.007s] -- Looking for pthread.h
[5.157s] -- Looking for pthread.h - found
[5.157s] -- Performing Test CMAKE_HAVE_LIBC_PTHREAD
[5.291s] -- Performing Test CMAKE_HAVE_LIBC_PTHREAD - Success
[5.292s] -- Found Threads: TRUE  
[5.410s] -- Found ament_cmake_auto: 1.3.11 (/opt/ros/humble/share/ament_cmake_auto/cmake)
[7.208s] -- Configuring done
[7.314s] -- Generating done
[7.318s] -- Build files have been written to: /home/student/scarab_ros2/src/scarabarm_ros2/build/odrive_ros2_control
