/home/student/scarab_ros2/src/scarabarm_ros2/install/Arm_description/lib/python3.10/site-packages/Arm_description/__init__.py
/home/student/scarab_ros2/src/scarabarm_ros2/install/Arm_description/lib/python3.10/site-packages/Arm_description/__pycache__/__init__.cpython-310.pyc
/home/student/scarab_ros2/src/scarabarm_ros2/install/Arm_description/share/ament_index/resource_index/packages/Arm_description
/home/student/scarab_ros2/src/scarabarm_ros2/install/Arm_description/share/Arm_description/package.xml
/home/student/scarab_ros2/src/scarabarm_ros2/install/Arm_description/share/Arm_description/launch/gazebo.launch.py
/home/student/scarab_ros2/src/scarabarm_ros2/install/Arm_description/share/Arm_description/launch/display.launch.py
/home/student/scarab_ros2/src/scarabarm_ros2/install/Arm_description/share/Arm_description/urdf/Arm.ros2control
/home/student/scarab_ros2/src/scarabarm_ros2/install/Arm_description/share/Arm_description/urdf/materials.xacro
/home/student/scarab_ros2/src/scarabarm_ros2/install/Arm_description/share/Arm_description/urdf/Arm.gazebo
/home/student/scarab_ros2/src/scarabarm_ros2/install/Arm_description/share/Arm_description/urdf/Arm.xacro
/home/student/scarab_ros2/src/scarabarm_ros2/install/Arm_description/share/Arm_description/meshes/joint_5_1.stl
/home/student/scarab_ros2/src/scarabarm_ros2/install/Arm_description/share/Arm_description/meshes/joint_1_1.stl
/home/student/scarab_ros2/src/scarabarm_ros2/install/Arm_description/share/Arm_description/meshes/joint_4_1.stl
/home/student/scarab_ros2/src/scarabarm_ros2/install/Arm_description/share/Arm_description/meshes/link_2_1.stl
/home/student/scarab_ros2/src/scarabarm_ros2/install/Arm_description/share/Arm_description/meshes/joint_2_1.stl
/home/student/scarab_ros2/src/scarabarm_ros2/install/Arm_description/share/Arm_description/meshes/base_link.stl
/home/student/scarab_ros2/src/scarabarm_ros2/install/Arm_description/share/Arm_description/meshes/joint_3_1.stl
/home/student/scarab_ros2/src/scarabarm_ros2/install/Arm_description/share/Arm_description/meshes/link_3_1.stl
/home/student/scarab_ros2/src/scarabarm_ros2/install/Arm_description/share/Arm_description/meshes/joint_6_1.stl
/home/student/scarab_ros2/src/scarabarm_ros2/install/Arm_description/share/Arm_description/config/gazebo.rviz
/home/student/scarab_ros2/src/scarabarm_ros2/install/Arm_description/share/Arm_description/config/ros_gz_bridge_gazebo.yaml
/home/student/scarab_ros2/src/scarabarm_ros2/install/Arm_description/share/Arm_description/config/display.rviz
/home/student/scarab_ros2/src/scarabarm_ros2/install/Arm_description/lib/python3.10/site-packages/Arm_description-0.0.0-py3.10.egg-info/entry_points.txt
/home/student/scarab_ros2/src/scarabarm_ros2/install/Arm_description/lib/python3.10/site-packages/Arm_description-0.0.0-py3.10.egg-info/requires.txt
/home/student/scarab_ros2/src/scarabarm_ros2/install/Arm_description/lib/python3.10/site-packages/Arm_description-0.0.0-py3.10.egg-info/zip-safe
/home/student/scarab_ros2/src/scarabarm_ros2/install/Arm_description/lib/python3.10/site-packages/Arm_description-0.0.0-py3.10.egg-info/dependency_links.txt
/home/student/scarab_ros2/src/scarabarm_ros2/install/Arm_description/lib/python3.10/site-packages/Arm_description-0.0.0-py3.10.egg-info/SOURCES.txt
/home/student/scarab_ros2/src/scarabarm_ros2/install/Arm_description/lib/python3.10/site-packages/Arm_description-0.0.0-py3.10.egg-info/PKG-INFO
/home/student/scarab_ros2/src/scarabarm_ros2/install/Arm_description/lib/python3.10/site-packages/Arm_description-0.0.0-py3.10.egg-info/top_level.txt
