running develop
running egg_info
creating src/scarabarm_control.egg-info
writing src/scarabarm_control.egg-info/PKG-INFO
writing dependency_links to src/scarabarm_control.egg-info/dependency_links.txt
writing entry points to src/scarabarm_control.egg-info/entry_points.txt
writing requirements to src/scarabarm_control.egg-info/requires.txt
writing top-level names to src/scarabarm_control.egg-info/top_level.txt
writing manifest file 'src/scarabarm_control.egg-info/SOURCES.txt'
reading manifest file 'src/scarabarm_control.egg-info/SOURCES.txt'
writing manifest file 'src/scarabarm_control.egg-info/SOURCES.txt'
running build_ext
Creating /home/student/scarab_ros2/src/scarabarm_ros2/install/scarabarm_control/lib/python3.10/site-packages/scarabarm-control.egg-link (link to src)
Installing scarab_controller script to /home/student/scarab_ros2/src/scarabarm_ros2/install/scarabarm_control/lib/scarabarm_control
Installing scarab_js_agg script to /home/student/scarab_ros2/src/scarabarm_ros2/install/scarabarm_control/lib/scarabarm_control

Installed /home/student/scarab_ros2/src/scarabarm_ros2/build/scarabarm_control/src
running symlink_data
creating /home/student/scarab_ros2/src/scarabarm_ros2/install/scarabarm_control/share/ament_index
creating /home/student/scarab_ros2/src/scarabarm_ros2/install/scarabarm_control/share/ament_index/resource_index
creating /home/student/scarab_ros2/src/scarabarm_ros2/install/scarabarm_control/share/ament_index/resource_index/packages
symbolically linking /home/student/scarab_ros2/src/scarabarm_ros2/build/scarabarm_control/resource/scarabarm_control -> /home/student/scarab_ros2/src/scarabarm_ros2/install/scarabarm_control/share/ament_index/resource_index/packages
symbolically linking /home/student/scarab_ros2/src/scarabarm_ros2/build/scarabarm_control/package.xml -> /home/student/scarab_ros2/src/scarabarm_ros2/install/scarabarm_control/share/scarabarm_control
creating /home/student/scarab_ros2/src/scarabarm_ros2/install/scarabarm_control/share/scarabarm_control/launch
symbolically linking /home/student/scarab_ros2/src/scarabarm_ros2/build/scarabarm_control/launch/bringup_pi.launch.py -> /home/student/scarab_ros2/src/scarabarm_ros2/install/scarabarm_control/share/scarabarm_control/launch
creating /home/student/scarab_ros2/src/scarabarm_ros2/install/scarabarm_control/share/scarabarm_control/config
symbolically linking /home/student/scarab_ros2/src/scarabarm_ros2/build/scarabarm_control/config/ros2_control_odrive.yaml -> /home/student/scarab_ros2/src/scarabarm_ros2/install/scarabarm_control/share/scarabarm_control/config
symbolically linking /home/student/scarab_ros2/src/scarabarm_ros2/build/scarabarm_control/config/controllers.yaml -> /home/student/scarab_ros2/src/scarabarm_ros2/install/scarabarm_control/share/scarabarm_control/config
