[1.518s] Invoking command in '/home/student/scarab_ros2/src/scarabarm_ros2/build/scarabarm_control': PYTHONPATH=/home/student/scarab_ros2/src/scarabarm_ros2/build/scarabarm_control/prefix_override:/usr/lib/python3/dist-packages/colcon_core/task/python/colcon_distutils_commands:/home/student/scarab_ros2/src/scarabarm_ros2/install/scarabarm_control/lib/python3.10/site-packages:${PYTHONPATH} /usr/bin/python3 -W ignore:setup.py install is deprecated -W ignore:easy_install command is deprecated setup.py develop --editable --build-directory /home/student/scarab_ros2/src/scarabarm_ros2/build/scarabarm_control/build --no-deps symlink_data
[1.720s] /usr/lib/python3/dist-packages/setuptools/dist.py:723: UserWarning: Usage of dash-separated 'script-dir' will not be supported in future versions. Please use the underscore name 'script_dir' instead
[1.720s]   warnings.warn(
[1.747s] running develop
[1.891s] running egg_info
[1.891s] writing src/scarabarm_control.egg-info/PKG-INFO
[1.891s] writing dependency_links to src/scarabarm_control.egg-info/dependency_links.txt
[1.891s] writing entry points to src/scarabarm_control.egg-info/entry_points.txt
[1.891s] writing requirements to src/scarabarm_control.egg-info/requires.txt
[1.891s] writing top-level names to src/scarabarm_control.egg-info/top_level.txt
[1.893s] reading manifest file 'src/scarabarm_control.egg-info/SOURCES.txt'
[1.894s] writing manifest file 'src/scarabarm_control.egg-info/SOURCES.txt'
[1.895s] running build_ext
[1.895s] Creating /home/student/scarab_ros2/src/scarabarm_ros2/install/scarabarm_control/lib/python3.10/site-packages/scarabarm-control.egg-link (link to src)
[1.896s] Installing scarab_controller script to /home/student/scarab_ros2/src/scarabarm_ros2/install/scarabarm_control/lib/scarabarm_control
[1.897s] Installing scarab_js_agg script to /home/student/scarab_ros2/src/scarabarm_ros2/install/scarabarm_control/lib/scarabarm_control
[1.897s] 
[1.897s] Installed /home/student/scarab_ros2/src/scarabarm_ros2/build/scarabarm_control/src
[1.897s] running symlink_data
[1.934s] Invoked command in '/home/student/scarab_ros2/src/scarabarm_ros2/build/scarabarm_control' returned '0': PYTHONPATH=/home/student/scarab_ros2/src/scarabarm_ros2/build/scarabarm_control/prefix_override:/usr/lib/python3/dist-packages/colcon_core/task/python/colcon_distutils_commands:/home/student/scarab_ros2/src/scarabarm_ros2/install/scarabarm_control/lib/python3.10/site-packages:${PYTHONPATH} /usr/bin/python3 -W ignore:setup.py install is deprecated -W ignore:easy_install command is deprecated setup.py develop --editable --build-directory /home/student/scarab_ros2/src/scarabarm_ros2/build/scarabarm_control/build --no-deps symlink_data
