[0.551s] DEBUG:colcon:Command line arguments: ['/usr/bin/colcon', 'build', '--symlink-install']
[0.551s] DEBUG:colcon:Parsed command line arguments: Namespace(log_base=None, log_level=None, verb_name='build', build_base='build', install_base='install', merge_install=False, symlink_install=True, test_result_base=None, continue_on_error=False, executor='parallel', parallel_workers=8, event_handlers=None, ignore_user_meta=False, metas=['./colcon.meta'], base_paths=['.'], packages_ignore=None, packages_ignore_regex=None, paths=None, packages_up_to=None, packages_up_to_regex=None, packages_above=None, packages_above_and_dependencies=None, packages_above_depth=None, packages_select_by_dep=None, packages_skip_by_dep=None, packages_skip_up_to=None, packages_select_build_failed=False, packages_skip_build_finished=False, packages_select_test_failures=False, packages_skip_test_passed=False, packages_select=None, packages_skip=None, packages_select_regex=None, packages_skip_regex=None, packages_start=None, packages_end=None, cmake_args=None, cmake_target=None, cmake_target_skip_unavailable=False, cmake_clean_cache=False, cmake_clean_first=False, cmake_force_configure=False, ament_cmake_args=None, catkin_cmake_args=None, catkin_skip_building_tests=False, mixin_files=None, mixin=None, verb_parser=<colcon_mixin.mixin.mixin_argument.MixinArgumentDecorator object at 0x7c8fd1c515a0>, verb_extension=<colcon_core.verb.build.BuildVerb object at 0x7c8fd1d66530>, main=<bound method BuildVerb.main of <colcon_core.verb.build.BuildVerb object at 0x7c8fd1d66530>>, mixin_verb=('build',))
[1.320s] Level 1:colcon.colcon_core.package_discovery:discover_packages(colcon_meta) check parameters
[1.320s] Level 1:colcon.colcon_core.package_discovery:discover_packages(recursive) check parameters
[1.320s] Level 1:colcon.colcon_core.package_discovery:discover_packages(ignore) check parameters
[1.320s] Level 1:colcon.colcon_core.package_discovery:discover_packages(path) check parameters
[1.320s] Level 1:colcon.colcon_core.package_discovery:discover_packages(colcon_meta) discover
[1.320s] Level 1:colcon.colcon_core.package_discovery:discover_packages(recursive) discover
[1.321s] INFO:colcon.colcon_core.package_discovery:Crawling recursively for packages in '/home/student/scarab_ros2/src/scarabarm_ros2'
[1.321s] Level 1:colcon.colcon_core.package_identification:_identify(.) by extensions ['ignore', 'ignore_ament_install']
[1.321s] Level 1:colcon.colcon_core.package_identification:_identify(.) by extension 'ignore'
[1.321s] Level 1:colcon.colcon_core.package_identification:_identify(.) by extension 'ignore_ament_install'
[1.321s] Level 1:colcon.colcon_core.package_identification:_identify(.) by extensions ['colcon_pkg']
[1.321s] Level 1:colcon.colcon_core.package_identification:_identify(.) by extension 'colcon_pkg'
[1.321s] Level 1:colcon.colcon_core.package_identification:_identify(.) by extensions ['colcon_meta']
[1.321s] Level 1:colcon.colcon_core.package_identification:_identify(.) by extension 'colcon_meta'
[1.321s] Level 1:colcon.colcon_core.package_identification:_identify(.) by extensions ['ros']
[1.321s] Level 1:colcon.colcon_core.package_identification:_identify(.) by extension 'ros'
[1.346s] Level 1:colcon.colcon_core.package_identification:_identify(.) by extensions ['cmake', 'python']
[1.346s] Level 1:colcon.colcon_core.package_identification:_identify(.) by extension 'cmake'
[1.346s] Level 1:colcon.colcon_core.package_identification:_identify(.) by extension 'python'
[1.346s] Level 1:colcon.colcon_core.package_identification:_identify(.) by extensions ['python_setup_py']
[1.346s] Level 1:colcon.colcon_core.package_identification:_identify(.) by extension 'python_setup_py'
[1.346s] Level 1:colcon.colcon_core.package_identification:_identify(build) by extensions ['ignore', 'ignore_ament_install']
[1.346s] Level 1:colcon.colcon_core.package_identification:_identify(build) by extension 'ignore'
[1.346s] Level 1:colcon.colcon_core.package_identification:_identify(build) ignored
[1.346s] Level 1:colcon.colcon_core.package_identification:_identify(install) by extensions ['ignore', 'ignore_ament_install']
[1.346s] Level 1:colcon.colcon_core.package_identification:_identify(install) by extension 'ignore'
[1.346s] Level 1:colcon.colcon_core.package_identification:_identify(install) ignored
[1.347s] Level 1:colcon.colcon_core.package_identification:_identify(log) by extensions ['ignore', 'ignore_ament_install']
[1.347s] Level 1:colcon.colcon_core.package_identification:_identify(log) by extension 'ignore'
[1.347s] Level 1:colcon.colcon_core.package_identification:_identify(log) ignored
[1.348s] Level 1:colcon.colcon_core.package_identification:_identify(ros_odrive) by extensions ['ignore', 'ignore_ament_install']
[1.348s] Level 1:colcon.colcon_core.package_identification:_identify(ros_odrive) by extension 'ignore'
[1.348s] Level 1:colcon.colcon_core.package_identification:_identify(ros_odrive) by extension 'ignore_ament_install'
[1.348s] Level 1:colcon.colcon_core.package_identification:_identify(ros_odrive) by extensions ['colcon_pkg']
[1.348s] Level 1:colcon.colcon_core.package_identification:_identify(ros_odrive) by extension 'colcon_pkg'
[1.348s] Level 1:colcon.colcon_core.package_identification:_identify(ros_odrive) by extensions ['colcon_meta']
[1.348s] Level 1:colcon.colcon_core.package_identification:_identify(ros_odrive) by extension 'colcon_meta'
[1.348s] Level 1:colcon.colcon_core.package_identification:_identify(ros_odrive) by extensions ['ros']
[1.348s] Level 1:colcon.colcon_core.package_identification:_identify(ros_odrive) by extension 'ros'
[1.348s] Level 1:colcon.colcon_core.package_identification:_identify(ros_odrive) by extensions ['cmake', 'python']
[1.348s] Level 1:colcon.colcon_core.package_identification:_identify(ros_odrive) by extension 'cmake'
[1.348s] Level 1:colcon.colcon_core.package_identification:_identify(ros_odrive) by extension 'python'
[1.348s] Level 1:colcon.colcon_core.package_identification:_identify(ros_odrive) by extensions ['python_setup_py']
[1.348s] Level 1:colcon.colcon_core.package_identification:_identify(ros_odrive) by extension 'python_setup_py'
[1.350s] Level 1:colcon.colcon_core.package_identification:_identify(ros_odrive/odrive_base) by extensions ['ignore', 'ignore_ament_install']
[1.350s] Level 1:colcon.colcon_core.package_identification:_identify(ros_odrive/odrive_base) by extension 'ignore'
[1.350s] Level 1:colcon.colcon_core.package_identification:_identify(ros_odrive/odrive_base) by extension 'ignore_ament_install'
[1.350s] Level 1:colcon.colcon_core.package_identification:_identify(ros_odrive/odrive_base) by extensions ['colcon_pkg']
[1.350s] Level 1:colcon.colcon_core.package_identification:_identify(ros_odrive/odrive_base) by extension 'colcon_pkg'
[1.350s] Level 1:colcon.colcon_core.package_identification:_identify(ros_odrive/odrive_base) by extensions ['colcon_meta']
[1.350s] Level 1:colcon.colcon_core.package_identification:_identify(ros_odrive/odrive_base) by extension 'colcon_meta'
[1.350s] Level 1:colcon.colcon_core.package_identification:_identify(ros_odrive/odrive_base) by extensions ['ros']
[1.350s] Level 1:colcon.colcon_core.package_identification:_identify(ros_odrive/odrive_base) by extension 'ros'
[1.350s] Level 1:colcon.colcon_core.package_identification:_identify(ros_odrive/odrive_base) by extensions ['cmake', 'python']
[1.350s] Level 1:colcon.colcon_core.package_identification:_identify(ros_odrive/odrive_base) by extension 'cmake'
[1.351s] Level 1:colcon.colcon_core.package_identification:_identify(ros_odrive/odrive_base) by extension 'python'
[1.351s] Level 1:colcon.colcon_core.package_identification:_identify(ros_odrive/odrive_base) by extensions ['python_setup_py']
[1.351s] Level 1:colcon.colcon_core.package_identification:_identify(ros_odrive/odrive_base) by extension 'python_setup_py'
[1.352s] Level 1:colcon.colcon_core.package_identification:_identify(ros_odrive/odrive_base/include) by extensions ['ignore', 'ignore_ament_install']
[1.352s] Level 1:colcon.colcon_core.package_identification:_identify(ros_odrive/odrive_base/include) by extension 'ignore'
[1.352s] Level 1:colcon.colcon_core.package_identification:_identify(ros_odrive/odrive_base/include) by extension 'ignore_ament_install'
[1.352s] Level 1:colcon.colcon_core.package_identification:_identify(ros_odrive/odrive_base/include) by extensions ['colcon_pkg']
[1.352s] Level 1:colcon.colcon_core.package_identification:_identify(ros_odrive/odrive_base/include) by extension 'colcon_pkg'
[1.352s] Level 1:colcon.colcon_core.package_identification:_identify(ros_odrive/odrive_base/include) by extensions ['colcon_meta']
[1.352s] Level 1:colcon.colcon_core.package_identification:_identify(ros_odrive/odrive_base/include) by extension 'colcon_meta'
[1.352s] Level 1:colcon.colcon_core.package_identification:_identify(ros_odrive/odrive_base/include) by extensions ['ros']
[1.352s] Level 1:colcon.colcon_core.package_identification:_identify(ros_odrive/odrive_base/include) by extension 'ros'
[1.352s] Level 1:colcon.colcon_core.package_identification:_identify(ros_odrive/odrive_base/include) by extensions ['cmake', 'python']
[1.352s] Level 1:colcon.colcon_core.package_identification:_identify(ros_odrive/odrive_base/include) by extension 'cmake'
[1.352s] Level 1:colcon.colcon_core.package_identification:_identify(ros_odrive/odrive_base/include) by extension 'python'
[1.352s] Level 1:colcon.colcon_core.package_identification:_identify(ros_odrive/odrive_base/include) by extensions ['python_setup_py']
[1.353s] Level 1:colcon.colcon_core.package_identification:_identify(ros_odrive/odrive_base/include) by extension 'python_setup_py'
[1.354s] Level 1:colcon.colcon_core.package_identification:_identify(ros_odrive/odrive_base/src) by extensions ['ignore', 'ignore_ament_install']
[1.354s] Level 1:colcon.colcon_core.package_identification:_identify(ros_odrive/odrive_base/src) by extension 'ignore'
[1.354s] Level 1:colcon.colcon_core.package_identification:_identify(ros_odrive/odrive_base/src) by extension 'ignore_ament_install'
[1.354s] Level 1:colcon.colcon_core.package_identification:_identify(ros_odrive/odrive_base/src) by extensions ['colcon_pkg']
[1.354s] Level 1:colcon.colcon_core.package_identification:_identify(ros_odrive/odrive_base/src) by extension 'colcon_pkg'
[1.354s] Level 1:colcon.colcon_core.package_identification:_identify(ros_odrive/odrive_base/src) by extensions ['colcon_meta']
[1.354s] Level 1:colcon.colcon_core.package_identification:_identify(ros_odrive/odrive_base/src) by extension 'colcon_meta'
[1.354s] Level 1:colcon.colcon_core.package_identification:_identify(ros_odrive/odrive_base/src) by extensions ['ros']
[1.354s] Level 1:colcon.colcon_core.package_identification:_identify(ros_odrive/odrive_base/src) by extension 'ros'
[1.354s] Level 1:colcon.colcon_core.package_identification:_identify(ros_odrive/odrive_base/src) by extensions ['cmake', 'python']
[1.354s] Level 1:colcon.colcon_core.package_identification:_identify(ros_odrive/odrive_base/src) by extension 'cmake'
[1.354s] Level 1:colcon.colcon_core.package_identification:_identify(ros_odrive/odrive_base/src) by extension 'python'
[1.354s] Level 1:colcon.colcon_core.package_identification:_identify(ros_odrive/odrive_base/src) by extensions ['python_setup_py']
[1.354s] Level 1:colcon.colcon_core.package_identification:_identify(ros_odrive/odrive_base/src) by extension 'python_setup_py'
[1.356s] Level 1:colcon.colcon_core.package_identification:_identify(ros_odrive/odrive_botwheel_explorer) by extensions ['ignore', 'ignore_ament_install']
[1.356s] Level 1:colcon.colcon_core.package_identification:_identify(ros_odrive/odrive_botwheel_explorer) by extension 'ignore'
[1.356s] Level 1:colcon.colcon_core.package_identification:_identify(ros_odrive/odrive_botwheel_explorer) by extension 'ignore_ament_install'
[1.356s] Level 1:colcon.colcon_core.package_identification:_identify(ros_odrive/odrive_botwheel_explorer) by extensions ['colcon_pkg']
[1.356s] Level 1:colcon.colcon_core.package_identification:_identify(ros_odrive/odrive_botwheel_explorer) by extension 'colcon_pkg'
[1.356s] Level 1:colcon.colcon_core.package_identification:_identify(ros_odrive/odrive_botwheel_explorer) by extensions ['colcon_meta']
[1.356s] Level 1:colcon.colcon_core.package_identification:_identify(ros_odrive/odrive_botwheel_explorer) by extension 'colcon_meta'
[1.356s] Level 1:colcon.colcon_core.package_identification:_identify(ros_odrive/odrive_botwheel_explorer) by extensions ['ros']
[1.356s] Level 1:colcon.colcon_core.package_identification:_identify(ros_odrive/odrive_botwheel_explorer) by extension 'ros'
[1.363s] DEBUG:colcon.colcon_core.package_identification:Package 'ros_odrive/odrive_botwheel_explorer' with type 'ros.ament_cmake' and name 'odrive_botwheel_explorer'
[1.364s] Level 1:colcon.colcon_core.package_identification:_identify(ros_odrive/odrive_node) by extensions ['ignore', 'ignore_ament_install']
[1.364s] Level 1:colcon.colcon_core.package_identification:_identify(ros_odrive/odrive_node) by extension 'ignore'
[1.364s] Level 1:colcon.colcon_core.package_identification:_identify(ros_odrive/odrive_node) by extension 'ignore_ament_install'
[1.364s] Level 1:colcon.colcon_core.package_identification:_identify(ros_odrive/odrive_node) by extensions ['colcon_pkg']
[1.364s] Level 1:colcon.colcon_core.package_identification:_identify(ros_odrive/odrive_node) by extension 'colcon_pkg'
[1.364s] Level 1:colcon.colcon_core.package_identification:_identify(ros_odrive/odrive_node) by extensions ['colcon_meta']
[1.364s] Level 1:colcon.colcon_core.package_identification:_identify(ros_odrive/odrive_node) by extension 'colcon_meta'
[1.365s] Level 1:colcon.colcon_core.package_identification:_identify(ros_odrive/odrive_node) by extensions ['ros']
[1.365s] Level 1:colcon.colcon_core.package_identification:_identify(ros_odrive/odrive_node) by extension 'ros'
[1.366s] DEBUG:colcon.colcon_core.package_identification:Package 'ros_odrive/odrive_node' with type 'ros.ament_cmake' and name 'odrive_can'
[1.367s] Level 1:colcon.colcon_core.package_identification:_identify(ros_odrive/odrive_ros2_control) by extensions ['ignore', 'ignore_ament_install']
[1.367s] Level 1:colcon.colcon_core.package_identification:_identify(ros_odrive/odrive_ros2_control) by extension 'ignore'
[1.368s] Level 1:colcon.colcon_core.package_identification:_identify(ros_odrive/odrive_ros2_control) by extension 'ignore_ament_install'
[1.368s] Level 1:colcon.colcon_core.package_identification:_identify(ros_odrive/odrive_ros2_control) by extensions ['colcon_pkg']
[1.368s] Level 1:colcon.colcon_core.package_identification:_identify(ros_odrive/odrive_ros2_control) by extension 'colcon_pkg'
[1.368s] Level 1:colcon.colcon_core.package_identification:_identify(ros_odrive/odrive_ros2_control) by extensions ['colcon_meta']
[1.368s] Level 1:colcon.colcon_core.package_identification:_identify(ros_odrive/odrive_ros2_control) by extension 'colcon_meta'
[1.368s] Level 1:colcon.colcon_core.package_identification:_identify(ros_odrive/odrive_ros2_control) by extensions ['ros']
[1.368s] Level 1:colcon.colcon_core.package_identification:_identify(ros_odrive/odrive_ros2_control) by extension 'ros'
[1.369s] DEBUG:colcon.colcon_core.package_identification:Package 'ros_odrive/odrive_ros2_control' with type 'ros.ament_cmake' and name 'odrive_ros2_control'
[1.371s] Level 1:colcon.colcon_core.package_identification:_identify(scarabarm_control) by extensions ['ignore', 'ignore_ament_install']
[1.371s] Level 1:colcon.colcon_core.package_identification:_identify(scarabarm_control) by extension 'ignore'
[1.371s] Level 1:colcon.colcon_core.package_identification:_identify(scarabarm_control) by extension 'ignore_ament_install'
[1.371s] Level 1:colcon.colcon_core.package_identification:_identify(scarabarm_control) by extensions ['colcon_pkg']
[1.371s] Level 1:colcon.colcon_core.package_identification:_identify(scarabarm_control) by extension 'colcon_pkg'
[1.371s] Level 1:colcon.colcon_core.package_identification:_identify(scarabarm_control) by extensions ['colcon_meta']
[1.371s] Level 1:colcon.colcon_core.package_identification:_identify(scarabarm_control) by extension 'colcon_meta'
[1.372s] Level 1:colcon.colcon_core.package_identification:_identify(scarabarm_control) by extensions ['ros']
[1.372s] Level 1:colcon.colcon_core.package_identification:_identify(scarabarm_control) by extension 'ros'
[1.373s] DEBUG:colcon.colcon_core.package_identification:Package 'scarabarm_control' with type 'ros.ament_python' and name 'scarabarm_control'
[1.374s] Level 1:colcon.colcon_core.package_identification:_identify(scarabarm_description) by extensions ['ignore', 'ignore_ament_install']
[1.374s] Level 1:colcon.colcon_core.package_identification:_identify(scarabarm_description) by extension 'ignore'
[1.374s] Level 1:colcon.colcon_core.package_identification:_identify(scarabarm_description) by extension 'ignore_ament_install'
[1.374s] Level 1:colcon.colcon_core.package_identification:_identify(scarabarm_description) by extensions ['colcon_pkg']
[1.374s] Level 1:colcon.colcon_core.package_identification:_identify(scarabarm_description) by extension 'colcon_pkg'
[1.374s] Level 1:colcon.colcon_core.package_identification:_identify(scarabarm_description) by extensions ['colcon_meta']
[1.374s] Level 1:colcon.colcon_core.package_identification:_identify(scarabarm_description) by extension 'colcon_meta'
[1.374s] Level 1:colcon.colcon_core.package_identification:_identify(scarabarm_description) by extensions ['ros']
[1.374s] Level 1:colcon.colcon_core.package_identification:_identify(scarabarm_description) by extension 'ros'
[1.374s] Level 1:colcon.colcon_core.package_identification:_identify(scarabarm_description) by extensions ['cmake', 'python']
[1.374s] Level 1:colcon.colcon_core.package_identification:_identify(scarabarm_description) by extension 'cmake'
[1.374s] Level 1:colcon.colcon_core.package_identification:_identify(scarabarm_description) by extension 'python'
[1.374s] Level 1:colcon.colcon_core.package_identification:_identify(scarabarm_description) by extensions ['python_setup_py']
[1.374s] Level 1:colcon.colcon_core.package_identification:_identify(scarabarm_description) by extension 'python_setup_py'
[1.375s] Level 1:colcon.colcon_core.package_identification:_identify(scarabarm_description/arm) by extensions ['ignore', 'ignore_ament_install']
[1.375s] Level 1:colcon.colcon_core.package_identification:_identify(scarabarm_description/arm) by extension 'ignore'
[1.376s] Level 1:colcon.colcon_core.package_identification:_identify(scarabarm_description/arm) by extension 'ignore_ament_install'
[1.376s] Level 1:colcon.colcon_core.package_identification:_identify(scarabarm_description/arm) by extensions ['colcon_pkg']
[1.376s] Level 1:colcon.colcon_core.package_identification:_identify(scarabarm_description/arm) by extension 'colcon_pkg'
[1.376s] Level 1:colcon.colcon_core.package_identification:_identify(scarabarm_description/arm) by extensions ['colcon_meta']
[1.376s] Level 1:colcon.colcon_core.package_identification:_identify(scarabarm_description/arm) by extension 'colcon_meta'
[1.376s] Level 1:colcon.colcon_core.package_identification:_identify(scarabarm_description/arm) by extensions ['ros']
[1.376s] Level 1:colcon.colcon_core.package_identification:_identify(scarabarm_description/arm) by extension 'ros'
[1.376s] Level 1:colcon.colcon_core.package_identification:_identify(scarabarm_description/arm) by extensions ['cmake', 'python']
[1.376s] Level 1:colcon.colcon_core.package_identification:_identify(scarabarm_description/arm) by extension 'cmake'
[1.376s] Level 1:colcon.colcon_core.package_identification:_identify(scarabarm_description/arm) by extension 'python'
[1.376s] Level 1:colcon.colcon_core.package_identification:_identify(scarabarm_description/arm) by extensions ['python_setup_py']
[1.376s] Level 1:colcon.colcon_core.package_identification:_identify(scarabarm_description/arm) by extension 'python_setup_py'
[1.376s] Level 1:colcon.colcon_core.package_identification:_identify(scarabarm_description/arm/Arm_description) by extensions ['ignore', 'ignore_ament_install']
[1.377s] Level 1:colcon.colcon_core.package_identification:_identify(scarabarm_description/arm/Arm_description) by extension 'ignore'
[1.377s] Level 1:colcon.colcon_core.package_identification:_identify(scarabarm_description/arm/Arm_description) by extension 'ignore_ament_install'
[1.377s] Level 1:colcon.colcon_core.package_identification:_identify(scarabarm_description/arm/Arm_description) by extensions ['colcon_pkg']
[1.377s] Level 1:colcon.colcon_core.package_identification:_identify(scarabarm_description/arm/Arm_description) by extension 'colcon_pkg'
[1.377s] Level 1:colcon.colcon_core.package_identification:_identify(scarabarm_description/arm/Arm_description) by extensions ['colcon_meta']
[1.377s] Level 1:colcon.colcon_core.package_identification:_identify(scarabarm_description/arm/Arm_description) by extension 'colcon_meta'
[1.377s] Level 1:colcon.colcon_core.package_identification:_identify(scarabarm_description/arm/Arm_description) by extensions ['ros']
[1.377s] Level 1:colcon.colcon_core.package_identification:_identify(scarabarm_description/arm/Arm_description) by extension 'ros'
[1.379s] DEBUG:colcon.colcon_core.package_identification:Package 'scarabarm_description/arm/Arm_description' with type 'ros.ament_python' and name 'Arm_description'
[1.380s] Level 1:colcon.colcon_core.package_identification:_identify(scarabarm_description/ee) by extensions ['ignore', 'ignore_ament_install']
[1.380s] Level 1:colcon.colcon_core.package_identification:_identify(scarabarm_description/ee) by extension 'ignore'
[1.380s] Level 1:colcon.colcon_core.package_identification:_identify(scarabarm_description/ee) by extension 'ignore_ament_install'
[1.380s] Level 1:colcon.colcon_core.package_identification:_identify(scarabarm_description/ee) by extensions ['colcon_pkg']
[1.380s] Level 1:colcon.colcon_core.package_identification:_identify(scarabarm_description/ee) by extension 'colcon_pkg'
[1.380s] Level 1:colcon.colcon_core.package_identification:_identify(scarabarm_description/ee) by extensions ['colcon_meta']
[1.380s] Level 1:colcon.colcon_core.package_identification:_identify(scarabarm_description/ee) by extension 'colcon_meta'
[1.380s] Level 1:colcon.colcon_core.package_identification:_identify(scarabarm_description/ee) by extensions ['ros']
[1.380s] Level 1:colcon.colcon_core.package_identification:_identify(scarabarm_description/ee) by extension 'ros'
[1.381s] Level 1:colcon.colcon_core.package_identification:_identify(scarabarm_description/ee) by extensions ['cmake', 'python']
[1.381s] Level 1:colcon.colcon_core.package_identification:_identify(scarabarm_description/ee) by extension 'cmake'
[1.381s] Level 1:colcon.colcon_core.package_identification:_identify(scarabarm_description/ee) by extension 'python'
[1.381s] Level 1:colcon.colcon_core.package_identification:_identify(scarabarm_description/ee) by extensions ['python_setup_py']
[1.381s] Level 1:colcon.colcon_core.package_identification:_identify(scarabarm_description/ee) by extension 'python_setup_py'
[1.382s] Level 1:colcon.colcon_core.package_identification:_identify(scarabarm_description/ee/gripper_sim_description) by extensions ['ignore', 'ignore_ament_install']
[1.382s] Level 1:colcon.colcon_core.package_identification:_identify(scarabarm_description/ee/gripper_sim_description) by extension 'ignore'
[1.382s] Level 1:colcon.colcon_core.package_identification:_identify(scarabarm_description/ee/gripper_sim_description) by extension 'ignore_ament_install'
[1.382s] Level 1:colcon.colcon_core.package_identification:_identify(scarabarm_description/ee/gripper_sim_description) by extensions ['colcon_pkg']
[1.382s] Level 1:colcon.colcon_core.package_identification:_identify(scarabarm_description/ee/gripper_sim_description) by extension 'colcon_pkg'
[1.382s] Level 1:colcon.colcon_core.package_identification:_identify(scarabarm_description/ee/gripper_sim_description) by extensions ['colcon_meta']
[1.382s] Level 1:colcon.colcon_core.package_identification:_identify(scarabarm_description/ee/gripper_sim_description) by extension 'colcon_meta'
[1.382s] Level 1:colcon.colcon_core.package_identification:_identify(scarabarm_description/ee/gripper_sim_description) by extensions ['ros']
[1.382s] Level 1:colcon.colcon_core.package_identification:_identify(scarabarm_description/ee/gripper_sim_description) by extension 'ros'
[1.383s] DEBUG:colcon.colcon_core.package_identification:Package 'scarabarm_description/ee/gripper_sim_description' with type 'ros.ament_python' and name 'gripper_sim_description'
[1.384s] Level 1:colcon.colcon_core.package_identification:_identify(scarabarm_description/full_scrab_arm) by extensions ['ignore', 'ignore_ament_install']
[1.384s] Level 1:colcon.colcon_core.package_identification:_identify(scarabarm_description/full_scrab_arm) by extension 'ignore'
[1.384s] Level 1:colcon.colcon_core.package_identification:_identify(scarabarm_description/full_scrab_arm) by extension 'ignore_ament_install'
[1.384s] Level 1:colcon.colcon_core.package_identification:_identify(scarabarm_description/full_scrab_arm) by extensions ['colcon_pkg']
[1.384s] Level 1:colcon.colcon_core.package_identification:_identify(scarabarm_description/full_scrab_arm) by extension 'colcon_pkg'
[1.385s] Level 1:colcon.colcon_core.package_identification:_identify(scarabarm_description/full_scrab_arm) by extensions ['colcon_meta']
[1.385s] Level 1:colcon.colcon_core.package_identification:_identify(scarabarm_description/full_scrab_arm) by extension 'colcon_meta'
[1.385s] Level 1:colcon.colcon_core.package_identification:_identify(scarabarm_description/full_scrab_arm) by extensions ['ros']
[1.385s] Level 1:colcon.colcon_core.package_identification:_identify(scarabarm_description/full_scrab_arm) by extension 'ros'
[1.385s] DEBUG:colcon.colcon_core.package_identification:Package 'scarabarm_description/full_scrab_arm' with type 'ros.ament_cmake' and name 'full_scrab_arm'
[1.386s] Level 1:colcon.colcon_core.package_identification:_identify(scarabarm_description/include) by extensions ['ignore', 'ignore_ament_install']
[1.386s] Level 1:colcon.colcon_core.package_identification:_identify(scarabarm_description/include) by extension 'ignore'
[1.386s] Level 1:colcon.colcon_core.package_identification:_identify(scarabarm_description/include) by extension 'ignore_ament_install'
[1.386s] Level 1:colcon.colcon_core.package_identification:_identify(scarabarm_description/include) by extensions ['colcon_pkg']
[1.386s] Level 1:colcon.colcon_core.package_identification:_identify(scarabarm_description/include) by extension 'colcon_pkg'
[1.386s] Level 1:colcon.colcon_core.package_identification:_identify(scarabarm_description/include) by extensions ['colcon_meta']
[1.386s] Level 1:colcon.colcon_core.package_identification:_identify(scarabarm_description/include) by extension 'colcon_meta'
[1.387s] Level 1:colcon.colcon_core.package_identification:_identify(scarabarm_description/include) by extensions ['ros']
[1.387s] Level 1:colcon.colcon_core.package_identification:_identify(scarabarm_description/include) by extension 'ros'
[1.387s] Level 1:colcon.colcon_core.package_identification:_identify(scarabarm_description/include) by extensions ['cmake', 'python']
[1.387s] Level 1:colcon.colcon_core.package_identification:_identify(scarabarm_description/include) by extension 'cmake'
[1.387s] Level 1:colcon.colcon_core.package_identification:_identify(scarabarm_description/include) by extension 'python'
[1.387s] Level 1:colcon.colcon_core.package_identification:_identify(scarabarm_description/include) by extensions ['python_setup_py']
[1.387s] Level 1:colcon.colcon_core.package_identification:_identify(scarabarm_description/include) by extension 'python_setup_py'
[1.388s] Level 1:colcon.colcon_core.package_identification:_identify(scarabarm_description/include/scarabarm_description) by extensions ['ignore', 'ignore_ament_install']
[1.388s] Level 1:colcon.colcon_core.package_identification:_identify(scarabarm_description/include/scarabarm_description) by extension 'ignore'
[1.388s] Level 1:colcon.colcon_core.package_identification:_identify(scarabarm_description/include/scarabarm_description) by extension 'ignore_ament_install'
[1.388s] Level 1:colcon.colcon_core.package_identification:_identify(scarabarm_description/include/scarabarm_description) by extensions ['colcon_pkg']
[1.388s] Level 1:colcon.colcon_core.package_identification:_identify(scarabarm_description/include/scarabarm_description) by extension 'colcon_pkg'
[1.388s] Level 1:colcon.colcon_core.package_identification:_identify(scarabarm_description/include/scarabarm_description) by extensions ['colcon_meta']
[1.388s] Level 1:colcon.colcon_core.package_identification:_identify(scarabarm_description/include/scarabarm_description) by extension 'colcon_meta'
[1.388s] Level 1:colcon.colcon_core.package_identification:_identify(scarabarm_description/include/scarabarm_description) by extensions ['ros']
[1.388s] Level 1:colcon.colcon_core.package_identification:_identify(scarabarm_description/include/scarabarm_description) by extension 'ros'
[1.388s] Level 1:colcon.colcon_core.package_identification:_identify(scarabarm_description/include/scarabarm_description) by extensions ['cmake', 'python']
[1.388s] Level 1:colcon.colcon_core.package_identification:_identify(scarabarm_description/include/scarabarm_description) by extension 'cmake'
[1.388s] Level 1:colcon.colcon_core.package_identification:_identify(scarabarm_description/include/scarabarm_description) by extension 'python'
[1.388s] Level 1:colcon.colcon_core.package_identification:_identify(scarabarm_description/include/scarabarm_description) by extensions ['python_setup_py']
[1.388s] Level 1:colcon.colcon_core.package_identification:_identify(scarabarm_description/include/scarabarm_description) by extension 'python_setup_py'
[1.389s] Level 1:colcon.colcon_core.package_identification:_identify(scarabarm_description/src) by extensions ['ignore', 'ignore_ament_install']
[1.389s] Level 1:colcon.colcon_core.package_identification:_identify(scarabarm_description/src) by extension 'ignore'
[1.389s] Level 1:colcon.colcon_core.package_identification:_identify(scarabarm_description/src) by extension 'ignore_ament_install'
[1.389s] Level 1:colcon.colcon_core.package_identification:_identify(scarabarm_description/src) by extensions ['colcon_pkg']
[1.389s] Level 1:colcon.colcon_core.package_identification:_identify(scarabarm_description/src) by extension 'colcon_pkg'
[1.389s] Level 1:colcon.colcon_core.package_identification:_identify(scarabarm_description/src) by extensions ['colcon_meta']
[1.389s] Level 1:colcon.colcon_core.package_identification:_identify(scarabarm_description/src) by extension 'colcon_meta'
[1.389s] Level 1:colcon.colcon_core.package_identification:_identify(scarabarm_description/src) by extensions ['ros']
[1.389s] Level 1:colcon.colcon_core.package_identification:_identify(scarabarm_description/src) by extension 'ros'
[1.389s] Level 1:colcon.colcon_core.package_identification:_identify(scarabarm_description/src) by extensions ['cmake', 'python']
[1.389s] Level 1:colcon.colcon_core.package_identification:_identify(scarabarm_description/src) by extension 'cmake'
[1.389s] Level 1:colcon.colcon_core.package_identification:_identify(scarabarm_description/src) by extension 'python'
[1.389s] Level 1:colcon.colcon_core.package_identification:_identify(scarabarm_description/src) by extensions ['python_setup_py']
[1.389s] Level 1:colcon.colcon_core.package_identification:_identify(scarabarm_description/src) by extension 'python_setup_py'
[1.390s] Level 1:colcon.colcon_core.package_identification:_identify(scarabarm_description/worlds) by extensions ['ignore', 'ignore_ament_install']
[1.390s] Level 1:colcon.colcon_core.package_identification:_identify(scarabarm_description/worlds) by extension 'ignore'
[1.390s] Level 1:colcon.colcon_core.package_identification:_identify(scarabarm_description/worlds) by extension 'ignore_ament_install'
[1.390s] Level 1:colcon.colcon_core.package_identification:_identify(scarabarm_description/worlds) by extensions ['colcon_pkg']
[1.390s] Level 1:colcon.colcon_core.package_identification:_identify(scarabarm_description/worlds) by extension 'colcon_pkg'
[1.390s] Level 1:colcon.colcon_core.package_identification:_identify(scarabarm_description/worlds) by extensions ['colcon_meta']
[1.390s] Level 1:colcon.colcon_core.package_identification:_identify(scarabarm_description/worlds) by extension 'colcon_meta'
[1.390s] Level 1:colcon.colcon_core.package_identification:_identify(scarabarm_description/worlds) by extensions ['ros']
[1.390s] Level 1:colcon.colcon_core.package_identification:_identify(scarabarm_description/worlds) by extension 'ros'
[1.390s] Level 1:colcon.colcon_core.package_identification:_identify(scarabarm_description/worlds) by extensions ['cmake', 'python']
[1.390s] Level 1:colcon.colcon_core.package_identification:_identify(scarabarm_description/worlds) by extension 'cmake'
[1.390s] Level 1:colcon.colcon_core.package_identification:_identify(scarabarm_description/worlds) by extension 'python'
[1.390s] Level 1:colcon.colcon_core.package_identification:_identify(scarabarm_description/worlds) by extensions ['python_setup_py']
[1.390s] Level 1:colcon.colcon_core.package_identification:_identify(scarabarm_description/worlds) by extension 'python_setup_py'
[1.391s] Level 1:colcon.colcon_core.package_identification:_identify(scarabarm_moveit) by extensions ['ignore', 'ignore_ament_install']
[1.391s] Level 1:colcon.colcon_core.package_identification:_identify(scarabarm_moveit) by extension 'ignore'
[1.391s] Level 1:colcon.colcon_core.package_identification:_identify(scarabarm_moveit) by extension 'ignore_ament_install'
[1.391s] Level 1:colcon.colcon_core.package_identification:_identify(scarabarm_moveit) by extensions ['colcon_pkg']
[1.391s] Level 1:colcon.colcon_core.package_identification:_identify(scarabarm_moveit) by extension 'colcon_pkg'
[1.391s] Level 1:colcon.colcon_core.package_identification:_identify(scarabarm_moveit) by extensions ['colcon_meta']
[1.391s] Level 1:colcon.colcon_core.package_identification:_identify(scarabarm_moveit) by extension 'colcon_meta'
[1.391s] Level 1:colcon.colcon_core.package_identification:_identify(scarabarm_moveit) by extensions ['ros']
[1.391s] Level 1:colcon.colcon_core.package_identification:_identify(scarabarm_moveit) by extension 'ros'
[1.392s] DEBUG:colcon.colcon_core.package_identification:Package 'scarabarm_moveit' with type 'ros.ament_cmake' and name 'scarabarm_moveit'
[1.393s] Level 1:colcon.colcon_core.package_identification:_identify(scarabarm_odrive) by extensions ['ignore', 'ignore_ament_install']
[1.393s] Level 1:colcon.colcon_core.package_identification:_identify(scarabarm_odrive) by extension 'ignore'
[1.393s] Level 1:colcon.colcon_core.package_identification:_identify(scarabarm_odrive) by extension 'ignore_ament_install'
[1.393s] Level 1:colcon.colcon_core.package_identification:_identify(scarabarm_odrive) by extensions ['colcon_pkg']
[1.393s] Level 1:colcon.colcon_core.package_identification:_identify(scarabarm_odrive) by extension 'colcon_pkg'
[1.393s] Level 1:colcon.colcon_core.package_identification:_identify(scarabarm_odrive) by extensions ['colcon_meta']
[1.393s] Level 1:colcon.colcon_core.package_identification:_identify(scarabarm_odrive) by extension 'colcon_meta'
[1.393s] Level 1:colcon.colcon_core.package_identification:_identify(scarabarm_odrive) by extensions ['ros']
[1.393s] Level 1:colcon.colcon_core.package_identification:_identify(scarabarm_odrive) by extension 'ros'
[1.395s] DEBUG:colcon.colcon_core.package_identification:Package 'scarabarm_odrive' with type 'ros.ament_python' and name 'scarabarm_odrive'
[1.395s] Level 1:colcon.colcon_core.package_discovery:discover_packages(recursive) using defaults
[1.405s] Level 1:colcon.colcon_core.package_discovery:discover_packages(ignore) discover
[1.405s] Level 1:colcon.colcon_core.package_discovery:discover_packages(ignore) using defaults
[1.405s] Level 1:colcon.colcon_core.package_discovery:discover_packages(path) discover
[1.405s] Level 1:colcon.colcon_core.package_discovery:discover_packages(path) using defaults
[1.477s] Level 5:colcon.colcon_core.verb:set package 'Arm_description' build argument 'cmake_args' from command line to 'None'
[1.477s] Level 5:colcon.colcon_core.verb:set package 'Arm_description' build argument 'cmake_target' from command line to 'None'
[1.477s] Level 5:colcon.colcon_core.verb:set package 'Arm_description' build argument 'cmake_target_skip_unavailable' from command line to 'False'
[1.477s] Level 5:colcon.colcon_core.verb:set package 'Arm_description' build argument 'cmake_clean_cache' from command line to 'False'
[1.477s] Level 5:colcon.colcon_core.verb:set package 'Arm_description' build argument 'cmake_clean_first' from command line to 'False'
[1.477s] Level 5:colcon.colcon_core.verb:set package 'Arm_description' build argument 'cmake_force_configure' from command line to 'False'
[1.477s] Level 5:colcon.colcon_core.verb:set package 'Arm_description' build argument 'ament_cmake_args' from command line to 'None'
[1.477s] Level 5:colcon.colcon_core.verb:set package 'Arm_description' build argument 'catkin_cmake_args' from command line to 'None'
[1.477s] Level 5:colcon.colcon_core.verb:set package 'Arm_description' build argument 'catkin_skip_building_tests' from command line to 'False'
[1.477s] DEBUG:colcon.colcon_core.verb:Building package 'Arm_description' with the following arguments: {'ament_cmake_args': None, 'build_base': '/home/student/scarab_ros2/src/scarabarm_ros2/build/Arm_description', 'catkin_cmake_args': None, 'catkin_skip_building_tests': False, 'cmake_args': None, 'cmake_clean_cache': False, 'cmake_clean_first': False, 'cmake_force_configure': False, 'cmake_target': None, 'cmake_target_skip_unavailable': False, 'install_base': '/home/student/scarab_ros2/src/scarabarm_ros2/install/Arm_description', 'merge_install': False, 'path': '/home/student/scarab_ros2/src/scarabarm_ros2/scarabarm_description/arm/Arm_description', 'symlink_install': True, 'test_result_base': None}
[1.477s] Level 5:colcon.colcon_core.verb:set package 'gripper_sim_description' build argument 'cmake_args' from command line to 'None'
[1.477s] Level 5:colcon.colcon_core.verb:set package 'gripper_sim_description' build argument 'cmake_target' from command line to 'None'
[1.477s] Level 5:colcon.colcon_core.verb:set package 'gripper_sim_description' build argument 'cmake_target_skip_unavailable' from command line to 'False'
[1.477s] Level 5:colcon.colcon_core.verb:set package 'gripper_sim_description' build argument 'cmake_clean_cache' from command line to 'False'
[1.477s] Level 5:colcon.colcon_core.verb:set package 'gripper_sim_description' build argument 'cmake_clean_first' from command line to 'False'
[1.477s] Level 5:colcon.colcon_core.verb:set package 'gripper_sim_description' build argument 'cmake_force_configure' from command line to 'False'
[1.477s] Level 5:colcon.colcon_core.verb:set package 'gripper_sim_description' build argument 'ament_cmake_args' from command line to 'None'
[1.477s] Level 5:colcon.colcon_core.verb:set package 'gripper_sim_description' build argument 'catkin_cmake_args' from command line to 'None'
[1.478s] Level 5:colcon.colcon_core.verb:set package 'gripper_sim_description' build argument 'catkin_skip_building_tests' from command line to 'False'
[1.478s] DEBUG:colcon.colcon_core.verb:Building package 'gripper_sim_description' with the following arguments: {'ament_cmake_args': None, 'build_base': '/home/student/scarab_ros2/src/scarabarm_ros2/build/gripper_sim_description', 'catkin_cmake_args': None, 'catkin_skip_building_tests': False, 'cmake_args': None, 'cmake_clean_cache': False, 'cmake_clean_first': False, 'cmake_force_configure': False, 'cmake_target': None, 'cmake_target_skip_unavailable': False, 'install_base': '/home/student/scarab_ros2/src/scarabarm_ros2/install/gripper_sim_description', 'merge_install': False, 'path': '/home/student/scarab_ros2/src/scarabarm_ros2/scarabarm_description/ee/gripper_sim_description', 'symlink_install': True, 'test_result_base': None}
[1.478s] Level 5:colcon.colcon_core.verb:set package 'odrive_can' build argument 'cmake_args' from command line to 'None'
[1.478s] Level 5:colcon.colcon_core.verb:set package 'odrive_can' build argument 'cmake_target' from command line to 'None'
[1.478s] Level 5:colcon.colcon_core.verb:set package 'odrive_can' build argument 'cmake_target_skip_unavailable' from command line to 'False'
[1.478s] Level 5:colcon.colcon_core.verb:set package 'odrive_can' build argument 'cmake_clean_cache' from command line to 'False'
[1.478s] Level 5:colcon.colcon_core.verb:set package 'odrive_can' build argument 'cmake_clean_first' from command line to 'False'
[1.478s] Level 5:colcon.colcon_core.verb:set package 'odrive_can' build argument 'cmake_force_configure' from command line to 'False'
[1.478s] Level 5:colcon.colcon_core.verb:set package 'odrive_can' build argument 'ament_cmake_args' from command line to 'None'
[1.478s] Level 5:colcon.colcon_core.verb:set package 'odrive_can' build argument 'catkin_cmake_args' from command line to 'None'
[1.478s] Level 5:colcon.colcon_core.verb:set package 'odrive_can' build argument 'catkin_skip_building_tests' from command line to 'False'
[1.478s] DEBUG:colcon.colcon_core.verb:Building package 'odrive_can' with the following arguments: {'ament_cmake_args': None, 'build_base': '/home/student/scarab_ros2/src/scarabarm_ros2/build/odrive_can', 'catkin_cmake_args': None, 'catkin_skip_building_tests': False, 'cmake_args': None, 'cmake_clean_cache': False, 'cmake_clean_first': False, 'cmake_force_configure': False, 'cmake_target': None, 'cmake_target_skip_unavailable': False, 'install_base': '/home/student/scarab_ros2/src/scarabarm_ros2/install/odrive_can', 'merge_install': False, 'path': '/home/student/scarab_ros2/src/scarabarm_ros2/ros_odrive/odrive_node', 'symlink_install': True, 'test_result_base': None}
[1.478s] Level 5:colcon.colcon_core.verb:set package 'odrive_ros2_control' build argument 'cmake_args' from command line to 'None'
[1.478s] Level 5:colcon.colcon_core.verb:set package 'odrive_ros2_control' build argument 'cmake_target' from command line to 'None'
[1.478s] Level 5:colcon.colcon_core.verb:set package 'odrive_ros2_control' build argument 'cmake_target_skip_unavailable' from command line to 'False'
[1.478s] Level 5:colcon.colcon_core.verb:set package 'odrive_ros2_control' build argument 'cmake_clean_cache' from command line to 'False'
[1.478s] Level 5:colcon.colcon_core.verb:set package 'odrive_ros2_control' build argument 'cmake_clean_first' from command line to 'False'
[1.478s] Level 5:colcon.colcon_core.verb:set package 'odrive_ros2_control' build argument 'cmake_force_configure' from command line to 'False'
[1.478s] Level 5:colcon.colcon_core.verb:set package 'odrive_ros2_control' build argument 'ament_cmake_args' from command line to 'None'
[1.478s] Level 5:colcon.colcon_core.verb:set package 'odrive_ros2_control' build argument 'catkin_cmake_args' from command line to 'None'
[1.478s] Level 5:colcon.colcon_core.verb:set package 'odrive_ros2_control' build argument 'catkin_skip_building_tests' from command line to 'False'
[1.478s] DEBUG:colcon.colcon_core.verb:Building package 'odrive_ros2_control' with the following arguments: {'ament_cmake_args': None, 'build_base': '/home/student/scarab_ros2/src/scarabarm_ros2/build/odrive_ros2_control', 'catkin_cmake_args': None, 'catkin_skip_building_tests': False, 'cmake_args': None, 'cmake_clean_cache': False, 'cmake_clean_first': False, 'cmake_force_configure': False, 'cmake_target': None, 'cmake_target_skip_unavailable': False, 'install_base': '/home/student/scarab_ros2/src/scarabarm_ros2/install/odrive_ros2_control', 'merge_install': False, 'path': '/home/student/scarab_ros2/src/scarabarm_ros2/ros_odrive/odrive_ros2_control', 'symlink_install': True, 'test_result_base': None}
[1.479s] Level 5:colcon.colcon_core.verb:set package 'scarabarm_control' build argument 'cmake_args' from command line to 'None'
[1.479s] Level 5:colcon.colcon_core.verb:set package 'scarabarm_control' build argument 'cmake_target' from command line to 'None'
[1.479s] Level 5:colcon.colcon_core.verb:set package 'scarabarm_control' build argument 'cmake_target_skip_unavailable' from command line to 'False'
[1.479s] Level 5:colcon.colcon_core.verb:set package 'scarabarm_control' build argument 'cmake_clean_cache' from command line to 'False'
[1.479s] Level 5:colcon.colcon_core.verb:set package 'scarabarm_control' build argument 'cmake_clean_first' from command line to 'False'
[1.479s] Level 5:colcon.colcon_core.verb:set package 'scarabarm_control' build argument 'cmake_force_configure' from command line to 'False'
[1.479s] Level 5:colcon.colcon_core.verb:set package 'scarabarm_control' build argument 'ament_cmake_args' from command line to 'None'
[1.479s] Level 5:colcon.colcon_core.verb:set package 'scarabarm_control' build argument 'catkin_cmake_args' from command line to 'None'
[1.479s] Level 5:colcon.colcon_core.verb:set package 'scarabarm_control' build argument 'catkin_skip_building_tests' from command line to 'False'
[1.479s] DEBUG:colcon.colcon_core.verb:Building package 'scarabarm_control' with the following arguments: {'ament_cmake_args': None, 'build_base': '/home/student/scarab_ros2/src/scarabarm_ros2/build/scarabarm_control', 'catkin_cmake_args': None, 'catkin_skip_building_tests': False, 'cmake_args': None, 'cmake_clean_cache': False, 'cmake_clean_first': False, 'cmake_force_configure': False, 'cmake_target': None, 'cmake_target_skip_unavailable': False, 'install_base': '/home/student/scarab_ros2/src/scarabarm_ros2/install/scarabarm_control', 'merge_install': False, 'path': '/home/student/scarab_ros2/src/scarabarm_ros2/scarabarm_control', 'symlink_install': True, 'test_result_base': None}
[1.479s] Level 5:colcon.colcon_core.verb:set package 'full_scrab_arm' build argument 'cmake_args' from command line to 'None'
[1.479s] Level 5:colcon.colcon_core.verb:set package 'full_scrab_arm' build argument 'cmake_target' from command line to 'None'
[1.479s] Level 5:colcon.colcon_core.verb:set package 'full_scrab_arm' build argument 'cmake_target_skip_unavailable' from command line to 'False'
[1.479s] Level 5:colcon.colcon_core.verb:set package 'full_scrab_arm' build argument 'cmake_clean_cache' from command line to 'False'
[1.479s] Level 5:colcon.colcon_core.verb:set package 'full_scrab_arm' build argument 'cmake_clean_first' from command line to 'False'
[1.479s] Level 5:colcon.colcon_core.verb:set package 'full_scrab_arm' build argument 'cmake_force_configure' from command line to 'False'
[1.479s] Level 5:colcon.colcon_core.verb:set package 'full_scrab_arm' build argument 'ament_cmake_args' from command line to 'None'
[1.479s] Level 5:colcon.colcon_core.verb:set package 'full_scrab_arm' build argument 'catkin_cmake_args' from command line to 'None'
[1.479s] Level 5:colcon.colcon_core.verb:set package 'full_scrab_arm' build argument 'catkin_skip_building_tests' from command line to 'False'
[1.479s] DEBUG:colcon.colcon_core.verb:Building package 'full_scrab_arm' with the following arguments: {'ament_cmake_args': None, 'build_base': '/home/student/scarab_ros2/src/scarabarm_ros2/build/full_scrab_arm', 'catkin_cmake_args': None, 'catkin_skip_building_tests': False, 'cmake_args': None, 'cmake_clean_cache': False, 'cmake_clean_first': False, 'cmake_force_configure': False, 'cmake_target': None, 'cmake_target_skip_unavailable': False, 'install_base': '/home/student/scarab_ros2/src/scarabarm_ros2/install/full_scrab_arm', 'merge_install': False, 'path': '/home/student/scarab_ros2/src/scarabarm_ros2/scarabarm_description/full_scrab_arm', 'symlink_install': True, 'test_result_base': None}
[1.480s] Level 5:colcon.colcon_core.verb:set package 'odrive_botwheel_explorer' build argument 'cmake_args' from command line to 'None'
[1.480s] Level 5:colcon.colcon_core.verb:set package 'odrive_botwheel_explorer' build argument 'cmake_target' from command line to 'None'
[1.480s] Level 5:colcon.colcon_core.verb:set package 'odrive_botwheel_explorer' build argument 'cmake_target_skip_unavailable' from command line to 'False'
[1.480s] Level 5:colcon.colcon_core.verb:set package 'odrive_botwheel_explorer' build argument 'cmake_clean_cache' from command line to 'False'
[1.480s] Level 5:colcon.colcon_core.verb:set package 'odrive_botwheel_explorer' build argument 'cmake_clean_first' from command line to 'False'
[1.480s] Level 5:colcon.colcon_core.verb:set package 'odrive_botwheel_explorer' build argument 'cmake_force_configure' from command line to 'False'
[1.480s] Level 5:colcon.colcon_core.verb:set package 'odrive_botwheel_explorer' build argument 'ament_cmake_args' from command line to 'None'
[1.480s] Level 5:colcon.colcon_core.verb:set package 'odrive_botwheel_explorer' build argument 'catkin_cmake_args' from command line to 'None'
[1.480s] Level 5:colcon.colcon_core.verb:set package 'odrive_botwheel_explorer' build argument 'catkin_skip_building_tests' from command line to 'False'
[1.480s] DEBUG:colcon.colcon_core.verb:Building package 'odrive_botwheel_explorer' with the following arguments: {'ament_cmake_args': None, 'build_base': '/home/student/scarab_ros2/src/scarabarm_ros2/build/odrive_botwheel_explorer', 'catkin_cmake_args': None, 'catkin_skip_building_tests': False, 'cmake_args': None, 'cmake_clean_cache': False, 'cmake_clean_first': False, 'cmake_force_configure': False, 'cmake_target': None, 'cmake_target_skip_unavailable': False, 'install_base': '/home/student/scarab_ros2/src/scarabarm_ros2/install/odrive_botwheel_explorer', 'merge_install': False, 'path': '/home/student/scarab_ros2/src/scarabarm_ros2/ros_odrive/odrive_botwheel_explorer', 'symlink_install': True, 'test_result_base': None}
[1.480s] Level 5:colcon.colcon_core.verb:set package 'scarabarm_odrive' build argument 'cmake_args' from command line to 'None'
[1.480s] Level 5:colcon.colcon_core.verb:set package 'scarabarm_odrive' build argument 'cmake_target' from command line to 'None'
[1.480s] Level 5:colcon.colcon_core.verb:set package 'scarabarm_odrive' build argument 'cmake_target_skip_unavailable' from command line to 'False'
[1.480s] Level 5:colcon.colcon_core.verb:set package 'scarabarm_odrive' build argument 'cmake_clean_cache' from command line to 'False'
[1.480s] Level 5:colcon.colcon_core.verb:set package 'scarabarm_odrive' build argument 'cmake_clean_first' from command line to 'False'
[1.480s] Level 5:colcon.colcon_core.verb:set package 'scarabarm_odrive' build argument 'cmake_force_configure' from command line to 'False'
[1.480s] Level 5:colcon.colcon_core.verb:set package 'scarabarm_odrive' build argument 'ament_cmake_args' from command line to 'None'
[1.480s] Level 5:colcon.colcon_core.verb:set package 'scarabarm_odrive' build argument 'catkin_cmake_args' from command line to 'None'
[1.480s] Level 5:colcon.colcon_core.verb:set package 'scarabarm_odrive' build argument 'catkin_skip_building_tests' from command line to 'False'
[1.480s] DEBUG:colcon.colcon_core.verb:Building package 'scarabarm_odrive' with the following arguments: {'ament_cmake_args': None, 'build_base': '/home/student/scarab_ros2/src/scarabarm_ros2/build/scarabarm_odrive', 'catkin_cmake_args': None, 'catkin_skip_building_tests': False, 'cmake_args': None, 'cmake_clean_cache': False, 'cmake_clean_first': False, 'cmake_force_configure': False, 'cmake_target': None, 'cmake_target_skip_unavailable': False, 'install_base': '/home/student/scarab_ros2/src/scarabarm_ros2/install/scarabarm_odrive', 'merge_install': False, 'path': '/home/student/scarab_ros2/src/scarabarm_ros2/scarabarm_odrive', 'symlink_install': True, 'test_result_base': None}
[1.480s] Level 5:colcon.colcon_core.verb:set package 'scarabarm_moveit' build argument 'cmake_args' from command line to 'None'
[1.480s] Level 5:colcon.colcon_core.verb:set package 'scarabarm_moveit' build argument 'cmake_target' from command line to 'None'
[1.480s] Level 5:colcon.colcon_core.verb:set package 'scarabarm_moveit' build argument 'cmake_target_skip_unavailable' from command line to 'False'
[1.480s] Level 5:colcon.colcon_core.verb:set package 'scarabarm_moveit' build argument 'cmake_clean_cache' from command line to 'False'
[1.480s] Level 5:colcon.colcon_core.verb:set package 'scarabarm_moveit' build argument 'cmake_clean_first' from command line to 'False'
[1.480s] Level 5:colcon.colcon_core.verb:set package 'scarabarm_moveit' build argument 'cmake_force_configure' from command line to 'False'
[1.480s] Level 5:colcon.colcon_core.verb:set package 'scarabarm_moveit' build argument 'ament_cmake_args' from command line to 'None'
[1.480s] Level 5:colcon.colcon_core.verb:set package 'scarabarm_moveit' build argument 'catkin_cmake_args' from command line to 'None'
[1.480s] Level 5:colcon.colcon_core.verb:set package 'scarabarm_moveit' build argument 'catkin_skip_building_tests' from command line to 'False'
[1.480s] DEBUG:colcon.colcon_core.verb:Building package 'scarabarm_moveit' with the following arguments: {'ament_cmake_args': None, 'build_base': '/home/student/scarab_ros2/src/scarabarm_ros2/build/scarabarm_moveit', 'catkin_cmake_args': None, 'catkin_skip_building_tests': False, 'cmake_args': None, 'cmake_clean_cache': False, 'cmake_clean_first': False, 'cmake_force_configure': False, 'cmake_target': None, 'cmake_target_skip_unavailable': False, 'install_base': '/home/student/scarab_ros2/src/scarabarm_ros2/install/scarabarm_moveit', 'merge_install': False, 'path': '/home/student/scarab_ros2/src/scarabarm_ros2/scarabarm_moveit', 'symlink_install': True, 'test_result_base': None}
[1.481s] INFO:colcon.colcon_core.executor:Executing jobs using 'parallel' executor
[1.482s] DEBUG:colcon.colcon_parallel_executor.executor.parallel:run_until_complete
[1.482s] INFO:colcon.colcon_ros.task.ament_python.build:Building ROS package in '/home/student/scarab_ros2/src/scarabarm_ros2/scarabarm_description/arm/Arm_description' with build type 'ament_python'
[1.482s] Level 1:colcon.colcon_core.shell:create_environment_hook('Arm_description', 'ament_prefix_path')
[1.498s] INFO:colcon.colcon_core.plugin_system:Skipping extension 'colcon_core.shell.bat': Not used on non-Windows systems
[1.498s] INFO:colcon.colcon_core.shell:Creating environment hook '/home/student/scarab_ros2/src/scarabarm_ros2/install/Arm_description/share/Arm_description/hook/ament_prefix_path.ps1'
[1.501s] INFO:colcon.colcon_core.shell:Creating environment descriptor '/home/student/scarab_ros2/src/scarabarm_ros2/install/Arm_description/share/Arm_description/hook/ament_prefix_path.dsv'
[1.503s] INFO:colcon.colcon_core.shell:Creating environment hook '/home/student/scarab_ros2/src/scarabarm_ros2/install/Arm_description/share/Arm_description/hook/ament_prefix_path.sh'
[1.504s] INFO:colcon.colcon_core.shell:Skip shell extension 'powershell' for command environment: Not usable outside of PowerShell
[1.504s] DEBUG:colcon.colcon_core.shell:Skip shell extension 'dsv' for command environment
[1.521s] INFO:colcon.colcon_ros.task.ament_python.build:Building ROS package in '/home/student/scarab_ros2/src/scarabarm_ros2/scarabarm_description/ee/gripper_sim_description' with build type 'ament_python'
[1.521s] Level 1:colcon.colcon_core.shell:create_environment_hook('gripper_sim_description', 'ament_prefix_path')
[1.521s] INFO:colcon.colcon_core.shell:Creating environment hook '/home/student/scarab_ros2/src/scarabarm_ros2/install/gripper_sim_description/share/gripper_sim_description/hook/ament_prefix_path.ps1'
[1.524s] INFO:colcon.colcon_core.shell:Creating environment descriptor '/home/student/scarab_ros2/src/scarabarm_ros2/install/gripper_sim_description/share/gripper_sim_description/hook/ament_prefix_path.dsv'
[1.525s] INFO:colcon.colcon_core.shell:Creating environment hook '/home/student/scarab_ros2/src/scarabarm_ros2/install/gripper_sim_description/share/gripper_sim_description/hook/ament_prefix_path.sh'
[1.526s] INFO:colcon.colcon_core.shell:Skip shell extension 'powershell' for command environment: Not usable outside of PowerShell
[1.526s] DEBUG:colcon.colcon_core.shell:Skip shell extension 'dsv' for command environment
[1.529s] INFO:colcon.colcon_ros.task.ament_cmake.build:Building ROS package in '/home/student/scarab_ros2/src/scarabarm_ros2/ros_odrive/odrive_node' with build type 'ament_cmake'
[1.529s] INFO:colcon.colcon_cmake.task.cmake.build:Building CMake package in '/home/student/scarab_ros2/src/scarabarm_ros2/ros_odrive/odrive_node'
[1.530s] INFO:colcon.colcon_core.shell:Skip shell extension 'powershell' for command environment: Not usable outside of PowerShell
[1.530s] DEBUG:colcon.colcon_core.shell:Skip shell extension 'dsv' for command environment
[1.533s] INFO:colcon.colcon_ros.task.ament_cmake.build:Building ROS package in '/home/student/scarab_ros2/src/scarabarm_ros2/ros_odrive/odrive_ros2_control' with build type 'ament_cmake'
[1.533s] INFO:colcon.colcon_cmake.task.cmake.build:Building CMake package in '/home/student/scarab_ros2/src/scarabarm_ros2/ros_odrive/odrive_ros2_control'
[1.533s] INFO:colcon.colcon_core.shell:Skip shell extension 'powershell' for command environment: Not usable outside of PowerShell
[1.534s] DEBUG:colcon.colcon_core.shell:Skip shell extension 'dsv' for command environment
[1.537s] INFO:colcon.colcon_ros.task.ament_python.build:Building ROS package in '/home/student/scarab_ros2/src/scarabarm_ros2/scarabarm_control' with build type 'ament_python'
[1.538s] Level 1:colcon.colcon_core.shell:create_environment_hook('scarabarm_control', 'ament_prefix_path')
[1.538s] INFO:colcon.colcon_core.shell:Creating environment hook '/home/student/scarab_ros2/src/scarabarm_ros2/install/scarabarm_control/share/scarabarm_control/hook/ament_prefix_path.ps1'
[1.539s] INFO:colcon.colcon_core.shell:Creating environment descriptor '/home/student/scarab_ros2/src/scarabarm_ros2/install/scarabarm_control/share/scarabarm_control/hook/ament_prefix_path.dsv'
[1.540s] INFO:colcon.colcon_core.shell:Creating environment hook '/home/student/scarab_ros2/src/scarabarm_ros2/install/scarabarm_control/share/scarabarm_control/hook/ament_prefix_path.sh'
[1.540s] INFO:colcon.colcon_core.shell:Skip shell extension 'powershell' for command environment: Not usable outside of PowerShell
[1.540s] DEBUG:colcon.colcon_core.shell:Skip shell extension 'dsv' for command environment
[1.732s] INFO:colcon.colcon_core.task.python.build:Building Python package in '/home/student/scarab_ros2/src/scarabarm_ros2/scarabarm_description/arm/Arm_description'
[1.733s] INFO:colcon.colcon_core.shell:Skip shell extension 'powershell' for command environment: Not usable outside of PowerShell
[1.733s] DEBUG:colcon.colcon_core.shell:Skip shell extension 'dsv' for command environment
[1.934s] INFO:colcon.colcon_core.task.python.build:Building Python package in '/home/student/scarab_ros2/src/scarabarm_ros2/scarabarm_description/ee/gripper_sim_description'
[1.935s] INFO:colcon.colcon_core.shell:Skip shell extension 'powershell' for command environment: Not usable outside of PowerShell
[1.935s] DEBUG:colcon.colcon_core.shell:Skip shell extension 'dsv' for command environment
[1.942s] DEBUG:colcon.colcon_core.event_handler.log_command:Invoking command in '/home/student/scarab_ros2/src/scarabarm_ros2/build/odrive_can': CMAKE_PREFIX_PATH=/opt/ros/humble /usr/bin/cmake /home/student/scarab_ros2/src/scarabarm_ros2/ros_odrive/odrive_node -DAMENT_CMAKE_SYMLINK_INSTALL=1 -DCMAKE_INSTALL_PREFIX=/home/student/scarab_ros2/src/scarabarm_ros2/install/odrive_can
[1.954s] DEBUG:colcon.colcon_core.event_handler.log_command:Invoking command in '/home/student/scarab_ros2/src/scarabarm_ros2/build/odrive_ros2_control': CMAKE_PREFIX_PATH=/opt/ros/humble /usr/bin/cmake /home/student/scarab_ros2/src/scarabarm_ros2/ros_odrive/odrive_ros2_control -DAMENT_CMAKE_SYMLINK_INSTALL=1 -DCMAKE_INSTALL_PREFIX=/home/student/scarab_ros2/src/scarabarm_ros2/install/odrive_ros2_control
[2.195s] INFO:colcon.colcon_core.task.python.build:Building Python package in '/home/student/scarab_ros2/src/scarabarm_ros2/scarabarm_control'
[2.195s] INFO:colcon.colcon_core.shell:Skip shell extension 'powershell' for command environment: Not usable outside of PowerShell
[2.195s] DEBUG:colcon.colcon_core.shell:Skip shell extension 'dsv' for command environment
[2.872s] DEBUG:colcon.colcon_core.event_handler.log_command:Invoking command in '/home/student/scarab_ros2/src/scarabarm_ros2/build/Arm_description': PYTHONPATH=/home/student/scarab_ros2/src/scarabarm_ros2/build/Arm_description/prefix_override:/usr/lib/python3/dist-packages/colcon_core/task/python/colcon_distutils_commands:/home/student/scarab_ros2/src/scarabarm_ros2/install/Arm_description/lib/python3.10/site-packages:${PYTHONPATH} /usr/bin/python3 -W ignore:setup.py install is deprecated -W ignore:easy_install command is deprecated setup.py develop --editable --build-directory /home/student/scarab_ros2/src/scarabarm_ros2/build/Arm_description/build --no-deps symlink_data
[2.881s] DEBUG:colcon.colcon_core.event_handler.log_command:Invoking command in '/home/student/scarab_ros2/src/scarabarm_ros2/build/scarabarm_control': PYTHONPATH=/home/student/scarab_ros2/src/scarabarm_ros2/build/scarabarm_control/prefix_override:/usr/lib/python3/dist-packages/colcon_core/task/python/colcon_distutils_commands:/home/student/scarab_ros2/src/scarabarm_ros2/install/scarabarm_control/lib/python3.10/site-packages:${PYTHONPATH} /usr/bin/python3 -W ignore:setup.py install is deprecated -W ignore:easy_install command is deprecated setup.py develop --editable --build-directory /home/student/scarab_ros2/src/scarabarm_ros2/build/scarabarm_control/build --no-deps symlink_data
[2.893s] DEBUG:colcon.colcon_core.event_handler.log_command:Invoking command in '/home/student/scarab_ros2/src/scarabarm_ros2/build/gripper_sim_description': PYTHONPATH=/home/student/scarab_ros2/src/scarabarm_ros2/build/gripper_sim_description/prefix_override:/usr/lib/python3/dist-packages/colcon_core/task/python/colcon_distutils_commands:/home/student/scarab_ros2/src/scarabarm_ros2/install/gripper_sim_description/lib/python3.10/site-packages:${PYTHONPATH} /usr/bin/python3 -W ignore:setup.py install is deprecated -W ignore:easy_install command is deprecated setup.py develop --editable --build-directory /home/student/scarab_ros2/src/scarabarm_ros2/build/gripper_sim_description/build --no-deps symlink_data
[3.419s] Level 1:colcon.colcon_core.shell:create_environment_hook('Arm_description', 'pythonpath_develop')
[3.419s] INFO:colcon.colcon_core.shell:Creating environment hook '/home/student/scarab_ros2/src/scarabarm_ros2/build/Arm_description/share/Arm_description/hook/pythonpath_develop.ps1'
[3.420s] DEBUG:colcon.colcon_core.event_handler.log_command:Invoked command in '/home/student/scarab_ros2/src/scarabarm_ros2/build/Arm_description' returned '0': PYTHONPATH=/home/student/scarab_ros2/src/scarabarm_ros2/build/Arm_description/prefix_override:/usr/lib/python3/dist-packages/colcon_core/task/python/colcon_distutils_commands:/home/student/scarab_ros2/src/scarabarm_ros2/install/Arm_description/lib/python3.10/site-packages:${PYTHONPATH} /usr/bin/python3 -W ignore:setup.py install is deprecated -W ignore:easy_install command is deprecated setup.py develop --editable --build-directory /home/student/scarab_ros2/src/scarabarm_ros2/build/Arm_description/build --no-deps symlink_data
[3.421s] INFO:colcon.colcon_core.shell:Creating environment descriptor '/home/student/scarab_ros2/src/scarabarm_ros2/build/Arm_description/share/Arm_description/hook/pythonpath_develop.dsv'
[3.422s] INFO:colcon.colcon_core.shell:Creating environment hook '/home/student/scarab_ros2/src/scarabarm_ros2/build/Arm_description/share/Arm_description/hook/pythonpath_develop.sh'
[3.437s] Level 1:colcon.colcon_core.environment:checking '/home/student/scarab_ros2/src/scarabarm_ros2/install/Arm_description' for CMake module files
[3.438s] Level 1:colcon.colcon_core.environment:checking '/home/student/scarab_ros2/src/scarabarm_ros2/install/Arm_description' for CMake config files
[3.439s] Level 1:colcon.colcon_core.environment:checking '/home/student/scarab_ros2/src/scarabarm_ros2/install/Arm_description/lib'
[3.439s] Level 1:colcon.colcon_core.environment:checking '/home/student/scarab_ros2/src/scarabarm_ros2/install/Arm_description/bin'
[3.439s] Level 1:colcon.colcon_core.environment:checking '/home/student/scarab_ros2/src/scarabarm_ros2/install/Arm_description/lib/pkgconfig/Arm_description.pc'
[3.439s] Level 1:colcon.colcon_core.environment:checking '/home/student/scarab_ros2/src/scarabarm_ros2/install/Arm_description/lib/python3.10/site-packages'
[3.439s] Level 1:colcon.colcon_core.shell:create_environment_hook('Arm_description', 'pythonpath')
[3.439s] INFO:colcon.colcon_core.shell:Creating environment hook '/home/student/scarab_ros2/src/scarabarm_ros2/install/Arm_description/share/Arm_description/hook/pythonpath.ps1'
[3.440s] INFO:colcon.colcon_core.shell:Creating environment descriptor '/home/student/scarab_ros2/src/scarabarm_ros2/install/Arm_description/share/Arm_description/hook/pythonpath.dsv'
[3.440s] INFO:colcon.colcon_core.shell:Creating environment hook '/home/student/scarab_ros2/src/scarabarm_ros2/install/Arm_description/share/Arm_description/hook/pythonpath.sh'
[3.441s] Level 1:colcon.colcon_core.environment:checking '/home/student/scarab_ros2/src/scarabarm_ros2/install/Arm_description/bin'
[3.441s] Level 1:colcon.colcon_core.environment:create_environment_scripts_only(Arm_description)
[3.441s] INFO:colcon.colcon_core.shell:Creating package script '/home/student/scarab_ros2/src/scarabarm_ros2/install/Arm_description/share/Arm_description/package.ps1'
[3.443s] INFO:colcon.colcon_core.shell:Creating package descriptor '/home/student/scarab_ros2/src/scarabarm_ros2/install/Arm_description/share/Arm_description/package.dsv'
[3.444s] INFO:colcon.colcon_core.shell:Creating package script '/home/student/scarab_ros2/src/scarabarm_ros2/install/Arm_description/share/Arm_description/package.sh'
[3.445s] INFO:colcon.colcon_core.shell:Creating package script '/home/student/scarab_ros2/src/scarabarm_ros2/install/Arm_description/share/Arm_description/package.bash'
[3.447s] INFO:colcon.colcon_core.shell:Creating package script '/home/student/scarab_ros2/src/scarabarm_ros2/install/Arm_description/share/Arm_description/package.zsh'
[3.448s] Level 1:colcon.colcon_core.environment:create_file_with_runtime_dependencies(/home/student/scarab_ros2/src/scarabarm_ros2/install/Arm_description/share/colcon-core/packages/Arm_description)
[3.451s] Level 1:colcon.colcon_core.shell:create_environment_hook('gripper_sim_description', 'pythonpath_develop')
[3.451s] INFO:colcon.colcon_core.shell:Creating environment hook '/home/student/scarab_ros2/src/scarabarm_ros2/build/gripper_sim_description/share/gripper_sim_description/hook/pythonpath_develop.ps1'
[3.452s] DEBUG:colcon.colcon_core.event_handler.log_command:Invoked command in '/home/student/scarab_ros2/src/scarabarm_ros2/build/gripper_sim_description' returned '0': PYTHONPATH=/home/student/scarab_ros2/src/scarabarm_ros2/build/gripper_sim_description/prefix_override:/usr/lib/python3/dist-packages/colcon_core/task/python/colcon_distutils_commands:/home/student/scarab_ros2/src/scarabarm_ros2/install/gripper_sim_description/lib/python3.10/site-packages:${PYTHONPATH} /usr/bin/python3 -W ignore:setup.py install is deprecated -W ignore:easy_install command is deprecated setup.py develop --editable --build-directory /home/student/scarab_ros2/src/scarabarm_ros2/build/gripper_sim_description/build --no-deps symlink_data
[3.453s] INFO:colcon.colcon_core.shell:Creating environment descriptor '/home/student/scarab_ros2/src/scarabarm_ros2/build/gripper_sim_description/share/gripper_sim_description/hook/pythonpath_develop.dsv'
[3.453s] INFO:colcon.colcon_core.shell:Creating environment hook '/home/student/scarab_ros2/src/scarabarm_ros2/build/gripper_sim_description/share/gripper_sim_description/hook/pythonpath_develop.sh'
[3.454s] Level 1:colcon.colcon_core.environment:checking '/home/student/scarab_ros2/src/scarabarm_ros2/install/gripper_sim_description' for CMake module files
[3.454s] Level 1:colcon.colcon_core.environment:checking '/home/student/scarab_ros2/src/scarabarm_ros2/install/gripper_sim_description' for CMake config files
[3.455s] Level 1:colcon.colcon_core.environment:checking '/home/student/scarab_ros2/src/scarabarm_ros2/install/gripper_sim_description/lib'
[3.455s] Level 1:colcon.colcon_core.environment:checking '/home/student/scarab_ros2/src/scarabarm_ros2/install/gripper_sim_description/bin'
[3.455s] Level 1:colcon.colcon_core.environment:checking '/home/student/scarab_ros2/src/scarabarm_ros2/install/gripper_sim_description/lib/pkgconfig/gripper_sim_description.pc'
[3.455s] Level 1:colcon.colcon_core.environment:checking '/home/student/scarab_ros2/src/scarabarm_ros2/install/gripper_sim_description/lib/python3.10/site-packages'
[3.456s] Level 1:colcon.colcon_core.shell:create_environment_hook('gripper_sim_description', 'pythonpath')
[3.456s] INFO:colcon.colcon_core.shell:Creating environment hook '/home/student/scarab_ros2/src/scarabarm_ros2/install/gripper_sim_description/share/gripper_sim_description/hook/pythonpath.ps1'
[3.456s] INFO:colcon.colcon_core.shell:Creating environment descriptor '/home/student/scarab_ros2/src/scarabarm_ros2/install/gripper_sim_description/share/gripper_sim_description/hook/pythonpath.dsv'
[3.456s] INFO:colcon.colcon_core.shell:Creating environment hook '/home/student/scarab_ros2/src/scarabarm_ros2/install/gripper_sim_description/share/gripper_sim_description/hook/pythonpath.sh'
[3.457s] Level 1:colcon.colcon_core.environment:checking '/home/student/scarab_ros2/src/scarabarm_ros2/install/gripper_sim_description/bin'
[3.457s] Level 1:colcon.colcon_core.environment:create_environment_scripts_only(gripper_sim_description)
[3.458s] INFO:colcon.colcon_core.shell:Creating package script '/home/student/scarab_ros2/src/scarabarm_ros2/install/gripper_sim_description/share/gripper_sim_description/package.ps1'
[3.458s] INFO:colcon.colcon_core.shell:Creating package descriptor '/home/student/scarab_ros2/src/scarabarm_ros2/install/gripper_sim_description/share/gripper_sim_description/package.dsv'
[3.459s] INFO:colcon.colcon_core.shell:Creating package script '/home/student/scarab_ros2/src/scarabarm_ros2/install/gripper_sim_description/share/gripper_sim_description/package.sh'
[3.459s] INFO:colcon.colcon_core.shell:Creating package script '/home/student/scarab_ros2/src/scarabarm_ros2/install/gripper_sim_description/share/gripper_sim_description/package.bash'
[3.459s] INFO:colcon.colcon_core.shell:Creating package script '/home/student/scarab_ros2/src/scarabarm_ros2/install/gripper_sim_description/share/gripper_sim_description/package.zsh'
[3.460s] Level 1:colcon.colcon_core.environment:create_file_with_runtime_dependencies(/home/student/scarab_ros2/src/scarabarm_ros2/install/gripper_sim_description/share/colcon-core/packages/gripper_sim_description)
[3.461s] INFO:colcon.colcon_ros.task.ament_cmake.build:Building ROS package in '/home/student/scarab_ros2/src/scarabarm_ros2/scarabarm_description/full_scrab_arm' with build type 'ament_cmake'
[3.461s] INFO:colcon.colcon_cmake.task.cmake.build:Building CMake package in '/home/student/scarab_ros2/src/scarabarm_ros2/scarabarm_description/full_scrab_arm'
[3.462s] INFO:colcon.colcon_core.shell:Skip shell extension 'powershell' for command environment: Not usable outside of PowerShell
[3.462s] DEBUG:colcon.colcon_core.shell:Skip shell extension 'dsv' for command environment
[3.465s] Level 1:colcon.colcon_core.shell:create_environment_hook('scarabarm_control', 'pythonpath_develop')
[3.466s] INFO:colcon.colcon_core.shell:Creating environment hook '/home/student/scarab_ros2/src/scarabarm_ros2/build/scarabarm_control/src/share/scarabarm_control/hook/pythonpath_develop.ps1'
[3.466s] DEBUG:colcon.colcon_core.event_handler.log_command:Invoked command in '/home/student/scarab_ros2/src/scarabarm_ros2/build/scarabarm_control' returned '0': PYTHONPATH=/home/student/scarab_ros2/src/scarabarm_ros2/build/scarabarm_control/prefix_override:/usr/lib/python3/dist-packages/colcon_core/task/python/colcon_distutils_commands:/home/student/scarab_ros2/src/scarabarm_ros2/install/scarabarm_control/lib/python3.10/site-packages:${PYTHONPATH} /usr/bin/python3 -W ignore:setup.py install is deprecated -W ignore:easy_install command is deprecated setup.py develop --editable --build-directory /home/student/scarab_ros2/src/scarabarm_ros2/build/scarabarm_control/build --no-deps symlink_data
[3.467s] INFO:colcon.colcon_core.shell:Creating environment descriptor '/home/student/scarab_ros2/src/scarabarm_ros2/build/scarabarm_control/src/share/scarabarm_control/hook/pythonpath_develop.dsv'
[3.468s] INFO:colcon.colcon_core.shell:Creating environment hook '/home/student/scarab_ros2/src/scarabarm_ros2/build/scarabarm_control/src/share/scarabarm_control/hook/pythonpath_develop.sh'
[3.468s] Level 1:colcon.colcon_core.environment:checking '/home/student/scarab_ros2/src/scarabarm_ros2/install/scarabarm_control' for CMake module files
[3.469s] Level 1:colcon.colcon_core.environment:checking '/home/student/scarab_ros2/src/scarabarm_ros2/install/scarabarm_control' for CMake config files
[3.469s] Level 1:colcon.colcon_core.environment:checking '/home/student/scarab_ros2/src/scarabarm_ros2/install/scarabarm_control/lib'
[3.469s] Level 1:colcon.colcon_core.environment:checking '/home/student/scarab_ros2/src/scarabarm_ros2/install/scarabarm_control/bin'
[3.469s] Level 1:colcon.colcon_core.environment:checking '/home/student/scarab_ros2/src/scarabarm_ros2/install/scarabarm_control/lib/pkgconfig/scarabarm_control.pc'
[3.469s] Level 1:colcon.colcon_core.environment:checking '/home/student/scarab_ros2/src/scarabarm_ros2/install/scarabarm_control/lib/python3.10/site-packages'
[3.470s] Level 1:colcon.colcon_core.shell:create_environment_hook('scarabarm_control', 'pythonpath')
[3.470s] INFO:colcon.colcon_core.shell:Creating environment hook '/home/student/scarab_ros2/src/scarabarm_ros2/install/scarabarm_control/share/scarabarm_control/hook/pythonpath.ps1'
[3.470s] INFO:colcon.colcon_core.shell:Creating environment descriptor '/home/student/scarab_ros2/src/scarabarm_ros2/install/scarabarm_control/share/scarabarm_control/hook/pythonpath.dsv'
[3.470s] INFO:colcon.colcon_core.shell:Creating environment hook '/home/student/scarab_ros2/src/scarabarm_ros2/install/scarabarm_control/share/scarabarm_control/hook/pythonpath.sh'
[3.471s] Level 1:colcon.colcon_core.environment:checking '/home/student/scarab_ros2/src/scarabarm_ros2/install/scarabarm_control/bin'
[3.471s] Level 1:colcon.colcon_core.environment:create_environment_scripts_only(scarabarm_control)
[3.471s] INFO:colcon.colcon_core.shell:Creating package script '/home/student/scarab_ros2/src/scarabarm_ros2/install/scarabarm_control/share/scarabarm_control/package.ps1'
[3.472s] INFO:colcon.colcon_core.shell:Creating package descriptor '/home/student/scarab_ros2/src/scarabarm_ros2/install/scarabarm_control/share/scarabarm_control/package.dsv'
[3.472s] INFO:colcon.colcon_core.shell:Creating package script '/home/student/scarab_ros2/src/scarabarm_ros2/install/scarabarm_control/share/scarabarm_control/package.sh'
[3.473s] INFO:colcon.colcon_core.shell:Creating package script '/home/student/scarab_ros2/src/scarabarm_ros2/install/scarabarm_control/share/scarabarm_control/package.bash'
[3.473s] INFO:colcon.colcon_core.shell:Creating package script '/home/student/scarab_ros2/src/scarabarm_ros2/install/scarabarm_control/share/scarabarm_control/package.zsh'
[3.473s] Level 1:colcon.colcon_core.environment:create_file_with_runtime_dependencies(/home/student/scarab_ros2/src/scarabarm_ros2/install/scarabarm_control/share/colcon-core/packages/scarabarm_control)
[3.712s] DEBUG:colcon.colcon_core.event_handler.log_command:Invoking command in '/home/student/scarab_ros2/src/scarabarm_ros2/build/full_scrab_arm': AMENT_PREFIX_PATH=/home/student/scarab_ros2/src/scarabarm_ros2/install/gripper_sim_description:/home/student/scarab_ros2/src/scarabarm_ros2/install/Arm_description:${AMENT_PREFIX_PATH} CMAKE_PREFIX_PATH=/opt/ros/humble PYTHONPATH=/home/student/scarab_ros2/src/scarabarm_ros2/build/gripper_sim_description:/home/student/scarab_ros2/src/scarabarm_ros2/install/gripper_sim_description/lib/python3.10/site-packages:/home/student/scarab_ros2/src/scarabarm_ros2/build/Arm_description:/home/student/scarab_ros2/src/scarabarm_ros2/install/Arm_description/lib/python3.10/site-packages:${PYTHONPATH} /usr/bin/cmake /home/student/scarab_ros2/src/scarabarm_ros2/scarabarm_description/full_scrab_arm -DAMENT_CMAKE_SYMLINK_INSTALL=1 -DCMAKE_INSTALL_PREFIX=/home/student/scarab_ros2/src/scarabarm_ros2/install/full_scrab_arm
[5.323s] DEBUG:colcon.colcon_core.event_handler.log_command:Invoked command in '/home/student/scarab_ros2/src/scarabarm_ros2/build/full_scrab_arm' returned '0': AMENT_PREFIX_PATH=/home/student/scarab_ros2/src/scarabarm_ros2/install/gripper_sim_description:/home/student/scarab_ros2/src/scarabarm_ros2/install/Arm_description:${AMENT_PREFIX_PATH} CMAKE_PREFIX_PATH=/opt/ros/humble PYTHONPATH=/home/student/scarab_ros2/src/scarabarm_ros2/build/gripper_sim_description:/home/student/scarab_ros2/src/scarabarm_ros2/install/gripper_sim_description/lib/python3.10/site-packages:/home/student/scarab_ros2/src/scarabarm_ros2/build/Arm_description:/home/student/scarab_ros2/src/scarabarm_ros2/install/Arm_description/lib/python3.10/site-packages:${PYTHONPATH} /usr/bin/cmake /home/student/scarab_ros2/src/scarabarm_ros2/scarabarm_description/full_scrab_arm -DAMENT_CMAKE_SYMLINK_INSTALL=1 -DCMAKE_INSTALL_PREFIX=/home/student/scarab_ros2/src/scarabarm_ros2/install/full_scrab_arm
[5.326s] DEBUG:colcon.colcon_core.event_handler.log_command:Invoking command in '/home/student/scarab_ros2/src/scarabarm_ros2/build/full_scrab_arm': AMENT_PREFIX_PATH=/home/student/scarab_ros2/src/scarabarm_ros2/install/gripper_sim_description:/home/student/scarab_ros2/src/scarabarm_ros2/install/Arm_description:${AMENT_PREFIX_PATH} CMAKE_PREFIX_PATH=/opt/ros/humble PYTHONPATH=/home/student/scarab_ros2/src/scarabarm_ros2/build/gripper_sim_description:/home/student/scarab_ros2/src/scarabarm_ros2/install/gripper_sim_description/lib/python3.10/site-packages:/home/student/scarab_ros2/src/scarabarm_ros2/build/Arm_description:/home/student/scarab_ros2/src/scarabarm_ros2/install/Arm_description/lib/python3.10/site-packages:${PYTHONPATH} /usr/bin/cmake --build /home/student/scarab_ros2/src/scarabarm_ros2/build/full_scrab_arm -- -j8 -l8
[5.355s] DEBUG:colcon.colcon_core.event_handler.log_command:Invoked command in '/home/student/scarab_ros2/src/scarabarm_ros2/build/full_scrab_arm' returned '0': AMENT_PREFIX_PATH=/home/student/scarab_ros2/src/scarabarm_ros2/install/gripper_sim_description:/home/student/scarab_ros2/src/scarabarm_ros2/install/Arm_description:${AMENT_PREFIX_PATH} CMAKE_PREFIX_PATH=/opt/ros/humble PYTHONPATH=/home/student/scarab_ros2/src/scarabarm_ros2/build/gripper_sim_description:/home/student/scarab_ros2/src/scarabarm_ros2/install/gripper_sim_description/lib/python3.10/site-packages:/home/student/scarab_ros2/src/scarabarm_ros2/build/Arm_description:/home/student/scarab_ros2/src/scarabarm_ros2/install/Arm_description/lib/python3.10/site-packages:${PYTHONPATH} /usr/bin/cmake --build /home/student/scarab_ros2/src/scarabarm_ros2/build/full_scrab_arm -- -j8 -l8
[5.364s] DEBUG:colcon.colcon_core.event_handler.log_command:Invoking command in '/home/student/scarab_ros2/src/scarabarm_ros2/build/full_scrab_arm': AMENT_PREFIX_PATH=/home/student/scarab_ros2/src/scarabarm_ros2/install/gripper_sim_description:/home/student/scarab_ros2/src/scarabarm_ros2/install/Arm_description:${AMENT_PREFIX_PATH} CMAKE_PREFIX_PATH=/opt/ros/humble PYTHONPATH=/home/student/scarab_ros2/src/scarabarm_ros2/build/gripper_sim_description:/home/student/scarab_ros2/src/scarabarm_ros2/install/gripper_sim_description/lib/python3.10/site-packages:/home/student/scarab_ros2/src/scarabarm_ros2/build/Arm_description:/home/student/scarab_ros2/src/scarabarm_ros2/install/Arm_description/lib/python3.10/site-packages:${PYTHONPATH} /usr/bin/cmake --install /home/student/scarab_ros2/src/scarabarm_ros2/build/full_scrab_arm
[5.381s] Level 1:colcon.colcon_core.environment:create_environment_scripts_only(full_scrab_arm)
[5.381s] DEBUG:colcon.colcon_core.event_handler.log_command:Invoked command in '/home/student/scarab_ros2/src/scarabarm_ros2/build/full_scrab_arm' returned '1': AMENT_PREFIX_PATH=/home/student/scarab_ros2/src/scarabarm_ros2/install/gripper_sim_description:/home/student/scarab_ros2/src/scarabarm_ros2/install/Arm_description:${AMENT_PREFIX_PATH} CMAKE_PREFIX_PATH=/opt/ros/humble PYTHONPATH=/home/student/scarab_ros2/src/scarabarm_ros2/build/gripper_sim_description:/home/student/scarab_ros2/src/scarabarm_ros2/install/gripper_sim_description/lib/python3.10/site-packages:/home/student/scarab_ros2/src/scarabarm_ros2/build/Arm_description:/home/student/scarab_ros2/src/scarabarm_ros2/install/Arm_description/lib/python3.10/site-packages:${PYTHONPATH} /usr/bin/cmake --install /home/student/scarab_ros2/src/scarabarm_ros2/build/full_scrab_arm
[5.381s] Level 1:colcon.colcon_core.environment:checking '/home/student/scarab_ros2/src/scarabarm_ros2/install/full_scrab_arm' for CMake module files
[5.382s] Level 1:colcon.colcon_core.environment:checking '/home/student/scarab_ros2/src/scarabarm_ros2/install/full_scrab_arm' for CMake config files
[5.382s] Level 1:colcon.colcon_core.environment:checking '/home/student/scarab_ros2/src/scarabarm_ros2/install/full_scrab_arm/bin'
[5.382s] Level 1:colcon.colcon_core.environment:checking '/home/student/scarab_ros2/src/scarabarm_ros2/install/full_scrab_arm/lib/pkgconfig/full_scrab_arm.pc'
[5.383s] Level 1:colcon.colcon_core.environment:checking '/home/student/scarab_ros2/src/scarabarm_ros2/install/full_scrab_arm/lib/python3.10/site-packages'
[5.383s] Level 1:colcon.colcon_core.environment:checking '/home/student/scarab_ros2/src/scarabarm_ros2/install/full_scrab_arm/bin'
[5.383s] INFO:colcon.colcon_core.shell:Creating package script '/home/student/scarab_ros2/src/scarabarm_ros2/install/full_scrab_arm/share/full_scrab_arm/package.ps1'
[5.384s] INFO:colcon.colcon_core.shell:Creating package descriptor '/home/student/scarab_ros2/src/scarabarm_ros2/install/full_scrab_arm/share/full_scrab_arm/package.dsv'
[5.384s] INFO:colcon.colcon_core.shell:Creating package script '/home/student/scarab_ros2/src/scarabarm_ros2/install/full_scrab_arm/share/full_scrab_arm/package.sh'
[5.384s] INFO:colcon.colcon_core.shell:Creating package script '/home/student/scarab_ros2/src/scarabarm_ros2/install/full_scrab_arm/share/full_scrab_arm/package.bash'
[5.385s] INFO:colcon.colcon_core.shell:Creating package script '/home/student/scarab_ros2/src/scarabarm_ros2/install/full_scrab_arm/share/full_scrab_arm/package.zsh'
[5.385s] Level 1:colcon.colcon_core.environment:create_file_with_runtime_dependencies(/home/student/scarab_ros2/src/scarabarm_ros2/install/full_scrab_arm/share/colcon-core/packages/full_scrab_arm)
[8.869s] DEBUG:colcon.colcon_parallel_executor.executor.parallel:closing loop
[8.869s] DEBUG:colcon.colcon_parallel_executor.executor.parallel:loop closed
[8.869s] DEBUG:colcon.colcon_parallel_executor.executor.parallel:run_until_complete finished with '1'
[8.869s] DEBUG:colcon.colcon_core.event_reactor:joining thread
[8.931s] INFO:colcon.colcon_core.plugin_system:Skipping extension 'colcon_notification.desktop_notification.notify_send': Could not find 'notify-send'
[8.932s] INFO:colcon.colcon_core.plugin_system:Skipping extension 'colcon_notification.desktop_notification.terminal_notifier': Not used on non-Darwin systems
[8.932s] INFO:colcon.colcon_core.plugin_system:Skipping extension 'colcon_notification.desktop_notification.win32': Not used on non-Windows systems
[8.932s] INFO:colcon.colcon_notification.desktop_notification:Sending desktop notification using 'notify2'
[8.972s] DEBUG:colcon.colcon_notification.desktop_notification.notify2:Failed to initialize notify2: org.freedesktop.DBus.Error.Spawn.ExecFailed: /usr/bin/dbus-launch terminated abnormally without any error message
[8.972s] DEBUG:colcon.colcon_core.event_reactor:joined thread
[8.973s] INFO:colcon.colcon_core.shell:Creating prefix script '/home/student/scarab_ros2/src/scarabarm_ros2/install/local_setup.ps1'
[8.974s] INFO:colcon.colcon_core.shell:Creating prefix util module '/home/student/scarab_ros2/src/scarabarm_ros2/install/_local_setup_util_ps1.py'
[8.976s] INFO:colcon.colcon_core.shell:Creating prefix chain script '/home/student/scarab_ros2/src/scarabarm_ros2/install/setup.ps1'
[8.977s] INFO:colcon.colcon_core.shell:Creating prefix script '/home/student/scarab_ros2/src/scarabarm_ros2/install/local_setup.sh'
[8.977s] INFO:colcon.colcon_core.shell:Creating prefix util module '/home/student/scarab_ros2/src/scarabarm_ros2/install/_local_setup_util_sh.py'
[8.978s] INFO:colcon.colcon_core.shell:Creating prefix chain script '/home/student/scarab_ros2/src/scarabarm_ros2/install/setup.sh'
[8.979s] INFO:colcon.colcon_core.shell:Creating prefix script '/home/student/scarab_ros2/src/scarabarm_ros2/install/local_setup.bash'
[8.979s] INFO:colcon.colcon_core.shell:Creating prefix chain script '/home/student/scarab_ros2/src/scarabarm_ros2/install/setup.bash'
[8.981s] INFO:colcon.colcon_core.shell:Creating prefix script '/home/student/scarab_ros2/src/scarabarm_ros2/install/local_setup.zsh'
[8.982s] INFO:colcon.colcon_core.shell:Creating prefix chain script '/home/student/scarab_ros2/src/scarabarm_ros2/install/setup.zsh'
