/home/student/scarab_ros2/src/scarabarm_ros2/install/scarabarm_control/lib/python3.10/site-packages/scarabarm_control/__init__.py
/home/student/scarab_ros2/src/scarabarm_ros2/install/scarabarm_control/lib/python3.10/site-packages/scarabarm_control/joint_state_aggregator.py
/home/student/scarab_ros2/src/scarabarm_ros2/install/scarabarm_control/lib/python3.10/site-packages/scarabarm_control/scarabarm_controller_node.py
/home/student/scarab_ros2/src/scarabarm_ros2/install/scarabarm_control/lib/python3.10/site-packages/scarabarm_control/__pycache__/__init__.cpython-310.pyc
/home/student/scarab_ros2/src/scarabarm_ros2/install/scarabarm_control/lib/python3.10/site-packages/scarabarm_control/__pycache__/joint_state_aggregator.cpython-310.pyc
/home/student/scarab_ros2/src/scarabarm_ros2/install/scarabarm_control/lib/python3.10/site-packages/scarabarm_control/__pycache__/scarabarm_controller_node.cpython-310.pyc
/home/student/scarab_ros2/src/scarabarm_ros2/install/scarabarm_control/share/ament_index/resource_index/packages/scarabarm_control
/home/student/scarab_ros2/src/scarabarm_ros2/install/scarabarm_control/share/scarabarm_control/package.xml
/home/student/scarab_ros2/src/scarabarm_ros2/install/scarabarm_control/share/scarabarm_control/launch/bringup_pi.launch.py
/home/student/scarab_ros2/src/scarabarm_ros2/install/scarabarm_control/share/scarabarm_control/config/ros2_control_odrive.yaml
/home/student/scarab_ros2/src/scarabarm_ros2/install/scarabarm_control/share/scarabarm_control/config/controllers.yaml
/home/student/scarab_ros2/src/scarabarm_ros2/install/scarabarm_control/lib/python3.10/site-packages/scarabarm_control-0.0.0-py3.10.egg-info/entry_points.txt
/home/student/scarab_ros2/src/scarabarm_ros2/install/scarabarm_control/lib/python3.10/site-packages/scarabarm_control-0.0.0-py3.10.egg-info/requires.txt
/home/student/scarab_ros2/src/scarabarm_ros2/install/scarabarm_control/lib/python3.10/site-packages/scarabarm_control-0.0.0-py3.10.egg-info/zip-safe
/home/student/scarab_ros2/src/scarabarm_ros2/install/scarabarm_control/lib/python3.10/site-packages/scarabarm_control-0.0.0-py3.10.egg-info/dependency_links.txt
/home/student/scarab_ros2/src/scarabarm_ros2/install/scarabarm_control/lib/python3.10/site-packages/scarabarm_control-0.0.0-py3.10.egg-info/SOURCES.txt
/home/student/scarab_ros2/src/scarabarm_ros2/install/scarabarm_control/lib/python3.10/site-packages/scarabarm_control-0.0.0-py3.10.egg-info/PKG-INFO
/home/student/scarab_ros2/src/scarabarm_ros2/install/scarabarm_control/lib/python3.10/site-packages/scarabarm_control-0.0.0-py3.10.egg-info/top_level.txt
/home/student/scarab_ros2/src/scarabarm_ros2/install/scarabarm_control/lib/scarabarm_control/scarab_controller
/home/student/scarab_ros2/src/scarabarm_ros2/install/scarabarm_control/lib/scarabarm_control/scarab_js_agg
