running egg_info
writing ../build/scarabarm_control/scarabarm_control.egg-info/PKG-INFO
writing dependency_links to ../build/scarabarm_control/scarabarm_control.egg-info/dependency_links.txt
writing entry points to ../build/scarabarm_control/scarabarm_control.egg-info/entry_points.txt
writing requirements to ../build/scarabarm_control/scarabarm_control.egg-info/requires.txt
writing top-level names to ../build/scarabarm_control/scarabarm_control.egg-info/top_level.txt
reading manifest file '../build/scarabarm_control/scarabarm_control.egg-info/SOURCES.txt'
writing manifest file '../build/scarabarm_control/scarabarm_control.egg-info/SOURCES.txt'
running build
running build_py
running install
running install_lib
running install_data
running install_egg_info
removing '/home/student/scarab_ros2/src/scarabarm_ros2/install/scarabarm_control/lib/python3.10/site-packages/scarabarm_control-0.0.0-py3.10.egg-info' (and everything under it)
Copying ../build/scarabarm_control/scarabarm_control.egg-info to /home/student/scarab_ros2/src/scarabarm_ros2/install/scarabarm_control/lib/python3.10/site-packages/scarabarm_control-0.0.0-py3.10.egg-info
running install_scripts
Installing scarab_controller script to /home/student/scarab_ros2/src/scarabarm_ros2/install/scarabarm_control/lib/scarabarm_control
Installing scarab_js_agg script to /home/student/scarab_ros2/src/scarabarm_ros2/install/scarabarm_control/lib/scarabarm_control
writing list of installed files to '/home/student/scarab_ros2/src/scarabarm_ros2/build/scarabarm_control/install.log'
