[1.236s] Invoking command in '/home/student/scarab_ros2/src/scarabarm_ros2/scarabarm_control': PYTHONPATH=/home/student/scarab_ros2/src/scarabarm_ros2/build/scarabarm_control/prefix_override:/usr/lib/python3/dist-packages/colcon_core/task/python/colcon_distutils_commands:/home/student/scarab_ros2/src/scarabarm_ros2/install/scarabarm_control/lib/python3.10/site-packages:${PYTHONPATH} /usr/bin/python3 -W ignore:setup.py install is deprecated -W ignore:easy_install command is deprecated setup.py egg_info --egg-base ../build/scarabarm_control build --build-base /home/student/scarab_ros2/src/scarabarm_ros2/build/scarabarm_control/build install --record /home/student/scarab_ros2/src/scarabarm_ros2/build/scarabarm_control/install.log --install-scripts $base/lib/scarabarm_control --single-version-externally-managed install_data
[1.505s] running egg_info
[1.505s] writing ../build/scarabarm_control/scarabarm_control.egg-info/PKG-INFO
[1.506s] writing dependency_links to ../build/scarabarm_control/scarabarm_control.egg-info/dependency_links.txt
[1.506s] writing entry points to ../build/scarabarm_control/scarabarm_control.egg-info/entry_points.txt
[1.506s] writing requirements to ../build/scarabarm_control/scarabarm_control.egg-info/requires.txt
[1.506s] writing top-level names to ../build/scarabarm_control/scarabarm_control.egg-info/top_level.txt
[1.508s] reading manifest file '../build/scarabarm_control/scarabarm_control.egg-info/SOURCES.txt'
[1.508s] writing manifest file '../build/scarabarm_control/scarabarm_control.egg-info/SOURCES.txt'
[1.508s] running build
[1.508s] running build_py
[1.509s] running install
[1.509s] running install_lib
[1.510s] running install_data
[1.511s] running install_egg_info
[1.512s] removing '/home/student/scarab_ros2/src/scarabarm_ros2/install/scarabarm_control/lib/python3.10/site-packages/scarabarm_control-0.0.0-py3.10.egg-info' (and everything under it)
[1.512s] Copying ../build/scarabarm_control/scarabarm_control.egg-info to /home/student/scarab_ros2/src/scarabarm_ros2/install/scarabarm_control/lib/python3.10/site-packages/scarabarm_control-0.0.0-py3.10.egg-info
[1.514s] running install_scripts
[1.533s] Installing scarab_controller script to /home/student/scarab_ros2/src/scarabarm_ros2/install/scarabarm_control/lib/scarabarm_control
[1.533s] Installing scarab_js_agg script to /home/student/scarab_ros2/src/scarabarm_ros2/install/scarabarm_control/lib/scarabarm_control
[1.534s] writing list of installed files to '/home/student/scarab_ros2/src/scarabarm_ros2/build/scarabarm_control/install.log'
[1.562s] Invoked command in '/home/student/scarab_ros2/src/scarabarm_ros2/scarabarm_control' returned '0': PYTHONPATH=/home/student/scarab_ros2/src/scarabarm_ros2/build/scarabarm_control/prefix_override:/usr/lib/python3/dist-packages/colcon_core/task/python/colcon_distutils_commands:/home/student/scarab_ros2/src/scarabarm_ros2/install/scarabarm_control/lib/python3.10/site-packages:${PYTHONPATH} /usr/bin/python3 -W ignore:setup.py install is deprecated -W ignore:easy_install command is deprecated setup.py egg_info --egg-base ../build/scarabarm_control build --build-base /home/student/scarab_ros2/src/scarabarm_ros2/build/scarabarm_control/build install --record /home/student/scarab_ros2/src/scarabarm_ros2/build/scarabarm_control/install.log --install-scripts $base/lib/scarabarm_control --single-version-externally-managed install_data
