[1.117s] Invoking command in '/home/student/scarab_ros2/src/scarabarm_ros2/build/scarabarm_odrive': AMENT_PREFIX_PATH=/home/student/scarab_ros2/src/scarabarm_ros2/install/odrive_can:${AMENT_PREFIX_PATH} CMAKE_PREFIX_PATH=/home/student/scarab_ros2/src/scarabarm_ros2/install/odrive_can LD_LIBRARY_PATH=/home/student/scarab_ros2/src/scarabarm_ros2/install/odrive_can/lib:${LD_LIBRARY_PATH} PYTHONPATH=/home/student/scarab_ros2/src/scarabarm_ros2/build/scarabarm_odrive/prefix_override:/usr/lib/python3/dist-packages/colcon_core/task/python/colcon_distutils_commands:/home/student/scarab_ros2/src/scarabarm_ros2/install/scarabarm_odrive/lib/python3.10/site-packages:/home/student/scarab_ros2/src/scarabarm_ros2/install/odrive_can/local/lib/python3.10/dist-packages:${PYTHONPATH} /usr/bin/python3 -W ignore:setup.py install is deprecated -W ignore:easy_install command is deprecated setup.py develop --editable --build-directory /home/student/scarab_ros2/src/scarabarm_ros2/build/scarabarm_odrive/build --no-deps symlink_data
[1.351s] running develop
[1.474s] running egg_info
[1.474s] creating scarabarm_odrive.egg-info
[1.475s] writing scarabarm_odrive.egg-info/PKG-INFO
[1.475s] writing dependency_links to scarabarm_odrive.egg-info/dependency_links.txt
[1.476s] writing entry points to scarabarm_odrive.egg-info/entry_points.txt
[1.476s] writing requirements to scarabarm_odrive.egg-info/requires.txt
[1.476s] writing top-level names to scarabarm_odrive.egg-info/top_level.txt
[1.476s] writing manifest file 'scarabarm_odrive.egg-info/SOURCES.txt'
[1.478s] reading manifest file 'scarabarm_odrive.egg-info/SOURCES.txt'
[1.478s] writing manifest file 'scarabarm_odrive.egg-info/SOURCES.txt'
[1.479s] running build_ext
[1.480s] Creating /home/student/scarab_ros2/src/scarabarm_ros2/install/scarabarm_odrive/lib/python3.10/site-packages/scarabarm-odrive.egg-link (link to .)
[1.480s] Installing odrive_trajectory_executor script to /home/student/scarab_ros2/src/scarabarm_ros2/install/scarabarm_odrive/lib/scarabarm_odrive
[1.481s] 
[1.481s] Installed /home/student/scarab_ros2/src/scarabarm_ros2/build/scarabarm_odrive
[1.481s] running symlink_data
[1.481s] creating /home/student/scarab_ros2/src/scarabarm_ros2/install/scarabarm_odrive/share/ament_index
[1.481s] creating /home/student/scarab_ros2/src/scarabarm_ros2/install/scarabarm_odrive/share/ament_index/resource_index
[1.482s] creating /home/student/scarab_ros2/src/scarabarm_ros2/install/scarabarm_odrive/share/ament_index/resource_index/packages
[1.482s] symbolically linking /home/student/scarab_ros2/src/scarabarm_ros2/build/scarabarm_odrive/resource/scarabarm_odrive -> /home/student/scarab_ros2/src/scarabarm_ros2/install/scarabarm_odrive/share/ament_index/resource_index/packages
[1.482s] symbolically linking /home/student/scarab_ros2/src/scarabarm_ros2/build/scarabarm_odrive/package.xml -> /home/student/scarab_ros2/src/scarabarm_ros2/install/scarabarm_odrive/share/scarabarm_odrive
[1.482s] creating /home/student/scarab_ros2/src/scarabarm_ros2/install/scarabarm_odrive/share/scarabarm_odrive/launch
[1.482s] symbolically linking /home/student/scarab_ros2/src/scarabarm_ros2/build/scarabarm_odrive/launch/odrive_hardware.launch.py -> /home/student/scarab_ros2/src/scarabarm_ros2/install/scarabarm_odrive/share/scarabarm_odrive/launch
[1.482s] symbolically linking /home/student/scarab_ros2/src/scarabarm_ros2/build/scarabarm_odrive/launch/multi_odrive_launch.py -> /home/student/scarab_ros2/src/scarabarm_ros2/install/scarabarm_odrive/share/scarabarm_odrive/launch
[1.504s] Invoked command in '/home/student/scarab_ros2/src/scarabarm_ros2/build/scarabarm_odrive' returned '0': AMENT_PREFIX_PATH=/home/student/scarab_ros2/src/scarabarm_ros2/install/odrive_can:${AMENT_PREFIX_PATH} CMAKE_PREFIX_PATH=/home/student/scarab_ros2/src/scarabarm_ros2/install/odrive_can LD_LIBRARY_PATH=/home/student/scarab_ros2/src/scarabarm_ros2/install/odrive_can/lib:${LD_LIBRARY_PATH} PYTHONPATH=/home/student/scarab_ros2/src/scarabarm_ros2/build/scarabarm_odrive/prefix_override:/usr/lib/python3/dist-packages/colcon_core/task/python/colcon_distutils_commands:/home/student/scarab_ros2/src/scarabarm_ros2/install/scarabarm_odrive/lib/python3.10/site-packages:/home/student/scarab_ros2/src/scarabarm_ros2/install/odrive_can/local/lib/python3.10/dist-packages:${PYTHONPATH} /usr/bin/python3 -W ignore:setup.py install is deprecated -W ignore:easy_install command is deprecated setup.py develop --editable --build-directory /home/student/scarab_ros2/src/scarabarm_ros2/build/scarabarm_odrive/build --no-deps symlink_data
