[0.426s] Invoking command in '/home/student/scarab_ros2/src/scarabarm_ros2/build/odrive_can': CMAKE_PREFIX_PATH=${CMAKE_PREFIX_PATH}:/home/student/scarab_ros2/src/scarabarm_ros2/install/scarabarm_odrive:/home/student/scarab_ros2/src/scarabarm_ros2/install/scarabarm_control:/home/student/scarab_ros2/src/scarabarm_ros2/install/gripper_sim_description:/home/student/scarab_ros2/src/scarabarm_ros2/install/Arm_description:/opt/ros/humble /usr/bin/cmake --build /home/student/scarab_ros2/src/scarabarm_ros2/build/odrive_can -- -j8 -l8
[0.734s] [  1%] Built target odrive_can__cpp
[0.735s] [ 11%] Built target odrive_can__rosidl_generator_c
[0.736s] [ 25%] Built target odrive_can__rosidl_typesupport_fastrtps_cpp
[0.736s] [ 26%] Built target ament_cmake_python_symlink_odrive_can
[0.737s] [ 31%] Built target odrive_can__rosidl_typesupport_introspection_cpp
[0.737s] [ 41%] Built target odrive_can__rosidl_typesupport_cpp
[0.737s] [ 51%] Built target odrive_can__rosidl_typesupport_introspection_c
[0.737s] [ 61%] Built target odrive_can__rosidl_typesupport_c
[0.737s] [ 71%] Built target odrive_can__rosidl_typesupport_fastrtps_c
[0.738s] [ 71%] Built target odrive_can
[0.738s] [ 80%] Built target odrive_can_node
[0.738s] [ 81%] Built target odrive_can__py
[0.739s] [ 90%] Built target odrive_can__rosidl_generator_py
[0.766s] [ 93%] Built target odrive_can__rosidl_typesupport_fastrtps_c__pyext
[0.774s] [ 96%] Built target odrive_can__rosidl_typesupport_introspection_c__pyext
[0.775s] [100%] Built target odrive_can__rosidl_typesupport_c__pyext
[0.987s] running egg_info
[0.988s] writing odrive_can.egg-info/PKG-INFO
[0.989s] writing dependency_links to odrive_can.egg-info/dependency_links.txt
[0.989s] writing top-level names to odrive_can.egg-info/top_level.txt
[0.995s] reading manifest file 'odrive_can.egg-info/SOURCES.txt'
[0.995s] writing manifest file 'odrive_can.egg-info/SOURCES.txt'
[1.031s] [100%] Built target ament_cmake_python_build_odrive_can_egg
[1.061s] Invoked command in '/home/student/scarab_ros2/src/scarabarm_ros2/build/odrive_can' returned '0': CMAKE_PREFIX_PATH=${CMAKE_PREFIX_PATH}:/home/student/scarab_ros2/src/scarabarm_ros2/install/scarabarm_odrive:/home/student/scarab_ros2/src/scarabarm_ros2/install/scarabarm_control:/home/student/scarab_ros2/src/scarabarm_ros2/install/gripper_sim_description:/home/student/scarab_ros2/src/scarabarm_ros2/install/Arm_description:/opt/ros/humble /usr/bin/cmake --build /home/student/scarab_ros2/src/scarabarm_ros2/build/odrive_can -- -j8 -l8
[1.085s] Invoking command in '/home/student/scarab_ros2/src/scarabarm_ros2/build/odrive_can': CMAKE_PREFIX_PATH=${CMAKE_PREFIX_PATH}:/home/student/scarab_ros2/src/scarabarm_ros2/install/scarabarm_odrive:/home/student/scarab_ros2/src/scarabarm_ros2/install/scarabarm_control:/home/student/scarab_ros2/src/scarabarm_ros2/install/gripper_sim_description:/home/student/scarab_ros2/src/scarabarm_ros2/install/Arm_description:/opt/ros/humble /usr/bin/cmake --install /home/student/scarab_ros2/src/scarabarm_ros2/build/odrive_can
[1.103s] -- Install configuration: ""
[1.106s] -- Execute custom install script
[1.106s] -- Up-to-date symlink: /home/student/scarab_ros2/src/scarabarm_ros2/install/odrive_can/share/ament_index/resource_index/rosidl_interfaces/odrive_can
[1.107s] -- Up-to-date symlink: /home/student/scarab_ros2/src/scarabarm_ros2/install/odrive_can/include/odrive_can/odrive_can/msg/control_message.h
[1.107s] -- Up-to-date symlink: /home/student/scarab_ros2/src/scarabarm_ros2/install/odrive_can/include/odrive_can/odrive_can/msg/controller_status.h
[1.109s] -- Up-to-date symlink: /home/student/scarab_ros2/src/scarabarm_ros2/install/odrive_can/include/odrive_can/odrive_can/msg/detail/control_message__functions.h
[1.109s] -- Up-to-date symlink: /home/student/scarab_ros2/src/scarabarm_ros2/install/odrive_can/include/odrive_can/odrive_can/msg/detail/control_message__struct.h
[1.109s] -- Up-to-date symlink: /home/student/scarab_ros2/src/scarabarm_ros2/install/odrive_can/include/odrive_can/odrive_can/msg/detail/control_message__type_support.h
[1.109s] -- Up-to-date symlink: /home/student/scarab_ros2/src/scarabarm_ros2/install/odrive_can/include/odrive_can/odrive_can/msg/detail/controller_status__functions.h
[1.109s] -- Up-to-date symlink: /home/student/scarab_ros2/src/scarabarm_ros2/install/odrive_can/include/odrive_can/odrive_can/msg/detail/controller_status__struct.h
[1.109s] -- Up-to-date symlink: /home/student/scarab_ros2/src/scarabarm_ros2/install/odrive_can/include/odrive_can/odrive_can/msg/detail/controller_status__type_support.h
[1.109s] -- Up-to-date symlink: /home/student/scarab_ros2/src/scarabarm_ros2/install/odrive_can/include/odrive_can/odrive_can/msg/detail/o_drive_status__functions.h
[1.110s] -- Up-to-date symlink: /home/student/scarab_ros2/src/scarabarm_ros2/install/odrive_can/include/odrive_can/odrive_can/msg/detail/o_drive_status__struct.h
[1.110s] -- Up-to-date symlink: /home/student/scarab_ros2/src/scarabarm_ros2/install/odrive_can/include/odrive_can/odrive_can/msg/detail/o_drive_status__type_support.h
[1.110s] -- Up-to-date symlink: /home/student/scarab_ros2/src/scarabarm_ros2/install/odrive_can/include/odrive_can/odrive_can/msg/o_drive_status.h
[1.111s] -- Up-to-date symlink: /home/student/scarab_ros2/src/scarabarm_ros2/install/odrive_can/include/odrive_can/odrive_can/msg/rosidl_generator_c__visibility_control.h
[1.111s] -- Up-to-date symlink: /home/student/scarab_ros2/src/scarabarm_ros2/install/odrive_can/include/odrive_can/odrive_can/srv/axis_state.h
[1.111s] -- Up-to-date symlink: /home/student/scarab_ros2/src/scarabarm_ros2/install/odrive_can/include/odrive_can/odrive_can/srv/detail/axis_state__functions.h
[1.111s] -- Up-to-date symlink: /home/student/scarab_ros2/src/scarabarm_ros2/install/odrive_can/include/odrive_can/odrive_can/srv/detail/axis_state__struct.h
[1.112s] -- Up-to-date symlink: /home/student/scarab_ros2/src/scarabarm_ros2/install/odrive_can/include/odrive_can/odrive_can/srv/detail/axis_state__type_support.h
[1.112s] -- Up-to-date symlink: /home/student/scarab_ros2/src/scarabarm_ros2/install/odrive_can/share/odrive_can/environment/library_path.sh
[1.112s] -- Up-to-date symlink: /home/student/scarab_ros2/src/scarabarm_ros2/install/odrive_can/share/odrive_can/environment/library_path.dsv
[1.112s] -- Up-to-date symlink: /home/student/scarab_ros2/src/scarabarm_ros2/install/odrive_can/include/odrive_can/odrive_can/msg/detail/control_message__rosidl_typesupport_fastrtps_c.h
[1.112s] -- Up-to-date symlink: /home/student/scarab_ros2/src/scarabarm_ros2/install/odrive_can/include/odrive_can/odrive_can/msg/detail/controller_status__rosidl_typesupport_fastrtps_c.h
[1.112s] -- Up-to-date symlink: /home/student/scarab_ros2/src/scarabarm_ros2/install/odrive_can/include/odrive_can/odrive_can/msg/detail/o_drive_status__rosidl_typesupport_fastrtps_c.h
[1.112s] -- Up-to-date symlink: /home/student/scarab_ros2/src/scarabarm_ros2/install/odrive_can/include/odrive_can/odrive_can/msg/rosidl_typesupport_fastrtps_c__visibility_control.h
[1.112s] -- Up-to-date symlink: /home/student/scarab_ros2/src/scarabarm_ros2/install/odrive_can/include/odrive_can/odrive_can/srv/detail/axis_state__rosidl_typesupport_fastrtps_c.h
[1.115s] -- Up-to-date symlink: /home/student/scarab_ros2/src/scarabarm_ros2/install/odrive_can/include/odrive_can/odrive_can/msg/control_message.hpp
[1.115s] -- Up-to-date symlink: /home/student/scarab_ros2/src/scarabarm_ros2/install/odrive_can/include/odrive_can/odrive_can/msg/controller_status.hpp
[1.115s] -- Up-to-date symlink: /home/student/scarab_ros2/src/scarabarm_ros2/install/odrive_can/include/odrive_can/odrive_can/msg/detail/control_message__builder.hpp
[1.115s] -- Up-to-date symlink: /home/student/scarab_ros2/src/scarabarm_ros2/install/odrive_can/include/odrive_can/odrive_can/msg/detail/control_message__struct.hpp
[1.115s] -- Up-to-date symlink: /home/student/scarab_ros2/src/scarabarm_ros2/install/odrive_can/include/odrive_can/odrive_can/msg/detail/control_message__traits.hpp
[1.115s] -- Up-to-date symlink: /home/student/scarab_ros2/src/scarabarm_ros2/install/odrive_can/include/odrive_can/odrive_can/msg/detail/control_message__type_support.hpp
[1.115s] -- Up-to-date symlink: /home/student/scarab_ros2/src/scarabarm_ros2/install/odrive_can/include/odrive_can/odrive_can/msg/detail/controller_status__builder.hpp
[1.116s] -- Up-to-date symlink: /home/student/scarab_ros2/src/scarabarm_ros2/install/odrive_can/include/odrive_can/odrive_can/msg/detail/controller_status__struct.hpp
[1.116s] -- Up-to-date symlink: /home/student/scarab_ros2/src/scarabarm_ros2/install/odrive_can/include/odrive_can/odrive_can/msg/detail/controller_status__traits.hpp
[1.116s] -- Up-to-date symlink: /home/student/scarab_ros2/src/scarabarm_ros2/install/odrive_can/include/odrive_can/odrive_can/msg/detail/controller_status__type_support.hpp
[1.116s] -- Up-to-date symlink: /home/student/scarab_ros2/src/scarabarm_ros2/install/odrive_can/include/odrive_can/odrive_can/msg/detail/o_drive_status__builder.hpp
[1.116s] -- Up-to-date symlink: /home/student/scarab_ros2/src/scarabarm_ros2/install/odrive_can/include/odrive_can/odrive_can/msg/detail/o_drive_status__struct.hpp
[1.116s] -- Up-to-date symlink: /home/student/scarab_ros2/src/scarabarm_ros2/install/odrive_can/include/odrive_can/odrive_can/msg/detail/o_drive_status__traits.hpp
[1.116s] -- Up-to-date symlink: /home/student/scarab_ros2/src/scarabarm_ros2/install/odrive_can/include/odrive_can/odrive_can/msg/detail/o_drive_status__type_support.hpp
[1.125s] -- Up-to-date symlink: /home/student/scarab_ros2/src/scarabarm_ros2/install/odrive_can/include/odrive_can/odrive_can/msg/o_drive_status.hpp
[1.125s] -- Up-to-date symlink: /home/student/scarab_ros2/src/scarabarm_ros2/install/odrive_can/include/odrive_can/odrive_can/msg/rosidl_generator_cpp__visibility_control.hpp
[1.125s] -- Up-to-date symlink: /home/student/scarab_ros2/src/scarabarm_ros2/install/odrive_can/include/odrive_can/odrive_can/srv/axis_state.hpp
[1.125s] -- Up-to-date symlink: /home/student/scarab_ros2/src/scarabarm_ros2/install/odrive_can/include/odrive_can/odrive_can/srv/detail/axis_state__builder.hpp
[1.125s] -- Up-to-date symlink: /home/student/scarab_ros2/src/scarabarm_ros2/install/odrive_can/include/odrive_can/odrive_can/srv/detail/axis_state__struct.hpp
[1.125s] -- Up-to-date symlink: /home/student/scarab_ros2/src/scarabarm_ros2/install/odrive_can/include/odrive_can/odrive_can/srv/detail/axis_state__traits.hpp
[1.125s] -- Up-to-date symlink: /home/student/scarab_ros2/src/scarabarm_ros2/install/odrive_can/include/odrive_can/odrive_can/srv/detail/axis_state__type_support.hpp
[1.125s] -- Up-to-date symlink: /home/student/scarab_ros2/src/scarabarm_ros2/install/odrive_can/include/odrive_can/odrive_can/msg/detail/control_message__rosidl_typesupport_fastrtps_cpp.hpp
[1.125s] -- Up-to-date symlink: /home/student/scarab_ros2/src/scarabarm_ros2/install/odrive_can/include/odrive_can/odrive_can/msg/detail/controller_status__rosidl_typesupport_fastrtps_cpp.hpp
[1.125s] -- Up-to-date symlink: /home/student/scarab_ros2/src/scarabarm_ros2/install/odrive_can/include/odrive_can/odrive_can/msg/detail/o_drive_status__rosidl_typesupport_fastrtps_cpp.hpp
[1.126s] -- Up-to-date symlink: /home/student/scarab_ros2/src/scarabarm_ros2/install/odrive_can/include/odrive_can/odrive_can/msg/rosidl_typesupport_fastrtps_cpp__visibility_control.h
[1.126s] -- Up-to-date symlink: /home/student/scarab_ros2/src/scarabarm_ros2/install/odrive_can/include/odrive_can/odrive_can/srv/detail/axis_state__rosidl_typesupport_fastrtps_cpp.hpp
[1.126s] -- Up-to-date symlink: /home/student/scarab_ros2/src/scarabarm_ros2/install/odrive_can/include/odrive_can/odrive_can/msg/detail/control_message__rosidl_typesupport_introspection_c.h
[1.126s] -- Up-to-date symlink: /home/student/scarab_ros2/src/scarabarm_ros2/install/odrive_can/include/odrive_can/odrive_can/msg/detail/controller_status__rosidl_typesupport_introspection_c.h
[1.126s] -- Up-to-date symlink: /home/student/scarab_ros2/src/scarabarm_ros2/install/odrive_can/include/odrive_can/odrive_can/msg/detail/o_drive_status__rosidl_typesupport_introspection_c.h
[1.126s] -- Up-to-date symlink: /home/student/scarab_ros2/src/scarabarm_ros2/install/odrive_can/include/odrive_can/odrive_can/msg/rosidl_typesupport_introspection_c__visibility_control.h
[1.126s] -- Up-to-date symlink: /home/student/scarab_ros2/src/scarabarm_ros2/install/odrive_can/include/odrive_can/odrive_can/srv/detail/axis_state__rosidl_typesupport_introspection_c.h
[1.126s] -- Up-to-date symlink: /home/student/scarab_ros2/src/scarabarm_ros2/install/odrive_can/include/odrive_can/odrive_can/msg/detail/control_message__rosidl_typesupport_introspection_cpp.hpp
[1.126s] -- Up-to-date symlink: /home/student/scarab_ros2/src/scarabarm_ros2/install/odrive_can/include/odrive_can/odrive_can/msg/detail/controller_status__rosidl_typesupport_introspection_cpp.hpp
[1.126s] -- Up-to-date symlink: /home/student/scarab_ros2/src/scarabarm_ros2/install/odrive_can/include/odrive_can/odrive_can/msg/detail/o_drive_status__rosidl_typesupport_introspection_cpp.hpp
[1.126s] -- Up-to-date symlink: /home/student/scarab_ros2/src/scarabarm_ros2/install/odrive_can/include/odrive_can/odrive_can/srv/detail/axis_state__rosidl_typesupport_introspection_cpp.hpp
[1.126s] -- Up-to-date symlink: /home/student/scarab_ros2/src/scarabarm_ros2/install/odrive_can/share/odrive_can/environment/pythonpath.sh
[1.126s] -- Up-to-date symlink: /home/student/scarab_ros2/src/scarabarm_ros2/install/odrive_can/share/odrive_can/environment/pythonpath.dsv
[1.126s] -- Up-to-date symlink: /home/student/scarab_ros2/src/scarabarm_ros2/install/odrive_can/local/lib/python3.10/dist-packages/odrive_can-0.0.1-py3.10.egg-info/PKG-INFO
[1.126s] -- Up-to-date symlink: /home/student/scarab_ros2/src/scarabarm_ros2/install/odrive_can/local/lib/python3.10/dist-packages/odrive_can-0.0.1-py3.10.egg-info/SOURCES.txt
[1.127s] -- Up-to-date symlink: /home/student/scarab_ros2/src/scarabarm_ros2/install/odrive_can/local/lib/python3.10/dist-packages/odrive_can-0.0.1-py3.10.egg-info/dependency_links.txt
[1.127s] -- Up-to-date symlink: /home/student/scarab_ros2/src/scarabarm_ros2/install/odrive_can/local/lib/python3.10/dist-packages/odrive_can-0.0.1-py3.10.egg-info/top_level.txt
[1.127s] -- Up-to-date symlink: /home/student/scarab_ros2/src/scarabarm_ros2/install/odrive_can/local/lib/python3.10/dist-packages/odrive_can/__init__.py
[1.127s] -- Up-to-date symlink: /home/student/scarab_ros2/src/scarabarm_ros2/install/odrive_can/local/lib/python3.10/dist-packages/odrive_can/_odrive_can_s.ep.rosidl_typesupport_c.c
[1.127s] -- Up-to-date symlink: /home/student/scarab_ros2/src/scarabarm_ros2/install/odrive_can/local/lib/python3.10/dist-packages/odrive_can/_odrive_can_s.ep.rosidl_typesupport_fastrtps_c.c
[1.127s] -- Up-to-date symlink: /home/student/scarab_ros2/src/scarabarm_ros2/install/odrive_can/local/lib/python3.10/dist-packages/odrive_can/_odrive_can_s.ep.rosidl_typesupport_introspection_c.c
[1.127s] -- Up-to-date symlink: /home/student/scarab_ros2/src/scarabarm_ros2/install/odrive_can/local/lib/python3.10/dist-packages/odrive_can/libodrive_can__rosidl_generator_py.so
[1.127s] -- Up-to-date symlink: /home/student/scarab_ros2/src/scarabarm_ros2/install/odrive_can/local/lib/python3.10/dist-packages/odrive_can/msg/__init__.py
[1.127s] -- Up-to-date symlink: /home/student/scarab_ros2/src/scarabarm_ros2/install/odrive_can/local/lib/python3.10/dist-packages/odrive_can/msg/_control_message.py
[1.127s] -- Up-to-date symlink: /home/student/scarab_ros2/src/scarabarm_ros2/install/odrive_can/local/lib/python3.10/dist-packages/odrive_can/msg/_control_message_s.c
[1.127s] -- Up-to-date symlink: /home/student/scarab_ros2/src/scarabarm_ros2/install/odrive_can/local/lib/python3.10/dist-packages/odrive_can/msg/_controller_status.py
[1.127s] -- Up-to-date symlink: /home/student/scarab_ros2/src/scarabarm_ros2/install/odrive_can/local/lib/python3.10/dist-packages/odrive_can/msg/_controller_status_s.c
[1.127s] -- Up-to-date symlink: /home/student/scarab_ros2/src/scarabarm_ros2/install/odrive_can/local/lib/python3.10/dist-packages/odrive_can/msg/_o_drive_status.py
[1.127s] -- Up-to-date symlink: /home/student/scarab_ros2/src/scarabarm_ros2/install/odrive_can/local/lib/python3.10/dist-packages/odrive_can/msg/_o_drive_status_s.c
[1.127s] -- Up-to-date symlink: /home/student/scarab_ros2/src/scarabarm_ros2/install/odrive_can/local/lib/python3.10/dist-packages/odrive_can/odrive_can_s__rosidl_typesupport_c.cpython-310-x86_64-linux-gnu.so
[1.128s] -- Up-to-date symlink: /home/student/scarab_ros2/src/scarabarm_ros2/install/odrive_can/local/lib/python3.10/dist-packages/odrive_can/odrive_can_s__rosidl_typesupport_fastrtps_c.cpython-310-x86_64-linux-gnu.so
[1.128s] -- Up-to-date symlink: /home/student/scarab_ros2/src/scarabarm_ros2/install/odrive_can/local/lib/python3.10/dist-packages/odrive_can/odrive_can_s__rosidl_typesupport_introspection_c.cpython-310-x86_64-linux-gnu.so
[1.128s] -- Up-to-date symlink: /home/student/scarab_ros2/src/scarabarm_ros2/install/odrive_can/local/lib/python3.10/dist-packages/odrive_can/srv/__init__.py
[1.128s] -- Up-to-date symlink: /home/student/scarab_ros2/src/scarabarm_ros2/install/odrive_can/local/lib/python3.10/dist-packages/odrive_can/srv/_axis_state.py
[1.128s] -- Up-to-date symlink: /home/student/scarab_ros2/src/scarabarm_ros2/install/odrive_can/local/lib/python3.10/dist-packages/odrive_can/srv/_axis_state_s.c
[1.128s] -- Up-to-date symlink: /home/student/scarab_ros2/src/scarabarm_ros2/install/odrive_can/local/lib/python3.10/dist-packages/odrive_can/odrive_can_s__rosidl_typesupport_fastrtps_c.cpython-310-x86_64-linux-gnu.so
[1.136s] -- Up-to-date symlink: /home/student/scarab_ros2/src/scarabarm_ros2/install/odrive_can/local/lib/python3.10/dist-packages/odrive_can/odrive_can_s__rosidl_typesupport_introspection_c.cpython-310-x86_64-linux-gnu.so
[1.136s] -- Up-to-date symlink: /home/student/scarab_ros2/src/scarabarm_ros2/install/odrive_can/local/lib/python3.10/dist-packages/odrive_can/odrive_can_s__rosidl_typesupport_c.cpython-310-x86_64-linux-gnu.so
[1.136s] -- Up-to-date symlink: /home/student/scarab_ros2/src/scarabarm_ros2/install/odrive_can/share/odrive_can/msg/ControlMessage.idl
[1.137s] -- Up-to-date symlink: /home/student/scarab_ros2/src/scarabarm_ros2/install/odrive_can/share/odrive_can/msg/ControllerStatus.idl
[1.137s] -- Up-to-date symlink: /home/student/scarab_ros2/src/scarabarm_ros2/install/odrive_can/share/odrive_can/msg/ODriveStatus.idl
[1.137s] -- Up-to-date symlink: /home/student/scarab_ros2/src/scarabarm_ros2/install/odrive_can/share/odrive_can/srv/AxisState.idl
[1.137s] -- Up-to-date symlink: /home/student/scarab_ros2/src/scarabarm_ros2/install/odrive_can/share/odrive_can/msg/ControlMessage.msg
[1.137s] -- Up-to-date symlink: /home/student/scarab_ros2/src/scarabarm_ros2/install/odrive_can/share/odrive_can/msg/ControllerStatus.msg
[1.137s] -- Up-to-date symlink: /home/student/scarab_ros2/src/scarabarm_ros2/install/odrive_can/share/odrive_can/msg/ODriveStatus.msg
[1.137s] -- Up-to-date symlink: /home/student/scarab_ros2/src/scarabarm_ros2/install/odrive_can/share/odrive_can/srv/AxisState.srv
[1.137s] -- Up-to-date symlink: /home/student/scarab_ros2/src/scarabarm_ros2/install/odrive_can/share/odrive_can/srv/AxisState_Request.msg
[1.137s] -- Up-to-date symlink: /home/student/scarab_ros2/src/scarabarm_ros2/install/odrive_can/share/odrive_can/srv/AxisState_Response.msg
[1.137s] -- Up-to-date symlink: /home/student/scarab_ros2/src/scarabarm_ros2/install/odrive_can/lib/odrive_can/odrive_can_node
[1.137s] -- Up-to-date symlink: /home/student/scarab_ros2/src/scarabarm_ros2/install/odrive_can/share/odrive_can/launch/example_launch.yaml
[1.137s] -- Up-to-date symlink: /home/student/scarab_ros2/src/scarabarm_ros2/install/odrive_can/share/ament_index/resource_index/package_run_dependencies/odrive_can
[1.138s] -- Up-to-date symlink: /home/student/scarab_ros2/src/scarabarm_ros2/install/odrive_can/share/ament_index/resource_index/parent_prefix_path/odrive_can
[1.138s] -- Up-to-date symlink: /home/student/scarab_ros2/src/scarabarm_ros2/install/odrive_can/share/odrive_can/environment/ament_prefix_path.sh
[1.138s] -- Up-to-date symlink: /home/student/scarab_ros2/src/scarabarm_ros2/install/odrive_can/share/odrive_can/environment/ament_prefix_path.dsv
[1.139s] -- Up-to-date symlink: /home/student/scarab_ros2/src/scarabarm_ros2/install/odrive_can/share/odrive_can/environment/path.sh
[1.139s] -- Up-to-date symlink: /home/student/scarab_ros2/src/scarabarm_ros2/install/odrive_can/share/odrive_can/environment/path.dsv
[1.139s] -- Up-to-date symlink: /home/student/scarab_ros2/src/scarabarm_ros2/install/odrive_can/share/odrive_can/local_setup.bash
[1.139s] -- Up-to-date symlink: /home/student/scarab_ros2/src/scarabarm_ros2/install/odrive_can/share/odrive_can/local_setup.sh
[1.139s] -- Up-to-date symlink: /home/student/scarab_ros2/src/scarabarm_ros2/install/odrive_can/share/odrive_can/local_setup.zsh
[1.139s] -- Up-to-date symlink: /home/student/scarab_ros2/src/scarabarm_ros2/install/odrive_can/share/odrive_can/local_setup.dsv
[1.139s] -- Symlinking: /home/student/scarab_ros2/src/scarabarm_ros2/install/odrive_can/share/odrive_can/package.dsv
[1.147s] -- Up-to-date symlink: /home/student/scarab_ros2/src/scarabarm_ros2/install/odrive_can/share/ament_index/resource_index/packages/odrive_can
[1.148s] -- Up-to-date symlink: /home/student/scarab_ros2/src/scarabarm_ros2/install/odrive_can/share/odrive_can/cmake/rosidl_cmake-extras.cmake
[1.148s] -- Up-to-date symlink: /home/student/scarab_ros2/src/scarabarm_ros2/install/odrive_can/share/odrive_can/cmake/ament_cmake_export_include_directories-extras.cmake
[1.148s] -- Up-to-date symlink: /home/student/scarab_ros2/src/scarabarm_ros2/install/odrive_can/share/odrive_can/cmake/ament_cmake_export_libraries-extras.cmake
[1.148s] -- Up-to-date symlink: /home/student/scarab_ros2/src/scarabarm_ros2/install/odrive_can/share/odrive_can/cmake/ament_cmake_export_targets-extras.cmake
[1.148s] -- Up-to-date symlink: /home/student/scarab_ros2/src/scarabarm_ros2/install/odrive_can/share/odrive_can/cmake/rosidl_cmake_export_typesupport_targets-extras.cmake
[1.149s] -- Up-to-date symlink: /home/student/scarab_ros2/src/scarabarm_ros2/install/odrive_can/share/odrive_can/cmake/ament_cmake_export_dependencies-extras.cmake
[1.149s] -- Up-to-date symlink: /home/student/scarab_ros2/src/scarabarm_ros2/install/odrive_can/share/odrive_can/cmake/rosidl_cmake_export_typesupport_libraries-extras.cmake
[1.149s] -- Up-to-date symlink: /home/student/scarab_ros2/src/scarabarm_ros2/install/odrive_can/share/odrive_can/cmake/odrive_canConfig.cmake
[1.150s] -- Up-to-date symlink: /home/student/scarab_ros2/src/scarabarm_ros2/install/odrive_can/share/odrive_can/cmake/odrive_canConfig-version.cmake
[1.150s] -- Up-to-date symlink: /home/student/scarab_ros2/src/scarabarm_ros2/install/odrive_can/share/odrive_can/package.xml
[1.150s] -- Up-to-date: /home/student/scarab_ros2/src/scarabarm_ros2/install/odrive_can/lib/libodrive_can__rosidl_generator_c.so
[1.150s] -- Up-to-date: /home/student/scarab_ros2/src/scarabarm_ros2/install/odrive_can/lib/libodrive_can__rosidl_typesupport_fastrtps_c.so
[1.157s] -- Up-to-date: /home/student/scarab_ros2/src/scarabarm_ros2/install/odrive_can/lib/libodrive_can__rosidl_typesupport_fastrtps_cpp.so
[1.157s] -- Up-to-date: /home/student/scarab_ros2/src/scarabarm_ros2/install/odrive_can/lib/libodrive_can__rosidl_typesupport_introspection_c.so
[1.157s] -- Up-to-date: /home/student/scarab_ros2/src/scarabarm_ros2/install/odrive_can/lib/libodrive_can__rosidl_typesupport_c.so
[1.157s] -- Up-to-date: /home/student/scarab_ros2/src/scarabarm_ros2/install/odrive_can/lib/libodrive_can__rosidl_typesupport_introspection_cpp.so
[1.157s] -- Up-to-date: /home/student/scarab_ros2/src/scarabarm_ros2/install/odrive_can/lib/libodrive_can__rosidl_typesupport_cpp.so
[1.201s] Listing '/home/student/scarab_ros2/src/scarabarm_ros2/install/odrive_can/local/lib/python3.10/dist-packages/odrive_can'...
[1.201s] Listing '/home/student/scarab_ros2/src/scarabarm_ros2/install/odrive_can/local/lib/python3.10/dist-packages/odrive_can/msg'...
[1.202s] Listing '/home/student/scarab_ros2/src/scarabarm_ros2/install/odrive_can/local/lib/python3.10/dist-packages/odrive_can/srv'...
[1.210s] -- Up-to-date: /home/student/scarab_ros2/src/scarabarm_ros2/install/odrive_can/lib/libodrive_can__rosidl_generator_py.so
[1.210s] -- Up-to-date: /home/student/scarab_ros2/src/scarabarm_ros2/install/odrive_can/share/odrive_can/cmake/export_odrive_can__rosidl_generator_cExport.cmake
[1.210s] -- Up-to-date: /home/student/scarab_ros2/src/scarabarm_ros2/install/odrive_can/share/odrive_can/cmake/export_odrive_can__rosidl_generator_cExport-noconfig.cmake
[1.210s] -- Up-to-date: /home/student/scarab_ros2/src/scarabarm_ros2/install/odrive_can/share/odrive_can/cmake/export_odrive_can__rosidl_typesupport_fastrtps_cExport.cmake
[1.210s] -- Up-to-date: /home/student/scarab_ros2/src/scarabarm_ros2/install/odrive_can/share/odrive_can/cmake/export_odrive_can__rosidl_typesupport_fastrtps_cExport-noconfig.cmake
[1.210s] -- Up-to-date: /home/student/scarab_ros2/src/scarabarm_ros2/install/odrive_can/share/odrive_can/cmake/export_odrive_can__rosidl_generator_cppExport.cmake
[1.210s] -- Up-to-date: /home/student/scarab_ros2/src/scarabarm_ros2/install/odrive_can/share/odrive_can/cmake/export_odrive_can__rosidl_typesupport_fastrtps_cppExport.cmake
[1.210s] -- Up-to-date: /home/student/scarab_ros2/src/scarabarm_ros2/install/odrive_can/share/odrive_can/cmake/export_odrive_can__rosidl_typesupport_fastrtps_cppExport-noconfig.cmake
[1.210s] -- Up-to-date: /home/student/scarab_ros2/src/scarabarm_ros2/install/odrive_can/share/odrive_can/cmake/odrive_can__rosidl_typesupport_introspection_cExport.cmake
[1.210s] -- Up-to-date: /home/student/scarab_ros2/src/scarabarm_ros2/install/odrive_can/share/odrive_can/cmake/odrive_can__rosidl_typesupport_introspection_cExport-noconfig.cmake
[1.210s] -- Up-to-date: /home/student/scarab_ros2/src/scarabarm_ros2/install/odrive_can/share/odrive_can/cmake/odrive_can__rosidl_typesupport_cExport.cmake
[1.210s] -- Up-to-date: /home/student/scarab_ros2/src/scarabarm_ros2/install/odrive_can/share/odrive_can/cmake/odrive_can__rosidl_typesupport_cExport-noconfig.cmake
[1.210s] -- Up-to-date: /home/student/scarab_ros2/src/scarabarm_ros2/install/odrive_can/share/odrive_can/cmake/odrive_can__rosidl_typesupport_introspection_cppExport.cmake
[1.210s] -- Up-to-date: /home/student/scarab_ros2/src/scarabarm_ros2/install/odrive_can/share/odrive_can/cmake/odrive_can__rosidl_typesupport_introspection_cppExport-noconfig.cmake
[1.211s] -- Up-to-date: /home/student/scarab_ros2/src/scarabarm_ros2/install/odrive_can/share/odrive_can/cmake/odrive_can__rosidl_typesupport_cppExport.cmake
[1.211s] -- Up-to-date: /home/student/scarab_ros2/src/scarabarm_ros2/install/odrive_can/share/odrive_can/cmake/odrive_can__rosidl_typesupport_cppExport-noconfig.cmake
[1.211s] -- Up-to-date: /home/student/scarab_ros2/src/scarabarm_ros2/install/odrive_can/share/odrive_can/cmake/export_odrive_can__rosidl_generator_pyExport.cmake
[1.211s] -- Up-to-date: /home/student/scarab_ros2/src/scarabarm_ros2/install/odrive_can/share/odrive_can/cmake/export_odrive_can__rosidl_generator_pyExport-noconfig.cmake
[1.213s] Invoked command in '/home/student/scarab_ros2/src/scarabarm_ros2/build/odrive_can' returned '0': CMAKE_PREFIX_PATH=${CMAKE_PREFIX_PATH}:/home/student/scarab_ros2/src/scarabarm_ros2/install/scarabarm_odrive:/home/student/scarab_ros2/src/scarabarm_ros2/install/scarabarm_control:/home/student/scarab_ros2/src/scarabarm_ros2/install/gripper_sim_description:/home/student/scarab_ros2/src/scarabarm_ros2/install/Arm_description:/opt/ros/humble /usr/bin/cmake --install /home/student/scarab_ros2/src/scarabarm_ros2/build/odrive_can
