[0.480s] DEBUG:colcon:Command line arguments: ['/usr/bin/colcon', 'build', '--symlink-install']
[0.480s] DEBUG:colcon:Parsed command line arguments: Namespace(log_base=None, log_level=None, verb_name='build', build_base='build', install_base='install', merge_install=False, symlink_install=True, test_result_base=None, continue_on_error=False, executor='parallel', parallel_workers=8, event_handlers=None, ignore_user_meta=False, metas=['./colcon.meta'], base_paths=['.'], packages_ignore=None, packages_ignore_regex=None, paths=None, packages_up_to=None, packages_up_to_regex=None, packages_above=None, packages_above_and_dependencies=None, packages_above_depth=None, packages_select_by_dep=None, packages_skip_by_dep=None, packages_skip_up_to=None, packages_select_build_failed=False, packages_skip_build_finished=False, packages_select_test_failures=False, packages_skip_test_passed=False, packages_select=None, packages_skip=None, packages_select_regex=None, packages_skip_regex=None, packages_start=None, packages_end=None, cmake_args=None, cmake_target=None, cmake_target_skip_unavailable=False, cmake_clean_cache=False, cmake_clean_first=False, cmake_force_configure=False, ament_cmake_args=None, catkin_cmake_args=None, catkin_skip_building_tests=False, mixin_files=None, mixin=None, verb_parser=<colcon_mixin.mixin.mixin_argument.MixinArgumentDecorator object at 0x7ab30434b2b0>, verb_extension=<colcon_core.verb.build.BuildVerb object at 0x7ab30448c160>, main=<bound method BuildVerb.main of <colcon_core.verb.build.BuildVerb object at 0x7ab30448c160>>, mixin_verb=('build',))
[0.887s] Level 1:colcon.colcon_core.package_discovery:discover_packages(colcon_meta) check parameters
[0.887s] Level 1:colcon.colcon_core.package_discovery:discover_packages(recursive) check parameters
[0.887s] Level 1:colcon.colcon_core.package_discovery:discover_packages(ignore) check parameters
[0.887s] Level 1:colcon.colcon_core.package_discovery:discover_packages(path) check parameters
[0.887s] Level 1:colcon.colcon_core.package_discovery:discover_packages(colcon_meta) discover
[0.887s] Level 1:colcon.colcon_core.package_discovery:discover_packages(recursive) discover
[0.887s] INFO:colcon.colcon_core.package_discovery:Crawling recursively for packages in '/home/student/scarab_ros2/src/scarabarm_ros2'
[0.887s] Level 1:colcon.colcon_core.package_identification:_identify(.) by extensions ['ignore', 'ignore_ament_install']
[0.887s] Level 1:colcon.colcon_core.package_identification:_identify(.) by extension 'ignore'
[0.888s] Level 1:colcon.colcon_core.package_identification:_identify(.) by extension 'ignore_ament_install'
[0.888s] Level 1:colcon.colcon_core.package_identification:_identify(.) by extensions ['colcon_pkg']
[0.888s] Level 1:colcon.colcon_core.package_identification:_identify(.) by extension 'colcon_pkg'
[0.888s] Level 1:colcon.colcon_core.package_identification:_identify(.) by extensions ['colcon_meta']
[0.888s] Level 1:colcon.colcon_core.package_identification:_identify(.) by extension 'colcon_meta'
[0.888s] Level 1:colcon.colcon_core.package_identification:_identify(.) by extensions ['ros']
[0.888s] Level 1:colcon.colcon_core.package_identification:_identify(.) by extension 'ros'
[0.909s] Level 1:colcon.colcon_core.package_identification:_identify(.) by extensions ['cmake', 'python']
[0.909s] Level 1:colcon.colcon_core.package_identification:_identify(.) by extension 'cmake'
[0.909s] Level 1:colcon.colcon_core.package_identification:_identify(.) by extension 'python'
[0.909s] Level 1:colcon.colcon_core.package_identification:_identify(.) by extensions ['python_setup_py']
[0.909s] Level 1:colcon.colcon_core.package_identification:_identify(.) by extension 'python_setup_py'
[0.909s] Level 1:colcon.colcon_core.package_identification:_identify(build) by extensions ['ignore', 'ignore_ament_install']
[0.909s] Level 1:colcon.colcon_core.package_identification:_identify(build) by extension 'ignore'
[0.909s] Level 1:colcon.colcon_core.package_identification:_identify(build) ignored
[0.909s] Level 1:colcon.colcon_core.package_identification:_identify(install) by extensions ['ignore', 'ignore_ament_install']
[0.910s] Level 1:colcon.colcon_core.package_identification:_identify(install) by extension 'ignore'
[0.910s] Level 1:colcon.colcon_core.package_identification:_identify(install) ignored
[0.910s] Level 1:colcon.colcon_core.package_identification:_identify(log) by extensions ['ignore', 'ignore_ament_install']
[0.910s] Level 1:colcon.colcon_core.package_identification:_identify(log) by extension 'ignore'
[0.910s] Level 1:colcon.colcon_core.package_identification:_identify(log) ignored
[0.910s] Level 1:colcon.colcon_core.package_identification:_identify(ros_odrive) by extensions ['ignore', 'ignore_ament_install']
[0.911s] Level 1:colcon.colcon_core.package_identification:_identify(ros_odrive) by extension 'ignore'
[0.911s] Level 1:colcon.colcon_core.package_identification:_identify(ros_odrive) by extension 'ignore_ament_install'
[0.911s] Level 1:colcon.colcon_core.package_identification:_identify(ros_odrive) by extensions ['colcon_pkg']
[0.911s] Level 1:colcon.colcon_core.package_identification:_identify(ros_odrive) by extension 'colcon_pkg'
[0.911s] Level 1:colcon.colcon_core.package_identification:_identify(ros_odrive) by extensions ['colcon_meta']
[0.911s] Level 1:colcon.colcon_core.package_identification:_identify(ros_odrive) by extension 'colcon_meta'
[0.911s] Level 1:colcon.colcon_core.package_identification:_identify(ros_odrive) by extensions ['ros']
[0.911s] Level 1:colcon.colcon_core.package_identification:_identify(ros_odrive) by extension 'ros'
[0.911s] Level 1:colcon.colcon_core.package_identification:_identify(ros_odrive) by extensions ['cmake', 'python']
[0.911s] Level 1:colcon.colcon_core.package_identification:_identify(ros_odrive) by extension 'cmake'
[0.911s] Level 1:colcon.colcon_core.package_identification:_identify(ros_odrive) by extension 'python'
[0.911s] Level 1:colcon.colcon_core.package_identification:_identify(ros_odrive) by extensions ['python_setup_py']
[0.911s] Level 1:colcon.colcon_core.package_identification:_identify(ros_odrive) by extension 'python_setup_py'
[0.912s] Level 1:colcon.colcon_core.package_identification:_identify(ros_odrive/odrive_base) by extensions ['ignore', 'ignore_ament_install']
[0.912s] Level 1:colcon.colcon_core.package_identification:_identify(ros_odrive/odrive_base) by extension 'ignore'
[0.912s] Level 1:colcon.colcon_core.package_identification:_identify(ros_odrive/odrive_base) by extension 'ignore_ament_install'
[0.912s] Level 1:colcon.colcon_core.package_identification:_identify(ros_odrive/odrive_base) by extensions ['colcon_pkg']
[0.912s] Level 1:colcon.colcon_core.package_identification:_identify(ros_odrive/odrive_base) by extension 'colcon_pkg'
[0.912s] Level 1:colcon.colcon_core.package_identification:_identify(ros_odrive/odrive_base) by extensions ['colcon_meta']
[0.912s] Level 1:colcon.colcon_core.package_identification:_identify(ros_odrive/odrive_base) by extension 'colcon_meta'
[0.912s] Level 1:colcon.colcon_core.package_identification:_identify(ros_odrive/odrive_base) by extensions ['ros']
[0.912s] Level 1:colcon.colcon_core.package_identification:_identify(ros_odrive/odrive_base) by extension 'ros'
[0.912s] Level 1:colcon.colcon_core.package_identification:_identify(ros_odrive/odrive_base) by extensions ['cmake', 'python']
[0.912s] Level 1:colcon.colcon_core.package_identification:_identify(ros_odrive/odrive_base) by extension 'cmake'
[0.912s] Level 1:colcon.colcon_core.package_identification:_identify(ros_odrive/odrive_base) by extension 'python'
[0.912s] Level 1:colcon.colcon_core.package_identification:_identify(ros_odrive/odrive_base) by extensions ['python_setup_py']
[0.912s] Level 1:colcon.colcon_core.package_identification:_identify(ros_odrive/odrive_base) by extension 'python_setup_py'
[0.913s] Level 1:colcon.colcon_core.package_identification:_identify(ros_odrive/odrive_base/include) by extensions ['ignore', 'ignore_ament_install']
[0.913s] Level 1:colcon.colcon_core.package_identification:_identify(ros_odrive/odrive_base/include) by extension 'ignore'
[0.913s] Level 1:colcon.colcon_core.package_identification:_identify(ros_odrive/odrive_base/include) by extension 'ignore_ament_install'
[0.913s] Level 1:colcon.colcon_core.package_identification:_identify(ros_odrive/odrive_base/include) by extensions ['colcon_pkg']
[0.913s] Level 1:colcon.colcon_core.package_identification:_identify(ros_odrive/odrive_base/include) by extension 'colcon_pkg'
[0.913s] Level 1:colcon.colcon_core.package_identification:_identify(ros_odrive/odrive_base/include) by extensions ['colcon_meta']
[0.913s] Level 1:colcon.colcon_core.package_identification:_identify(ros_odrive/odrive_base/include) by extension 'colcon_meta'
[0.913s] Level 1:colcon.colcon_core.package_identification:_identify(ros_odrive/odrive_base/include) by extensions ['ros']
[0.913s] Level 1:colcon.colcon_core.package_identification:_identify(ros_odrive/odrive_base/include) by extension 'ros'
[0.913s] Level 1:colcon.colcon_core.package_identification:_identify(ros_odrive/odrive_base/include) by extensions ['cmake', 'python']
[0.913s] Level 1:colcon.colcon_core.package_identification:_identify(ros_odrive/odrive_base/include) by extension 'cmake'
[0.913s] Level 1:colcon.colcon_core.package_identification:_identify(ros_odrive/odrive_base/include) by extension 'python'
[0.913s] Level 1:colcon.colcon_core.package_identification:_identify(ros_odrive/odrive_base/include) by extensions ['python_setup_py']
[0.913s] Level 1:colcon.colcon_core.package_identification:_identify(ros_odrive/odrive_base/include) by extension 'python_setup_py'
[0.914s] Level 1:colcon.colcon_core.package_identification:_identify(ros_odrive/odrive_base/src) by extensions ['ignore', 'ignore_ament_install']
[0.914s] Level 1:colcon.colcon_core.package_identification:_identify(ros_odrive/odrive_base/src) by extension 'ignore'
[0.914s] Level 1:colcon.colcon_core.package_identification:_identify(ros_odrive/odrive_base/src) by extension 'ignore_ament_install'
[0.914s] Level 1:colcon.colcon_core.package_identification:_identify(ros_odrive/odrive_base/src) by extensions ['colcon_pkg']
[0.914s] Level 1:colcon.colcon_core.package_identification:_identify(ros_odrive/odrive_base/src) by extension 'colcon_pkg'
[0.914s] Level 1:colcon.colcon_core.package_identification:_identify(ros_odrive/odrive_base/src) by extensions ['colcon_meta']
[0.914s] Level 1:colcon.colcon_core.package_identification:_identify(ros_odrive/odrive_base/src) by extension 'colcon_meta'
[0.915s] Level 1:colcon.colcon_core.package_identification:_identify(ros_odrive/odrive_base/src) by extensions ['ros']
[0.915s] Level 1:colcon.colcon_core.package_identification:_identify(ros_odrive/odrive_base/src) by extension 'ros'
[0.915s] Level 1:colcon.colcon_core.package_identification:_identify(ros_odrive/odrive_base/src) by extensions ['cmake', 'python']
[0.915s] Level 1:colcon.colcon_core.package_identification:_identify(ros_odrive/odrive_base/src) by extension 'cmake'
[0.915s] Level 1:colcon.colcon_core.package_identification:_identify(ros_odrive/odrive_base/src) by extension 'python'
[0.915s] Level 1:colcon.colcon_core.package_identification:_identify(ros_odrive/odrive_base/src) by extensions ['python_setup_py']
[0.915s] Level 1:colcon.colcon_core.package_identification:_identify(ros_odrive/odrive_base/src) by extension 'python_setup_py'
[0.915s] Level 1:colcon.colcon_core.package_identification:_identify(ros_odrive/odrive_botwheel_explorer) by extensions ['ignore', 'ignore_ament_install']
[0.916s] Level 1:colcon.colcon_core.package_identification:_identify(ros_odrive/odrive_botwheel_explorer) by extension 'ignore'
[0.916s] Level 1:colcon.colcon_core.package_identification:_identify(ros_odrive/odrive_botwheel_explorer) by extension 'ignore_ament_install'
[0.916s] Level 1:colcon.colcon_core.package_identification:_identify(ros_odrive/odrive_botwheel_explorer) by extensions ['colcon_pkg']
[0.916s] Level 1:colcon.colcon_core.package_identification:_identify(ros_odrive/odrive_botwheel_explorer) by extension 'colcon_pkg'
[0.916s] Level 1:colcon.colcon_core.package_identification:_identify(ros_odrive/odrive_botwheel_explorer) by extensions ['colcon_meta']
[0.916s] Level 1:colcon.colcon_core.package_identification:_identify(ros_odrive/odrive_botwheel_explorer) by extension 'colcon_meta'
[0.916s] Level 1:colcon.colcon_core.package_identification:_identify(ros_odrive/odrive_botwheel_explorer) by extensions ['ros']
[0.916s] Level 1:colcon.colcon_core.package_identification:_identify(ros_odrive/odrive_botwheel_explorer) by extension 'ros'
[0.922s] DEBUG:colcon.colcon_core.package_identification:Package 'ros_odrive/odrive_botwheel_explorer' with type 'ros.ament_cmake' and name 'odrive_botwheel_explorer'
[0.923s] Level 1:colcon.colcon_core.package_identification:_identify(ros_odrive/odrive_node) by extensions ['ignore', 'ignore_ament_install']
[0.923s] Level 1:colcon.colcon_core.package_identification:_identify(ros_odrive/odrive_node) by extension 'ignore'
[0.923s] Level 1:colcon.colcon_core.package_identification:_identify(ros_odrive/odrive_node) by extension 'ignore_ament_install'
[0.924s] Level 1:colcon.colcon_core.package_identification:_identify(ros_odrive/odrive_node) by extensions ['colcon_pkg']
[0.924s] Level 1:colcon.colcon_core.package_identification:_identify(ros_odrive/odrive_node) by extension 'colcon_pkg'
[0.924s] Level 1:colcon.colcon_core.package_identification:_identify(ros_odrive/odrive_node) by extensions ['colcon_meta']
[0.924s] Level 1:colcon.colcon_core.package_identification:_identify(ros_odrive/odrive_node) by extension 'colcon_meta'
[0.924s] Level 1:colcon.colcon_core.package_identification:_identify(ros_odrive/odrive_node) by extensions ['ros']
[0.924s] Level 1:colcon.colcon_core.package_identification:_identify(ros_odrive/odrive_node) by extension 'ros'
[0.926s] DEBUG:colcon.colcon_core.package_identification:Package 'ros_odrive/odrive_node' with type 'ros.ament_cmake' and name 'odrive_can'
[0.927s] Level 1:colcon.colcon_core.package_identification:_identify(ros_odrive/odrive_ros2_control) by extensions ['ignore', 'ignore_ament_install']
[0.927s] Level 1:colcon.colcon_core.package_identification:_identify(ros_odrive/odrive_ros2_control) by extension 'ignore'
[0.927s] Level 1:colcon.colcon_core.package_identification:_identify(ros_odrive/odrive_ros2_control) by extension 'ignore_ament_install'
[0.927s] Level 1:colcon.colcon_core.package_identification:_identify(ros_odrive/odrive_ros2_control) by extensions ['colcon_pkg']
[0.927s] Level 1:colcon.colcon_core.package_identification:_identify(ros_odrive/odrive_ros2_control) by extension 'colcon_pkg'
[0.927s] Level 1:colcon.colcon_core.package_identification:_identify(ros_odrive/odrive_ros2_control) by extensions ['colcon_meta']
[0.927s] Level 1:colcon.colcon_core.package_identification:_identify(ros_odrive/odrive_ros2_control) by extension 'colcon_meta'
[0.927s] Level 1:colcon.colcon_core.package_identification:_identify(ros_odrive/odrive_ros2_control) by extensions ['ros']
[0.927s] Level 1:colcon.colcon_core.package_identification:_identify(ros_odrive/odrive_ros2_control) by extension 'ros'
[0.928s] DEBUG:colcon.colcon_core.package_identification:Package 'ros_odrive/odrive_ros2_control' with type 'ros.ament_cmake' and name 'odrive_ros2_control'
[0.928s] Level 1:colcon.colcon_core.package_identification:_identify(scarabarm_control) by extensions ['ignore', 'ignore_ament_install']
[0.928s] Level 1:colcon.colcon_core.package_identification:_identify(scarabarm_control) by extension 'ignore'
[0.928s] Level 1:colcon.colcon_core.package_identification:_identify(scarabarm_control) by extension 'ignore_ament_install'
[0.928s] Level 1:colcon.colcon_core.package_identification:_identify(scarabarm_control) by extensions ['colcon_pkg']
[0.928s] Level 1:colcon.colcon_core.package_identification:_identify(scarabarm_control) by extension 'colcon_pkg'
[0.928s] Level 1:colcon.colcon_core.package_identification:_identify(scarabarm_control) by extensions ['colcon_meta']
[0.928s] Level 1:colcon.colcon_core.package_identification:_identify(scarabarm_control) by extension 'colcon_meta'
[0.928s] Level 1:colcon.colcon_core.package_identification:_identify(scarabarm_control) by extensions ['ros']
[0.928s] Level 1:colcon.colcon_core.package_identification:_identify(scarabarm_control) by extension 'ros'
[0.930s] DEBUG:colcon.colcon_core.package_identification:Package 'scarabarm_control' with type 'ros.ament_python' and name 'scarabarm_control'
[0.930s] Level 1:colcon.colcon_core.package_identification:_identify(scarabarm_description) by extensions ['ignore', 'ignore_ament_install']
[0.930s] Level 1:colcon.colcon_core.package_identification:_identify(scarabarm_description) by extension 'ignore'
[0.930s] Level 1:colcon.colcon_core.package_identification:_identify(scarabarm_description) by extension 'ignore_ament_install'
[0.930s] Level 1:colcon.colcon_core.package_identification:_identify(scarabarm_description) by extensions ['colcon_pkg']
[0.930s] Level 1:colcon.colcon_core.package_identification:_identify(scarabarm_description) by extension 'colcon_pkg'
[0.930s] Level 1:colcon.colcon_core.package_identification:_identify(scarabarm_description) by extensions ['colcon_meta']
[0.930s] Level 1:colcon.colcon_core.package_identification:_identify(scarabarm_description) by extension 'colcon_meta'
[0.930s] Level 1:colcon.colcon_core.package_identification:_identify(scarabarm_description) by extensions ['ros']
[0.930s] Level 1:colcon.colcon_core.package_identification:_identify(scarabarm_description) by extension 'ros'
[0.930s] Level 1:colcon.colcon_core.package_identification:_identify(scarabarm_description) by extensions ['cmake', 'python']
[0.930s] Level 1:colcon.colcon_core.package_identification:_identify(scarabarm_description) by extension 'cmake'
[0.930s] Level 1:colcon.colcon_core.package_identification:_identify(scarabarm_description) by extension 'python'
[0.930s] Level 1:colcon.colcon_core.package_identification:_identify(scarabarm_description) by extensions ['python_setup_py']
[0.930s] Level 1:colcon.colcon_core.package_identification:_identify(scarabarm_description) by extension 'python_setup_py'
[0.931s] Level 1:colcon.colcon_core.package_identification:_identify(scarabarm_description/arm) by extensions ['ignore', 'ignore_ament_install']
[0.931s] Level 1:colcon.colcon_core.package_identification:_identify(scarabarm_description/arm) by extension 'ignore'
[0.931s] Level 1:colcon.colcon_core.package_identification:_identify(scarabarm_description/arm) by extension 'ignore_ament_install'
[0.931s] Level 1:colcon.colcon_core.package_identification:_identify(scarabarm_description/arm) by extensions ['colcon_pkg']
[0.931s] Level 1:colcon.colcon_core.package_identification:_identify(scarabarm_description/arm) by extension 'colcon_pkg'
[0.931s] Level 1:colcon.colcon_core.package_identification:_identify(scarabarm_description/arm) by extensions ['colcon_meta']
[0.931s] Level 1:colcon.colcon_core.package_identification:_identify(scarabarm_description/arm) by extension 'colcon_meta'
[0.931s] Level 1:colcon.colcon_core.package_identification:_identify(scarabarm_description/arm) by extensions ['ros']
[0.931s] Level 1:colcon.colcon_core.package_identification:_identify(scarabarm_description/arm) by extension 'ros'
[0.931s] Level 1:colcon.colcon_core.package_identification:_identify(scarabarm_description/arm) by extensions ['cmake', 'python']
[0.931s] Level 1:colcon.colcon_core.package_identification:_identify(scarabarm_description/arm) by extension 'cmake'
[0.931s] Level 1:colcon.colcon_core.package_identification:_identify(scarabarm_description/arm) by extension 'python'
[0.931s] Level 1:colcon.colcon_core.package_identification:_identify(scarabarm_description/arm) by extensions ['python_setup_py']
[0.931s] Level 1:colcon.colcon_core.package_identification:_identify(scarabarm_description/arm) by extension 'python_setup_py'
[0.931s] Level 1:colcon.colcon_core.package_identification:_identify(scarabarm_description/arm/Arm_description) by extensions ['ignore', 'ignore_ament_install']
[0.931s] Level 1:colcon.colcon_core.package_identification:_identify(scarabarm_description/arm/Arm_description) by extension 'ignore'
[0.931s] Level 1:colcon.colcon_core.package_identification:_identify(scarabarm_description/arm/Arm_description) by extension 'ignore_ament_install'
[0.931s] Level 1:colcon.colcon_core.package_identification:_identify(scarabarm_description/arm/Arm_description) by extensions ['colcon_pkg']
[0.932s] Level 1:colcon.colcon_core.package_identification:_identify(scarabarm_description/arm/Arm_description) by extension 'colcon_pkg'
[0.932s] Level 1:colcon.colcon_core.package_identification:_identify(scarabarm_description/arm/Arm_description) by extensions ['colcon_meta']
[0.932s] Level 1:colcon.colcon_core.package_identification:_identify(scarabarm_description/arm/Arm_description) by extension 'colcon_meta'
[0.932s] Level 1:colcon.colcon_core.package_identification:_identify(scarabarm_description/arm/Arm_description) by extensions ['ros']
[0.932s] Level 1:colcon.colcon_core.package_identification:_identify(scarabarm_description/arm/Arm_description) by extension 'ros'
[0.933s] DEBUG:colcon.colcon_core.package_identification:Package 'scarabarm_description/arm/Arm_description' with type 'ros.ament_python' and name 'Arm_description'
[0.933s] Level 1:colcon.colcon_core.package_identification:_identify(scarabarm_description/ee) by extensions ['ignore', 'ignore_ament_install']
[0.933s] Level 1:colcon.colcon_core.package_identification:_identify(scarabarm_description/ee) by extension 'ignore'
[0.933s] Level 1:colcon.colcon_core.package_identification:_identify(scarabarm_description/ee) by extension 'ignore_ament_install'
[0.934s] Level 1:colcon.colcon_core.package_identification:_identify(scarabarm_description/ee) by extensions ['colcon_pkg']
[0.934s] Level 1:colcon.colcon_core.package_identification:_identify(scarabarm_description/ee) by extension 'colcon_pkg'
[0.934s] Level 1:colcon.colcon_core.package_identification:_identify(scarabarm_description/ee) by extensions ['colcon_meta']
[0.934s] Level 1:colcon.colcon_core.package_identification:_identify(scarabarm_description/ee) by extension 'colcon_meta'
[0.934s] Level 1:colcon.colcon_core.package_identification:_identify(scarabarm_description/ee) by extensions ['ros']
[0.934s] Level 1:colcon.colcon_core.package_identification:_identify(scarabarm_description/ee) by extension 'ros'
[0.934s] Level 1:colcon.colcon_core.package_identification:_identify(scarabarm_description/ee) by extensions ['cmake', 'python']
[0.934s] Level 1:colcon.colcon_core.package_identification:_identify(scarabarm_description/ee) by extension 'cmake'
[0.934s] Level 1:colcon.colcon_core.package_identification:_identify(scarabarm_description/ee) by extension 'python'
[0.934s] Level 1:colcon.colcon_core.package_identification:_identify(scarabarm_description/ee) by extensions ['python_setup_py']
[0.934s] Level 1:colcon.colcon_core.package_identification:_identify(scarabarm_description/ee) by extension 'python_setup_py'
[0.934s] Level 1:colcon.colcon_core.package_identification:_identify(scarabarm_description/ee/gripper_sim_description) by extensions ['ignore', 'ignore_ament_install']
[0.934s] Level 1:colcon.colcon_core.package_identification:_identify(scarabarm_description/ee/gripper_sim_description) by extension 'ignore'
[0.934s] Level 1:colcon.colcon_core.package_identification:_identify(scarabarm_description/ee/gripper_sim_description) by extension 'ignore_ament_install'
[0.934s] Level 1:colcon.colcon_core.package_identification:_identify(scarabarm_description/ee/gripper_sim_description) by extensions ['colcon_pkg']
[0.934s] Level 1:colcon.colcon_core.package_identification:_identify(scarabarm_description/ee/gripper_sim_description) by extension 'colcon_pkg'
[0.934s] Level 1:colcon.colcon_core.package_identification:_identify(scarabarm_description/ee/gripper_sim_description) by extensions ['colcon_meta']
[0.934s] Level 1:colcon.colcon_core.package_identification:_identify(scarabarm_description/ee/gripper_sim_description) by extension 'colcon_meta'
[0.934s] Level 1:colcon.colcon_core.package_identification:_identify(scarabarm_description/ee/gripper_sim_description) by extensions ['ros']
[0.934s] Level 1:colcon.colcon_core.package_identification:_identify(scarabarm_description/ee/gripper_sim_description) by extension 'ros'
[0.936s] DEBUG:colcon.colcon_core.package_identification:Package 'scarabarm_description/ee/gripper_sim_description' with type 'ros.ament_python' and name 'gripper_sim_description'
[0.936s] Level 1:colcon.colcon_core.package_identification:_identify(scarabarm_description/full_scrab_arm) by extensions ['ignore', 'ignore_ament_install']
[0.936s] Level 1:colcon.colcon_core.package_identification:_identify(scarabarm_description/full_scrab_arm) by extension 'ignore'
[0.936s] Level 1:colcon.colcon_core.package_identification:_identify(scarabarm_description/full_scrab_arm) by extension 'ignore_ament_install'
[0.936s] Level 1:colcon.colcon_core.package_identification:_identify(scarabarm_description/full_scrab_arm) by extensions ['colcon_pkg']
[0.936s] Level 1:colcon.colcon_core.package_identification:_identify(scarabarm_description/full_scrab_arm) by extension 'colcon_pkg'
[0.936s] Level 1:colcon.colcon_core.package_identification:_identify(scarabarm_description/full_scrab_arm) by extensions ['colcon_meta']
[0.936s] Level 1:colcon.colcon_core.package_identification:_identify(scarabarm_description/full_scrab_arm) by extension 'colcon_meta'
[0.937s] Level 1:colcon.colcon_core.package_identification:_identify(scarabarm_description/full_scrab_arm) by extensions ['ros']
[0.937s] Level 1:colcon.colcon_core.package_identification:_identify(scarabarm_description/full_scrab_arm) by extension 'ros'
[0.939s] DEBUG:colcon.colcon_core.package_identification:Package 'scarabarm_description/full_scrab_arm' with type 'ros.ament_cmake' and name 'full_scrab_arm'
[0.939s] Level 1:colcon.colcon_core.package_identification:_identify(scarabarm_description/include) by extensions ['ignore', 'ignore_ament_install']
[0.939s] Level 1:colcon.colcon_core.package_identification:_identify(scarabarm_description/include) by extension 'ignore'
[0.940s] Level 1:colcon.colcon_core.package_identification:_identify(scarabarm_description/include) by extension 'ignore_ament_install'
[0.940s] Level 1:colcon.colcon_core.package_identification:_identify(scarabarm_description/include) by extensions ['colcon_pkg']
[0.940s] Level 1:colcon.colcon_core.package_identification:_identify(scarabarm_description/include) by extension 'colcon_pkg'
[0.940s] Level 1:colcon.colcon_core.package_identification:_identify(scarabarm_description/include) by extensions ['colcon_meta']
[0.940s] Level 1:colcon.colcon_core.package_identification:_identify(scarabarm_description/include) by extension 'colcon_meta'
[0.940s] Level 1:colcon.colcon_core.package_identification:_identify(scarabarm_description/include) by extensions ['ros']
[0.940s] Level 1:colcon.colcon_core.package_identification:_identify(scarabarm_description/include) by extension 'ros'
[0.940s] Level 1:colcon.colcon_core.package_identification:_identify(scarabarm_description/include) by extensions ['cmake', 'python']
[0.940s] Level 1:colcon.colcon_core.package_identification:_identify(scarabarm_description/include) by extension 'cmake'
[0.940s] Level 1:colcon.colcon_core.package_identification:_identify(scarabarm_description/include) by extension 'python'
[0.940s] Level 1:colcon.colcon_core.package_identification:_identify(scarabarm_description/include) by extensions ['python_setup_py']
[0.940s] Level 1:colcon.colcon_core.package_identification:_identify(scarabarm_description/include) by extension 'python_setup_py'
[0.940s] Level 1:colcon.colcon_core.package_identification:_identify(scarabarm_description/include/scarabarm_description) by extensions ['ignore', 'ignore_ament_install']
[0.940s] Level 1:colcon.colcon_core.package_identification:_identify(scarabarm_description/include/scarabarm_description) by extension 'ignore'
[0.940s] Level 1:colcon.colcon_core.package_identification:_identify(scarabarm_description/include/scarabarm_description) by extension 'ignore_ament_install'
[0.940s] Level 1:colcon.colcon_core.package_identification:_identify(scarabarm_description/include/scarabarm_description) by extensions ['colcon_pkg']
[0.940s] Level 1:colcon.colcon_core.package_identification:_identify(scarabarm_description/include/scarabarm_description) by extension 'colcon_pkg'
[0.940s] Level 1:colcon.colcon_core.package_identification:_identify(scarabarm_description/include/scarabarm_description) by extensions ['colcon_meta']
[0.940s] Level 1:colcon.colcon_core.package_identification:_identify(scarabarm_description/include/scarabarm_description) by extension 'colcon_meta'
[0.940s] Level 1:colcon.colcon_core.package_identification:_identify(scarabarm_description/include/scarabarm_description) by extensions ['ros']
[0.940s] Level 1:colcon.colcon_core.package_identification:_identify(scarabarm_description/include/scarabarm_description) by extension 'ros'
[0.940s] Level 1:colcon.colcon_core.package_identification:_identify(scarabarm_description/include/scarabarm_description) by extensions ['cmake', 'python']
[0.940s] Level 1:colcon.colcon_core.package_identification:_identify(scarabarm_description/include/scarabarm_description) by extension 'cmake'
[0.940s] Level 1:colcon.colcon_core.package_identification:_identify(scarabarm_description/include/scarabarm_description) by extension 'python'
[0.940s] Level 1:colcon.colcon_core.package_identification:_identify(scarabarm_description/include/scarabarm_description) by extensions ['python_setup_py']
[0.940s] Level 1:colcon.colcon_core.package_identification:_identify(scarabarm_description/include/scarabarm_description) by extension 'python_setup_py'
[0.940s] Level 1:colcon.colcon_core.package_identification:_identify(scarabarm_description/src) by extensions ['ignore', 'ignore_ament_install']
[0.940s] Level 1:colcon.colcon_core.package_identification:_identify(scarabarm_description/src) by extension 'ignore'
[0.941s] Level 1:colcon.colcon_core.package_identification:_identify(scarabarm_description/src) by extension 'ignore_ament_install'
[0.941s] Level 1:colcon.colcon_core.package_identification:_identify(scarabarm_description/src) by extensions ['colcon_pkg']
[0.941s] Level 1:colcon.colcon_core.package_identification:_identify(scarabarm_description/src) by extension 'colcon_pkg'
[0.941s] Level 1:colcon.colcon_core.package_identification:_identify(scarabarm_description/src) by extensions ['colcon_meta']
[0.941s] Level 1:colcon.colcon_core.package_identification:_identify(scarabarm_description/src) by extension 'colcon_meta'
[0.941s] Level 1:colcon.colcon_core.package_identification:_identify(scarabarm_description/src) by extensions ['ros']
[0.941s] Level 1:colcon.colcon_core.package_identification:_identify(scarabarm_description/src) by extension 'ros'
[0.941s] Level 1:colcon.colcon_core.package_identification:_identify(scarabarm_description/src) by extensions ['cmake', 'python']
[0.941s] Level 1:colcon.colcon_core.package_identification:_identify(scarabarm_description/src) by extension 'cmake'
[0.941s] Level 1:colcon.colcon_core.package_identification:_identify(scarabarm_description/src) by extension 'python'
[0.941s] Level 1:colcon.colcon_core.package_identification:_identify(scarabarm_description/src) by extensions ['python_setup_py']
[0.941s] Level 1:colcon.colcon_core.package_identification:_identify(scarabarm_description/src) by extension 'python_setup_py'
[0.941s] Level 1:colcon.colcon_core.package_identification:_identify(scarabarm_description/worlds) by extensions ['ignore', 'ignore_ament_install']
[0.941s] Level 1:colcon.colcon_core.package_identification:_identify(scarabarm_description/worlds) by extension 'ignore'
[0.941s] Level 1:colcon.colcon_core.package_identification:_identify(scarabarm_description/worlds) by extension 'ignore_ament_install'
[0.941s] Level 1:colcon.colcon_core.package_identification:_identify(scarabarm_description/worlds) by extensions ['colcon_pkg']
[0.941s] Level 1:colcon.colcon_core.package_identification:_identify(scarabarm_description/worlds) by extension 'colcon_pkg'
[0.941s] Level 1:colcon.colcon_core.package_identification:_identify(scarabarm_description/worlds) by extensions ['colcon_meta']
[0.941s] Level 1:colcon.colcon_core.package_identification:_identify(scarabarm_description/worlds) by extension 'colcon_meta'
[0.941s] Level 1:colcon.colcon_core.package_identification:_identify(scarabarm_description/worlds) by extensions ['ros']
[0.941s] Level 1:colcon.colcon_core.package_identification:_identify(scarabarm_description/worlds) by extension 'ros'
[0.941s] Level 1:colcon.colcon_core.package_identification:_identify(scarabarm_description/worlds) by extensions ['cmake', 'python']
[0.941s] Level 1:colcon.colcon_core.package_identification:_identify(scarabarm_description/worlds) by extension 'cmake'
[0.941s] Level 1:colcon.colcon_core.package_identification:_identify(scarabarm_description/worlds) by extension 'python'
[0.941s] Level 1:colcon.colcon_core.package_identification:_identify(scarabarm_description/worlds) by extensions ['python_setup_py']
[0.941s] Level 1:colcon.colcon_core.package_identification:_identify(scarabarm_description/worlds) by extension 'python_setup_py'
[0.941s] Level 1:colcon.colcon_core.package_identification:_identify(scarabarm_moveit) by extensions ['ignore', 'ignore_ament_install']
[0.941s] Level 1:colcon.colcon_core.package_identification:_identify(scarabarm_moveit) by extension 'ignore'
[0.942s] Level 1:colcon.colcon_core.package_identification:_identify(scarabarm_moveit) by extension 'ignore_ament_install'
[0.942s] Level 1:colcon.colcon_core.package_identification:_identify(scarabarm_moveit) by extensions ['colcon_pkg']
[0.942s] Level 1:colcon.colcon_core.package_identification:_identify(scarabarm_moveit) by extension 'colcon_pkg'
[0.942s] Level 1:colcon.colcon_core.package_identification:_identify(scarabarm_moveit) by extensions ['colcon_meta']
[0.942s] Level 1:colcon.colcon_core.package_identification:_identify(scarabarm_moveit) by extension 'colcon_meta'
[0.942s] Level 1:colcon.colcon_core.package_identification:_identify(scarabarm_moveit) by extensions ['ros']
[0.942s] Level 1:colcon.colcon_core.package_identification:_identify(scarabarm_moveit) by extension 'ros'
[0.943s] DEBUG:colcon.colcon_core.package_identification:Package 'scarabarm_moveit' with type 'ros.ament_cmake' and name 'scarabarm_moveit'
[0.943s] Level 1:colcon.colcon_core.package_identification:_identify(scarabarm_odrive) by extensions ['ignore', 'ignore_ament_install']
[0.943s] Level 1:colcon.colcon_core.package_identification:_identify(scarabarm_odrive) by extension 'ignore'
[0.944s] Level 1:colcon.colcon_core.package_identification:_identify(scarabarm_odrive) by extension 'ignore_ament_install'
[0.944s] Level 1:colcon.colcon_core.package_identification:_identify(scarabarm_odrive) by extensions ['colcon_pkg']
[0.944s] Level 1:colcon.colcon_core.package_identification:_identify(scarabarm_odrive) by extension 'colcon_pkg'
[0.944s] Level 1:colcon.colcon_core.package_identification:_identify(scarabarm_odrive) by extensions ['colcon_meta']
[0.944s] Level 1:colcon.colcon_core.package_identification:_identify(scarabarm_odrive) by extension 'colcon_meta'
[0.944s] Level 1:colcon.colcon_core.package_identification:_identify(scarabarm_odrive) by extensions ['ros']
[0.944s] Level 1:colcon.colcon_core.package_identification:_identify(scarabarm_odrive) by extension 'ros'
[0.945s] DEBUG:colcon.colcon_core.package_identification:Package 'scarabarm_odrive' with type 'ros.ament_python' and name 'scarabarm_odrive'
[0.945s] Level 1:colcon.colcon_core.package_identification:_identify(scarabarm_sim) by extensions ['ignore', 'ignore_ament_install']
[0.945s] Level 1:colcon.colcon_core.package_identification:_identify(scarabarm_sim) by extension 'ignore'
[0.945s] Level 1:colcon.colcon_core.package_identification:_identify(scarabarm_sim) by extension 'ignore_ament_install'
[0.945s] Level 1:colcon.colcon_core.package_identification:_identify(scarabarm_sim) by extensions ['colcon_pkg']
[0.945s] Level 1:colcon.colcon_core.package_identification:_identify(scarabarm_sim) by extension 'colcon_pkg'
[0.945s] Level 1:colcon.colcon_core.package_identification:_identify(scarabarm_sim) by extensions ['colcon_meta']
[0.945s] Level 1:colcon.colcon_core.package_identification:_identify(scarabarm_sim) by extension 'colcon_meta'
[0.945s] Level 1:colcon.colcon_core.package_identification:_identify(scarabarm_sim) by extensions ['ros']
[0.945s] Level 1:colcon.colcon_core.package_identification:_identify(scarabarm_sim) by extension 'ros'
[0.946s] DEBUG:colcon.colcon_core.package_identification:Package 'scarabarm_sim' with type 'ros.ament_cmake' and name 'scarabarm_sim'
[0.946s] Level 1:colcon.colcon_core.package_discovery:discover_packages(recursive) using defaults
[0.946s] Level 1:colcon.colcon_core.package_discovery:discover_packages(ignore) discover
[0.946s] Level 1:colcon.colcon_core.package_discovery:discover_packages(ignore) using defaults
[0.946s] Level 1:colcon.colcon_core.package_discovery:discover_packages(path) discover
[0.946s] Level 1:colcon.colcon_core.package_discovery:discover_packages(path) using defaults
[0.993s] Level 5:colcon.colcon_core.verb:set package 'Arm_description' build argument 'cmake_args' from command line to 'None'
[0.993s] Level 5:colcon.colcon_core.verb:set package 'Arm_description' build argument 'cmake_target' from command line to 'None'
[0.993s] Level 5:colcon.colcon_core.verb:set package 'Arm_description' build argument 'cmake_target_skip_unavailable' from command line to 'False'
[0.993s] Level 5:colcon.colcon_core.verb:set package 'Arm_description' build argument 'cmake_clean_cache' from command line to 'False'
[0.993s] Level 5:colcon.colcon_core.verb:set package 'Arm_description' build argument 'cmake_clean_first' from command line to 'False'
[0.993s] Level 5:colcon.colcon_core.verb:set package 'Arm_description' build argument 'cmake_force_configure' from command line to 'False'
[0.993s] Level 5:colcon.colcon_core.verb:set package 'Arm_description' build argument 'ament_cmake_args' from command line to 'None'
[0.993s] Level 5:colcon.colcon_core.verb:set package 'Arm_description' build argument 'catkin_cmake_args' from command line to 'None'
[0.993s] Level 5:colcon.colcon_core.verb:set package 'Arm_description' build argument 'catkin_skip_building_tests' from command line to 'False'
[0.993s] DEBUG:colcon.colcon_core.verb:Building package 'Arm_description' with the following arguments: {'ament_cmake_args': None, 'build_base': '/home/student/scarab_ros2/src/scarabarm_ros2/build/Arm_description', 'catkin_cmake_args': None, 'catkin_skip_building_tests': False, 'cmake_args': None, 'cmake_clean_cache': False, 'cmake_clean_first': False, 'cmake_force_configure': False, 'cmake_target': None, 'cmake_target_skip_unavailable': False, 'install_base': '/home/student/scarab_ros2/src/scarabarm_ros2/install/Arm_description', 'merge_install': False, 'path': '/home/student/scarab_ros2/src/scarabarm_ros2/scarabarm_description/arm/Arm_description', 'symlink_install': True, 'test_result_base': None}
[0.994s] Level 5:colcon.colcon_core.verb:set package 'gripper_sim_description' build argument 'cmake_args' from command line to 'None'
[0.994s] Level 5:colcon.colcon_core.verb:set package 'gripper_sim_description' build argument 'cmake_target' from command line to 'None'
[0.994s] Level 5:colcon.colcon_core.verb:set package 'gripper_sim_description' build argument 'cmake_target_skip_unavailable' from command line to 'False'
[0.994s] Level 5:colcon.colcon_core.verb:set package 'gripper_sim_description' build argument 'cmake_clean_cache' from command line to 'False'
[0.994s] Level 5:colcon.colcon_core.verb:set package 'gripper_sim_description' build argument 'cmake_clean_first' from command line to 'False'
[0.994s] Level 5:colcon.colcon_core.verb:set package 'gripper_sim_description' build argument 'cmake_force_configure' from command line to 'False'
[0.994s] Level 5:colcon.colcon_core.verb:set package 'gripper_sim_description' build argument 'ament_cmake_args' from command line to 'None'
[0.994s] Level 5:colcon.colcon_core.verb:set package 'gripper_sim_description' build argument 'catkin_cmake_args' from command line to 'None'
[0.994s] Level 5:colcon.colcon_core.verb:set package 'gripper_sim_description' build argument 'catkin_skip_building_tests' from command line to 'False'
[0.994s] DEBUG:colcon.colcon_core.verb:Building package 'gripper_sim_description' with the following arguments: {'ament_cmake_args': None, 'build_base': '/home/student/scarab_ros2/src/scarabarm_ros2/build/gripper_sim_description', 'catkin_cmake_args': None, 'catkin_skip_building_tests': False, 'cmake_args': None, 'cmake_clean_cache': False, 'cmake_clean_first': False, 'cmake_force_configure': False, 'cmake_target': None, 'cmake_target_skip_unavailable': False, 'install_base': '/home/student/scarab_ros2/src/scarabarm_ros2/install/gripper_sim_description', 'merge_install': False, 'path': '/home/student/scarab_ros2/src/scarabarm_ros2/scarabarm_description/ee/gripper_sim_description', 'symlink_install': True, 'test_result_base': None}
[0.994s] Level 5:colcon.colcon_core.verb:set package 'odrive_can' build argument 'cmake_args' from command line to 'None'
[0.994s] Level 5:colcon.colcon_core.verb:set package 'odrive_can' build argument 'cmake_target' from command line to 'None'
[0.994s] Level 5:colcon.colcon_core.verb:set package 'odrive_can' build argument 'cmake_target_skip_unavailable' from command line to 'False'
[0.994s] Level 5:colcon.colcon_core.verb:set package 'odrive_can' build argument 'cmake_clean_cache' from command line to 'False'
[0.994s] Level 5:colcon.colcon_core.verb:set package 'odrive_can' build argument 'cmake_clean_first' from command line to 'False'
[0.994s] Level 5:colcon.colcon_core.verb:set package 'odrive_can' build argument 'cmake_force_configure' from command line to 'False'
[0.994s] Level 5:colcon.colcon_core.verb:set package 'odrive_can' build argument 'ament_cmake_args' from command line to 'None'
[0.994s] Level 5:colcon.colcon_core.verb:set package 'odrive_can' build argument 'catkin_cmake_args' from command line to 'None'
[0.994s] Level 5:colcon.colcon_core.verb:set package 'odrive_can' build argument 'catkin_skip_building_tests' from command line to 'False'
[0.994s] DEBUG:colcon.colcon_core.verb:Building package 'odrive_can' with the following arguments: {'ament_cmake_args': None, 'build_base': '/home/student/scarab_ros2/src/scarabarm_ros2/build/odrive_can', 'catkin_cmake_args': None, 'catkin_skip_building_tests': False, 'cmake_args': None, 'cmake_clean_cache': False, 'cmake_clean_first': False, 'cmake_force_configure': False, 'cmake_target': None, 'cmake_target_skip_unavailable': False, 'install_base': '/home/student/scarab_ros2/src/scarabarm_ros2/install/odrive_can', 'merge_install': False, 'path': '/home/student/scarab_ros2/src/scarabarm_ros2/ros_odrive/odrive_node', 'symlink_install': True, 'test_result_base': None}
[0.995s] Level 5:colcon.colcon_core.verb:set package 'odrive_ros2_control' build argument 'cmake_args' from command line to 'None'
[0.995s] Level 5:colcon.colcon_core.verb:set package 'odrive_ros2_control' build argument 'cmake_target' from command line to 'None'
[0.995s] Level 5:colcon.colcon_core.verb:set package 'odrive_ros2_control' build argument 'cmake_target_skip_unavailable' from command line to 'False'
[0.995s] Level 5:colcon.colcon_core.verb:set package 'odrive_ros2_control' build argument 'cmake_clean_cache' from command line to 'False'
[0.995s] Level 5:colcon.colcon_core.verb:set package 'odrive_ros2_control' build argument 'cmake_clean_first' from command line to 'False'
[0.995s] Level 5:colcon.colcon_core.verb:set package 'odrive_ros2_control' build argument 'cmake_force_configure' from command line to 'False'
[0.995s] Level 5:colcon.colcon_core.verb:set package 'odrive_ros2_control' build argument 'ament_cmake_args' from command line to 'None'
[0.995s] Level 5:colcon.colcon_core.verb:set package 'odrive_ros2_control' build argument 'catkin_cmake_args' from command line to 'None'
[0.995s] Level 5:colcon.colcon_core.verb:set package 'odrive_ros2_control' build argument 'catkin_skip_building_tests' from command line to 'False'
[0.995s] DEBUG:colcon.colcon_core.verb:Building package 'odrive_ros2_control' with the following arguments: {'ament_cmake_args': None, 'build_base': '/home/student/scarab_ros2/src/scarabarm_ros2/build/odrive_ros2_control', 'catkin_cmake_args': None, 'catkin_skip_building_tests': False, 'cmake_args': None, 'cmake_clean_cache': False, 'cmake_clean_first': False, 'cmake_force_configure': False, 'cmake_target': None, 'cmake_target_skip_unavailable': False, 'install_base': '/home/student/scarab_ros2/src/scarabarm_ros2/install/odrive_ros2_control', 'merge_install': False, 'path': '/home/student/scarab_ros2/src/scarabarm_ros2/ros_odrive/odrive_ros2_control', 'symlink_install': True, 'test_result_base': None}
[0.995s] Level 5:colcon.colcon_core.verb:set package 'scarabarm_control' build argument 'cmake_args' from command line to 'None'
[0.995s] Level 5:colcon.colcon_core.verb:set package 'scarabarm_control' build argument 'cmake_target' from command line to 'None'
[0.995s] Level 5:colcon.colcon_core.verb:set package 'scarabarm_control' build argument 'cmake_target_skip_unavailable' from command line to 'False'
[0.995s] Level 5:colcon.colcon_core.verb:set package 'scarabarm_control' build argument 'cmake_clean_cache' from command line to 'False'
[0.995s] Level 5:colcon.colcon_core.verb:set package 'scarabarm_control' build argument 'cmake_clean_first' from command line to 'False'
[0.995s] Level 5:colcon.colcon_core.verb:set package 'scarabarm_control' build argument 'cmake_force_configure' from command line to 'False'
[0.995s] Level 5:colcon.colcon_core.verb:set package 'scarabarm_control' build argument 'ament_cmake_args' from command line to 'None'
[0.995s] Level 5:colcon.colcon_core.verb:set package 'scarabarm_control' build argument 'catkin_cmake_args' from command line to 'None'
[0.995s] Level 5:colcon.colcon_core.verb:set package 'scarabarm_control' build argument 'catkin_skip_building_tests' from command line to 'False'
[0.995s] DEBUG:colcon.colcon_core.verb:Building package 'scarabarm_control' with the following arguments: {'ament_cmake_args': None, 'build_base': '/home/student/scarab_ros2/src/scarabarm_ros2/build/scarabarm_control', 'catkin_cmake_args': None, 'catkin_skip_building_tests': False, 'cmake_args': None, 'cmake_clean_cache': False, 'cmake_clean_first': False, 'cmake_force_configure': False, 'cmake_target': None, 'cmake_target_skip_unavailable': False, 'install_base': '/home/student/scarab_ros2/src/scarabarm_ros2/install/scarabarm_control', 'merge_install': False, 'path': '/home/student/scarab_ros2/src/scarabarm_ros2/scarabarm_control', 'symlink_install': True, 'test_result_base': None}
[0.995s] Level 5:colcon.colcon_core.verb:set package 'scarabarm_sim' build argument 'cmake_args' from command line to 'None'
[0.995s] Level 5:colcon.colcon_core.verb:set package 'scarabarm_sim' build argument 'cmake_target' from command line to 'None'
[0.995s] Level 5:colcon.colcon_core.verb:set package 'scarabarm_sim' build argument 'cmake_target_skip_unavailable' from command line to 'False'
[0.995s] Level 5:colcon.colcon_core.verb:set package 'scarabarm_sim' build argument 'cmake_clean_cache' from command line to 'False'
[0.995s] Level 5:colcon.colcon_core.verb:set package 'scarabarm_sim' build argument 'cmake_clean_first' from command line to 'False'
[0.995s] Level 5:colcon.colcon_core.verb:set package 'scarabarm_sim' build argument 'cmake_force_configure' from command line to 'False'
[0.995s] Level 5:colcon.colcon_core.verb:set package 'scarabarm_sim' build argument 'ament_cmake_args' from command line to 'None'
[0.995s] Level 5:colcon.colcon_core.verb:set package 'scarabarm_sim' build argument 'catkin_cmake_args' from command line to 'None'
[0.995s] Level 5:colcon.colcon_core.verb:set package 'scarabarm_sim' build argument 'catkin_skip_building_tests' from command line to 'False'
[0.995s] DEBUG:colcon.colcon_core.verb:Building package 'scarabarm_sim' with the following arguments: {'ament_cmake_args': None, 'build_base': '/home/student/scarab_ros2/src/scarabarm_ros2/build/scarabarm_sim', 'catkin_cmake_args': None, 'catkin_skip_building_tests': False, 'cmake_args': None, 'cmake_clean_cache': False, 'cmake_clean_first': False, 'cmake_force_configure': False, 'cmake_target': None, 'cmake_target_skip_unavailable': False, 'install_base': '/home/student/scarab_ros2/src/scarabarm_ros2/install/scarabarm_sim', 'merge_install': False, 'path': '/home/student/scarab_ros2/src/scarabarm_ros2/scarabarm_sim', 'symlink_install': True, 'test_result_base': None}
[0.996s] Level 5:colcon.colcon_core.verb:set package 'full_scrab_arm' build argument 'cmake_args' from command line to 'None'
[0.996s] Level 5:colcon.colcon_core.verb:set package 'full_scrab_arm' build argument 'cmake_target' from command line to 'None'
[0.996s] Level 5:colcon.colcon_core.verb:set package 'full_scrab_arm' build argument 'cmake_target_skip_unavailable' from command line to 'False'
[0.996s] Level 5:colcon.colcon_core.verb:set package 'full_scrab_arm' build argument 'cmake_clean_cache' from command line to 'False'
[0.996s] Level 5:colcon.colcon_core.verb:set package 'full_scrab_arm' build argument 'cmake_clean_first' from command line to 'False'
[0.996s] Level 5:colcon.colcon_core.verb:set package 'full_scrab_arm' build argument 'cmake_force_configure' from command line to 'False'
[0.996s] Level 5:colcon.colcon_core.verb:set package 'full_scrab_arm' build argument 'ament_cmake_args' from command line to 'None'
[0.996s] Level 5:colcon.colcon_core.verb:set package 'full_scrab_arm' build argument 'catkin_cmake_args' from command line to 'None'
[0.996s] Level 5:colcon.colcon_core.verb:set package 'full_scrab_arm' build argument 'catkin_skip_building_tests' from command line to 'False'
[0.996s] DEBUG:colcon.colcon_core.verb:Building package 'full_scrab_arm' with the following arguments: {'ament_cmake_args': None, 'build_base': '/home/student/scarab_ros2/src/scarabarm_ros2/build/full_scrab_arm', 'catkin_cmake_args': None, 'catkin_skip_building_tests': False, 'cmake_args': None, 'cmake_clean_cache': False, 'cmake_clean_first': False, 'cmake_force_configure': False, 'cmake_target': None, 'cmake_target_skip_unavailable': False, 'install_base': '/home/student/scarab_ros2/src/scarabarm_ros2/install/full_scrab_arm', 'merge_install': False, 'path': '/home/student/scarab_ros2/src/scarabarm_ros2/scarabarm_description/full_scrab_arm', 'symlink_install': True, 'test_result_base': None}
[0.996s] Level 5:colcon.colcon_core.verb:set package 'odrive_botwheel_explorer' build argument 'cmake_args' from command line to 'None'
[0.996s] Level 5:colcon.colcon_core.verb:set package 'odrive_botwheel_explorer' build argument 'cmake_target' from command line to 'None'
[0.996s] Level 5:colcon.colcon_core.verb:set package 'odrive_botwheel_explorer' build argument 'cmake_target_skip_unavailable' from command line to 'False'
[0.996s] Level 5:colcon.colcon_core.verb:set package 'odrive_botwheel_explorer' build argument 'cmake_clean_cache' from command line to 'False'
[0.996s] Level 5:colcon.colcon_core.verb:set package 'odrive_botwheel_explorer' build argument 'cmake_clean_first' from command line to 'False'
[0.996s] Level 5:colcon.colcon_core.verb:set package 'odrive_botwheel_explorer' build argument 'cmake_force_configure' from command line to 'False'
[0.996s] Level 5:colcon.colcon_core.verb:set package 'odrive_botwheel_explorer' build argument 'ament_cmake_args' from command line to 'None'
[0.996s] Level 5:colcon.colcon_core.verb:set package 'odrive_botwheel_explorer' build argument 'catkin_cmake_args' from command line to 'None'
[0.996s] Level 5:colcon.colcon_core.verb:set package 'odrive_botwheel_explorer' build argument 'catkin_skip_building_tests' from command line to 'False'
[0.996s] DEBUG:colcon.colcon_core.verb:Building package 'odrive_botwheel_explorer' with the following arguments: {'ament_cmake_args': None, 'build_base': '/home/student/scarab_ros2/src/scarabarm_ros2/build/odrive_botwheel_explorer', 'catkin_cmake_args': None, 'catkin_skip_building_tests': False, 'cmake_args': None, 'cmake_clean_cache': False, 'cmake_clean_first': False, 'cmake_force_configure': False, 'cmake_target': None, 'cmake_target_skip_unavailable': False, 'install_base': '/home/student/scarab_ros2/src/scarabarm_ros2/install/odrive_botwheel_explorer', 'merge_install': False, 'path': '/home/student/scarab_ros2/src/scarabarm_ros2/ros_odrive/odrive_botwheel_explorer', 'symlink_install': True, 'test_result_base': None}
[0.996s] Level 5:colcon.colcon_core.verb:set package 'scarabarm_odrive' build argument 'cmake_args' from command line to 'None'
[0.996s] Level 5:colcon.colcon_core.verb:set package 'scarabarm_odrive' build argument 'cmake_target' from command line to 'None'
[0.997s] Level 5:colcon.colcon_core.verb:set package 'scarabarm_odrive' build argument 'cmake_target_skip_unavailable' from command line to 'False'
[0.997s] Level 5:colcon.colcon_core.verb:set package 'scarabarm_odrive' build argument 'cmake_clean_cache' from command line to 'False'
[0.997s] Level 5:colcon.colcon_core.verb:set package 'scarabarm_odrive' build argument 'cmake_clean_first' from command line to 'False'
[0.997s] Level 5:colcon.colcon_core.verb:set package 'scarabarm_odrive' build argument 'cmake_force_configure' from command line to 'False'
[0.997s] Level 5:colcon.colcon_core.verb:set package 'scarabarm_odrive' build argument 'ament_cmake_args' from command line to 'None'
[0.997s] Level 5:colcon.colcon_core.verb:set package 'scarabarm_odrive' build argument 'catkin_cmake_args' from command line to 'None'
[0.997s] Level 5:colcon.colcon_core.verb:set package 'scarabarm_odrive' build argument 'catkin_skip_building_tests' from command line to 'False'
[0.997s] DEBUG:colcon.colcon_core.verb:Building package 'scarabarm_odrive' with the following arguments: {'ament_cmake_args': None, 'build_base': '/home/student/scarab_ros2/src/scarabarm_ros2/build/scarabarm_odrive', 'catkin_cmake_args': None, 'catkin_skip_building_tests': False, 'cmake_args': None, 'cmake_clean_cache': False, 'cmake_clean_first': False, 'cmake_force_configure': False, 'cmake_target': None, 'cmake_target_skip_unavailable': False, 'install_base': '/home/student/scarab_ros2/src/scarabarm_ros2/install/scarabarm_odrive', 'merge_install': False, 'path': '/home/student/scarab_ros2/src/scarabarm_ros2/scarabarm_odrive', 'symlink_install': True, 'test_result_base': None}
[0.997s] Level 5:colcon.colcon_core.verb:set package 'scarabarm_moveit' build argument 'cmake_args' from command line to 'None'
[0.997s] Level 5:colcon.colcon_core.verb:set package 'scarabarm_moveit' build argument 'cmake_target' from command line to 'None'
[0.997s] Level 5:colcon.colcon_core.verb:set package 'scarabarm_moveit' build argument 'cmake_target_skip_unavailable' from command line to 'False'
[0.997s] Level 5:colcon.colcon_core.verb:set package 'scarabarm_moveit' build argument 'cmake_clean_cache' from command line to 'False'
[0.997s] Level 5:colcon.colcon_core.verb:set package 'scarabarm_moveit' build argument 'cmake_clean_first' from command line to 'False'
[0.997s] Level 5:colcon.colcon_core.verb:set package 'scarabarm_moveit' build argument 'cmake_force_configure' from command line to 'False'
[0.997s] Level 5:colcon.colcon_core.verb:set package 'scarabarm_moveit' build argument 'ament_cmake_args' from command line to 'None'
[0.997s] Level 5:colcon.colcon_core.verb:set package 'scarabarm_moveit' build argument 'catkin_cmake_args' from command line to 'None'
[0.997s] Level 5:colcon.colcon_core.verb:set package 'scarabarm_moveit' build argument 'catkin_skip_building_tests' from command line to 'False'
[0.997s] DEBUG:colcon.colcon_core.verb:Building package 'scarabarm_moveit' with the following arguments: {'ament_cmake_args': None, 'build_base': '/home/student/scarab_ros2/src/scarabarm_ros2/build/scarabarm_moveit', 'catkin_cmake_args': None, 'catkin_skip_building_tests': False, 'cmake_args': None, 'cmake_clean_cache': False, 'cmake_clean_first': False, 'cmake_force_configure': False, 'cmake_target': None, 'cmake_target_skip_unavailable': False, 'install_base': '/home/student/scarab_ros2/src/scarabarm_ros2/install/scarabarm_moveit', 'merge_install': False, 'path': '/home/student/scarab_ros2/src/scarabarm_ros2/scarabarm_moveit', 'symlink_install': True, 'test_result_base': None}
[0.997s] INFO:colcon.colcon_core.executor:Executing jobs using 'parallel' executor
[0.998s] DEBUG:colcon.colcon_parallel_executor.executor.parallel:run_until_complete
[0.998s] INFO:colcon.colcon_ros.task.ament_python.build:Building ROS package in '/home/student/scarab_ros2/src/scarabarm_ros2/scarabarm_description/arm/Arm_description' with build type 'ament_python'
[0.999s] Level 1:colcon.colcon_core.shell:create_environment_hook('Arm_description', 'ament_prefix_path')
[1.007s] INFO:colcon.colcon_core.plugin_system:Skipping extension 'colcon_core.shell.bat': Not used on non-Windows systems
[1.007s] INFO:colcon.colcon_core.shell:Creating environment hook '/home/student/scarab_ros2/src/scarabarm_ros2/install/Arm_description/share/Arm_description/hook/ament_prefix_path.ps1'
[1.009s] INFO:colcon.colcon_core.shell:Creating environment descriptor '/home/student/scarab_ros2/src/scarabarm_ros2/install/Arm_description/share/Arm_description/hook/ament_prefix_path.dsv'
[1.010s] INFO:colcon.colcon_core.shell:Creating environment hook '/home/student/scarab_ros2/src/scarabarm_ros2/install/Arm_description/share/Arm_description/hook/ament_prefix_path.sh'
[1.011s] INFO:colcon.colcon_core.shell:Skip shell extension 'powershell' for command environment: Not usable outside of PowerShell
[1.011s] DEBUG:colcon.colcon_core.shell:Skip shell extension 'dsv' for command environment
[1.023s] INFO:colcon.colcon_ros.task.ament_python.build:Building ROS package in '/home/student/scarab_ros2/src/scarabarm_ros2/scarabarm_description/ee/gripper_sim_description' with build type 'ament_python'
[1.024s] Level 1:colcon.colcon_core.shell:create_environment_hook('gripper_sim_description', 'ament_prefix_path')
[1.024s] INFO:colcon.colcon_core.shell:Creating environment hook '/home/student/scarab_ros2/src/scarabarm_ros2/install/gripper_sim_description/share/gripper_sim_description/hook/ament_prefix_path.ps1'
[1.025s] INFO:colcon.colcon_core.shell:Creating environment descriptor '/home/student/scarab_ros2/src/scarabarm_ros2/install/gripper_sim_description/share/gripper_sim_description/hook/ament_prefix_path.dsv'
[1.025s] INFO:colcon.colcon_core.shell:Creating environment hook '/home/student/scarab_ros2/src/scarabarm_ros2/install/gripper_sim_description/share/gripper_sim_description/hook/ament_prefix_path.sh'
[1.026s] INFO:colcon.colcon_core.shell:Skip shell extension 'powershell' for command environment: Not usable outside of PowerShell
[1.026s] DEBUG:colcon.colcon_core.shell:Skip shell extension 'dsv' for command environment
[1.029s] INFO:colcon.colcon_ros.task.ament_cmake.build:Building ROS package in '/home/student/scarab_ros2/src/scarabarm_ros2/ros_odrive/odrive_node' with build type 'ament_cmake'
[1.029s] INFO:colcon.colcon_cmake.task.cmake.build:Building CMake package in '/home/student/scarab_ros2/src/scarabarm_ros2/ros_odrive/odrive_node'
[1.030s] INFO:colcon.colcon_core.shell:Skip shell extension 'powershell' for command environment: Not usable outside of PowerShell
[1.030s] DEBUG:colcon.colcon_core.shell:Skip shell extension 'dsv' for command environment
[1.033s] INFO:colcon.colcon_ros.task.ament_cmake.build:Building ROS package in '/home/student/scarab_ros2/src/scarabarm_ros2/ros_odrive/odrive_ros2_control' with build type 'ament_cmake'
[1.033s] INFO:colcon.colcon_cmake.task.cmake.build:Building CMake package in '/home/student/scarab_ros2/src/scarabarm_ros2/ros_odrive/odrive_ros2_control'
[1.034s] INFO:colcon.colcon_core.shell:Skip shell extension 'powershell' for command environment: Not usable outside of PowerShell
[1.034s] DEBUG:colcon.colcon_core.shell:Skip shell extension 'dsv' for command environment
[1.039s] INFO:colcon.colcon_ros.task.ament_python.build:Building ROS package in '/home/student/scarab_ros2/src/scarabarm_ros2/scarabarm_control' with build type 'ament_python'
[1.039s] Level 1:colcon.colcon_core.shell:create_environment_hook('scarabarm_control', 'ament_prefix_path')
[1.039s] INFO:colcon.colcon_core.shell:Creating environment hook '/home/student/scarab_ros2/src/scarabarm_ros2/install/scarabarm_control/share/scarabarm_control/hook/ament_prefix_path.ps1'
[1.040s] INFO:colcon.colcon_core.shell:Creating environment descriptor '/home/student/scarab_ros2/src/scarabarm_ros2/install/scarabarm_control/share/scarabarm_control/hook/ament_prefix_path.dsv'
[1.040s] INFO:colcon.colcon_core.shell:Creating environment hook '/home/student/scarab_ros2/src/scarabarm_ros2/install/scarabarm_control/share/scarabarm_control/hook/ament_prefix_path.sh'
[1.041s] INFO:colcon.colcon_core.shell:Skip shell extension 'powershell' for command environment: Not usable outside of PowerShell
[1.041s] DEBUG:colcon.colcon_core.shell:Skip shell extension 'dsv' for command environment
[1.044s] INFO:colcon.colcon_ros.task.ament_cmake.build:Building ROS package in '/home/student/scarab_ros2/src/scarabarm_ros2/scarabarm_sim' with build type 'ament_cmake'
[1.044s] INFO:colcon.colcon_cmake.task.cmake.build:Building CMake package in '/home/student/scarab_ros2/src/scarabarm_ros2/scarabarm_sim'
[1.044s] INFO:colcon.colcon_core.shell:Skip shell extension 'powershell' for command environment: Not usable outside of PowerShell
[1.044s] DEBUG:colcon.colcon_core.shell:Skip shell extension 'dsv' for command environment
[1.242s] INFO:colcon.colcon_core.task.python.build:Building Python package in '/home/student/scarab_ros2/src/scarabarm_ros2/scarabarm_description/arm/Arm_description'
[1.242s] INFO:colcon.colcon_core.shell:Skip shell extension 'powershell' for command environment: Not usable outside of PowerShell
[1.242s] DEBUG:colcon.colcon_core.shell:Skip shell extension 'dsv' for command environment
[1.419s] INFO:colcon.colcon_core.task.python.build:Building Python package in '/home/student/scarab_ros2/src/scarabarm_ros2/scarabarm_description/ee/gripper_sim_description'
[1.419s] INFO:colcon.colcon_core.shell:Skip shell extension 'powershell' for command environment: Not usable outside of PowerShell
[1.419s] DEBUG:colcon.colcon_core.shell:Skip shell extension 'dsv' for command environment
[1.427s] DEBUG:colcon.colcon_core.event_handler.log_command:Invoking command in '/home/student/scarab_ros2/src/scarabarm_ros2/build/odrive_can': CMAKE_PREFIX_PATH=${CMAKE_PREFIX_PATH}:/home/student/scarab_ros2/src/scarabarm_ros2/install/scarabarm_odrive:/home/student/scarab_ros2/src/scarabarm_ros2/install/scarabarm_control:/home/student/scarab_ros2/src/scarabarm_ros2/install/gripper_sim_description:/home/student/scarab_ros2/src/scarabarm_ros2/install/Arm_description:/opt/ros/humble /usr/bin/cmake --build /home/student/scarab_ros2/src/scarabarm_ros2/build/odrive_can -- -j8 -l8
[1.436s] DEBUG:colcon.colcon_core.event_handler.log_command:Invoking command in '/home/student/scarab_ros2/src/scarabarm_ros2/build/odrive_ros2_control': CMAKE_PREFIX_PATH=${CMAKE_PREFIX_PATH}:/home/student/scarab_ros2/src/scarabarm_ros2/install/scarabarm_odrive:/home/student/scarab_ros2/src/scarabarm_ros2/install/scarabarm_control:/home/student/scarab_ros2/src/scarabarm_ros2/install/gripper_sim_description:/home/student/scarab_ros2/src/scarabarm_ros2/install/Arm_description:/opt/ros/humble /usr/bin/cmake --build /home/student/scarab_ros2/src/scarabarm_ros2/build/odrive_ros2_control -- -j8 -l8
[1.674s] INFO:colcon.colcon_core.task.python.build:Building Python package in '/home/student/scarab_ros2/src/scarabarm_ros2/scarabarm_control'
[1.674s] INFO:colcon.colcon_core.shell:Skip shell extension 'powershell' for command environment: Not usable outside of PowerShell
[1.674s] DEBUG:colcon.colcon_core.shell:Skip shell extension 'dsv' for command environment
[1.690s] DEBUG:colcon.colcon_core.event_handler.log_command:Invoking command in '/home/student/scarab_ros2/src/scarabarm_ros2/build/scarabarm_sim': CMAKE_PREFIX_PATH=${CMAKE_PREFIX_PATH}:/home/student/scarab_ros2/src/scarabarm_ros2/install/scarabarm_odrive:/home/student/scarab_ros2/src/scarabarm_ros2/install/scarabarm_control:/home/student/scarab_ros2/src/scarabarm_ros2/install/gripper_sim_description:/home/student/scarab_ros2/src/scarabarm_ros2/install/Arm_description:/opt/ros/humble /usr/bin/cmake --build /home/student/scarab_ros2/src/scarabarm_ros2/build/scarabarm_sim -- -j8 -l8
[1.691s] DEBUG:colcon.colcon_core.event_handler.log_command:Invoked command in '/home/student/scarab_ros2/src/scarabarm_ros2/build/odrive_ros2_control' returned '0': CMAKE_PREFIX_PATH=${CMAKE_PREFIX_PATH}:/home/student/scarab_ros2/src/scarabarm_ros2/install/scarabarm_odrive:/home/student/scarab_ros2/src/scarabarm_ros2/install/scarabarm_control:/home/student/scarab_ros2/src/scarabarm_ros2/install/gripper_sim_description:/home/student/scarab_ros2/src/scarabarm_ros2/install/Arm_description:/opt/ros/humble /usr/bin/cmake --build /home/student/scarab_ros2/src/scarabarm_ros2/build/odrive_ros2_control -- -j8 -l8
[1.700s] DEBUG:colcon.colcon_core.event_handler.log_command:Invoking command in '/home/student/scarab_ros2/src/scarabarm_ros2/build/odrive_ros2_control': CMAKE_PREFIX_PATH=${CMAKE_PREFIX_PATH}:/home/student/scarab_ros2/src/scarabarm_ros2/install/scarabarm_odrive:/home/student/scarab_ros2/src/scarabarm_ros2/install/scarabarm_control:/home/student/scarab_ros2/src/scarabarm_ros2/install/gripper_sim_description:/home/student/scarab_ros2/src/scarabarm_ros2/install/Arm_description:/opt/ros/humble /usr/bin/cmake --install /home/student/scarab_ros2/src/scarabarm_ros2/build/odrive_ros2_control
[1.743s] DEBUG:colcon.colcon_core.event_handler.log_command:Invoked command in '/home/student/scarab_ros2/src/scarabarm_ros2/build/scarabarm_sim' returned '0': CMAKE_PREFIX_PATH=${CMAKE_PREFIX_PATH}:/home/student/scarab_ros2/src/scarabarm_ros2/install/scarabarm_odrive:/home/student/scarab_ros2/src/scarabarm_ros2/install/scarabarm_control:/home/student/scarab_ros2/src/scarabarm_ros2/install/gripper_sim_description:/home/student/scarab_ros2/src/scarabarm_ros2/install/Arm_description:/opt/ros/humble /usr/bin/cmake --build /home/student/scarab_ros2/src/scarabarm_ros2/build/scarabarm_sim -- -j8 -l8
[1.751s] DEBUG:colcon.colcon_core.event_handler.log_command:Invoking command in '/home/student/scarab_ros2/src/scarabarm_ros2/build/scarabarm_sim': CMAKE_PREFIX_PATH=${CMAKE_PREFIX_PATH}:/home/student/scarab_ros2/src/scarabarm_ros2/install/scarabarm_odrive:/home/student/scarab_ros2/src/scarabarm_ros2/install/scarabarm_control:/home/student/scarab_ros2/src/scarabarm_ros2/install/gripper_sim_description:/home/student/scarab_ros2/src/scarabarm_ros2/install/Arm_description:/opt/ros/humble /usr/bin/cmake --install /home/student/scarab_ros2/src/scarabarm_ros2/build/scarabarm_sim
[1.756s] Level 1:colcon.colcon_core.environment:create_environment_scripts_only(odrive_ros2_control)
[1.756s] DEBUG:colcon.colcon_core.event_handler.log_command:Invoked command in '/home/student/scarab_ros2/src/scarabarm_ros2/build/odrive_ros2_control' returned '0': CMAKE_PREFIX_PATH=${CMAKE_PREFIX_PATH}:/home/student/scarab_ros2/src/scarabarm_ros2/install/scarabarm_odrive:/home/student/scarab_ros2/src/scarabarm_ros2/install/scarabarm_control:/home/student/scarab_ros2/src/scarabarm_ros2/install/gripper_sim_description:/home/student/scarab_ros2/src/scarabarm_ros2/install/Arm_description:/opt/ros/humble /usr/bin/cmake --install /home/student/scarab_ros2/src/scarabarm_ros2/build/odrive_ros2_control
[1.765s] Level 1:colcon.colcon_core.environment:checking '/home/student/scarab_ros2/src/scarabarm_ros2/install/odrive_ros2_control' for CMake module files
[1.766s] Level 1:colcon.colcon_core.environment:checking '/home/student/scarab_ros2/src/scarabarm_ros2/install/odrive_ros2_control' for CMake config files
[1.766s] Level 1:colcon.colcon_core.shell:create_environment_hook('odrive_ros2_control', 'cmake_prefix_path')
[1.767s] INFO:colcon.colcon_core.shell:Creating environment hook '/home/student/scarab_ros2/src/scarabarm_ros2/install/odrive_ros2_control/share/odrive_ros2_control/hook/cmake_prefix_path.ps1'
[1.767s] INFO:colcon.colcon_core.shell:Creating environment descriptor '/home/student/scarab_ros2/src/scarabarm_ros2/install/odrive_ros2_control/share/odrive_ros2_control/hook/cmake_prefix_path.dsv'
[1.768s] INFO:colcon.colcon_core.shell:Creating environment hook '/home/student/scarab_ros2/src/scarabarm_ros2/install/odrive_ros2_control/share/odrive_ros2_control/hook/cmake_prefix_path.sh'
[1.768s] Level 1:colcon.colcon_core.environment:checking '/home/student/scarab_ros2/src/scarabarm_ros2/install/odrive_ros2_control/lib'
[1.769s] Level 1:colcon.colcon_core.shell:create_environment_hook('odrive_ros2_control', 'ld_library_path_lib')
[1.769s] INFO:colcon.colcon_core.shell:Creating environment hook '/home/student/scarab_ros2/src/scarabarm_ros2/install/odrive_ros2_control/share/odrive_ros2_control/hook/ld_library_path_lib.ps1'
[1.769s] INFO:colcon.colcon_core.shell:Creating environment descriptor '/home/student/scarab_ros2/src/scarabarm_ros2/install/odrive_ros2_control/share/odrive_ros2_control/hook/ld_library_path_lib.dsv'
[1.770s] INFO:colcon.colcon_core.shell:Creating environment hook '/home/student/scarab_ros2/src/scarabarm_ros2/install/odrive_ros2_control/share/odrive_ros2_control/hook/ld_library_path_lib.sh'
[1.770s] Level 1:colcon.colcon_core.environment:checking '/home/student/scarab_ros2/src/scarabarm_ros2/install/odrive_ros2_control/bin'
[1.770s] Level 1:colcon.colcon_core.environment:checking '/home/student/scarab_ros2/src/scarabarm_ros2/install/odrive_ros2_control/lib/pkgconfig/odrive_ros2_control.pc'
[1.770s] Level 1:colcon.colcon_core.environment:checking '/home/student/scarab_ros2/src/scarabarm_ros2/install/odrive_ros2_control/lib/python3.10/site-packages'
[1.771s] Level 1:colcon.colcon_core.environment:checking '/home/student/scarab_ros2/src/scarabarm_ros2/install/odrive_ros2_control/bin'
[1.771s] INFO:colcon.colcon_core.shell:Creating package script '/home/student/scarab_ros2/src/scarabarm_ros2/install/odrive_ros2_control/share/odrive_ros2_control/package.ps1'
[1.773s] INFO:colcon.colcon_core.shell:Creating package descriptor '/home/student/scarab_ros2/src/scarabarm_ros2/install/odrive_ros2_control/share/odrive_ros2_control/package.dsv'
[1.775s] INFO:colcon.colcon_core.shell:Creating package script '/home/student/scarab_ros2/src/scarabarm_ros2/install/odrive_ros2_control/share/odrive_ros2_control/package.sh'
[1.777s] INFO:colcon.colcon_core.shell:Creating package script '/home/student/scarab_ros2/src/scarabarm_ros2/install/odrive_ros2_control/share/odrive_ros2_control/package.bash'
[1.778s] INFO:colcon.colcon_core.shell:Creating package script '/home/student/scarab_ros2/src/scarabarm_ros2/install/odrive_ros2_control/share/odrive_ros2_control/package.zsh'
[1.784s] Level 1:colcon.colcon_core.environment:create_file_with_runtime_dependencies(/home/student/scarab_ros2/src/scarabarm_ros2/install/odrive_ros2_control/share/colcon-core/packages/odrive_ros2_control)
[1.784s] Level 1:colcon.colcon_core.environment:create_environment_scripts_only(odrive_ros2_control)
[1.785s] Level 1:colcon.colcon_core.environment:checking '/home/student/scarab_ros2/src/scarabarm_ros2/install/odrive_ros2_control' for CMake module files
[1.785s] Level 1:colcon.colcon_core.environment:checking '/home/student/scarab_ros2/src/scarabarm_ros2/install/odrive_ros2_control' for CMake config files
[1.786s] Level 1:colcon.colcon_core.shell:create_environment_hook('odrive_ros2_control', 'cmake_prefix_path')
[1.786s] INFO:colcon.colcon_core.shell:Creating environment hook '/home/student/scarab_ros2/src/scarabarm_ros2/install/odrive_ros2_control/share/odrive_ros2_control/hook/cmake_prefix_path.ps1'
[1.787s] INFO:colcon.colcon_core.shell:Creating environment descriptor '/home/student/scarab_ros2/src/scarabarm_ros2/install/odrive_ros2_control/share/odrive_ros2_control/hook/cmake_prefix_path.dsv'
[1.787s] INFO:colcon.colcon_core.shell:Creating environment hook '/home/student/scarab_ros2/src/scarabarm_ros2/install/odrive_ros2_control/share/odrive_ros2_control/hook/cmake_prefix_path.sh'
[1.788s] Level 1:colcon.colcon_core.environment:checking '/home/student/scarab_ros2/src/scarabarm_ros2/install/odrive_ros2_control/lib'
[1.788s] Level 1:colcon.colcon_core.shell:create_environment_hook('odrive_ros2_control', 'ld_library_path_lib')
[1.789s] INFO:colcon.colcon_core.shell:Creating environment hook '/home/student/scarab_ros2/src/scarabarm_ros2/install/odrive_ros2_control/share/odrive_ros2_control/hook/ld_library_path_lib.ps1'
[1.789s] INFO:colcon.colcon_core.shell:Creating environment descriptor '/home/student/scarab_ros2/src/scarabarm_ros2/install/odrive_ros2_control/share/odrive_ros2_control/hook/ld_library_path_lib.dsv'
[1.790s] INFO:colcon.colcon_core.shell:Creating environment hook '/home/student/scarab_ros2/src/scarabarm_ros2/install/odrive_ros2_control/share/odrive_ros2_control/hook/ld_library_path_lib.sh'
[1.790s] Level 1:colcon.colcon_core.environment:checking '/home/student/scarab_ros2/src/scarabarm_ros2/install/odrive_ros2_control/bin'
[1.790s] Level 1:colcon.colcon_core.environment:checking '/home/student/scarab_ros2/src/scarabarm_ros2/install/odrive_ros2_control/lib/pkgconfig/odrive_ros2_control.pc'
[1.790s] Level 1:colcon.colcon_core.environment:checking '/home/student/scarab_ros2/src/scarabarm_ros2/install/odrive_ros2_control/lib/python3.10/site-packages'
[1.791s] Level 1:colcon.colcon_core.environment:checking '/home/student/scarab_ros2/src/scarabarm_ros2/install/odrive_ros2_control/bin'
[1.791s] INFO:colcon.colcon_core.shell:Creating package script '/home/student/scarab_ros2/src/scarabarm_ros2/install/odrive_ros2_control/share/odrive_ros2_control/package.ps1'
[1.792s] INFO:colcon.colcon_core.shell:Creating package descriptor '/home/student/scarab_ros2/src/scarabarm_ros2/install/odrive_ros2_control/share/odrive_ros2_control/package.dsv'
[1.793s] INFO:colcon.colcon_core.shell:Creating package script '/home/student/scarab_ros2/src/scarabarm_ros2/install/odrive_ros2_control/share/odrive_ros2_control/package.sh'
[1.793s] INFO:colcon.colcon_core.shell:Creating package script '/home/student/scarab_ros2/src/scarabarm_ros2/install/odrive_ros2_control/share/odrive_ros2_control/package.bash'
[1.794s] INFO:colcon.colcon_core.shell:Creating package script '/home/student/scarab_ros2/src/scarabarm_ros2/install/odrive_ros2_control/share/odrive_ros2_control/package.zsh'
[1.794s] Level 1:colcon.colcon_core.environment:create_file_with_runtime_dependencies(/home/student/scarab_ros2/src/scarabarm_ros2/install/odrive_ros2_control/share/colcon-core/packages/odrive_ros2_control)
[1.795s] INFO:colcon.colcon_ros.task.ament_cmake.build:Building ROS package in '/home/student/scarab_ros2/src/scarabarm_ros2/ros_odrive/odrive_botwheel_explorer' with build type 'ament_cmake'
[1.795s] INFO:colcon.colcon_cmake.task.cmake.build:Building CMake package in '/home/student/scarab_ros2/src/scarabarm_ros2/ros_odrive/odrive_botwheel_explorer'
[1.795s] INFO:colcon.colcon_core.shell:Skip shell extension 'powershell' for command environment: Not usable outside of PowerShell
[1.796s] DEBUG:colcon.colcon_core.shell:Skip shell extension 'dsv' for command environment
[1.806s] DEBUG:colcon.colcon_core.event_handler.log_command:Invoked command in '/home/student/scarab_ros2/src/scarabarm_ros2/build/scarabarm_sim' returned '1': CMAKE_PREFIX_PATH=${CMAKE_PREFIX_PATH}:/home/student/scarab_ros2/src/scarabarm_ros2/install/scarabarm_odrive:/home/student/scarab_ros2/src/scarabarm_ros2/install/scarabarm_control:/home/student/scarab_ros2/src/scarabarm_ros2/install/gripper_sim_description:/home/student/scarab_ros2/src/scarabarm_ros2/install/Arm_description:/opt/ros/humble /usr/bin/cmake --install /home/student/scarab_ros2/src/scarabarm_ros2/build/scarabarm_sim
[1.807s] Level 1:colcon.colcon_core.environment:create_environment_scripts_only(scarabarm_sim)
[1.807s] Level 1:colcon.colcon_core.environment:checking '/home/student/scarab_ros2/src/scarabarm_ros2/install/scarabarm_sim' for CMake module files
[1.810s] Level 1:colcon.colcon_core.environment:checking '/home/student/scarab_ros2/src/scarabarm_ros2/install/scarabarm_sim' for CMake config files
[1.816s] Level 1:colcon.colcon_core.shell:create_environment_hook('scarabarm_sim', 'cmake_prefix_path')
[1.816s] INFO:colcon.colcon_core.shell:Creating environment hook '/home/student/scarab_ros2/src/scarabarm_ros2/install/scarabarm_sim/share/scarabarm_sim/hook/cmake_prefix_path.ps1'
[1.817s] INFO:colcon.colcon_core.shell:Creating environment descriptor '/home/student/scarab_ros2/src/scarabarm_ros2/install/scarabarm_sim/share/scarabarm_sim/hook/cmake_prefix_path.dsv'
[1.817s] INFO:colcon.colcon_core.shell:Creating environment hook '/home/student/scarab_ros2/src/scarabarm_ros2/install/scarabarm_sim/share/scarabarm_sim/hook/cmake_prefix_path.sh'
[1.818s] Level 1:colcon.colcon_core.environment:checking '/home/student/scarab_ros2/src/scarabarm_ros2/install/scarabarm_sim/bin'
[1.818s] Level 1:colcon.colcon_core.environment:checking '/home/student/scarab_ros2/src/scarabarm_ros2/install/scarabarm_sim/lib/pkgconfig/scarabarm_sim.pc'
[1.818s] Level 1:colcon.colcon_core.environment:checking '/home/student/scarab_ros2/src/scarabarm_ros2/install/scarabarm_sim/lib/python3.10/site-packages'
[1.819s] Level 1:colcon.colcon_core.environment:checking '/home/student/scarab_ros2/src/scarabarm_ros2/install/scarabarm_sim/bin'
[1.819s] INFO:colcon.colcon_core.shell:Creating package script '/home/student/scarab_ros2/src/scarabarm_ros2/install/scarabarm_sim/share/scarabarm_sim/package.ps1'
[1.820s] INFO:colcon.colcon_core.shell:Creating package descriptor '/home/student/scarab_ros2/src/scarabarm_ros2/install/scarabarm_sim/share/scarabarm_sim/package.dsv'
[1.820s] INFO:colcon.colcon_core.shell:Creating package script '/home/student/scarab_ros2/src/scarabarm_ros2/install/scarabarm_sim/share/scarabarm_sim/package.sh'
[1.821s] INFO:colcon.colcon_core.shell:Creating package script '/home/student/scarab_ros2/src/scarabarm_ros2/install/scarabarm_sim/share/scarabarm_sim/package.bash'
[1.821s] INFO:colcon.colcon_core.shell:Creating package script '/home/student/scarab_ros2/src/scarabarm_ros2/install/scarabarm_sim/share/scarabarm_sim/package.zsh'
[1.822s] Level 1:colcon.colcon_core.environment:create_file_with_runtime_dependencies(/home/student/scarab_ros2/src/scarabarm_ros2/install/scarabarm_sim/share/colcon-core/packages/scarabarm_sim)
[2.347s] DEBUG:colcon.colcon_parallel_executor.executor.parallel:closing loop
[2.347s] DEBUG:colcon.colcon_parallel_executor.executor.parallel:loop closed
[2.347s] DEBUG:colcon.colcon_parallel_executor.executor.parallel:run_until_complete finished with '1'
[2.347s] DEBUG:colcon.colcon_core.event_reactor:joining thread
[2.398s] INFO:colcon.colcon_core.plugin_system:Skipping extension 'colcon_notification.desktop_notification.notify_send': Could not find 'notify-send'
[2.398s] INFO:colcon.colcon_core.plugin_system:Skipping extension 'colcon_notification.desktop_notification.terminal_notifier': Not used on non-Darwin systems
[2.398s] INFO:colcon.colcon_core.plugin_system:Skipping extension 'colcon_notification.desktop_notification.win32': Not used on non-Windows systems
[2.398s] INFO:colcon.colcon_notification.desktop_notification:Sending desktop notification using 'notify2'
[2.436s] DEBUG:colcon.colcon_notification.desktop_notification.notify2:Failed to initialize notify2: org.freedesktop.DBus.Error.Spawn.ExecFailed: /usr/bin/dbus-launch terminated abnormally without any error message
[2.436s] DEBUG:colcon.colcon_core.event_reactor:joined thread
[2.437s] INFO:colcon.colcon_core.shell:Creating prefix script '/home/student/scarab_ros2/src/scarabarm_ros2/install/local_setup.ps1'
[2.438s] INFO:colcon.colcon_core.shell:Creating prefix util module '/home/student/scarab_ros2/src/scarabarm_ros2/install/_local_setup_util_ps1.py'
[2.440s] INFO:colcon.colcon_core.shell:Creating prefix chain script '/home/student/scarab_ros2/src/scarabarm_ros2/install/setup.ps1'
[2.442s] INFO:colcon.colcon_core.shell:Creating prefix script '/home/student/scarab_ros2/src/scarabarm_ros2/install/local_setup.sh'
[2.443s] INFO:colcon.colcon_core.shell:Creating prefix util module '/home/student/scarab_ros2/src/scarabarm_ros2/install/_local_setup_util_sh.py'
[2.444s] INFO:colcon.colcon_core.shell:Creating prefix chain script '/home/student/scarab_ros2/src/scarabarm_ros2/install/setup.sh'
[2.445s] INFO:colcon.colcon_core.shell:Creating prefix script '/home/student/scarab_ros2/src/scarabarm_ros2/install/local_setup.bash'
[2.446s] INFO:colcon.colcon_core.shell:Creating prefix chain script '/home/student/scarab_ros2/src/scarabarm_ros2/install/setup.bash'
[2.448s] INFO:colcon.colcon_core.shell:Creating prefix script '/home/student/scarab_ros2/src/scarabarm_ros2/install/local_setup.zsh'
[2.449s] INFO:colcon.colcon_core.shell:Creating prefix chain script '/home/student/scarab_ros2/src/scarabarm_ros2/install/setup.zsh'
