-- Found ament_cmake: 1.3.11 (/opt/ros/humble/share/ament_cmake/cmake)
-- Override CMake install command with custom implementation using symlinks instead of copying resources
-- Found xacro: 2.0.13 (/opt/ros/humble/share/xacro/cmake)
-- Configuring done
-- Generating done
-- Build files have been written to: /home/student/scarab_ros2/src/scarabarm_ros2/build/full_scrab_arm
-- Install configuration: ""
-- Execute custom install script
-- Up-to-date symlink: /home/student/scarab_ros2/src/scarabarm_ros2/install/full_scrab_arm/share/full_scrab_arm/urdf/full_scrab_arm.xacro
-- Up-to-date symlink: /home/student/scarab_ros2/src/scarabarm_ros2/install/full_scrab_arm/share/full_scrab_arm/launch/gazebo.launch.py
-- Up-to-date symlink: /home/student/scarab_ros2/src/scarabarm_ros2/install/full_scrab_arm/share/ament_index/resource_index/package_run_dependencies/full_scrab_arm
-- Up-to-date symlink: /home/student/scarab_ros2/src/scarabarm_ros2/install/full_scrab_arm/share/ament_index/resource_index/parent_prefix_path/full_scrab_arm
-- Up-to-date symlink: /home/student/scarab_ros2/src/scarabarm_ros2/install/full_scrab_arm/share/full_scrab_arm/environment/ament_prefix_path.sh
-- Up-to-date symlink: /home/student/scarab_ros2/src/scarabarm_ros2/install/full_scrab_arm/share/full_scrab_arm/environment/ament_prefix_path.dsv
-- Up-to-date symlink: /home/student/scarab_ros2/src/scarabarm_ros2/install/full_scrab_arm/share/full_scrab_arm/environment/path.sh
-- Up-to-date symlink: /home/student/scarab_ros2/src/scarabarm_ros2/install/full_scrab_arm/share/full_scrab_arm/environment/path.dsv
-- Up-to-date symlink: /home/student/scarab_ros2/src/scarabarm_ros2/install/full_scrab_arm/share/full_scrab_arm/local_setup.bash
-- Up-to-date symlink: /home/student/scarab_ros2/src/scarabarm_ros2/install/full_scrab_arm/share/full_scrab_arm/local_setup.sh
-- Up-to-date symlink: /home/student/scarab_ros2/src/scarabarm_ros2/install/full_scrab_arm/share/full_scrab_arm/local_setup.zsh
-- Up-to-date symlink: /home/student/scarab_ros2/src/scarabarm_ros2/install/full_scrab_arm/share/full_scrab_arm/local_setup.dsv
-- Symlinking: /home/student/scarab_ros2/src/scarabarm_ros2/install/full_scrab_arm/share/full_scrab_arm/package.dsv
-- Up-to-date symlink: /home/student/scarab_ros2/src/scarabarm_ros2/install/full_scrab_arm/share/ament_index/resource_index/packages/full_scrab_arm
-- Up-to-date symlink: /home/student/scarab_ros2/src/scarabarm_ros2/install/full_scrab_arm/share/full_scrab_arm/cmake/full_scrab_armConfig.cmake
-- Up-to-date symlink: /home/student/scarab_ros2/src/scarabarm_ros2/install/full_scrab_arm/share/full_scrab_arm/cmake/full_scrab_armConfig-version.cmake
-- Up-to-date symlink: /home/student/scarab_ros2/src/scarabarm_ros2/install/full_scrab_arm/share/full_scrab_arm/package.xml
