[0.117s] Invoking command in '/home/student/scarab_ros2/src/scarabarm_ros2/build/odrive_botwheel_explorer': AMENT_PREFIX_PATH=/home/student/scarab_ros2/src/scarabarm_ros2/install/odrive_ros2_control:${AMENT_PREFIX_PATH} CMAKE_PREFIX_PATH=/home/student/scarab_ros2/src/scarabarm_ros2/install/odrive_ros2_control:/opt/ros/humble LD_LIBRARY_PATH=/home/student/scarab_ros2/src/scarabarm_ros2/install/odrive_ros2_control/lib:${LD_LIBRARY_PATH} /usr/bin/cmake /home/student/scarab_ros2/src/scarabarm_ros2/ros_odrive/odrive_botwheel_explorer -DAMENT_CMAKE_SYMLINK_INSTALL=1 -DCMAKE_INSTALL_PREFIX=/home/student/scarab_ros2/src/scarabarm_ros2/install/odrive_botwheel_explorer
[0.255s] -- The C compiler identification is GNU 11.4.0
[0.861s] -- The CXX compiler identification is GNU 11.4.0
[1.260s] -- Detecting C compiler ABI info
[1.402s] -- Detecting C compiler ABI info - done
[1.407s] -- Check for working C compiler: /usr/bin/cc - skipped
[1.408s] -- Detecting C compile features
[1.408s] -- Detecting C compile features - done
[1.410s] -- Detecting CXX compiler ABI info
[1.570s] -- Detecting CXX compiler ABI info - done
[1.576s] -- Check for working CXX compiler: /usr/bin/c++ - skipped
[1.576s] -- Detecting CXX compile features
[1.576s] -- Detecting CXX compile features - done
[1.580s] -- Found ament_cmake: 1.3.11 (/opt/ros/humble/share/ament_cmake/cmake)
[1.705s] -- Found Python3: /usr/bin/python3 (found version "3.10.12") found components: Interpreter 
[1.761s] -- Override CMake install command with custom implementation using symlinks instead of copying resources
[1.851s] -- Configuring done
[1.856s] -- Generating done
[1.857s] -- Build files have been written to: /home/student/scarab_ros2/src/scarabarm_ros2/build/odrive_botwheel_explorer
[1.861s] Invoked command in '/home/student/scarab_ros2/src/scarabarm_ros2/build/odrive_botwheel_explorer' returned '0': AMENT_PREFIX_PATH=/home/student/scarab_ros2/src/scarabarm_ros2/install/odrive_ros2_control:${AMENT_PREFIX_PATH} CMAKE_PREFIX_PATH=/home/student/scarab_ros2/src/scarabarm_ros2/install/odrive_ros2_control:/opt/ros/humble LD_LIBRARY_PATH=/home/student/scarab_ros2/src/scarabarm_ros2/install/odrive_ros2_control/lib:${LD_LIBRARY_PATH} /usr/bin/cmake /home/student/scarab_ros2/src/scarabarm_ros2/ros_odrive/odrive_botwheel_explorer -DAMENT_CMAKE_SYMLINK_INSTALL=1 -DCMAKE_INSTALL_PREFIX=/home/student/scarab_ros2/src/scarabarm_ros2/install/odrive_botwheel_explorer
[1.862s] Invoking command in '/home/student/scarab_ros2/src/scarabarm_ros2/build/odrive_botwheel_explorer': AMENT_PREFIX_PATH=/home/student/scarab_ros2/src/scarabarm_ros2/install/odrive_ros2_control:${AMENT_PREFIX_PATH} CMAKE_PREFIX_PATH=/home/student/scarab_ros2/src/scarabarm_ros2/install/odrive_ros2_control:/opt/ros/humble LD_LIBRARY_PATH=/home/student/scarab_ros2/src/scarabarm_ros2/install/odrive_ros2_control/lib:${LD_LIBRARY_PATH} /usr/bin/cmake --build /home/student/scarab_ros2/src/scarabarm_ros2/build/odrive_botwheel_explorer -- -j8 -l8
[1.902s] Invoked command in '/home/student/scarab_ros2/src/scarabarm_ros2/build/odrive_botwheel_explorer' returned '0': AMENT_PREFIX_PATH=/home/student/scarab_ros2/src/scarabarm_ros2/install/odrive_ros2_control:${AMENT_PREFIX_PATH} CMAKE_PREFIX_PATH=/home/student/scarab_ros2/src/scarabarm_ros2/install/odrive_ros2_control:/opt/ros/humble LD_LIBRARY_PATH=/home/student/scarab_ros2/src/scarabarm_ros2/install/odrive_ros2_control/lib:${LD_LIBRARY_PATH} /usr/bin/cmake --build /home/student/scarab_ros2/src/scarabarm_ros2/build/odrive_botwheel_explorer -- -j8 -l8
[1.904s] Invoking command in '/home/student/scarab_ros2/src/scarabarm_ros2/build/odrive_botwheel_explorer': AMENT_PREFIX_PATH=/home/student/scarab_ros2/src/scarabarm_ros2/install/odrive_ros2_control:${AMENT_PREFIX_PATH} CMAKE_PREFIX_PATH=/home/student/scarab_ros2/src/scarabarm_ros2/install/odrive_ros2_control:/opt/ros/humble LD_LIBRARY_PATH=/home/student/scarab_ros2/src/scarabarm_ros2/install/odrive_ros2_control/lib:${LD_LIBRARY_PATH} /usr/bin/cmake --install /home/student/scarab_ros2/src/scarabarm_ros2/build/odrive_botwheel_explorer
[1.910s] -- Install configuration: ""
[1.910s] -- Execute custom install script
[1.912s] -- Symlinking: /home/student/scarab_ros2/src/scarabarm_ros2/install/odrive_botwheel_explorer/share/odrive_botwheel_explorer/urdf/diffbot.ros2_control.xacro
[1.920s] -- Symlinking: /home/student/scarab_ros2/src/scarabarm_ros2/install/odrive_botwheel_explorer/share/odrive_botwheel_explorer/urdf/diffbot.urdf.xacro
[1.930s] -- Symlinking: /home/student/scarab_ros2/src/scarabarm_ros2/install/odrive_botwheel_explorer/share/odrive_botwheel_explorer/urdf/diffbot_description.urdf.xacro
[1.942s] -- Symlinking: /home/student/scarab_ros2/src/scarabarm_ros2/install/odrive_botwheel_explorer/share/odrive_botwheel_explorer/config/diffbot_controllers.yaml
[1.953s] -- Symlinking: /home/student/scarab_ros2/src/scarabarm_ros2/install/odrive_botwheel_explorer/share/odrive_botwheel_explorer/launch/botwheel_explorer.launch.py
[1.963s] -- Symlinking: /home/student/scarab_ros2/src/scarabarm_ros2/install/odrive_botwheel_explorer/share/ament_index/resource_index/package_run_dependencies/odrive_botwheel_explorer
[1.970s] -- Symlinking: /home/student/scarab_ros2/src/scarabarm_ros2/install/odrive_botwheel_explorer/share/ament_index/resource_index/parent_prefix_path/odrive_botwheel_explorer
[1.979s] -- Symlinking: /home/student/scarab_ros2/src/scarabarm_ros2/install/odrive_botwheel_explorer/share/odrive_botwheel_explorer/environment/ament_prefix_path.sh
[1.986s] -- Symlinking: /home/student/scarab_ros2/src/scarabarm_ros2/install/odrive_botwheel_explorer/share/odrive_botwheel_explorer/environment/ament_prefix_path.dsv
[1.994s] -- Symlinking: /home/student/scarab_ros2/src/scarabarm_ros2/install/odrive_botwheel_explorer/share/odrive_botwheel_explorer/environment/path.sh
[2.001s] -- Symlinking: /home/student/scarab_ros2/src/scarabarm_ros2/install/odrive_botwheel_explorer/share/odrive_botwheel_explorer/environment/path.dsv
[2.011s] -- Symlinking: /home/student/scarab_ros2/src/scarabarm_ros2/install/odrive_botwheel_explorer/share/odrive_botwheel_explorer/local_setup.bash
[2.019s] -- Symlinking: /home/student/scarab_ros2/src/scarabarm_ros2/install/odrive_botwheel_explorer/share/odrive_botwheel_explorer/local_setup.sh
[2.027s] -- Symlinking: /home/student/scarab_ros2/src/scarabarm_ros2/install/odrive_botwheel_explorer/share/odrive_botwheel_explorer/local_setup.zsh
[2.034s] -- Symlinking: /home/student/scarab_ros2/src/scarabarm_ros2/install/odrive_botwheel_explorer/share/odrive_botwheel_explorer/local_setup.dsv
[2.041s] -- Symlinking: /home/student/scarab_ros2/src/scarabarm_ros2/install/odrive_botwheel_explorer/share/odrive_botwheel_explorer/package.dsv
[2.049s] -- Symlinking: /home/student/scarab_ros2/src/scarabarm_ros2/install/odrive_botwheel_explorer/share/ament_index/resource_index/packages/odrive_botwheel_explorer
[2.058s] -- Symlinking: /home/student/scarab_ros2/src/scarabarm_ros2/install/odrive_botwheel_explorer/share/odrive_botwheel_explorer/cmake/odrive_botwheel_explorerConfig.cmake
[2.067s] -- Symlinking: /home/student/scarab_ros2/src/scarabarm_ros2/install/odrive_botwheel_explorer/share/odrive_botwheel_explorer/cmake/odrive_botwheel_explorerConfig-version.cmake
[2.075s] -- Symlinking: /home/student/scarab_ros2/src/scarabarm_ros2/install/odrive_botwheel_explorer/share/odrive_botwheel_explorer/package.xml
[2.087s] Invoked command in '/home/student/scarab_ros2/src/scarabarm_ros2/build/odrive_botwheel_explorer' returned '0': AMENT_PREFIX_PATH=/home/student/scarab_ros2/src/scarabarm_ros2/install/odrive_ros2_control:${AMENT_PREFIX_PATH} CMAKE_PREFIX_PATH=/home/student/scarab_ros2/src/scarabarm_ros2/install/odrive_ros2_control:/opt/ros/humble LD_LIBRARY_PATH=/home/student/scarab_ros2/src/scarabarm_ros2/install/odrive_ros2_control/lib:${LD_LIBRARY_PATH} /usr/bin/cmake --install /home/student/scarab_ros2/src/scarabarm_ros2/build/odrive_botwheel_explorer
