running develop
Removing /home/student/scarab_ros2/src/scarabarm_ros2/install/gripper_sim_description/lib/python3.10/site-packages/gripper-sim-description.egg-link (link to .)
running egg_info
writing ../../../build/gripper_sim_description/gripper_sim_description.egg-info/PKG-INFO
writing dependency_links to ../../../build/gripper_sim_description/gripper_sim_description.egg-info/dependency_links.txt
writing entry points to ../../../build/gripper_sim_description/gripper_sim_description.egg-info/entry_points.txt
writing requirements to ../../../build/gripper_sim_description/gripper_sim_description.egg-info/requires.txt
writing top-level names to ../../../build/gripper_sim_description/gripper_sim_description.egg-info/top_level.txt
reading manifest file '../../../build/gripper_sim_description/gripper_sim_description.egg-info/SOURCES.txt'
writing manifest file '../../../build/gripper_sim_description/gripper_sim_description.egg-info/SOURCES.txt'
running build
running build_py
creating /home/student/scarab_ros2/src/scarabarm_ros2/build/gripper_sim_description/build
creating /home/student/scarab_ros2/src/scarabarm_ros2/build/gripper_sim_description/build/lib
creating /home/student/scarab_ros2/src/scarabarm_ros2/build/gripper_sim_description/build/lib/gripper_sim_description
copying gripper_sim_description/__init__.py -> /home/student/scarab_ros2/src/scarabarm_ros2/build/gripper_sim_description/build/lib/gripper_sim_description
running install
running install_lib
creating /home/student/scarab_ros2/src/scarabarm_ros2/install/gripper_sim_description/lib/python3.10/site-packages/gripper_sim_description
copying /home/student/scarab_ros2/src/scarabarm_ros2/build/gripper_sim_description/build/lib/gripper_sim_description/__init__.py -> /home/student/scarab_ros2/src/scarabarm_ros2/install/gripper_sim_description/lib/python3.10/site-packages/gripper_sim_description
byte-compiling /home/student/scarab_ros2/src/scarabarm_ros2/install/gripper_sim_description/lib/python3.10/site-packages/gripper_sim_description/__init__.py to __init__.cpython-310.pyc
running install_data
copying resource/gripper_sim_description -> /home/student/scarab_ros2/src/scarabarm_ros2/install/gripper_sim_description/share/ament_index/resource_index/packages
copying package.xml -> /home/student/scarab_ros2/src/scarabarm_ros2/install/gripper_sim_description/share/gripper_sim_description
copying launch/gazebo.launch.py -> /home/student/scarab_ros2/src/scarabarm_ros2/install/gripper_sim_description/share/gripper_sim_description/launch
copying launch/display.launch.py -> /home/student/scarab_ros2/src/scarabarm_ros2/install/gripper_sim_description/share/gripper_sim_description/launch
copying urdf/gripper_sim.gazebo -> /home/student/scarab_ros2/src/scarabarm_ros2/install/gripper_sim_description/share/gripper_sim_description/urdf
copying urdf/gripper_sim.xacro -> /home/student/scarab_ros2/src/scarabarm_ros2/install/gripper_sim_description/share/gripper_sim_description/urdf
copying urdf/materials.xacro -> /home/student/scarab_ros2/src/scarabarm_ros2/install/gripper_sim_description/share/gripper_sim_description/urdf
copying urdf/gripper_sim.ros2control -> /home/student/scarab_ros2/src/scarabarm_ros2/install/gripper_sim_description/share/gripper_sim_description/urdf
copying meshes/inner_link_x_1.stl -> /home/student/scarab_ros2/src/scarabarm_ros2/install/gripper_sim_description/share/gripper_sim_description/meshes
copying meshes/finger_x_1.stl -> /home/student/scarab_ros2/src/scarabarm_ros2/install/gripper_sim_description/share/gripper_sim_description/meshes
copying meshes/inner_link_y_1.stl -> /home/student/scarab_ros2/src/scarabarm_ros2/install/gripper_sim_description/share/gripper_sim_description/meshes
copying meshes/finger_y_1.stl -> /home/student/scarab_ros2/src/scarabarm_ros2/install/gripper_sim_description/share/gripper_sim_description/meshes
copying meshes/outer_link_x_1.stl -> /home/student/scarab_ros2/src/scarabarm_ros2/install/gripper_sim_description/share/gripper_sim_description/meshes
copying meshes/outer_link_y_1.stl -> /home/student/scarab_ros2/src/scarabarm_ros2/install/gripper_sim_description/share/gripper_sim_description/meshes
copying meshes/gripper_base_link.stl -> /home/student/scarab_ros2/src/scarabarm_ros2/install/gripper_sim_description/share/gripper_sim_description/meshes
copying config/gazebo.rviz -> /home/student/scarab_ros2/src/scarabarm_ros2/install/gripper_sim_description/share/gripper_sim_description/config
copying config/ros_gz_bridge_gazebo.yaml -> /home/student/scarab_ros2/src/scarabarm_ros2/install/gripper_sim_description/share/gripper_sim_description/config
copying config/display.rviz -> /home/student/scarab_ros2/src/scarabarm_ros2/install/gripper_sim_description/share/gripper_sim_description/config
running install_egg_info
Copying ../../../build/gripper_sim_description/gripper_sim_description.egg-info to /home/student/scarab_ros2/src/scarabarm_ros2/install/gripper_sim_description/lib/python3.10/site-packages/gripper_sim_description-0.0.0-py3.10.egg-info
running install_scripts
writing list of installed files to '/home/student/scarab_ros2/src/scarabarm_ros2/build/gripper_sim_description/install.log'
