[1.250s] Invoking command in '/home/student/scarab_ros2/src/scarabarm_ros2/scarabarm_description/ee/gripper_sim_description': PYTHONPATH=/home/student/scarab_ros2/src/scarabarm_ros2/build/gripper_sim_description/prefix_override:/usr/lib/python3/dist-packages/colcon_core/task/python/colcon_distutils_commands:/home/student/scarab_ros2/src/scarabarm_ros2/install/gripper_sim_description/lib/python3.10/site-packages:${PYTHONPATH} /usr/bin/python3 -W ignore:setup.py install is deprecated -W ignore:easy_install command is deprecated setup.py egg_info --egg-base ../../../build/gripper_sim_description build --build-base /home/student/scarab_ros2/src/scarabarm_ros2/build/gripper_sim_description/build install --record /home/student/scarab_ros2/src/scarabarm_ros2/build/gripper_sim_description/install.log --single-version-externally-managed install_data
[1.528s] running egg_info
[1.529s] writing ../../../build/gripper_sim_description/gripper_sim_description.egg-info/PKG-INFO
[1.530s] writing dependency_links to ../../../build/gripper_sim_description/gripper_sim_description.egg-info/dependency_links.txt
[1.530s] writing entry points to ../../../build/gripper_sim_description/gripper_sim_description.egg-info/entry_points.txt
[1.530s] writing requirements to ../../../build/gripper_sim_description/gripper_sim_description.egg-info/requires.txt
[1.530s] writing top-level names to ../../../build/gripper_sim_description/gripper_sim_description.egg-info/top_level.txt
[1.532s] reading manifest file '../../../build/gripper_sim_description/gripper_sim_description.egg-info/SOURCES.txt'
[1.533s] writing manifest file '../../../build/gripper_sim_description/gripper_sim_description.egg-info/SOURCES.txt'
[1.533s] running build
[1.534s] running build_py
[1.534s] running install
[1.534s] running install_lib
[1.535s] running install_data
[1.536s] running install_egg_info
[1.537s] removing '/home/student/scarab_ros2/src/scarabarm_ros2/install/gripper_sim_description/lib/python3.10/site-packages/gripper_sim_description-0.0.0-py3.10.egg-info' (and everything under it)
[1.538s] Copying ../../../build/gripper_sim_description/gripper_sim_description.egg-info to /home/student/scarab_ros2/src/scarabarm_ros2/install/gripper_sim_description/lib/python3.10/site-packages/gripper_sim_description-0.0.0-py3.10.egg-info
[1.539s] running install_scripts
[1.555s] writing list of installed files to '/home/student/scarab_ros2/src/scarabarm_ros2/build/gripper_sim_description/install.log'
[1.583s] Invoked command in '/home/student/scarab_ros2/src/scarabarm_ros2/scarabarm_description/ee/gripper_sim_description' returned '0': PYTHONPATH=/home/student/scarab_ros2/src/scarabarm_ros2/build/gripper_sim_description/prefix_override:/usr/lib/python3/dist-packages/colcon_core/task/python/colcon_distutils_commands:/home/student/scarab_ros2/src/scarabarm_ros2/install/gripper_sim_description/lib/python3.10/site-packages:${PYTHONPATH} /usr/bin/python3 -W ignore:setup.py install is deprecated -W ignore:easy_install command is deprecated setup.py egg_info --egg-base ../../../build/gripper_sim_description build --build-base /home/student/scarab_ros2/src/scarabarm_ros2/build/gripper_sim_description/build install --record /home/student/scarab_ros2/src/scarabarm_ros2/build/gripper_sim_description/install.log --single-version-externally-managed install_data
