[1.480s] Invoking command in '/home/student/scarab_ros2/src/scarabarm_ros2/build/scarabarm_control': PYTHONPATH=/home/student/scarab_ros2/src/scarabarm_ros2/build/scarabarm_control/prefix_override:/usr/lib/python3/dist-packages/colcon_core/task/python/colcon_distutils_commands:/home/student/scarab_ros2/src/scarabarm_ros2/install/scarabarm_control/lib/python3.10/site-packages:${PYTHONPATH} /usr/bin/python3 -W ignore:setup.py install is deprecated -W ignore:easy_install command is deprecated setup.py develop --editable --build-directory /home/student/scarab_ros2/src/scarabarm_ros2/build/scarabarm_control/build --no-deps symlink_data
[1.737s] /usr/lib/python3/dist-packages/setuptools/dist.py:723: UserWarning: Usage of dash-separated 'script-dir' will not be supported in future versions. Please use the underscore name 'script_dir' instead
[1.737s]   warnings.warn(
[1.772s] running develop
[1.997s] running egg_info
[1.997s] writing src/scarabarm_control.egg-info/PKG-INFO
[1.997s] writing dependency_links to src/scarabarm_control.egg-info/dependency_links.txt
[1.998s] writing entry points to src/scarabarm_control.egg-info/entry_points.txt
[1.998s] writing requirements to src/scarabarm_control.egg-info/requires.txt
[1.998s] writing top-level names to src/scarabarm_control.egg-info/top_level.txt
[2.000s] reading manifest file 'src/scarabarm_control.egg-info/SOURCES.txt'
[2.006s] writing manifest file 'src/scarabarm_control.egg-info/SOURCES.txt'
[2.008s] running build_ext
[2.008s] Creating /home/student/scarab_ros2/src/scarabarm_ros2/install/scarabarm_control/lib/python3.10/site-packages/scarabarm-control.egg-link (link to src)
[2.011s] Installing scarab_controller script to /home/student/scarab_ros2/src/scarabarm_ros2/install/scarabarm_control/lib/scarabarm_control
[2.011s] Installing scarab_js_agg script to /home/student/scarab_ros2/src/scarabarm_ros2/install/scarabarm_control/lib/scarabarm_control
[2.012s] 
[2.012s] Installed /home/student/scarab_ros2/src/scarabarm_ros2/build/scarabarm_control/src
[2.012s] running symlink_data
[2.052s] Invoked command in '/home/student/scarab_ros2/src/scarabarm_ros2/build/scarabarm_control' returned '0': PYTHONPATH=/home/student/scarab_ros2/src/scarabarm_ros2/build/scarabarm_control/prefix_override:/usr/lib/python3/dist-packages/colcon_core/task/python/colcon_distutils_commands:/home/student/scarab_ros2/src/scarabarm_ros2/install/scarabarm_control/lib/python3.10/site-packages:${PYTHONPATH} /usr/bin/python3 -W ignore:setup.py install is deprecated -W ignore:easy_install command is deprecated setup.py develop --editable --build-directory /home/student/scarab_ros2/src/scarabarm_ros2/build/scarabarm_control/build --no-deps symlink_data
