[1.371s] Invoking command in '/home/student/scarab_ros2/src/scarabarm_ros2/build/gripper_sim_description': PYTHONPATH=/home/student/scarab_ros2/src/scarabarm_ros2/build/gripper_sim_description/prefix_override:/usr/lib/python3/dist-packages/colcon_core/task/python/colcon_distutils_commands:/home/student/scarab_ros2/src/scarabarm_ros2/install/gripper_sim_description/lib/python3.10/site-packages:${PYTHONPATH} /usr/bin/python3 -W ignore:setup.py install is deprecated -W ignore:easy_install command is deprecated setup.py develop --editable --build-directory /home/student/scarab_ros2/src/scarabarm_ros2/build/gripper_sim_description/build --no-deps symlink_data
[1.698s] running develop
[1.853s] running egg_info
[1.853s] creating gripper_sim_description.egg-info
[1.854s] writing gripper_sim_description.egg-info/PKG-INFO
[1.855s] writing dependency_links to gripper_sim_description.egg-info/dependency_links.txt
[1.855s] writing entry points to gripper_sim_description.egg-info/entry_points.txt
[1.855s] writing requirements to gripper_sim_description.egg-info/requires.txt
[1.856s] writing top-level names to gripper_sim_description.egg-info/top_level.txt
[1.856s] writing manifest file 'gripper_sim_description.egg-info/SOURCES.txt'
[1.857s] reading manifest file 'gripper_sim_description.egg-info/SOURCES.txt'
[1.858s] writing manifest file 'gripper_sim_description.egg-info/SOURCES.txt'
[1.859s] running build_ext
[1.860s] Creating /home/student/scarab_ros2/src/scarabarm_ros2/install/gripper_sim_description/lib/python3.10/site-packages/gripper-sim-description.egg-link (link to .)
[1.860s] 
[1.861s] Installed /home/student/scarab_ros2/src/scarabarm_ros2/build/gripper_sim_description
[1.862s] running symlink_data
[1.862s] creating /home/student/scarab_ros2/src/scarabarm_ros2/install/gripper_sim_description/share/ament_index
[1.862s] creating /home/student/scarab_ros2/src/scarabarm_ros2/install/gripper_sim_description/share/ament_index/resource_index
[1.862s] creating /home/student/scarab_ros2/src/scarabarm_ros2/install/gripper_sim_description/share/ament_index/resource_index/packages
[1.862s] symbolically linking /home/student/scarab_ros2/src/scarabarm_ros2/build/gripper_sim_description/resource/gripper_sim_description -> /home/student/scarab_ros2/src/scarabarm_ros2/install/gripper_sim_description/share/ament_index/resource_index/packages
[1.862s] symbolically linking /home/student/scarab_ros2/src/scarabarm_ros2/build/gripper_sim_description/package.xml -> /home/student/scarab_ros2/src/scarabarm_ros2/install/gripper_sim_description/share/gripper_sim_description
[1.862s] creating /home/student/scarab_ros2/src/scarabarm_ros2/install/gripper_sim_description/share/gripper_sim_description/launch
[1.863s] symbolically linking /home/student/scarab_ros2/src/scarabarm_ros2/build/gripper_sim_description/launch/gazebo.launch.py -> /home/student/scarab_ros2/src/scarabarm_ros2/install/gripper_sim_description/share/gripper_sim_description/launch
[1.863s] symbolically linking /home/student/scarab_ros2/src/scarabarm_ros2/build/gripper_sim_description/launch/display.launch.py -> /home/student/scarab_ros2/src/scarabarm_ros2/install/gripper_sim_description/share/gripper_sim_description/launch
[1.863s] creating /home/student/scarab_ros2/src/scarabarm_ros2/install/gripper_sim_description/share/gripper_sim_description/urdf
[1.863s] symbolically linking /home/student/scarab_ros2/src/scarabarm_ros2/build/gripper_sim_description/urdf/gripper_sim.gazebo -> /home/student/scarab_ros2/src/scarabarm_ros2/install/gripper_sim_description/share/gripper_sim_description/urdf
[1.863s] symbolically linking /home/student/scarab_ros2/src/scarabarm_ros2/build/gripper_sim_description/urdf/gripper_sim.xacro -> /home/student/scarab_ros2/src/scarabarm_ros2/install/gripper_sim_description/share/gripper_sim_description/urdf
[1.863s] symbolically linking /home/student/scarab_ros2/src/scarabarm_ros2/build/gripper_sim_description/urdf/materials.xacro -> /home/student/scarab_ros2/src/scarabarm_ros2/install/gripper_sim_description/share/gripper_sim_description/urdf
[1.863s] symbolically linking /home/student/scarab_ros2/src/scarabarm_ros2/build/gripper_sim_description/urdf/gripper_sim.ros2control -> /home/student/scarab_ros2/src/scarabarm_ros2/install/gripper_sim_description/share/gripper_sim_description/urdf
[1.864s] creating /home/student/scarab_ros2/src/scarabarm_ros2/install/gripper_sim_description/share/gripper_sim_description/meshes
[1.864s] symbolically linking /home/student/scarab_ros2/src/scarabarm_ros2/build/gripper_sim_description/meshes/inner_link_x_1.stl -> /home/student/scarab_ros2/src/scarabarm_ros2/install/gripper_sim_description/share/gripper_sim_description/meshes
[1.864s] symbolically linking /home/student/scarab_ros2/src/scarabarm_ros2/build/gripper_sim_description/meshes/finger_x_1.stl -> /home/student/scarab_ros2/src/scarabarm_ros2/install/gripper_sim_description/share/gripper_sim_description/meshes
[1.864s] symbolically linking /home/student/scarab_ros2/src/scarabarm_ros2/build/gripper_sim_description/meshes/inner_link_y_1.stl -> /home/student/scarab_ros2/src/scarabarm_ros2/install/gripper_sim_description/share/gripper_sim_description/meshes
[1.870s] symbolically linking /home/student/scarab_ros2/src/scarabarm_ros2/build/gripper_sim_description/meshes/finger_y_1.stl -> /home/student/scarab_ros2/src/scarabarm_ros2/install/gripper_sim_description/share/gripper_sim_description/meshes
[1.870s] symbolically linking /home/student/scarab_ros2/src/scarabarm_ros2/build/gripper_sim_description/meshes/outer_link_x_1.stl -> /home/student/scarab_ros2/src/scarabarm_ros2/install/gripper_sim_description/share/gripper_sim_description/meshes
[1.871s] symbolically linking /home/student/scarab_ros2/src/scarabarm_ros2/build/gripper_sim_description/meshes/outer_link_y_1.stl -> /home/student/scarab_ros2/src/scarabarm_ros2/install/gripper_sim_description/share/gripper_sim_description/meshes
[1.871s] symbolically linking /home/student/scarab_ros2/src/scarabarm_ros2/build/gripper_sim_description/meshes/gripper_base_link.stl -> /home/student/scarab_ros2/src/scarabarm_ros2/install/gripper_sim_description/share/gripper_sim_description/meshes
[1.871s] creating /home/student/scarab_ros2/src/scarabarm_ros2/install/gripper_sim_description/share/gripper_sim_description/config
[1.871s] symbolically linking /home/student/scarab_ros2/src/scarabarm_ros2/build/gripper_sim_description/config/gazebo.rviz -> /home/student/scarab_ros2/src/scarabarm_ros2/install/gripper_sim_description/share/gripper_sim_description/config
[1.871s] symbolically linking /home/student/scarab_ros2/src/scarabarm_ros2/build/gripper_sim_description/config/ros_gz_bridge_gazebo.yaml -> /home/student/scarab_ros2/src/scarabarm_ros2/install/gripper_sim_description/share/gripper_sim_description/config
[1.871s] symbolically linking /home/student/scarab_ros2/src/scarabarm_ros2/build/gripper_sim_description/config/display.rviz -> /home/student/scarab_ros2/src/scarabarm_ros2/install/gripper_sim_description/share/gripper_sim_description/config
[1.930s] Invoked command in '/home/student/scarab_ros2/src/scarabarm_ros2/build/gripper_sim_description' returned '0': PYTHONPATH=/home/student/scarab_ros2/src/scarabarm_ros2/build/gripper_sim_description/prefix_override:/usr/lib/python3/dist-packages/colcon_core/task/python/colcon_distutils_commands:/home/student/scarab_ros2/src/scarabarm_ros2/install/gripper_sim_description/lib/python3.10/site-packages:${PYTHONPATH} /usr/bin/python3 -W ignore:setup.py install is deprecated -W ignore:easy_install command is deprecated setup.py develop --editable --build-directory /home/student/scarab_ros2/src/scarabarm_ros2/build/gripper_sim_description/build --no-deps symlink_data
