[1.261s] Invoking command in '/home/student/scarab_ros2/src/scarabarm_ros2/scarabarm_description/arm/Arm_description': PYTHONPATH=/home/student/scarab_ros2/src/scarabarm_ros2/build/Arm_description/prefix_override:/usr/lib/python3/dist-packages/colcon_core/task/python/colcon_distutils_commands:/home/student/scarab_ros2/src/scarabarm_ros2/install/Arm_description/lib/python3.10/site-packages:${PYTHONPATH} /usr/bin/python3 -W ignore:setup.py install is deprecated -W ignore:easy_install command is deprecated setup.py egg_info --egg-base ../../../build/Arm_description build --build-base /home/student/scarab_ros2/src/scarabarm_ros2/build/Arm_description/build install --record /home/student/scarab_ros2/src/scarabarm_ros2/build/Arm_description/install.log --single-version-externally-managed install_data
[1.513s] running egg_info
[1.514s] writing ../../../build/Arm_description/Arm_description.egg-info/PKG-INFO
[1.514s] writing dependency_links to ../../../build/Arm_description/Arm_description.egg-info/dependency_links.txt
[1.514s] writing entry points to ../../../build/Arm_description/Arm_description.egg-info/entry_points.txt
[1.515s] writing requirements to ../../../build/Arm_description/Arm_description.egg-info/requires.txt
[1.515s] writing top-level names to ../../../build/Arm_description/Arm_description.egg-info/top_level.txt
[1.517s] reading manifest file '../../../build/Arm_description/Arm_description.egg-info/SOURCES.txt'
[1.518s] writing manifest file '../../../build/Arm_description/Arm_description.egg-info/SOURCES.txt'
[1.518s] running build
[1.518s] running build_py
[1.519s] running install
[1.519s] running install_lib
[1.520s] running install_data
[1.521s] running install_egg_info
[1.523s] removing '/home/student/scarab_ros2/src/scarabarm_ros2/install/Arm_description/lib/python3.10/site-packages/Arm_description-0.0.0-py3.10.egg-info' (and everything under it)
[1.524s] Copying ../../../build/Arm_description/Arm_description.egg-info to /home/student/scarab_ros2/src/scarabarm_ros2/install/Arm_description/lib/python3.10/site-packages/Arm_description-0.0.0-py3.10.egg-info
[1.525s] running install_scripts
[1.547s] writing list of installed files to '/home/student/scarab_ros2/src/scarabarm_ros2/build/Arm_description/install.log'
[1.573s] Invoked command in '/home/student/scarab_ros2/src/scarabarm_ros2/scarabarm_description/arm/Arm_description' returned '0': PYTHONPATH=/home/student/scarab_ros2/src/scarabarm_ros2/build/Arm_description/prefix_override:/usr/lib/python3/dist-packages/colcon_core/task/python/colcon_distutils_commands:/home/student/scarab_ros2/src/scarabarm_ros2/install/Arm_description/lib/python3.10/site-packages:${PYTHONPATH} /usr/bin/python3 -W ignore:setup.py install is deprecated -W ignore:easy_install command is deprecated setup.py egg_info --egg-base ../../../build/Arm_description build --build-base /home/student/scarab_ros2/src/scarabarm_ros2/build/Arm_description/build install --record /home/student/scarab_ros2/src/scarabarm_ros2/build/Arm_description/install.log --single-version-externally-managed install_data
