[1.359s] Invoking command in '/home/student/scarab_ros2/src/scarabarm_ros2/scarabarm_description/ee/gripper_sim_description': PYTHONPATH=/home/student/scarab_ros2/src/scarabarm_ros2/build/gripper_sim_description/prefix_override:/usr/lib/python3/dist-packages/colcon_core/task/python/colcon_distutils_commands:/home/student/scarab_ros2/src/scarabarm_ros2/install/gripper_sim_description/lib/python3.10/site-packages:${PYTHONPATH} /usr/bin/python3 -W ignore:setup.py install is deprecated -W ignore:easy_install command is deprecated setup.py egg_info --egg-base ../../../build/gripper_sim_description build --build-base /home/student/scarab_ros2/src/scarabarm_ros2/build/gripper_sim_description/build install --record /home/student/scarab_ros2/src/scarabarm_ros2/build/gripper_sim_description/install.log --single-version-externally-managed install_data
[1.617s] running egg_info
[1.617s] writing ../../../build/gripper_sim_description/gripper_sim_description.egg-info/PKG-INFO
[1.618s] writing dependency_links to ../../../build/gripper_sim_description/gripper_sim_description.egg-info/dependency_links.txt
[1.618s] writing entry points to ../../../build/gripper_sim_description/gripper_sim_description.egg-info/entry_points.txt
[1.618s] writing requirements to ../../../build/gripper_sim_description/gripper_sim_description.egg-info/requires.txt
[1.618s] writing top-level names to ../../../build/gripper_sim_description/gripper_sim_description.egg-info/top_level.txt
[1.620s] reading manifest file '../../../build/gripper_sim_description/gripper_sim_description.egg-info/SOURCES.txt'
[1.621s] writing manifest file '../../../build/gripper_sim_description/gripper_sim_description.egg-info/SOURCES.txt'
[1.622s] running build
[1.622s] running build_py
[1.622s] running install
[1.623s] running install_lib
[1.625s] running install_data
[1.626s] running install_egg_info
[1.628s] removing '/home/student/scarab_ros2/src/scarabarm_ros2/install/gripper_sim_description/lib/python3.10/site-packages/gripper_sim_description-0.0.0-py3.10.egg-info' (and everything under it)
[1.628s] Copying ../../../build/gripper_sim_description/gripper_sim_description.egg-info to /home/student/scarab_ros2/src/scarabarm_ros2/install/gripper_sim_description/lib/python3.10/site-packages/gripper_sim_description-0.0.0-py3.10.egg-info
[1.629s] running install_scripts
[1.654s] writing list of installed files to '/home/student/scarab_ros2/src/scarabarm_ros2/build/gripper_sim_description/install.log'
[1.679s] Invoked command in '/home/student/scarab_ros2/src/scarabarm_ros2/scarabarm_description/ee/gripper_sim_description' returned '0': PYTHONPATH=/home/student/scarab_ros2/src/scarabarm_ros2/build/gripper_sim_description/prefix_override:/usr/lib/python3/dist-packages/colcon_core/task/python/colcon_distutils_commands:/home/student/scarab_ros2/src/scarabarm_ros2/install/gripper_sim_description/lib/python3.10/site-packages:${PYTHONPATH} /usr/bin/python3 -W ignore:setup.py install is deprecated -W ignore:easy_install command is deprecated setup.py egg_info --egg-base ../../../build/gripper_sim_description build --build-base /home/student/scarab_ros2/src/scarabarm_ros2/build/gripper_sim_description/build install --record /home/student/scarab_ros2/src/scarabarm_ros2/build/gripper_sim_description/install.log --single-version-externally-managed install_data
