[0.797s] Invoking command in '/home/student/scarab_ros2/src/scarabarm_ros2/scarabarm_odrive': CMAKE_PREFIX_PATH=/home/student/scarab_ros2/src/scarabarm_ros2/install/odrive_can:/home/student/scarab_ros2/src/scarabarm_ros2/install/scarabarm_sim:/home/student/scarab_ros2/src/scarabarm_ros2/install/scarabarm_moveit:/home/student/scarab_ros2/src/scarabarm_ros2/install/odrive_botwheel_explorer:/home/student/scarab_ros2/src/scarabarm_ros2/install/odrive_ros2_control:/home/student/scarab_ros2/src/scarabarm_ros2/install/full_scrab_arm LD_LIBRARY_PATH=/home/student/scarab_ros2/src/scarabarm_ros2/install/odrive_can/lib:/home/student/scarab_ros2/src/scarabarm_ros2/install/scarabarm_moveit/lib:/home/student/scarab_ros2/src/scarabarm_ros2/install/odrive_ros2_control/lib:/usr/lib/x86_64-linux-gnu/gazebo-11/plugins:/opt/ros/humble/opt/rviz_ogre_vendor/lib:/opt/ros/humble/lib/x86_64-linux-gnu:/opt/ros/humble/lib PYTHONPATH=/home/student/scarab_ros2/src/scarabarm_ros2/build/scarabarm_odrive/prefix_override:/usr/lib/python3/dist-packages/colcon_core/task/python/colcon_distutils_commands:/home/student/scarab_ros2/src/scarabarm_ros2/install/scarabarm_odrive/lib/python3.10/site-packages:${PYTHONPATH} /usr/bin/python3 -W ignore:setup.py install is deprecated -W ignore:easy_install command is deprecated setup.py egg_info --egg-base ../build/scarabarm_odrive build --build-base /home/student/scarab_ros2/src/scarabarm_ros2/build/scarabarm_odrive/build install --record /home/student/scarab_ros2/src/scarabarm_ros2/build/scarabarm_odrive/install.log --single-version-externally-managed install_data
[1.016s] running egg_info
[1.016s] writing ../build/scarabarm_odrive/scarabarm_odrive.egg-info/PKG-INFO
[1.016s] writing dependency_links to ../build/scarabarm_odrive/scarabarm_odrive.egg-info/dependency_links.txt
[1.016s] writing entry points to ../build/scarabarm_odrive/scarabarm_odrive.egg-info/entry_points.txt
[1.017s] writing requirements to ../build/scarabarm_odrive/scarabarm_odrive.egg-info/requires.txt
[1.017s] writing top-level names to ../build/scarabarm_odrive/scarabarm_odrive.egg-info/top_level.txt
[1.018s] reading manifest file '../build/scarabarm_odrive/scarabarm_odrive.egg-info/SOURCES.txt'
[1.019s] writing manifest file '../build/scarabarm_odrive/scarabarm_odrive.egg-info/SOURCES.txt'
[1.019s] running build
[1.019s] running build_py
[1.020s] running install
[1.020s] running install_lib
[1.021s] running install_data
[1.022s] running install_egg_info
[1.023s] removing '/home/student/scarab_ros2/src/scarabarm_ros2/install/scarabarm_odrive/lib/python3.10/site-packages/scarabarm_odrive-0.0.0-py3.10.egg-info' (and everything under it)
[1.024s] Copying ../build/scarabarm_odrive/scarabarm_odrive.egg-info to /home/student/scarab_ros2/src/scarabarm_ros2/install/scarabarm_odrive/lib/python3.10/site-packages/scarabarm_odrive-0.0.0-py3.10.egg-info
[1.025s] running install_scripts
[1.047s] Installing odrive_trajectory_executor script to /home/student/scarab_ros2/src/scarabarm_ros2/install/scarabarm_odrive/lib/scarabarm_odrive
[1.047s] writing list of installed files to '/home/student/scarab_ros2/src/scarabarm_ros2/build/scarabarm_odrive/install.log'
[1.070s] Invoked command in '/home/student/scarab_ros2/src/scarabarm_ros2/scarabarm_odrive' returned '0': CMAKE_PREFIX_PATH=/home/student/scarab_ros2/src/scarabarm_ros2/install/odrive_can:/home/student/scarab_ros2/src/scarabarm_ros2/install/scarabarm_sim:/home/student/scarab_ros2/src/scarabarm_ros2/install/scarabarm_moveit:/home/student/scarab_ros2/src/scarabarm_ros2/install/odrive_botwheel_explorer:/home/student/scarab_ros2/src/scarabarm_ros2/install/odrive_ros2_control:/home/student/scarab_ros2/src/scarabarm_ros2/install/full_scrab_arm LD_LIBRARY_PATH=/home/student/scarab_ros2/src/scarabarm_ros2/install/odrive_can/lib:/home/student/scarab_ros2/src/scarabarm_ros2/install/scarabarm_moveit/lib:/home/student/scarab_ros2/src/scarabarm_ros2/install/odrive_ros2_control/lib:/usr/lib/x86_64-linux-gnu/gazebo-11/plugins:/opt/ros/humble/opt/rviz_ogre_vendor/lib:/opt/ros/humble/lib/x86_64-linux-gnu:/opt/ros/humble/lib PYTHONPATH=/home/student/scarab_ros2/src/scarabarm_ros2/build/scarabarm_odrive/prefix_override:/usr/lib/python3/dist-packages/colcon_core/task/python/colcon_distutils_commands:/home/student/scarab_ros2/src/scarabarm_ros2/install/scarabarm_odrive/lib/python3.10/site-packages:${PYTHONPATH} /usr/bin/python3 -W ignore:setup.py install is deprecated -W ignore:easy_install command is deprecated setup.py egg_info --egg-base ../build/scarabarm_odrive build --build-base /home/student/scarab_ros2/src/scarabarm_ros2/build/scarabarm_odrive/build install --record /home/student/scarab_ros2/src/scarabarm_ros2/build/scarabarm_odrive/install.log --single-version-externally-managed install_data
