[0.682s] Invoking command in '/home/student/scarab_ros2/src/scarabarm_ros2/build/scarabarm_odrive': CMAKE_PREFIX_PATH=/home/student/scarab_ros2/src/scarabarm_ros2/install/odrive_can:/home/student/scarab_ros2/src/scarabarm_ros2/install/scarabarm_sim:/home/student/scarab_ros2/src/scarabarm_ros2/install/scarabarm_moveit:/home/student/scarab_ros2/src/scarabarm_ros2/install/odrive_botwheel_explorer:/home/student/scarab_ros2/src/scarabarm_ros2/install/odrive_ros2_control:/home/student/scarab_ros2/src/scarabarm_ros2/install/full_scrab_arm LD_LIBRARY_PATH=/home/student/scarab_ros2/src/scarabarm_ros2/install/odrive_can/lib:/home/student/scarab_ros2/src/scarabarm_ros2/install/scarabarm_moveit/lib:/home/student/scarab_ros2/src/scarabarm_ros2/install/odrive_ros2_control/lib:/usr/lib/x86_64-linux-gnu/gazebo-11/plugins:/opt/ros/humble/opt/rviz_ogre_vendor/lib:/opt/ros/humble/lib/x86_64-linux-gnu:/opt/ros/humble/lib PYTHONPATH=/home/student/scarab_ros2/src/scarabarm_ros2/build/scarabarm_odrive/prefix_override:/usr/lib/python3/dist-packages/colcon_core/task/python/colcon_distutils_commands:/home/student/scarab_ros2/src/scarabarm_ros2/install/scarabarm_odrive/lib/python3.10/site-packages:${PYTHONPATH} /usr/bin/python3 -W ignore:setup.py install is deprecated -W ignore:easy_install command is deprecated setup.py develop --uninstall --editable --build-directory /home/student/scarab_ros2/src/scarabarm_ros2/build/scarabarm_odrive/build
[0.890s] running develop
[1.033s] Removing /home/student/scarab_ros2/src/scarabarm_ros2/install/scarabarm_odrive/lib/python3.10/site-packages/scarabarm-odrive.egg-link (link to .)
[1.059s] Invoked command in '/home/student/scarab_ros2/src/scarabarm_ros2/build/scarabarm_odrive' returned '0': CMAKE_PREFIX_PATH=/home/student/scarab_ros2/src/scarabarm_ros2/install/odrive_can:/home/student/scarab_ros2/src/scarabarm_ros2/install/scarabarm_sim:/home/student/scarab_ros2/src/scarabarm_ros2/install/scarabarm_moveit:/home/student/scarab_ros2/src/scarabarm_ros2/install/odrive_botwheel_explorer:/home/student/scarab_ros2/src/scarabarm_ros2/install/odrive_ros2_control:/home/student/scarab_ros2/src/scarabarm_ros2/install/full_scrab_arm LD_LIBRARY_PATH=/home/student/scarab_ros2/src/scarabarm_ros2/install/odrive_can/lib:/home/student/scarab_ros2/src/scarabarm_ros2/install/scarabarm_moveit/lib:/home/student/scarab_ros2/src/scarabarm_ros2/install/odrive_ros2_control/lib:/usr/lib/x86_64-linux-gnu/gazebo-11/plugins:/opt/ros/humble/opt/rviz_ogre_vendor/lib:/opt/ros/humble/lib/x86_64-linux-gnu:/opt/ros/humble/lib PYTHONPATH=/home/student/scarab_ros2/src/scarabarm_ros2/build/scarabarm_odrive/prefix_override:/usr/lib/python3/dist-packages/colcon_core/task/python/colcon_distutils_commands:/home/student/scarab_ros2/src/scarabarm_ros2/install/scarabarm_odrive/lib/python3.10/site-packages:${PYTHONPATH} /usr/bin/python3 -W ignore:setup.py install is deprecated -W ignore:easy_install command is deprecated setup.py develop --uninstall --editable --build-directory /home/student/scarab_ros2/src/scarabarm_ros2/build/scarabarm_odrive/build
[1.061s] Invoking command in '/home/student/scarab_ros2/src/scarabarm_ros2/scarabarm_odrive': CMAKE_PREFIX_PATH=/home/student/scarab_ros2/src/scarabarm_ros2/install/odrive_can:/home/student/scarab_ros2/src/scarabarm_ros2/install/scarabarm_sim:/home/student/scarab_ros2/src/scarabarm_ros2/install/scarabarm_moveit:/home/student/scarab_ros2/src/scarabarm_ros2/install/odrive_botwheel_explorer:/home/student/scarab_ros2/src/scarabarm_ros2/install/odrive_ros2_control:/home/student/scarab_ros2/src/scarabarm_ros2/install/full_scrab_arm LD_LIBRARY_PATH=/home/student/scarab_ros2/src/scarabarm_ros2/install/odrive_can/lib:/home/student/scarab_ros2/src/scarabarm_ros2/install/scarabarm_moveit/lib:/home/student/scarab_ros2/src/scarabarm_ros2/install/odrive_ros2_control/lib:/usr/lib/x86_64-linux-gnu/gazebo-11/plugins:/opt/ros/humble/opt/rviz_ogre_vendor/lib:/opt/ros/humble/lib/x86_64-linux-gnu:/opt/ros/humble/lib PYTHONPATH=/home/student/scarab_ros2/src/scarabarm_ros2/build/scarabarm_odrive/prefix_override:/usr/lib/python3/dist-packages/colcon_core/task/python/colcon_distutils_commands:/home/student/scarab_ros2/src/scarabarm_ros2/install/scarabarm_odrive/lib/python3.10/site-packages:${PYTHONPATH} /usr/bin/python3 -W ignore:setup.py install is deprecated -W ignore:easy_install command is deprecated setup.py egg_info --egg-base ../build/scarabarm_odrive build --build-base /home/student/scarab_ros2/src/scarabarm_ros2/build/scarabarm_odrive/build install --record /home/student/scarab_ros2/src/scarabarm_ros2/build/scarabarm_odrive/install.log --single-version-externally-managed install_data --force
[1.261s] running egg_info
[1.262s] writing ../build/scarabarm_odrive/scarabarm_odrive.egg-info/PKG-INFO
[1.262s] writing dependency_links to ../build/scarabarm_odrive/scarabarm_odrive.egg-info/dependency_links.txt
[1.263s] writing entry points to ../build/scarabarm_odrive/scarabarm_odrive.egg-info/entry_points.txt
[1.263s] writing requirements to ../build/scarabarm_odrive/scarabarm_odrive.egg-info/requires.txt
[1.263s] writing top-level names to ../build/scarabarm_odrive/scarabarm_odrive.egg-info/top_level.txt
[1.264s] reading manifest file '../build/scarabarm_odrive/scarabarm_odrive.egg-info/SOURCES.txt'
[1.265s] writing manifest file '../build/scarabarm_odrive/scarabarm_odrive.egg-info/SOURCES.txt'
[1.265s] running build
[1.265s] running build_py
[1.265s] creating /home/student/scarab_ros2/src/scarabarm_ros2/build/scarabarm_odrive/build
[1.266s] creating /home/student/scarab_ros2/src/scarabarm_ros2/build/scarabarm_odrive/build/lib
[1.266s] creating /home/student/scarab_ros2/src/scarabarm_ros2/build/scarabarm_odrive/build/lib/scarabarm_odrive
[1.266s] copying scarabarm_odrive/odrive_trajectory_executor.py -> /home/student/scarab_ros2/src/scarabarm_ros2/build/scarabarm_odrive/build/lib/scarabarm_odrive
[1.266s] copying scarabarm_odrive/__init__.py -> /home/student/scarab_ros2/src/scarabarm_ros2/build/scarabarm_odrive/build/lib/scarabarm_odrive
[1.267s] running install
[1.267s] running install_lib
[1.268s] creating /home/student/scarab_ros2/src/scarabarm_ros2/install/scarabarm_odrive/lib/python3.10/site-packages/scarabarm_odrive
[1.268s] copying /home/student/scarab_ros2/src/scarabarm_ros2/build/scarabarm_odrive/build/lib/scarabarm_odrive/odrive_trajectory_executor.py -> /home/student/scarab_ros2/src/scarabarm_ros2/install/scarabarm_odrive/lib/python3.10/site-packages/scarabarm_odrive
[1.268s] copying /home/student/scarab_ros2/src/scarabarm_ros2/build/scarabarm_odrive/build/lib/scarabarm_odrive/__init__.py -> /home/student/scarab_ros2/src/scarabarm_ros2/install/scarabarm_odrive/lib/python3.10/site-packages/scarabarm_odrive
[1.269s] byte-compiling /home/student/scarab_ros2/src/scarabarm_ros2/install/scarabarm_odrive/lib/python3.10/site-packages/scarabarm_odrive/odrive_trajectory_executor.py to odrive_trajectory_executor.cpython-310.pyc
[1.270s] byte-compiling /home/student/scarab_ros2/src/scarabarm_ros2/install/scarabarm_odrive/lib/python3.10/site-packages/scarabarm_odrive/__init__.py to __init__.cpython-310.pyc
[1.270s] running install_data
[1.270s] copying resource/scarabarm_odrive -> /home/student/scarab_ros2/src/scarabarm_ros2/install/scarabarm_odrive/share/ament_index/resource_index/packages
[1.270s] copying package.xml -> /home/student/scarab_ros2/src/scarabarm_ros2/install/scarabarm_odrive/share/scarabarm_odrive
[1.271s] copying launch/odrive_hardware.launch.py -> /home/student/scarab_ros2/src/scarabarm_ros2/install/scarabarm_odrive/share/scarabarm_odrive/launch
[1.271s] copying launch/multi_odrive_launch.py -> /home/student/scarab_ros2/src/scarabarm_ros2/install/scarabarm_odrive/share/scarabarm_odrive/launch
[1.275s] running install_egg_info
[1.277s] Copying ../build/scarabarm_odrive/scarabarm_odrive.egg-info to /home/student/scarab_ros2/src/scarabarm_ros2/install/scarabarm_odrive/lib/python3.10/site-packages/scarabarm_odrive-0.0.0-py3.10.egg-info
[1.278s] running install_scripts
[1.295s] Installing odrive_trajectory_executor script to /home/student/scarab_ros2/src/scarabarm_ros2/install/scarabarm_odrive/lib/scarabarm_odrive
[1.296s] writing list of installed files to '/home/student/scarab_ros2/src/scarabarm_ros2/build/scarabarm_odrive/install.log'
[1.318s] Invoked command in '/home/student/scarab_ros2/src/scarabarm_ros2/scarabarm_odrive' returned '0': CMAKE_PREFIX_PATH=/home/student/scarab_ros2/src/scarabarm_ros2/install/odrive_can:/home/student/scarab_ros2/src/scarabarm_ros2/install/scarabarm_sim:/home/student/scarab_ros2/src/scarabarm_ros2/install/scarabarm_moveit:/home/student/scarab_ros2/src/scarabarm_ros2/install/odrive_botwheel_explorer:/home/student/scarab_ros2/src/scarabarm_ros2/install/odrive_ros2_control:/home/student/scarab_ros2/src/scarabarm_ros2/install/full_scrab_arm LD_LIBRARY_PATH=/home/student/scarab_ros2/src/scarabarm_ros2/install/odrive_can/lib:/home/student/scarab_ros2/src/scarabarm_ros2/install/scarabarm_moveit/lib:/home/student/scarab_ros2/src/scarabarm_ros2/install/odrive_ros2_control/lib:/usr/lib/x86_64-linux-gnu/gazebo-11/plugins:/opt/ros/humble/opt/rviz_ogre_vendor/lib:/opt/ros/humble/lib/x86_64-linux-gnu:/opt/ros/humble/lib PYTHONPATH=/home/student/scarab_ros2/src/scarabarm_ros2/build/scarabarm_odrive/prefix_override:/usr/lib/python3/dist-packages/colcon_core/task/python/colcon_distutils_commands:/home/student/scarab_ros2/src/scarabarm_ros2/install/scarabarm_odrive/lib/python3.10/site-packages:${PYTHONPATH} /usr/bin/python3 -W ignore:setup.py install is deprecated -W ignore:easy_install command is deprecated setup.py egg_info --egg-base ../build/scarabarm_odrive build --build-base /home/student/scarab_ros2/src/scarabarm_ros2/build/scarabarm_odrive/build install --record /home/student/scarab_ros2/src/scarabarm_ros2/build/scarabarm_odrive/install.log --single-version-externally-managed install_data --force
